0.324306
0.324299
0.324302
0.324308
0.324324
0.324343
0.324366
0.32439
0.324416
0.32444
0.32446
0.324476
0.324486
0.324659
0.324885
0.32516
0.325432
0.325696
0.325952
0.326199
0.326438
0.326668
0.326882
0.32706
0.327204
0.327309
0.327373
0.327394
0.327372
0.327305
0.327193
0.327038
0.326868
0.326696
0.326525
0.326366
0.326209
0.326056
0.325907
0.325763
0.325625
0.325494
0.325373
0.32526
0.325158
0.325066
0.324985
0.324915
0.324856
0.324805
0.324764
0.324732
0.32471
0.324698
0.324695
0.324701
0.324714
0.324735
0.324762
0.324795
0.324834
0.324878
0.324923
0.324972
0.325022
0.325073
0.325126
0.32518
0.325234
0.325288
0.32534
0.325391
0.325439
0.325483
0.325523
0.325558
0.325587
0.325766
0.325948
0.326133
0.326317
0.326597
0.326866
0.327129
0.327383
0.327628
0.327864
0.328083
0.328268
0.328418
0.328529
0.328599
0.328628
0.328613
0.328555
0.328453
0.328309
0.328122
0.327962
0.327778
0.327623
0.32747
0.327322
0.32718
0.327046
0.326921
0.326806
0.326701
0.326608
0.326526
0.326456
0.326397
0.326351
0.326314
0.326283
0.326256
0.32623
0.326202
0.326171
0.326133
0.326087
0.326031
0.325966
0.325897
0.325828
0.325765
0.325709
0.325664
0.325631
0.325609
0.325599
0.325599
0.325608
0.325623
0.325642
0.325665
0.325689
0.325714
0.325738
0.325759
0.325775
0.325785
0.325879
0.326059
0.326241
0.32642
0.326629
0.326867
0.327097
0.327319
0.327533
0.327738
0.327926
0.32808
0.328199
0.328279
0.328318
0.328313
0.328264
0.32817
0.328031
0.327847
0.327619
0.327409
0.327171
0.326971
0.326774
0.326582
0.326397
0.32622
0.326051
0.325891
0.325742
0.325604
0.325478
0.325365
0.325265
0.32518
0.32511
0.325052
0.325008
0.32498
0.324969
0.324976
0.324996
0.325036
0.325091
0.325159
0.325237
0.325323
0.325414
0.325509
0.325601
0.32569
0.325775
0.325857
0.325934
0.326006
0.326073
0.326135
0.32619
0.326239
0.326281
0.326316
0.326342
0.326362
0.326373
0.326376
0.326528
0.326683
0.326893
0.327147
0.327395
0.327637
0.327871
0.328097
0.328313
0.328512
0.328676
0.328804
0.328894
0.328943
0.32895
0.328912
0.32883
0.328704
0.328559
0.328407
0.328231
0.32803
0.327833
0.327661
0.327493
0.327331
0.327175
0.327026
0.326885
0.326753
0.326631
0.326519
0.326417
0.326327
0.326248
0.32618
0.32612
0.326069
0.326026
0.325992
0.325966
0.325948
0.325938
0.325937
0.325945
0.325962
0.32599
0.326026
0.32607
0.326119
0.326171
0.326226
0.326282
0.326338
0.326395
0.32645
0.326503
0.326552
0.326596
0.326634
0.326666
0.32669
0.326707
0.326715
0.326894
0.327076
0.327262
0.327445
0.327621
0.327785
0.327938
0.328131
0.328314
0.328489
0.328648
0.32877
0.328859
0.328911
0.328923
0.328894
0.328822
0.328706
0.328546
0.328342
0.328093
0.327845
0.327642
0.327426
0.327214
0.327003
0.326799
0.326603
0.326414
0.326234
0.326064
0.325904
0.325756
0.325621
0.325499
0.325393
0.325302
0.325226
0.325167
0.325126
0.325101
0.325093
0.325102
0.325129
0.325172
0.325228
0.325296
0.325374
0.32546
0.325549
0.325636
0.325723
0.325807
0.325887
0.325964
0.326036
0.326104
0.326166
0.326221
0.326271
0.326313
0.326348
0.326374
0.326393
0.326405
0.326407
0.326572
0.326739
0.327011
0.327274
0.327528
0.327773
0.32801
0.328238
0.328453
0.328654
0.32882
0.328951
0.329045
0.329099
0.329109
0.329076
0.328997
0.328874
0.328706
0.328513
0.328307
0.328075
0.327851
0.327658
0.327469
0.327285
0.327109
0.326939
0.326778
0.326625
0.326482
0.32635
0.326229
0.326122
0.326028
0.325944
0.325875
0.325818
0.325777
0.325752
0.325746
0.325759
0.325793
0.325846
0.325919
0.326008
0.326111
0.326224
0.326344
0.32646
0.326575
0.326685
0.32679
0.326889
0.326981
0.327066
0.327143
0.327212
0.327272
0.327323
0.327363
0.327394
0.327415
0.327427
0.327514
0.32768
0.327851
0.328022
0.328187
0.328379
0.328597
0.328808
0.329008
0.329196
0.32937
0.32951
0.329614
0.32968
0.329707
0.329692
0.329634
0.329533
0.329388
0.3292
0.328968
0.328748
0.328562
0.328366
0.328174
0.327986
0.327805
0.32763
0.327463
0.327305
0.327157
0.32702
0.326895
0.326782
0.326683
0.326599
0.326529
0.326469
0.326422
0.326385
0.326357
0.326337
0.326325
0.326319
0.32632
0.326326
0.326338
0.326356
0.326381
0.326411
0.326443
0.326476
0.326509
0.326542
0.326574
0.326604
0.326632
0.326657
0.326678
0.326695
0.326707
0.326713
0.326714
0.326708
0.326694
0.326673
0.326829
0.326987
0.327145
0.327381
0.327606
0.327821
0.328028
0.328224
0.32841
0.328579
0.328712
0.328812
0.328874
0.328896
0.328875
0.32881
0.3287
0.328544
0.328343
0.328097
0.32788
0.327635
0.327394
0.327174
0.326959
0.32675
0.326547
0.326352
0.326165
0.325986
0.325818
0.325661
0.325517
0.325387
0.325273
0.325175
0.325092
0.325028
0.324983
0.324961
0.324961
0.324986
0.325036
0.32511
0.325208
0.325326
0.325459
0.325604
0.325756
0.325904
0.326048
0.326186
0.326315
0.326436
0.326547
0.326649
0.326741
0.326823
0.326894
0.326954
0.327003
0.327042
0.327071
0.32709
0.327099
0.327253
0.327409
0.327565
0.327816
0.328056
0.328288
0.328512
0.328726
0.328929
0.329116
0.329267
0.329384
0.329462
0.329502
0.3295
0.329456
0.32937
0.32924
0.329092
0.32894
0.328765
0.328566
0.328346
0.328167
0.327991
0.32782
0.327656
0.3275
0.327352
0.327215
0.327089
0.326975
0.326873
0.326784
0.32671
0.326648
0.326596
0.326554
0.32652
0.326493
0.32647
0.326451
0.326435
0.326422
0.326412
0.326406
0.326406
0.326412
0.326426
0.326444
0.326467
0.326493
0.326521
0.326551
0.32658
0.326608
0.326634
0.326657
0.326675
0.326689
0.326693
0.326694
0.326687
0.326672
0.326846
0.327021
0.3272
0.327377
0.327547
0.327706
0.327879
0.328068
0.328248
0.328419
0.328573
0.328692
0.328778
0.328827
0.328835
0.328801
0.328723
0.328599
0.328431
0.328216
0.327957
0.32773
0.327497
0.327273
0.327052
0.326834
0.326622
0.326415
0.326214
0.326022
0.325839
0.325665
0.325502
0.325352
0.325215
0.325094
0.32499
0.324902
0.324832
0.324782
0.324752
0.324745
0.324761
0.324801
0.324865
0.324951
0.325055
0.325174
0.325303
0.325438
0.325569
0.325696
0.325816
0.325929
0.326033
0.326129
0.326215
0.326291
0.326358
0.326415
0.326461
0.326496
0.326522
0.32654
0.326551
0.326554
0.326626
0.326832
0.32709
0.327343
0.32759
0.327827
0.328051
0.328269
0.328476
0.328666
0.328822
0.328941
0.329024
0.329066
0.329066
0.329022
0.328936
0.328805
0.328659
0.32851
0.328338
0.328142
0.327925
0.327695
0.327513
0.327334
0.32716
0.326994
0.326835
0.326686
0.326547
0.326418
0.326301
0.326196
0.326104
0.326024
0.325956
0.325896
0.325845
0.325804
0.325773
0.325751
0.325739
0.325737
0.325744
0.32576
0.325785
0.325818
0.325859
0.325903
0.32595
0.325999
0.326049
0.326098
0.326145
0.32619
0.326231
0.326268
0.326299
0.326325
0.326343
0.326355
0.326359
0.326354
0.326528
0.326706
0.326887
0.327067
0.32724
0.327402
0.327554
0.327745
0.327928
0.328101
0.328258
0.328382
0.328471
0.328523
0.328537
0.328508
0.328435
0.328319
0.328157
0.327952
0.327733
0.327534
0.32734
0.327138
0.326937
0.326741
0.326549
0.326363
0.326183
0.32601
0.325846
0.325691
0.325547
0.325415
0.325295
0.325189
0.325098
0.325022
0.324963
0.324921
0.324897
0.324891
0.324904
0.324935
0.324985
0.325051
0.325131
0.325223
0.325324
0.32543
0.325535
0.325638
0.325737
0.325832
0.325922
0.326006
0.326084
0.326156
0.326219
0.326274
0.326319
0.326356
0.326384
0.326406
0.32642
0.326426
0.326507
0.326719
0.326981
0.327238
0.327486
0.327725
0.327956
0.328176
0.328385
0.328577
0.328733
0.328854
0.328937
0.328981
0.328983
0.328942
0.328857
0.328729
0.328579
0.328418
0.328232
0.328019
0.327782
0.327562
0.327372
0.327187
0.327007
0.326835
0.32667
0.326513
0.326367
0.326231
0.326107
0.325996
0.3259
0.325817
0.325746
0.325689
0.325645
0.325617
0.325604
0.325609
0.325631
0.325671
0.325727
0.325797
0.325877
0.325966
0.32606
0.326153
0.326243
0.32633
0.326413
0.326491
0.326564
0.32663
0.326689
0.326741
0.326785
0.32682
0.326846
0.326862
0.326871
0.326873
0.32704
0.327212
0.327388
0.327564
0.327734
0.327931
0.328154
0.328366
0.328571
0.328766
0.328945
0.329089
0.329199
0.329271
0.329303
0.329293
0.329239
0.329141
0.328998
0.328812
0.328582
0.328357
0.328169
0.32797
0.327774
0.327582
0.327394
0.327212
0.327037
0.326869
0.32671
0.32656
0.32642
0.326291
0.326174
0.32607
0.325979
0.325899
0.325833
0.32578
0.325741
0.325716
0.325704
0.325705
0.325719
0.325743
0.325778
0.325823
0.325876
0.325935
0.325996
0.326057
0.326118
0.326177
0.326234
0.326289
0.326341
0.326389
0.326433
0.326471
0.326503
0.326529
0.326548
0.326559
0.326562
0.326557
0.32672
0.326884
0.327094
0.327339
0.327577
0.327807
0.328027
0.328238
0.328437
0.328618
0.328765
0.328875
0.328949
0.328983
0.328975
0.328923
0.328827
0.328686
0.328501
0.328272
0.328023
0.327765
0.327554
0.327343
0.327137
0.326938
0.326747
0.326565
0.326393
0.326231
0.326081
0.325944
0.325821
0.325712
0.325619
0.325543
0.325479
0.325431
0.3254
0.325387
0.325394
0.325421
0.325469
0.325536
0.325619
0.325717
0.325825
0.325941
0.326061
0.326178
0.326291
0.326397
0.326497
0.32659
0.326675
0.326752
0.326821
0.326881
0.326933
0.326975
0.327008
0.327031
0.327046
0.327053
0.327135
0.327297
0.327463
0.327629
0.327886
0.32813
0.328367
0.328595
0.328812
0.329019
0.329209
0.329365
0.329485
0.329568
0.329611
0.329612
0.329569
0.329482
0.329351
0.329177
0.328983
0.328782
0.328558
0.328361
0.328215
0.328095
0.328001
0.327935
0.327898
0.327891
0.327914
0.32797
0.328061
0.328189
0.328356
0.328565
0.328813
0.329091
0.329399
0.329734
0.33009
0.330456
0.330818
0.331162
0.331478
0.331771
0.332043
0.332302
0.332555
0.332809
0.333066
0.333325
0.333595
0.33387
0.334151
0.334436
0.334883
0.335337
0.335781
0.336218
0.336648
0.337073
0.337631
0.338179
0.338721
0.339256
0.339778
0.340292
0.340809
0.341304
0.341779
0.342237
0.342691
0.343134
0.343546
0.343929
0.344284
0.344618
0.344906
0.345147
0.345339
0.345497
0.34563
0.34573
0.345798
0.345834
0.345912
0.345976
0.34603
0.346078
0.346122
0.346164
0.346203
0.346243
0.346283
0.346327
0.346376
0.346433
0.346499
0.346578
0.346673
0.346785
0.346916
0.347068
0.347242
0.347438
0.34765
0.34787
0.348089
0.348297
0.348488
0.34866
0.348812
0.348948
0.349069
0.349176
0.349267
0.349354
0.349433
0.349506
0.349572
0.349631
0.349682
0.349855
0.350032
0.35032
0.350716
0.351122
0.351539
0.351966
0.352398
0.352834
0.353267
0.353699
0.354123
0.354535
0.354932
0.355309
0.355661
0.355997
0.356309
0.356599
0.356861
0.357079
0.357254
0.357388
0.357479
0.35753
0.357542
0.357579
0.357629
0.35767
0.357706
0.357743
0.357791
0.357857
0.357947
0.358069
0.358234
0.358451
0.358728
0.359069
0.35947
0.359896
0.360332
0.360785
0.361258
0.361727
0.36214
0.362518
0.362971
0.363489
0.364084
0.364766
0.365528
0.366374
0.367301
0.368297
0.36935
0.37044
0.371577
0.372739
0.37387
0.374965
0.376014
0.377023
0.37802
0.379007
0.379984
0.38096
0.381932
0.382903
0.383879
0.384863
0.385845
0.386837
0.387831
0.388817
0.389807
0.390794
0.391768
0.392738
0.393699
0.394642
0.395576
0.396484
0.397362
0.398196
0.398993
0.399753
0.400473
0.401153
0.401794
0.402397
0.402964
0.403496
0.403996
0.404466
0.40491
0.405329
0.405728
0.406108
0.406474
0.40683
0.407183
0.407536
0.407894
0.408258
0.408623
0.409097
0.409581
0.410055
0.410503
0.410919
0.411325
0.411743
0.412131
0.4126
0.413265
0.413994
0.414796
0.415669
0.416602
0.417584
0.418595
0.419604
0.4206
0.421552
0.42247
0.423371
0.424272
0.425151
0.426023
0.426896
0.427765
0.428637
0.429509
0.430371
0.431232
0.432073
0.432915
0.433754
0.434592
0.435425
0.436251
0.437182
0.438206
0.439198
0.440244
0.441244
0.442231
0.443177
0.444097
0.444976
0.445815
0.446611
0.447363
0.448087
0.448773
0.449422
0.450032
0.450602
0.451133
0.451625
0.45208
0.452497
0.452877
0.453219
0.453524
0.453792
0.454023
0.454217
0.454374
0.454493
0.454571
0.454605
0.454596
0.454545
0.454453
0.454321
0.454152
0.453946
0.453702
0.453512
0.453391
0.453247
0.453081
0.452892
0.45268
0.452492
0.452338
0.452176
0.452007
0.451832
0.451652
0.451467
0.451277
0.451202
0.45126
0.451346
0.451447
0.451556
0.451669
0.451783
0.451894
0.452006
0.45212
0.45223
0.45233
0.452415
0.452803
0.453152
0.45346
0.453729
0.453961
0.454155
0.454311
0.454427
0.454499
0.454524
0.454501
0.454432
0.45432
0.454167
0.453973
0.453739
0.453466
0.453152
0.452801
0.452414
0.451992
0.451594
0.451177
0.450746
0.450301
0.44984
0.449367
0.448882
0.448386
0.447879
0.447362
0.446831
0.446491
0.446149
0.445803
0.445452
0.445091
0.444717
0.444327
0.443912
0.44348
0.44303
0.44257
0.442111
0.441661
0.441231
0.440828
0.440451
0.440098
0.439766
0.439441
0.439134
0.438834
0.43854
0.438248
0.437953
0.437657
0.437358
0.43705
0.436732
0.436404
0.436294
0.436149
0.43597
0.435758
0.435723
0.435637
0.435556
0.435458
0.43534
0.435201
0.43504
0.434848
0.434616
0.434341
0.434023
0.433663
0.433261
0.43282
0.432341
0.431824
0.431271
0.430682
0.430058
0.429398
0.428702
0.427971
0.427207
0.42641
0.42558
0.424718
0.423825
0.422904
0.421954
0.420977
0.419972
0.418942
0.418013
0.417202
0.416395
0.415583
0.414756
0.413908
0.413037
0.412147
0.411229
0.410297
0.409384
0.408517
0.407706
0.40695
0.406243
0.405573
0.404934
0.40432
0.403727
0.403151
0.402585
0.402034
0.401493
0.400958
0.400427
0.399899
0.39937
0.39884
0.398307
0.397976
0.397647
0.39731
0.396978
0.396643
0.396303
0.395959
0.395609
0.395253
0.394886
0.394499
0.394085
0.393625
0.393119
0.392568
0.391973
0.391335
0.390655
0.389936
0.389181
0.388393
0.387575
0.386729
0.385943
0.38524
0.384605
0.383997
0.383427
0.382898
0.382416
0.381993
0.381642
0.381376
0.38119
0.38107
0.381007
0.381003
0.381056
0.381135
0.381153
0.381123
0.38101
0.380795
0.380537
0.380382
0.380404
0.380608
0.380963
0.381426
0.381905
0.382394
0.382911
0.38343
0.383941
0.384444
0.384936
0.385417
0.385888
0.386352
0.386814
0.387499
0.388411
0.389321
0.390227
0.391125
0.392007
0.392918
0.393843
0.394723
0.395558
0.396348
0.397128
0.3979
0.398635
0.399343
0.400029
0.400678
0.401256
0.401765
0.402205
0.402577
0.402883
0.403124
0.403301
0.403415
0.403517
0.403628
0.403707
0.403754
0.403767
0.403749
0.4037
0.403623
0.403522
0.4034
0.403262
0.403114
0.402963
0.402814
0.402671
0.402537
0.402394
0.402242
0.40208
0.401912
0.401744
0.401568
0.401375
0.401157
0.40091
0.400632
0.40032
0.399975
0.399597
0.399185
0.398739
0.398256
0.397737
0.397184
0.396596
0.395974
0.395316
0.394624
0.393898
0.393136
0.39234
0.391508
0.390642
0.389741
0.388805
0.387925
0.387134
0.38632
0.385481
0.384618
0.383729
0.382814
0.381875
0.38091
0.37992
0.378906
0.377867
0.376803
0.375715
0.374602
0.373464
0.372301
0.371113
0.3699
0.368661
0.367397
0.366106
0.364789
0.363448
0.362081
0.36069
0.359273
0.35783
0.356361
0.354866
0.353345
0.351796
0.350221
0.348618
0.346988
0.345331
0.343646
0.341933
0.340191
0.338422
0.336625
0.334798
0.332943
0.33106
0.329147
0.327205
0.325233
0.323231
0.3212
0.319138
0.317046
0.314923
0.312769
0.310584
0.308368
0.306119
0.303837
0.301523
0.299175
0.296793
0.294378
