0.297654
0.297722
0.297796
0.297877
0.297965
0.298059
0.298158
0.298259
0.298363
0.298468
0.298574
0.298681
0.29879
0.298898
0.299006
0.299112
0.299217
0.29932
0.29942
0.299517
0.29961
0.299699
0.299784
0.299864
0.299934
0.300003
0.300065
0.300159
0.300283
0.300399
0.300508
0.300608
0.300692
0.300735
0.300738
0.300707
0.300639
0.300532
0.300383
0.300192
0.299959
0.299712
0.299463
0.29929
0.299111
0.298931
0.29876
0.298599
0.298447
0.298307
0.298178
0.298061
0.297957
0.297867
0.29779
0.297728
0.29768
0.297648
0.297629
0.297622
0.297625
0.297639
0.297663
0.297697
0.29774
0.297793
0.297855
0.297924
0.298002
0.298087
0.29818
0.298277
0.298377
0.298478
0.29858
0.298683
0.298787
0.298892
0.298997
0.299101
0.299204
0.299305
0.299405
0.299503
0.299597
0.299688
0.299774
0.299856
0.299933
0.300004
0.300069
0.300127
0.300179
0.300219
0.300254
0.30028
0.300297
0.300297
0.300256
0.300176
0.300062
0.299911
0.29972
0.299582
0.299437
0.29929
0.299142
0.298993
0.298845
0.298697
0.298552
0.298416
0.298288
0.29817
0.298062
0.297966
0.29788
0.297806
0.297744
0.297695
0.297658
0.297634
0.297622
0.297623
0.297633
0.297653
0.297683
0.297723
0.297773
0.297833
0.297902
0.297976
0.298062
0.298156
0.298258
0.298366
0.298479
0.298593
0.298708
0.298824
0.298939
0.299054
0.299164
0.299276
0.299387
0.299495
0.299601
0.299704
0.299804
0.299899
0.29999
0.300076
0.300156
0.30023
0.300298
0.30036
0.300416
0.300466
0.300538
0.300634
0.300722
0.300802
0.300866
0.300887
0.300869
0.300817
0.300728
0.300599
0.300429
0.300217
0.299963
0.299738
0.299568
0.299395
0.299219
0.299045
0.298878
0.298722
0.298575
0.29844
0.298317
0.298206
0.298108
0.298023
0.297953
0.297896
0.297854
0.297828
0.297816
0.297815
0.297824
0.297842
0.29787
0.297908
0.297956
0.298013
0.298081
0.298157
0.298242
0.298333
0.298432
0.298536
0.298642
0.298749
0.298857
0.298962
0.299071
0.299179
0.299287
0.299394
0.299501
0.299603
0.299706
0.299806
0.299904
0.299997
0.300086
0.30017
0.300248
0.30032
0.300386
0.300445
0.300497
0.30054
0.300576
0.300602
0.300651
0.300682
0.300672
0.300623
0.300538
0.300417
0.300257
0.300054
0.299831
0.299637
0.299471
0.299301
0.29913
0.298957
0.298788
0.298627
0.298477
0.298338
0.29821
0.298093
0.29799
0.297899
0.297823
0.297761
0.297713
0.297679
0.29766
0.297654
0.297658
0.297674
0.297702
0.297741
0.297793
0.297857
0.297932
0.298018
0.298113
0.298218
0.29833
0.298451
0.298577
0.298704
0.298833
0.298962
0.299091
0.29922
0.299348
0.299475
0.299599
0.299723
0.299844
0.299962
0.300077
0.300189
0.300295
0.300396
0.300491
0.300579
0.300661
0.300735
0.300801
0.30086
0.300909
0.30095
0.300998
0.301051
0.301088
0.301084
0.30104
0.300962
0.300849
0.300696
0.300502
0.300266
0.300051
0.299886
0.299717
0.299546
0.299374
0.299204
0.299043
0.298893
0.298753
0.298624
0.298507
0.298402
0.29831
0.298232
0.298167
0.298117
0.298081
0.29806
0.298053
0.298054
0.298065
0.298085
0.298114
0.298155
0.298205
0.298267
0.298338
0.298418
0.298508
0.298605
0.29871
0.298821
0.298934
0.299049
0.299165
0.299282
0.299399
0.299517
0.299633
0.299749
0.299862
0.299975
0.300084
0.300192
0.300296
0.300395
0.300489
0.300577
0.300659
0.300734
0.300802
0.300863
0.300915
0.300958
0.301019
0.3011
0.30117
0.301221
0.301231
0.301203
0.30114
0.301041
0.300904
0.300725
0.300504
0.300269
0.300034
0.299819
0.299634
0.299447
0.299262
0.299088
0.298924
0.298771
0.298631
0.298505
0.298391
0.298292
0.298207
0.298138
0.298084
0.298045
0.298018
0.298007
0.298008
0.298021
0.298045
0.29808
0.298127
0.298186
0.298257
0.29834
0.298433
0.298537
0.29865
0.298771
0.298898
0.299026
0.299156
0.299285
0.299414
0.299543
0.29967
0.299797
0.299922
0.300044
0.300165
0.300282
0.300396
0.300505
0.30061
0.300709
0.300801
0.300888
0.300967
0.301039
0.301104
0.30116
0.301208
0.301247
0.301276
0.301294
0.301308
0.30128
0.301212
0.30111
0.300971
0.300792
0.300608
0.3004
0.300242
0.300079
0.299914
0.29975
0.299586
0.299426
0.299276
0.299136
0.299006
0.298888
0.298782
0.298689
0.298609
0.298542
0.298488
0.29845
0.298425
0.298414
0.298417
0.298429
0.298453
0.298487
0.29853
0.298585
0.298649
0.298724
0.298809
0.298903
0.299005
0.299112
0.299228
0.299349
0.299471
0.299595
0.299718
0.299842
0.299964
0.300085
0.300205
0.300322
0.300438
0.300552
0.300662
0.300768
0.300871
0.300968
0.30106
0.301146
0.301225
0.301297
0.301362
0.301419
0.301467
0.301507
0.301597
0.301679
0.301751
0.301806
0.301819
0.301793
0.301734
0.301639
0.301504
0.301329
0.301112
0.300852
0.300581
0.300355
0.300163
0.29997
0.299778
0.299597
0.299427
0.299268
0.299122
0.298989
0.298869
0.298763
0.298672
0.298595
0.298534
0.298488
0.298459
0.298445
0.298442
0.29845
0.298468
0.298497
0.298537
0.298588
0.29865
0.298723
0.298805
0.298896
0.298995
0.299102
0.299216
0.299331
0.299448
0.299566
0.299684
0.299801
0.299918
0.300034
0.300147
0.300259
0.300367
0.300473
0.300576
0.300675
0.300769
0.300857
0.30094
0.301016
0.301085
0.301146
0.3012
0.301246
0.301284
0.301312
0.30135
0.301398
0.301428
0.301417
0.301368
0.301286
0.301167
0.301009
0.300809
0.300567
0.300341
0.300167
0.299988
0.299808
0.299628
0.299451
0.299285
0.299129
0.298985
0.298853
0.298733
0.298626
0.298532
0.298453
0.298388
0.298338
0.298302
0.298282
0.298275
0.298279
0.298294
0.29832
0.298359
0.29841
0.298473
0.298546
0.298631
0.298725
0.298828
0.298938
0.299056
0.299179
0.299303
0.299428
0.299553
0.299678
0.299802
0.299924
0.300045
0.300165
0.300282
0.300396
0.300508
0.300615
0.300719
0.300818
0.300911
0.300999
0.301081
0.301156
0.301224
0.301285
0.301338
0.301383
0.30142
0.30149
0.301552
0.301596
0.3016
0.301564
0.301495
0.30139
0.301246
0.301061
0.300833
0.300563
0.300395
0.30022
0.300042
0.299864
0.299688
0.299521
0.299365
0.29922
0.299087
0.298966
0.298857
0.298762
0.29868
0.298612
0.298559
0.298521
0.298498
0.298488
0.298488
0.298499
0.29852
0.298551
0.298594
0.298645
0.298706
0.298776
0.298854
0.298939
0.299032
0.299131
0.299236
0.299341
0.299447
0.299553
0.299659
0.299765
0.29987
0.299974
0.300077
0.300179
0.300277
0.300374
0.300466
0.300555
0.300639
0.300718
0.300791
0.300858
0.300919
0.300974
0.301021
0.30106
0.301092
0.301177
0.301253
0.301322
0.301373
0.301382
0.301353
0.301291
0.301193
0.301057
0.300879
0.30066
0.300398
0.300165
0.299911
0.299719
0.299523
0.299328
0.299144
0.29897
0.298809
0.298659
0.298523
0.2984
0.298292
0.298198
0.298119
0.298056
0.298009
0.297979
0.297963
0.29796
0.297968
0.297988
0.298019
0.298062
0.298116
0.298182
0.298259
0.298347
0.298444
0.298551
0.298666
0.298787
0.29891
0.299035
0.29916
0.299286
0.299412
0.299538
0.299662
0.299786
0.299907
0.300027
0.300143
0.300257
0.300368
0.300473
0.300574
0.300669
0.300758
0.300841
0.300917
0.300985
0.301046
0.301099
0.301142
0.301177
0.301201
0.301209
0.301175
0.301101
0.300992
0.300846
0.300671
0.300478
0.300297
0.300144
0.299988
0.299831
0.299674
0.299518
0.299365
0.299221
0.299086
0.298961
0.298847
0.298744
0.298654
0.298575
0.298509
0.298456
0.298417
0.298391
0.29838
0.298381
0.298392
0.298414
0.298446
0.298487
0.298537
0.298597
0.298665
0.298743
0.298828
0.298921
0.29902
0.299126
0.299235
0.299345
0.299456
0.299567
0.299677
0.299786
0.299894
0.299999
0.300104
0.300206
0.300305
0.300398
0.30049
0.300577
0.300659
0.300736
0.300806
0.300869
0.300926
0.300975
0.301016
0.30105
0.301151
0.301243
0.301327
0.301403
0.301461
0.301477
0.301455
0.3014
0.30131
0.301181
0.301011
0.3008
0.300547
0.300288
0.300039
0.299773
0.29957
0.299366
0.299172
0.298988
0.298816
0.298656
0.29851
0.298377
0.298259
0.298155
0.298068
0.297997
0.297942
0.297904
0.297882
0.297874
0.297877
0.297893
0.297919
0.297958
0.298009
0.298072
0.298147
0.298232
0.298329
0.298434
0.298549
0.29867
0.298793
0.298919
0.299045
0.299172
0.299298
0.299424
0.299549
0.299673
0.299794
0.299914
0.300031
0.300145
0.300255
0.30036
0.300461
0.300555
0.300644
0.300727
0.300802
0.300871
0.300931
0.300983
0.301027
0.301061
0.301086
0.301095
0.301061
0.300987
0.300879
0.300734
0.300549
0.300322
0.300171
0.300013
0.299853
0.299691
0.299529
0.299367
0.299208
0.299059
0.29892
0.298791
0.298673
0.298567
0.298473
0.298392
0.298323
0.298269
0.298229
0.298202
0.29819
0.29819
0.298201
0.298223
0.298255
0.298299
0.298353
0.298417
0.29849
0.298573
0.298665
0.298764
0.298871
0.298985
0.299104
0.299223
0.299343
0.299463
0.299583
0.299702
0.29982
0.299937
0.300051
0.300163
0.300271
0.300376
0.300476
0.300572
0.300663
0.300748
0.300826
0.300898
0.300963
0.301022
0.301073
0.301116
0.301222
0.301321
0.301412
0.301495
0.30156
0.301584
0.301555
0.301496
0.301401
0.301267
0.301093
0.300877
0.300692
0.300486
0.300259
0.300099
0.299934
0.29977
0.299614
0.299468
0.299333
0.299207
0.299093
0.298992
0.298902
0.298826
0.298763
0.298714
0.298679
0.298658
0.29865
0.298651
0.298662
0.298683
0.298714
0.298754
0.298805
0.298865
0.298936
0.299015
0.299103
0.299198
0.2993
0.299408
0.299516
0.299626
0.299738
0.29985
0.299958
0.30007
0.300181
0.30029
0.300398
0.300504
0.300608
0.300709
0.300807
0.3009
0.300988
0.301071
0.301149
0.30122
0.301285
0.301342
0.301392
0.301433
0.301466
0.30149
0.301505
0.301503
0.301459
0.301375
0.301257
0.301101
0.30092
0.300726
0.300543
0.300384
0.300224
0.300063
0.299908
0.299758
0.299617
0.29949
0.299376
0.299278
0.299192
0.299125
0.299075
0.299043
0.299028
0.299031
0.299051
0.299089
0.299143
0.299213
0.299293
0.299383
0.299484
0.299594
0.299714
0.299842
0.299979
0.300122
0.30027
0.300423
0.30058
0.300739
0.3009
0.301059
0.301215
0.30137
0.301522
0.301671
0.301817
0.301961
0.302102
0.30224
0.302375
0.302506
0.302634
0.302757
0.302876
0.302992
0.303102
0.303207
0.303421
0.303631
0.303838
0.304039
0.304233
0.304421
0.304602
0.304776
0.304934
0.305053
0.305135
0.30518
0.305187
0.305154
0.305079
0.304962
0.304889
0.30482
0.304744
0.304662
0.304576
0.304488
0.304407
0.304333
0.304266
0.304208
0.30416
0.304121
0.304093
0.304077
0.304073
0.304079
0.304096
0.304124
0.30416
0.304204
0.304254
0.304311
0.304373
0.304442
0.304515
0.304593
0.304675
0.304759
0.304846
0.304933
0.305014
0.30509
0.30516
0.305225
0.305288
0.305346
0.305397
0.305443
0.305483
0.305518
0.305546
0.30557
0.305587
0.3056
0.305608
0.305615
0.305619
0.30562
0.305619
0.305615
0.305613
0.305689
0.305767
0.305841
0.305912
0.30598
0.306044
0.306096
0.306109
0.306087
0.306031
0.305938
0.305806
0.305664
0.305525
0.305368
0.305239
0.305106
0.304972
0.304837
0.304704
0.304579
0.304462
0.304354
0.304256
0.304167
0.30409
0.304024
0.303969
0.303926
0.303894
0.303875
0.303866
0.303868
0.303875
0.30389
0.303911
0.303938
0.303972
0.304013
0.30406
0.304111
0.304168
0.304228
0.304292
0.304361
0.304432
0.304504
0.304578
0.304652
0.304726
0.304801
0.304877
0.304952
0.305027
0.305102
0.305176
0.305248
0.305319
0.305389
0.305457
0.305522
0.305585
0.305644
0.305699
0.305802
0.305951
0.306095
0.306234
0.306368
0.306494
0.306614
0.306718
0.306782
0.306808
0.306799
0.306751
0.306663
0.30656
0.306459
0.306337
0.306195
0.306075
0.305948
0.305818
0.305687
0.305562
0.305444
0.305335
0.305233
0.305141
0.305059
0.304987
0.304926
0.304876
0.304837
0.304809
0.304792
0.304786
0.304788
0.304797
0.304812
0.304832
0.304858
0.304888
0.304922
0.30496
0.305002
0.305047
0.305095
0.305147
0.3052
0.305254
0.305309
0.305365
0.30542
0.305476
0.305532
0.305587
0.305642
0.305696
0.305749
0.305801
0.305851
0.305898
0.305942
0.305982
0.306018
0.306049
0.306075
0.306096
0.306162
0.306269
0.306371
0.306467
0.306555
0.306636
0.306702
0.30673
0.306722
0.306679
0.306628
0.306558
0.306469
0.306362
0.306235
0.306089
0.305944
0.305809
0.305672
0.305534
0.305404
0.30528
0.305163
0.305055
0.304955
0.304864
0.304782
0.304712
0.304652
0.304604
0.304566
0.304539
0.304521
0.304509
0.304504
0.304506
0.304513
0.304528
0.304549
0.304577
0.304612
0.304652
0.304698
0.304749
0.304805
0.304866
0.304927
0.30499
0.305053
0.305118
0.305183
0.305248
0.305314
0.305379
0.305444
0.305508
0.305571
0.305632
0.305692
0.305749
0.305803
0.305854
0.305901
0.305944
0.305983
0.306114
0.306239
0.306358
0.306471
0.306576
0.306674
0.306756
0.306795
0.306798
0.306766
0.306696
0.306628
0.306538
0.306428
0.306298
0.306147
0.305977
0.305838
0.305694
0.305549
0.305412
0.305282
0.305159
0.305045
0.30494
0.304845
0.30476
0.304686
0.304622
0.30457
0.304529
0.304499
0.30448
0.304467
0.304462
0.304464
0.304473
0.304489
0.304513
0.304543
0.30458
0.304623
0.304672
0.304727
0.304787
0.30485
0.304915
0.30498
0.305046
0.305112
0.305178
0.305244
0.305311
0.305378
0.305444
0.30551
0.305574
0.305636
0.305696
0.305752
0.305805
0.305853
0.305897
0.305936
0.305971
0.30605
0.306168
0.30628
0.306387
0.306486
0.306577
0.306652
0.306688
0.306687
0.30665
0.306575
0.306502
0.306407
0.306292
0.306155
0.305998
0.305845
0.305705
0.305562
0.305418
0.305281
0.30515
0.305027
0.304913
0.304808
0.304713
0.304629
0.304556
0.304495
0.304446
0.304409
0.304383
0.304367
0.30436
0.304361
0.304371
0.304388
0.304415
0.304449
0.304491
0.30454
0.304596
0.304657
0.304725
0.304798
0.304874
0.30495
0.305027
0.305104
0.305181
0.305258
0.305334
0.305409
0.305483
0.305556
0.305626
0.305693
0.305759
0.305822
0.305883
0.305941
0.305996
0.306047
0.306092
0.306133
0.306216
0.306338
0.306455
0.306565
0.306668
0.306762
0.30684
0.306878
0.306879
0.306844
0.306772
0.306697
0.306598
0.306476
0.306332
0.306167
0.306008
0.305866
0.305721
0.305575
0.305436
0.305304
0.305181
0.305066
0.30496
0.304863
0.304778
0.304697
0.304632
0.304579
0.304538
0.304508
0.304489
0.304479
0.304477
0.304483
0.304499
0.304523
0.304556
0.304599
0.304651
0.304712
0.304779
0.304852
0.30493
0.305012
0.305096
0.30518
0.305265
0.30535
0.305436
0.305521
0.305607
0.305691
0.305774
0.305856
0.305935
0.306012
0.306085
0.306154
0.306218
0.306276
0.306328
0.306373
0.306411
0.306491
0.306609
0.30672
0.306825
0.306922
0.307011
0.307083
0.307115
0.30711
0.307069
0.30699
0.30691
0.306807
0.306683
0.306538
0.306371
0.306184
0.306035
0.30588
0.305724
0.305574
0.305431
0.305297
0.305171
0.305056
0.304951
0.304857
0.304776
0.304706
0.30465
0.304607
0.304577
0.304558
0.304549
0.304549
0.304558
0.304578
0.304606
0.304645
0.304692
0.304749
0.304813
0.304884
0.30496
0.305041
0.305127
0.305214
0.305302
0.305391
0.30548
0.305569
0.305657
0.305745
0.305831
0.305915
0.305998
0.306078
0.306152
0.306224
0.306293
0.306356
0.306413
0.306465
0.306509
0.306547
0.306626
0.306746
0.306859
0.306965
0.307062
0.307151
0.307222
0.307254
0.307249
0.307208
0.30713
0.307011
0.306893
0.306749
0.306582
0.306393
0.306214
0.306055
0.305894
0.305732
0.305578
0.305431
0.305293
0.305164
0.305045
0.304936
0.304838
0.304752
0.304677
0.304616
0.304568
0.304535
0.304517
0.304511
0.304518
0.304538
0.304572
0.304619
0.304678
0.304749
0.304831
0.304922
0.305021
0.305127
0.305239
0.305355
0.30547
0.305584
0.305696
0.305805
0.305911
0.306014
0.306113
0.306207
0.306296
0.306378
0.306457
0.306529
0.306593
0.30665
0.306702
0.306746
0.306783
0.306814
0.306837
0.30693
0.307107
0.307278
0.307443
0.307601
0.307753
0.30789
0.307986
0.308044
0.308067
0.308053
0.307999
0.307903
0.307787
0.307663
0.307517
0.307348
0.307158
0.306995
0.306827
0.306665
0.306509
0.306361
0.306222
0.306093
0.305975
0.305868
0.305773
0.305691
0.305621
0.305565
0.305522
0.305492
0.305473
0.305463
0.305464
0.305473
0.305492
0.30552
0.305556
0.305601
0.305652
0.305709
0.305771
0.305837
0.305905
0.305973
0.30604
0.306105
0.306169
0.306231
0.30629
0.306347
0.306401
0.306452
0.306499
0.306543
0.306583
0.306619
0.306652
0.306681
0.306707
0.306727
0.306743
0.306753
0.306808
0.306977
0.307141
0.307299
0.307452
0.307598
0.307728
0.307818
0.307869
0.307887
0.307868
0.30781
0.30771
0.307588
0.307457
0.307305
0.307129
0.306932
0.306766
0.306594
0.306428
0.306265
0.306112
0.305967
0.30583
0.305703
0.305584
0.305476
0.305379
0.305292
0.305217
0.305153
0.305101
0.305057
0.305023
0.304998
0.304982
0.304975
0.304976
0.304987
0.305006
0.305034
0.305069
0.305111
0.30516
0.305214
0.305271
0.30533
0.30539
0.305452
0.305514
0.305577
0.30564
0.305701
0.30576
0.305818
0.305874
0.305928
0.305978
0.306025
0.306068
0.306107
0.30614
0.306168
0.306189
0.306245
0.306377
0.306542
0.3067
0.306851
0.306995
0.307121
0.307207
0.307253
0.307267
0.307244
0.307182
0.307077
0.306958
0.306841
0.306707
0.306554
0.306383
0.306194
0.305989
0.305814
0.305643
0.305479
0.305324
0.305177
0.30504
0.304913
0.304797
0.304691
0.304597
0.304515
0.304445
0.304387
0.304337
0.304296
0.304261
0.304235
0.304219
0.304211
0.304211
0.30422
0.304237
0.304261
0.304291
0.304328
0.30437
0.304413
0.304458
0.304504
0.30455
0.304598
0.304646
0.304694
0.304741
0.304788
0.304833
0.304876
0.304917
0.304954
0.304988
0.305018
0.305044
0.305064
0.305079
0.305089
0.305094
0.305268
0.305431
0.305588
0.305738
0.305879
0.306005
0.306088
0.306132
0.306143
0.306119
0.306056
0.30595
0.305825
0.305695
0.305543
0.305372
0.30518
0.304967
0.304786
0.30461
0.304443
0.304286
0.304138
0.304
0.303872
0.303756
0.303652
0.303559
0.303479
0.303411
0.303356
0.303311
0.303275
0.303247
0.303227
0.303216
0.303215
0.303222
0.30324
0.303266
0.303302
0.303346
0.303398
0.303458
0.303524
0.303594
0.303666
0.303741
0.303817
0.303893
0.303969
0.304044
0.304118
0.304191
0.304262
0.30433
0.304396
0.304459
0.304516
0.30457
0.304618
0.304661
0.304699
0.304773
0.304881
0.304981
0.305107
0.30526
0.305405
0.305543
0.305665
0.305746
0.305788
0.305797
0.30577
0.305703
0.305593
0.3055
0.305386
0.305253
0.305103
0.304935
0.304749
0.304548
0.304376
0.304208
0.304048
0.303896
0.303754
0.30362
0.303497
0.303385
0.303284
0.303195
0.303118
0.303054
0.303002
0.302958
0.302924
0.302899
0.302884
0.302879
0.302884
0.302898
0.302923
0.302957
0.302999
0.30305
0.303108
0.303173
0.30324
0.303311
0.303384
0.303458
0.303533
0.303608
0.303684
0.303759
0.303834
0.303908
0.303979
0.304049
0.304116
0.304178
0.304235
0.304287
0.304333
0.304372
0.304404
0.304465
0.3046
0.304771
0.304936
0.305093
0.305243
0.305376
0.305467
0.305518
0.305538
0.305521
0.305465
0.305367
0.305248
0.305122
0.304975
0.304806
0.304615
0.304403
0.304227
0.304057
0.303894
0.303742
0.303599
0.303467
0.303345
0.303235
0.303137
0.303052
0.30298
0.302921
0.302874
0.30284
0.302815
0.302799
0.302793
0.302798
0.302814
0.302841
0.30288
0.30293
0.302991
0.303063
0.303144
0.303233
0.303329
0.303428
0.303529
0.303632
0.303737
0.303842
0.303948
0.304054
0.30416
0.304263
0.304365
0.304465
0.304561
0.304654
0.304742
0.304824
0.304899
0.304967
0.305028
0.305124
0.305251
0.305369
0.305477
0.305643
0.3058
0.305949
0.306081
0.306173
0.306227
0.306249
0.306234
0.306179
0.306083
0.305991
0.305875
0.305738
0.30558
0.305403
0.305205
0.305034
0.304868
0.304709
0.304558
0.304417
0.304285
0.304164
0.304054
0.303956
0.303872
0.3038
0.303743
0.3037
0.30367
0.30365
0.30364
0.303639
0.30365
0.303671
0.303703
0.303746
0.303801
0.303866
0.30394
0.304023
0.304115
0.304213
0.304314
0.304416
0.304521
0.304626
0.304732
0.304837
0.304942
0.305045
0.305147
0.305246
0.305342
0.305434
0.305522
0.305605
0.305681
0.305752
0.305812
0.305867
0.305912
0.305986
0.306132
0.306314
0.306489
0.306657
0.306817
0.30696
0.307063
0.307126
0.307157
0.307151
0.307106
0.307019
0.306889
0.306738
0.306578
0.306394
0.306186
0.305954
0.305771
0.305593
0.305425
0.305266
0.305118
0.304982
0.304857
0.304746
0.304648
0.304564
0.304495
0.304443
0.304405
0.304382
0.304368
0.304364
0.30437
0.304388
0.304417
0.304458
0.304511
0.304575
0.304651
0.304738
0.304834
0.304939
0.305052
0.305167
0.305284
0.305402
0.305521
0.305641
0.30576
0.305877
0.305993
0.306107
0.306217
0.306324
0.306427
0.306525
0.306617
0.306703
0.306781
0.306852
0.306911
0.306963
0.307086
0.307196
0.307336
0.307504
0.307665
0.307819
0.307956
0.308053
0.308112
0.30814
0.30813
0.308081
0.30799
0.307856
0.307679
0.30751
0.307314
0.307094
0.306882
0.306691
0.306506
0.306328
0.306158
0.305997
0.305845
0.305704
0.305575
0.305458
0.305354
0.305265
0.30519
0.30513
0.305085
0.305051
0.30503
0.305021
0.305026
0.305043
0.305073
0.305116
0.305173
0.305244
0.305327
0.30542
0.305523
0.305633
0.305744
0.305857
0.305971
0.306084
0.306197
0.306308
0.306417
0.306524
0.306627
0.306727
0.306823
0.306914
0.306999
0.307079
0.307152
0.307217
0.307275
0.307325
0.307366
0.307397
0.307536
0.307711
0.307879
0.308039
0.308192
0.308326
0.308421
0.308476
0.308498
0.308485
0.308431
0.308335
0.308197
0.308015
0.30779
0.307544
0.307326
0.307132
0.306934
0.306741
0.306556
0.30638
0.306214
0.306057
0.305912
0.305779
0.305659
0.305552
0.305461
0.305384
0.305323
0.305276
0.305242
0.305221
0.305213
0.305219
0.305239
0.305275
0.305326
0.305393
0.305475
0.305571
0.305679
0.305798
0.305925
0.306055
0.306186
0.306318
0.306448
0.306578
0.306706
0.306828
0.306949
0.307066
0.307178
0.307285
0.307386
0.30748
0.307568
0.307648
0.307719
0.307782
0.307836
0.30788
0.307912
0.308017
0.30819
0.308356
0.308512
0.30866
0.308789
0.308878
0.308928
0.308945
0.308927
0.308871
0.308773
0.308632
0.30845
0.308225
0.307977
0.307793
0.307599
0.307402
0.307211
0.307029
0.306856
0.306693
0.306541
0.306401
0.306273
0.306159
0.306058
0.305972
0.305901
0.305846
0.305805
0.305775
0.30576
0.305753
0.305764
0.305788
0.305826
0.305877
0.305942
0.306021
0.306113
0.306215
0.306326
0.306442
0.306559
0.306676
0.306791
0.306904
0.307016
0.307123
0.307227
0.307327
0.307422
0.307511
0.307593
0.30767
0.30774
0.307804
0.307859
0.307908
0.307947
0.307978
0.307996
0.308007
0.308101
0.308214
0.308348
0.308476
0.308595
0.308698
0.30876
0.308784
0.308776
0.308731
0.308647
0.308521
0.308354
0.308143
0.30789
0.307669
0.30745
0.307243
0.307034
0.306831
0.306638
0.306454
0.306281
0.30612
0.305972
0.305836
0.305716
0.305611
0.305521
0.305447
0.305389
0.305347
0.305317
0.305302
0.305301
0.305315
0.305344
0.305387
0.305446
0.30552
0.305607
0.305708
0.305819
0.305941
0.30607
0.3062
0.306331
0.306461
0.30659
0.306716
0.306839
0.306958
0.307073
0.307183
0.307287
0.307386
0.307478
0.307564
0.307642
0.307713
0.307775
0.307829
0.307874
0.307909
0.307981
0.308091
0.308193
0.308335
0.308473
0.308602
0.308715
0.308789
0.308824
0.308828
0.308798
0.308731
0.308625
0.308477
0.308289
0.308082
0.307906
0.30776
0.307612
0.307467
0.307332
0.30721
0.307101
0.307006
0.306927
0.306864
0.306818
0.306791
0.306779
0.306781
0.306796
0.306824
0.306862
0.306912
0.306974
0.307048
0.307135
0.307233
0.307341
0.307458
0.307584
0.307716
0.307854
0.307996
0.308142
0.308288
0.308431
0.308571
0.308708
0.30884
0.308968
0.309093
0.309212
0.309328
0.309438
0.309543
0.309642
0.309736
0.309825
0.309909
0.309988
0.310129
0.310339
0.310553
0.310765
0.310967
0.311247
0.311519
0.311785
0.312043
0.312293
0.312528
0.312726
0.312885
0.313006
0.313086
0.313125
0.313119
0.31307
0.312976
0.312884
0.312764
0.312617
0.31251
0.312394
0.312282
0.312174
0.312074
0.31198
0.311895
0.311819
0.311752
0.311697
0.311653
0.311621
0.311601
0.311594
0.311598
0.311611
0.311633
0.311663
0.311701
0.311746
0.311798
0.311856
0.311919
0.311987
0.312057
0.312128
0.312201
0.312274
0.312345
0.312413
0.312478
0.312539
0.312597
0.312651
0.312701
0.312744
0.312784
0.312819
0.312848
0.312872
0.31289
0.312905
0.312916
0.312922
0.312922
0.313037
0.313144
0.313345
0.313539
0.313729
0.313912
0.314089
0.314258
0.314411
0.314527
0.314606
0.31465
0.314658
0.314626
0.314554
0.31444
0.314286
0.314127
0.31398
0.313843
0.313696
0.313546
0.313401
0.313261
0.313129
0.313004
0.312887
0.312779
0.312679
0.312588
0.312506
0.312433
0.31237
0.312315
0.312269
0.312229
0.312193
0.312161
0.312133
0.312107
0.312083
0.312061
0.31204
0.31202
0.312002
0.311985
0.311971
0.311961
0.311953
0.311949
0.311949
0.311952
0.31196
0.311971
0.311985
0.312003
0.312023
0.312045
0.312068
0.312092
0.312116
0.312138
0.312158
0.312175
0.312258
0.312405
0.312548
0.312684
0.31285
0.313046
0.313236
0.31342
0.313597
0.313759
0.313882
0.313969
0.314018
0.314031
0.314002
0.313933
0.31382
0.313665
0.313468
0.313316
0.313168
0.313012
0.312851
0.312695
0.312544
0.312398
0.312259
0.312127
0.312002
0.311886
0.311778
0.311679
0.311589
0.311509
0.311437
0.311376
0.311323
0.311278
0.311241
0.311214
0.311194
0.311183
0.311179
0.311182
0.311192
0.311207
0.311228
0.311253
0.311283
0.311314
0.311348
0.311382
0.311419
0.311456
0.311493
0.311531
0.311569
0.311606
0.311641
0.311675
0.311707
0.311736
0.31176
0.311781
0.311796
0.311805
0.311809
0.31197
0.312178
0.312379
0.312575
0.312763
0.312944
0.313117
0.313274
0.313392
0.313473
0.313518
0.313527
0.313496
0.313425
0.313311
0.31319
0.313076
0.312943
0.312791
0.312647
0.312496
0.31235
0.31221
0.312076
0.31195
0.311831
0.31172
0.311618
0.311526
0.311442
0.311369
0.311304
0.31125
0.311204
0.311165
0.31113
0.3111
0.311073
0.311049
0.311029
0.311013
0.311
0.310989
0.310982
0.310979
0.310979
0.310983
0.31099
0.310996
0.31101
0.311027
0.311047
0.311071
0.311097
0.311126
0.311157
0.311188
0.31122
0.311252
0.311283
0.311312
0.311337
0.311359
0.311448
0.311599
0.311746
0.311886
0.312055
0.312252
0.312444
0.31263
0.31281
0.312974
0.313099
0.313186
0.313238
0.313251
0.313224
0.313154
0.313042
0.312886
0.312688
0.312492
0.312341
0.312178
0.31201
0.311847
0.311689
0.311539
0.311396
0.311261
0.311135
0.311018
0.31091
0.310814
0.310728
0.310654
0.310591
0.310539
0.310496
0.310463
0.310438
0.310423
0.310416
0.310416
0.310423
0.310437
0.310458
0.310486
0.31052
0.310559
0.310603
0.310649
0.310697
0.310746
0.310797
0.310849
0.310902
0.310955
0.311008
0.31106
0.311111
0.311161
0.311208
0.311252
0.311292
0.311327
0.311357
0.311381
0.311399
0.311572
0.311793
0.312008
0.312217
0.31242
0.312616
0.312804
0.312976
0.313108
0.313204
0.313265
0.313289
0.313274
0.313216
0.313117
0.312975
0.312857
0.312716
0.312555
0.312392
0.312239
0.31209
0.311947
0.311811
0.311682
0.311561
0.311449
0.311346
0.311253
0.311171
0.311099
0.311038
0.310988
0.310946
0.310911
0.310883
0.310861
0.310846
0.310836
0.310832
0.310833
0.31084
0.310852
0.310869
0.31089
0.310917
0.310949
0.310984
0.311023
0.311064
0.311108
0.311154
0.311203
0.311253
0.311305
0.311358
0.311411
0.311464
0.311515
0.311566
0.311613
0.311657
0.311696
0.311798
0.311963
0.312124
0.312278
0.312458
0.312667
0.31287
0.313067
0.313256
0.313428
0.313561
0.313657
0.313716
0.313736
0.313715
0.313652
0.313545
0.313395
0.313202
0.312992
0.312809
0.312645
0.312474
0.312307
0.312145
0.31199
0.311843
0.311703
0.311572
0.311453
0.311343
0.311245
0.311157
0.311083
0.311021
0.310972
0.310933
0.310904
0.310886
0.310879
0.31088
0.310891
0.310911
0.310939
0.310976
0.311019
0.311069
0.311125
0.311186
0.311249
0.311314
0.311381
0.311449
0.311518
0.311588
0.311657
0.311725
0.311793
0.311858
0.31192
0.311979
0.312033
0.312082
0.312124
0.312161
0.31219
0.312212
0.312338
0.312558
0.312773
0.312983
0.313185
0.31338
0.313567
0.313737
0.313868
0.313961
0.31402
0.314041
0.314022
0.313961
0.313858
0.313712
0.313551
0.313387
0.3132
0.313041
0.312875
0.312713
0.312558
0.312409
0.312268
0.312135
0.312012
0.311898
0.311795
0.311703
0.311622
0.311553
0.311497
0.311452
0.311416
0.31139
0.311373
0.311365
0.311366
0.311376
0.311393
0.311417
0.311448
0.311486
0.311531
0.311582
0.311639
0.311699
0.311761
0.311825
0.311892
0.31196
0.312029
0.312098
0.312168
0.312236
0.312303
0.312368
0.312429
0.312488
0.312541
0.31259
0.312634
0.312672
0.312833
0.312987
0.313134
0.313311
0.313514
0.313713
0.313906
0.314091
0.31426
0.314391
0.314482
0.314537
0.314554
0.314529
0.314461
0.31435
0.314196
0.313998
0.313758
0.313601
0.313429
0.31325
0.313075
0.312904
0.31274
0.312583
0.312434
0.312295
0.312164
0.312045
0.311937
0.311841
0.311758
0.311687
0.311629
0.311582
0.311546
0.311521
0.311508
0.311505
0.311514
0.311533
0.311561
0.311599
0.311646
0.311701
0.311767
0.311842
0.311922
0.312008
0.312098
0.31219
0.312285
0.31238
0.312474
0.312567
0.312657
0.312743
0.312825
0.312898
0.312963
0.313019
0.313066
0.313104
0.313132
0.313147
0.313214
0.313326
0.31343
0.313591
0.313747
0.313895
0.314036
0.314161
0.314247
0.314296
0.314311
0.314289
0.314226
0.314121
0.313974
0.313784
0.313579
0.313372
0.313168
0.31298
0.312788
0.312603
0.312426
0.312258
0.312099
0.311952
0.311816
0.311693
0.311584
0.311489
0.311409
0.311344
0.311295
0.31126
0.311236
0.311224
0.311222
0.311232
0.311251
0.311279
0.311315
0.311358
0.311406
0.31146
0.311519
0.311581
0.311644
0.311707
0.311769
0.31183
0.311889
0.311947
0.312003
0.312056
0.312107
0.312154
0.312198
0.312238
0.312273
0.312304
0.312331
0.312354
0.312373
0.312388
0.312398
0.312571
0.312786
0.312995
0.313199
0.313397
0.313587
0.313771
0.313938
0.314067
0.314156
0.314208
0.314221
0.314192
0.31412
0.314003
0.313868
0.313725
0.313556
0.313364
0.313148
0.312964
0.312783
0.312608
0.312442
0.312283
0.312135
0.311996
0.311869
0.311754
0.311651
0.311562
0.311486
0.311425
0.311377
0.311339
0.311312
0.311294
0.311287
0.311289
0.311302
0.311323
0.311354
0.311394
0.311441
0.311494
0.311552
0.311614
0.311678
0.311743
0.311809
0.311874
0.311939
0.312003
0.312064
0.312124
0.312181
0.312234
0.312283
0.312327
0.312367
0.312401
0.312429
0.312451
0.312465
0.312472
0.312579
0.312777
0.312969
0.313153
0.31333
0.313497
0.313656
0.313796
0.313896
0.313958
0.313987
0.313978
0.313929
0.313838
0.313748
0.313633
0.313497
0.31334
0.313162
0.312963
0.312745
0.312561
0.31238
0.312206
0.312039
0.311881
0.311732
0.311592
0.311462
0.311343
0.311235
0.311139
0.311055
0.310981
0.310917
0.310861
0.310814
0.310774
0.310741
0.310716
0.310697
0.310685
0.310682
0.310685
0.310696
0.310713
0.310736
0.310762
0.310792
0.310824
0.31086
0.310898
0.310938
0.310979
0.311021
0.311062
0.311102
0.31114
0.311177
0.31121
0.31124
0.311264
0.311283
0.311296
0.311304
0.311465
0.311673
0.311875
0.31207
0.312257
0.312437
0.312608
0.312762
0.312875
0.31295
0.31299
0.312992
0.312952
0.312869
0.312742
0.312629
0.312489
0.312328
0.312146
0.311942
0.311719
0.311485
0.311296
0.311111
0.310934
0.310765
0.310606
0.310456
0.310317
0.310187
0.31007
0.309963
0.309868
0.309785
0.30971
0.309646
0.309592
0.309548
0.309513
0.309489
0.309476
0.309474
0.309483
0.309503
0.309534
0.309574
0.309624
0.309678
0.309738
0.309803
0.309872
0.309943
0.310015
0.310086
0.310157
0.310226
0.310293
0.310356
0.310416
0.310473
0.310523
0.310568
0.310608
0.31064
0.310666
0.310778
0.310997
0.311205
0.311406
0.311601
0.311787
0.311964
0.312123
0.312241
0.312321
0.312368
0.312377
0.312344
0.312269
0.312174
0.312076
0.311957
0.311818
0.311659
0.31148
0.311284
0.311077
0.310881
0.310708
0.310542
0.310384
0.310234
0.310093
0.309963
0.309842
0.309733
0.309635
0.309549
0.309475
0.309411
0.309356
0.30931
0.309273
0.309244
0.309224
0.309214
0.309215
0.309225
0.309243
0.309271
0.309308
0.309352
0.3094
0.309452
0.309507
0.309565
0.309625
0.309686
0.309748
0.309811
0.309874
0.309936
0.309996
0.310055
0.310111
0.310162
0.310208
0.310248
0.310282
0.310358
0.310473
0.310701
0.310918
0.311129
0.311332
0.311529
0.311716
0.311886
0.312015
0.312106
0.312162
0.31218
0.312156
0.312088
0.311976
0.31187
0.311735
0.311577
0.311396
0.311193
0.31097
0.310734
0.310552
0.310375
0.310206
0.310046
0.309896
0.309756
0.309626
0.309508
0.309401
0.309307
0.309226
0.309158
0.3091
0.309053
0.309017
0.308992
0.308979
0.308978
0.308991
0.309018
0.309057
0.30911
0.309174
0.309249
0.309332
0.30942
0.309509
0.309602
0.309694
0.309788
0.309881
0.309974
0.310065
0.310154
0.310241
0.310324
0.310403
0.310477
0.310546
0.310608
0.310664
0.310711
0.310803
0.310935
0.311111
0.311331
0.311543
0.311745
0.311942
0.312129
0.312298
0.312428
0.31252
0.312578
0.312599
0.312578
0.312514
0.312406
0.31231
0.312189
0.312048
0.311886
0.311703
0.311503
0.311291
0.311093
0.31092
0.310755
0.310598
0.31045
0.310312
0.310184
0.310068
0.309964
0.309873
0.309795
0.30973
0.309676
0.309633
0.309601
0.30958
0.309569
0.309569
0.309582
0.309606
0.30964
0.309683
0.309736
0.309798
0.309868
0.309941
0.310017
0.310096
0.310177
0.31026
0.310344
0.310428
0.310512
0.310595
0.310676
0.310755
0.31083
0.310902
0.310968
0.311028
0.311081
0.311126
0.311164
0.311285
0.31152
0.311746
0.311965
0.312177
0.31238
0.312573
0.312749
0.312884
0.312981
0.313044
0.313068
0.31305
0.312988
0.312882
0.312731
0.312557
0.312372
0.312161
0.311925
0.311737
0.311553
0.311376
0.311208
0.31105
0.310902
0.310766
0.310641
0.310529
0.310431
0.310348
0.310279
0.310227
0.310189
0.310162
0.310146
0.310143
0.310153
0.310176
0.310212
0.310262
0.310325
0.310401
0.310488
0.310585
0.310692
0.310805
0.310922
0.31104
0.311159
0.311279
0.311398
0.311516
0.311632
0.311741
0.31185
0.311955
0.312055
0.312149
0.312237
0.312318
0.312392
0.312457
0.312513
0.312614
0.312752
0.312879
0.313096
0.313305
0.313508
0.313703
0.31389
0.314058
0.314188
0.31428
0.314339
0.31436
0.31434
0.314277
0.314171
0.31402
0.313875
0.313703
0.313508
0.31329
0.313051
0.31286
0.312672
0.312492
0.312321
0.31216
0.31201
0.311872
0.311745
0.311632
0.311533
0.311448
0.311378
0.311324
0.311281
0.311251
0.311232
0.311226
0.311232
0.311251
0.311283
0.311329
0.311388
0.311459
0.311541
0.311632
0.31173
0.311831
0.311933
0.312036
0.312139
0.312241
0.312342
0.31244
0.312535
0.312625
0.312711
0.312793
0.312868
0.312937
0.312998
0.313052
0.313097
0.313132
0.313158
0.313236
0.313406
0.313609
0.313806
0.313996
0.314178
0.314351
0.314505
0.31462
0.314696
0.314737
0.314739
0.3147
0.314617
0.31449
0.314318
0.314102
0.313842
0.313598
0.313392
0.313178
0.312968
0.312765
0.312569
0.312381
0.312202
0.312033
0.311875
0.311729
0.311596
0.311476
0.311373
0.311285
0.311213
0.311156
0.311115
0.311091
0.311083
0.311093
0.311122
0.31117
0.311237
0.311322
0.311424
0.31154
0.311669
0.311806
0.311947
0.312089
0.31223
0.31237
0.312507
0.312641
0.31277
0.312894
0.313011
0.313122
0.313226
0.313323
0.31341
0.313489
0.313554
0.313612
0.313659
0.313696
0.313774
0.313933
0.314136
0.314332
0.314521
0.314702
0.314871
0.315023
0.315134
0.315208
0.31525
0.315254
0.315217
0.315138
0.315015
0.314849
0.314638
0.314383
0.314139
0.313928
0.313711
0.313501
0.313298
0.313104
0.312919
0.312743
0.312579
0.312427
0.312288
0.312162
0.312051
0.311955
0.311874
0.311809
0.311757
0.311719
0.311697
0.311691
0.311695
0.311718
0.311755
0.311807
0.311875
0.311956
0.312049
0.312152
0.312262
0.312373
0.312485
0.3126
0.312715
0.312827
0.312935
0.313038
0.313134
0.313224
0.313307
0.313382
0.313451
0.313511
0.313563
0.313606
0.313639
0.313663
0.313676
0.313802
0.313918
0.314062
0.314229
0.31439
0.314539
0.314682
0.314807
0.314892
0.314939
0.314951
0.314926
0.314861
0.314753
0.314603
0.314409
0.314172
0.313966
0.313734
0.313481
0.313232
0.313006
0.312787
0.312579
0.31238
0.312194
0.31202
0.311859
0.311713
0.311581
0.311466
0.311368
0.311288
0.311225
0.311178
0.311146
0.311132
0.311136
0.311158
0.311198
0.311257
0.311336
0.311433
0.311546
0.311673
0.311813
0.311961
0.312111
0.312259
0.312405
0.312548
0.312686
0.31282
0.312947
0.313068
0.313182
0.313289
0.313387
0.313476
0.313556
0.313626
0.313686
0.313735
0.313773
0.313799
0.313869
0.314027
0.314224
0.314414
0.314596
0.31477
0.314933
0.315077
0.315182
0.315249
0.315283
0.315282
0.315243
0.315163
0.315042
0.314879
0.314673
0.314457
0.31427
0.314101
0.313933
0.313776
0.313628
0.313491
0.313366
0.313253
0.313153
0.313065
0.312992
0.312935
0.312893
0.312867
0.312855
0.312856
0.312868
0.31289
0.312923
0.312966
0.31302
0.313083
0.313151
0.313233
0.313325
0.313425
0.313533
0.313651
0.313781
0.313918
0.314061
0.314207
0.314355
0.314503
0.31465
0.314793
0.314933
0.315068
0.315197
0.31532
0.315434
0.315537
0.31563
0.315862
0.316101
0.316336
0.316573
0.316804
0.317131
0.317445
0.31775
0.318045
0.318329
0.318603
0.318858
0.319076
0.319257
0.319399
0.319501
0.319562
0.319578
0.319551
0.319479
0.319364
0.319206
0.319005
0.318763
0.318481
0.318222
0.318052
0.317887
0.317732
0.317589
0.317459
0.317343
0.317243
0.317159
0.317093
0.317045
0.317016
0.317004
0.317004
0.317015
0.317038
0.317071
0.317114
0.317168
0.317231
0.317302
0.317378
0.31746
0.317546
0.317634
0.317724
0.31781
0.317893
0.317973
0.31805
0.318122
0.318191
0.318256
0.318316
0.318372
0.318421
0.318465
0.318503
0.318534
0.318559
0.31858
0.318594
0.318665
0.318793
0.319038
0.319273
0.319504
0.319728
0.319945
0.320153
0.320352
0.320533
0.320678
0.320786
0.320858
0.320891
0.320884
0.320835
0.320743
0.320609
0.320432
0.320261
0.320115
0.319958
0.319797
0.319639
0.319488
0.319344
0.319208
0.319079
0.31896
0.318852
0.318756
0.318672
0.3186
0.318542
0.318496
0.318462
0.318436
0.318418
0.318405
0.318396
0.318386
0.318374
0.318358
0.318338
0.318315
0.318289
0.318261
0.318232
0.318203
0.318173
0.318146
0.31812
0.318097
0.318076
0.318058
0.318041
0.318027
0.318014
0.318001
0.317989
0.317977
0.317964
0.31795
0.317933
0.318063
0.318191
0.318321
0.318447
0.318671
0.318887
0.319097
0.3193
0.319497
0.319687
0.319861
0.319998
0.320098
0.320159
0.32018
0.32016
0.320096
0.319989
0.319838
0.319643
0.31944
0.319279
0.319105
0.318922
0.318743
0.318567
0.318396
0.31823
0.318071
0.317918
0.317773
0.317635
0.317506
0.317385
0.317273
0.317171
0.317077
0.316992
0.316915
0.316848
0.31679
0.316743
0.316707
0.316683
0.316671
0.316671
0.316681
0.316698
0.316723
0.316753
0.316786
0.31682
0.316854
0.31689
0.316927
0.316963
0.316999
0.317033
0.317066
0.317096
0.317123
0.317146
0.317164
0.317177
0.317184
0.317184
0.317178
0.317418
0.31765
0.317877
0.318097
0.318308
0.318511
0.318705
0.318888
0.319054
0.319182
0.319273
0.319329
0.319348
0.319327
0.319265
0.319161
0.319015
0.318864
0.318722
0.318563
0.318387
0.31822
0.318057
0.317902
0.317755
0.317617
0.317489
0.317372
0.317265
0.317171
0.317088
0.317018
0.31696
0.316913
0.316876
0.31684
0.316807
0.316777
0.316746
0.316712
0.316674
0.316632
0.316584
0.316531
0.316475
0.316416
0.316359
0.316308
0.316263
0.316224
0.316193
0.316168
0.316151
0.316141
0.316137
0.316139
0.316145
0.316156
0.316169
0.316184
0.3162
0.316212
0.316221
0.316305
0.316463
0.316618
0.316768
0.317011
0.317245
0.317473
0.317694
0.317909
0.318115
0.318307
0.318462
0.31858
0.318659
0.318698
0.318694
0.318647
0.318555
0.318419
0.318238
0.318035
0.317852
0.317686
0.317513
0.317342
0.317175
0.317013
0.316856
0.316706
0.316563
0.316428
0.316301
0.316184
0.316076
0.315978
0.31589
0.315812
0.315744
0.315686
0.315638
0.315601
0.315576
0.315562
0.31556
0.315568
0.315587
0.315615
0.315651
0.315695
0.315745
0.315798
0.315852
0.315908
0.315964
0.316022
0.316079
0.316136
0.316192
0.316245
0.316296
0.316344
0.316388
0.316427
0.31646
0.316486
0.316506
0.316517
0.316707
0.316952
0.317192
0.317425
0.31765
0.317867
0.318075
0.318273
0.318454
0.318596
0.318701
0.318773
0.318808
0.318803
0.318758
0.31867
0.318541
0.318435
0.318306
0.318156
0.317986
0.317831
0.31768
0.317536
0.3174
0.317273
0.317156
0.31705
0.316956
0.316873
0.316804
0.316745
0.316696
0.316658
0.316629
0.316606
0.316586
0.316568
0.316551
0.316532
0.31651
0.316483
0.316451
0.316414
0.316373
0.316331
0.31629
0.316254
0.316228
0.316209
0.316199
0.316198
0.316204
0.316217
0.316237
0.316262
0.316291
0.316324
0.31636
0.316397
0.316434
0.316468
0.316498
0.316601
0.316778
0.316954
0.317126
0.317336
0.317584
0.317825
0.318059
0.318285
0.318503
0.318705
0.31887
0.318998
0.319087
0.319135
0.31914
0.319101
0.319017
0.318888
0.318714
0.31852
0.318317
0.31815
0.317973
0.317798
0.317626
0.31746
0.3173
0.317146
0.317001
0.316864
0.316736
0.316619
0.316513
0.316418
0.316336
0.316266
0.316207
0.316161
0.316126
0.316103
0.316092
0.316092
0.316104
0.316126
0.316159
0.316201
0.316251
0.31631
0.316374
0.316441
0.316509
0.316578
0.316648
0.316718
0.316787
0.316855
0.316922
0.316985
0.317046
0.317099
0.31715
0.317195
0.317234
0.317265
0.317289
0.317304
0.317497
0.317746
0.317991
0.318229
0.318459
0.318681
0.318894
0.319097
0.319282
0.319429
0.319538
0.319613
0.319651
0.319648
0.319603
0.319516
0.319385
0.319213
0.319064
0.31889
0.318694
0.318501
0.318328
0.318163
0.318004
0.317853
0.317711
0.317581
0.317463
0.317357
0.317266
0.317189
0.317126
0.317078
0.317041
0.317011
0.316989
0.316971
0.316957
0.316946
0.316934
0.316922
0.316907
0.316892
0.316876
0.316863
0.316853
0.316848
0.316849
0.316857
0.316872
0.316893
0.316921
0.316954
0.316993
0.317036
0.317081
0.317129
0.317178
0.317227
0.317275
0.317318
0.317355
0.317467
0.317654
0.317841
0.318023
0.318244
0.318502
0.318752
0.318994
0.319228
0.319453
0.319661
0.319831
0.319963
0.320057
0.320111
0.320122
0.32009
0.320012
0.319889
0.319722
0.319511
0.319285
0.319083
0.318896
0.318711
0.31853
0.318355
0.318186
0.318024
0.317871
0.317726
0.317591
0.317466
0.317353
0.317253
0.317165
0.317091
0.31703
0.316981
0.316946
0.316923
0.316914
0.316919
0.316938
0.31697
0.317016
0.317074
0.317141
0.317216
0.317298
0.317382
0.317468
0.317555
0.317642
0.317727
0.317809
0.317889
0.317965
0.318038
0.318106
0.318169
0.318227
0.318278
0.318321
0.318357
0.318384
0.318401
0.318528
0.318775
0.319015
0.319248
0.319475
0.319692
0.319901
0.320099
0.320279
0.32042
0.320524
0.320594
0.320624
0.320614
0.320562
0.320466
0.320326
0.320144
0.319973
0.319776
0.319556
0.319369
0.319186
0.319011
0.318846
0.318691
0.318549
0.318421
0.318307
0.318208
0.318124
0.318056
0.318005
0.31797
0.31795
0.317941
0.317941
0.31795
0.317966
0.317987
0.318009
0.318024
0.318035
0.318042
0.318046
0.31805
0.318055
0.318063
0.318073
0.318086
0.318103
0.318123
0.318146
0.318172
0.318201
0.318232
0.318263
0.318294
0.318325
0.318353
0.318378
0.318399
0.318417
0.318429
0.318591
0.31875
0.31896
0.319217
0.319467
0.319711
0.319947
0.320175
0.320394
0.320595
0.320758
0.320882
0.320967
0.321009
0.321008
0.320961
0.320868
0.320728
0.320543
0.320333
0.320106
0.319907
0.319694
0.319483
0.319276
0.319073
0.318877
0.318688
0.318506
0.318335
0.318173
0.318023
0.317886
0.317762
0.317653
0.317558
0.317478
0.317412
0.317362
0.317329
0.317312
0.317313
0.31733
0.317363
0.317409
0.317467
0.317534
0.317609
0.317689
0.317769
0.317846
0.317921
0.317992
0.318058
0.318118
0.318171
0.318219
0.318259
0.318292
0.318317
0.318335
0.318344
0.318347
0.318342
0.318329
0.318306
0.318386
0.318589
0.318786
0.318976
0.319159
0.319334
0.3195
0.319655
0.319792
0.319889
0.31995
0.319976
0.319965
0.319913
0.319818
0.3197
0.319572
0.31942
0.319244
0.319046
0.318824
0.318583
0.318348
0.318131
0.317922
0.31772
0.317525
0.317339
0.317162
0.316995
0.316838
0.316691
0.316556
0.316433
0.316322
0.316221
0.316132
0.316054
0.315987
0.315936
0.315903
0.315886
0.315884
0.315894
0.315916
0.315948
0.315988
0.316035
0.316084
0.316135
0.316186
0.316238
0.31629
0.316341
0.316391
0.316439
0.316484
0.316527
0.316565
0.316599
0.316627
0.316649
0.316665
0.316673
0.316674
0.316799
0.317028
0.317252
0.31747
0.317681
0.317883
0.318077
0.31826
0.318424
0.318548
0.318634
0.318685
0.318697
0.318666
0.318592
0.318472
0.318331
0.318181
0.318006
0.317807
0.317584
0.317339
0.317133
0.316929
0.316731
0.316541
0.316358
0.316184
0.31602
0.315865
0.315721
0.315587
0.315465
0.315354
0.315255
0.315166
0.315087
0.315018
0.314959
0.314912
0.314878
0.314856
0.314849
0.314857
0.314877
0.314911
0.314957
0.315014
0.315075
0.315141
0.31521
0.315282
0.315356
0.315431
0.315506
0.31558
0.315652
0.315722
0.315789
0.315852
0.31591
0.315962
0.316007
0.316044
0.316073
0.316202
0.316456
0.316701
0.316938
0.317167
0.317387
0.317599
0.317799
0.317979
0.318119
0.318218
0.318282
0.318308
0.318293
0.318233
0.31815
0.318056
0.317938
0.317797
0.317632
0.317445
0.317237
0.317018
0.316785
0.316562
0.316362
0.316168
0.315983
0.315806
0.315638
0.315478
0.315329
0.315189
0.31506
0.314942
0.314835
0.314739
0.314656
0.314586
0.31453
0.314488
0.31446
0.314447
0.31445
0.314466
0.314497
0.314541
0.314596
0.314656
0.31472
0.314786
0.314855
0.314925
0.314995
0.315066
0.315135
0.315203
0.315269
0.315332
0.315391
0.315448
0.315498
0.315541
0.315576
0.315602
0.315796
0.316048
0.316296
0.316537
0.316769
0.316992
0.317205
0.317407
0.317589
0.31773
0.317832
0.317899
0.317928
0.317915
0.317857
0.317754
0.317629
0.317493
0.317332
0.317147
0.316939
0.316709
0.316467
0.31624
0.316039
0.315845
0.315659
0.31548
0.315311
0.315151
0.315002
0.314863
0.314736
0.314621
0.314518
0.314425
0.314345
0.314277
0.314223
0.314181
0.314155
0.314143
0.314148
0.314169
0.314206
0.314259
0.314327
0.314407
0.314494
0.314587
0.314683
0.314782
0.314882
0.314981
0.315079
0.315174
0.315266
0.315354
0.315438
0.315516
0.315589
0.315654
0.315711
0.31576
0.315856
0.316
0.3162
0.316453
0.316699
0.316937
0.317168
0.317389
0.317598
0.317789
0.317938
0.318048
0.318123
0.318159
0.318153
0.318102
0.318005
0.31791
0.317786
0.317638
0.317465
0.317269
0.317051
0.316819
0.316574
0.316368
0.316165
0.31597
0.315783
0.315605
0.315436
0.315276
0.315128
0.314992
0.314868
0.314758
0.314661
0.314578
0.314511
0.314461
0.314429
0.314416
0.314421
0.314446
0.314488
0.314548
0.314624
0.314713
0.314812
0.314915
0.315022
0.315131
0.31524
0.315349
0.315456
0.315561
0.315662
0.315759
0.315852
0.315939
0.316021
0.316095
0.316161
0.316219
0.316267
0.316305
0.316439
0.316702
0.316956
0.317203
0.317441
0.31767
0.317888
0.318094
0.318281
0.318426
0.318534
0.318609
0.318646
0.318642
0.318595
0.318503
0.318367
0.318205
0.318028
0.317824
0.317594
0.317371
0.317174
0.316984
0.3168
0.316625
0.316459
0.316304
0.31616
0.316029
0.315911
0.315807
0.315719
0.315647
0.315591
0.315547
0.315517
0.3155
0.315497
0.315509
0.315536
0.315578
0.315635
0.315707
0.315792
0.315889
0.315996
0.316112
0.31623
0.316349
0.316468
0.316586
0.316701
0.316813
0.316922
0.317025
0.317124
0.317216
0.317302
0.317382
0.317454
0.317518
0.317574
0.317619
0.317713
0.317852
0.318048
0.318298
0.31854
0.318774
0.318999
0.319215
0.319421
0.319608
0.319757
0.319868
0.319942
0.319976
0.319967
0.319913
0.319812
0.319665
0.319473
0.319284
0.319062
0.318813
0.318539
0.318313
0.318089
0.317871
0.31766
0.317458
0.317264
0.317081
0.316909
0.31675
0.316605
0.316474
0.31636
0.316263
0.316182
0.316118
0.316073
0.316047
0.316043
0.316061
0.316103
0.316169
0.316259
0.316369
0.316496
0.31664
0.316794
0.316951
0.317109
0.317266
0.317419
0.317569
0.317713
0.31785
0.31798
0.318101
0.318213
0.318315
0.318406
0.318487
0.318557
0.318613
0.318658
0.31869
0.318776
0.319025
0.319267
0.319501
0.319724
0.319937
0.320138
0.320327
0.320496
0.320624
0.320715
0.320771
0.320788
0.320763
0.320695
0.320582
0.320424
0.320221
0.319974
0.319683
0.319426
0.319188
0.318953
0.318723
0.318499
0.318282
0.318073
0.317874
0.317686
0.317509
0.317345
0.317195
0.317059
0.316941
0.316839
0.316753
0.316685
0.316634
0.316602
0.31659
0.316598
0.316627
0.316678
0.316749
0.316839
0.316945
0.317066
0.317197
0.317331
0.317466
0.317601
0.317732
0.317861
0.317984
0.318102
0.318214
0.318318
0.318415
0.318502
0.318578
0.318642
0.318695
0.318739
0.318771
0.318793
0.318862
0.319116
0.319358
0.319591
0.319813
0.320027
0.320231
0.320423
0.320596
0.320731
0.320828
0.320889
0.320911
0.320892
0.320829
0.320721
0.320568
0.320369
0.320124
0.319863
0.319598
0.319362
0.319128
0.318899
0.318678
0.318465
0.31826
0.318067
0.317885
0.317716
0.31756
0.31742
0.317296
0.31719
0.317101
0.317028
0.316974
0.316939
0.316926
0.316936
0.316971
0.317031
0.317115
0.317224
0.317355
0.317504
0.317669
0.317842
0.318015
0.318185
0.318351
0.31851
0.318661
0.318804
0.318937
0.31906
0.319172
0.319274
0.319364
0.31944
0.319504
0.319558
0.319599
0.319627
0.319643
0.31978
0.319909
0.320131
0.320343
0.320543
0.320738
0.320922
0.321093
0.321244
0.321355
0.321428
0.321466
0.321465
0.321424
0.321338
0.321208
0.321033
0.320813
0.320549
0.320275
0.320002
0.319708
0.319453
0.319201
0.318958
0.318725
0.318502
0.318289
0.31809
0.317904
0.317733
0.317578
0.31744
0.317321
0.317222
0.31714
0.317076
0.317032
0.317009
0.31701
0.317033
0.317081
0.317152
0.317246
0.317359
0.317488
0.31763
0.31778
0.317929
0.318075
0.318217
0.318353
0.318482
0.318603
0.318717
0.318822
0.318917
0.319002
0.319072
0.319129
0.319175
0.319211
0.319237
0.319252
0.319256
0.319389
0.319514
0.319739
0.319954
0.320162
0.32036
0.320549
0.320727
0.320887
0.321006
0.321088
0.321135
0.321144
0.321111
0.321035
0.320915
0.320751
0.320543
0.320293
0.320033
0.319776
0.319554
0.319337
0.31913
0.318933
0.318748
0.318576
0.318418
0.318275
0.318148
0.318037
0.317946
0.317873
0.317822
0.31779
0.317775
0.317776
0.317795
0.317834
0.317893
0.317972
0.318072
0.318194
0.318335
0.318494
0.318667
0.318851
0.319041
0.319229
0.319415
0.319596
0.319771
0.319941
0.320104
0.320259
0.320407
0.320547
0.320678
0.3208
0.320912
0.321015
0.321107
0.321189
0.321337
0.321559
0.321784
0.322123
0.32245
0.322768
0.323076
0.323373
0.323658
0.32393
0.324182
0.324395
0.324571
0.32471
0.324811
0.324869
0.324884
0.324855
0.324783
0.324667
0.324533
0.324393
0.324227
0.324039
0.323888
0.323741
0.3236
0.323468
0.323347
0.323237
0.32314
0.323057
0.322991
0.32294
0.322908
0.322895
0.322901
0.322922
0.322957
0.323006
0.323067
0.323138
0.323216
0.323296
0.323375
0.323452
0.323525
0.323593
0.323659
0.323722
0.32378
0.323835
0.323887
0.323936
0.323981
0.324024
0.324063
0.324098
0.324129
0.324154
0.324175
0.324188
0.324196
0.324197
0.324192
0.324324
0.324458
0.324659
0.324915
0.325166
0.325409
0.325646
0.325876
0.326096
0.326307
0.326501
0.326659
0.326778
0.326857
0.326892
0.326882
0.326827
0.326724
0.326575
0.326381
0.326158
0.325919
0.325685
0.325469
0.325257
0.32505
0.324849
0.324656
0.324473
0.3243
0.32414
0.323994
0.323864
0.323751
0.323657
0.323581
0.323526
0.323487
0.323465
0.323458
0.323463
0.323477
0.323495
0.323514
0.32353
0.323542
0.32355
0.323553
0.323554
0.323551
0.323546
0.323539
0.323531
0.323523
0.323514
0.323505
0.323495
0.323483
0.323468
0.323451
0.323431
0.323408
0.323382
0.323351
0.323316
0.323424
0.323528
0.323695
0.323922
0.324144
0.32436
0.324568
0.324769
0.324962
0.325146
0.325313
0.325442
0.325533
0.325587
0.325601
0.325573
0.325502
0.325388
0.325231
0.325032
0.324823
0.324651
0.324465
0.324272
0.324082
0.323895
0.323712
0.323535
0.323365
0.323202
0.323047
0.322901
0.322765
0.322638
0.32252
0.322412
0.322313
0.32222
0.322133
0.322051
0.321973
0.3219
0.321832
0.321768
0.32171
0.321657
0.321611
0.321571
0.321538
0.321513
0.321492
0.321476
0.321465
0.32146
0.32146
0.321462
0.321469
0.32148
0.321494
0.321509
0.321526
0.321542
0.321557
0.321567
0.321573
0.321574
0.321709
0.321903
0.322158
0.322408
0.322651
0.322885
0.323111
0.323328
0.323533
0.32372
0.32387
0.323981
0.324055
0.324089
0.324082
0.324031
0.323937
0.3238
0.323621
0.323437
0.323264
0.32307
0.322889
0.322711
0.322539
0.322375
0.322219
0.322073
0.321936
0.321811
0.321698
0.321597
0.321508
0.321431
0.321367
0.321313
0.321265
0.321222
0.321183
0.321146
0.32111
0.321072
0.321031
0.320986
0.320937
0.320885
0.320832
0.32078
0.320732
0.32069
0.320654
0.320626
0.320606
0.320595
0.320591
0.320594
0.320604
0.320619
0.320638
0.320659
0.320682
0.320704
0.320723
0.320738
0.320827
0.320989
0.321272
0.321554
0.321831
0.3221
0.322361
0.322614
0.322857
0.32309
0.323305
0.323484
0.323624
0.323726
0.323788
0.323807
0.323782
0.323713
0.323599
0.323442
0.323241
0.32305
0.322885
0.32271
0.322537
0.322368
0.322204
0.322045
0.321893
0.321749
0.321613
0.321486
0.321368
0.321261
0.321164
0.321077
0.321
0.32093
0.320868
0.320813
0.320765
0.320724
0.320689
0.32066
0.320636
0.320617
0.320602
0.320592
0.320587
0.320588
0.320592
0.3206
0.320614
0.320633
0.320657
0.320686
0.320719
0.320755
0.320794
0.320833
0.320871
0.320909
0.320944
0.320975
0.321
0.321018
0.321241
0.321527
0.321812
0.322092
0.322365
0.322628
0.322883
0.323128
0.323361
0.323575
0.323752
0.323891
0.323992
0.324053
0.324073
0.324049
0.323982
0.323871
0.323717
0.323555
0.3234
0.323223
0.323058
0.322894
0.322736
0.322586
0.322443
0.322309
0.322185
0.322073
0.321972
0.321884
0.321809
0.321747
0.321698
0.32166
0.321629
0.321604
0.321582
0.321559
0.321533
0.321501
0.321463
0.321416
0.321362
0.321303
0.321243
0.321186
0.321133
0.32109
0.321056
0.321034
0.321019
0.321018
0.321025
0.321041
0.321065
0.321093
0.321125
0.32116
0.321196
0.321231
0.321261
0.321286
0.321471
0.321651
0.321887
0.322177
0.322462
0.322739
0.323007
0.323266
0.323516
0.323756
0.323977
0.324161
0.324308
0.324416
0.324482
0.324505
0.324483
0.324417
0.324304
0.324148
0.323947
0.323725
0.323491
0.3233
0.323111
0.322925
0.322747
0.322576
0.322415
0.322265
0.322126
0.321999
0.321886
0.321787
0.321703
0.321633
0.321576
0.321529
0.321491
0.321462
0.32144
0.321425
0.321415
0.32141
0.321408
0.321409
0.321415
0.321425
0.32144
0.321462
0.321488
0.32152
0.321556
0.321598
0.321644
0.321694
0.321746
0.3218
0.321855
0.321909
0.32196
0.322008
0.32205
0.322086
0.322114
0.322133
0.322289
0.322574
0.322857
0.323136
0.323406
0.323667
0.323919
0.32416
0.324389
0.3246
0.324773
0.324907
0.325004
0.32506
0.325074
0.325044
0.324969
0.324849
0.324683
0.324474
0.324293
0.324085
0.323879
0.323691
0.323509
0.323334
0.323167
0.32301
0.322864
0.32273
0.322609
0.322502
0.32241
0.322333
0.322272
0.322225
0.322187
0.322158
0.322134
0.322113
0.322091
0.322068
0.322039
0.322004
0.321965
0.321923
0.321885
0.321853
0.321831
0.321821
0.321822
0.321835
0.32186
0.321894
0.321935
0.321983
0.322035
0.32209
0.322146
0.322203
0.322258
0.322309
0.322355
0.322394
0.322588
0.32278
0.32297
0.323207
0.323488
0.32376
0.324024
0.32428
0.324524
0.324757
0.324971
0.325148
0.325287
0.325388
0.325448
0.325465
0.325438
0.325365
0.325247
0.325084
0.324877
0.324651
0.324414
0.324214
0.324014
0.32382
0.323632
0.323452
0.323281
0.32312
0.322971
0.322834
0.322711
0.322603
0.322512
0.322437
0.322379
0.322334
0.322302
0.322283
0.322277
0.32228
0.322293
0.322313
0.322338
0.322367
0.3224
0.322437
0.322479
0.322518
0.322555
0.322596
0.322642
0.322692
0.322747
0.322806
0.322866
0.322926
0.322985
0.323043
0.323096
0.323146
0.32319
0.323227
0.323255
0.323275
0.323354
0.323641
0.323922
0.324198
0.32446
0.324715
0.32496
0.325193
0.325415
0.325617
0.325782
0.325909
0.325999
0.326048
0.326055
0.326018
0.325936
0.325809
0.325637
0.32542
0.325216
0.324985
0.324785
0.324589
0.324399
0.324215
0.324041
0.323876
0.323724
0.323584
0.323459
0.32335
0.323258
0.323183
0.323126
0.323086
0.323059
0.323044
0.323041
0.323047
0.323061
0.323082
0.323108
0.323135
0.323162
0.323189
0.323215
0.323243
0.323274
0.323306
0.323339
0.323374
0.323411
0.323449
0.323487
0.323524
0.323559
0.32359
0.323618
0.32364
0.323658
0.323671
0.323679
0.32368
0.323753
0.323901
0.32405
0.324307
0.324558
0.324803
0.325039
0.325266
0.325484
0.325693
0.325884
0.326037
0.326151
0.326225
0.326255
0.32624
0.326178
0.326069
0.325913
0.32571
0.325499
0.325253
0.325029
0.32479
0.324554
0.324321
0.324093
0.32387
0.323656
0.32345
0.323254
0.323063
0.322883
0.322715
0.32256
0.322421
0.322297
0.322188
0.322095
0.32202
0.321963
0.321925
0.321904
0.321905
0.321924
0.321958
0.322004
0.322061
0.322126
0.322196
0.322263
0.322327
0.322387
0.322442
0.322491
0.322535
0.322571
0.3226
0.322622
0.322635
0.322641
0.322637
0.322625
0.322605
0.322577
0.322539
0.32262
0.322841
0.323058
0.323271
0.323477
0.323675
0.323866
0.324047
0.324217
0.324365
0.324474
0.324543
0.324575
0.324569
0.32452
0.324427
0.324311
0.324184
0.324032
0.323855
0.323655
0.323431
0.323186
0.32293
0.32268
0.32245
0.322226
0.32201
0.321802
0.321603
0.321412
0.321232
0.321062
0.320902
0.320754
0.320618
0.320492
0.320378
0.320277
0.320189
0.320116
0.320058
0.320013
0.319984
0.319968
0.319965
0.319974
0.319995
0.320024
0.320058
0.320096
0.32014
0.320191
0.320247
0.320303
0.32036
0.320414
0.320464
0.32051
0.320552
0.320587
0.320617
0.320639
0.320652
0.320658
0.320801
0.321058
0.321312
0.321562
0.321805
0.322041
0.322268
0.322483
0.322687
0.322871
0.323015
0.323119
0.323186
0.323212
0.323195
0.323132
0.323023
0.322891
0.322747
0.322578
0.322383
0.322164
0.321925
0.321671
0.321459
0.321249
0.321045
0.320848
0.320659
0.320477
0.320304
0.32014
0.319985
0.319839
0.319703
0.319577
0.31946
0.319351
0.319252
0.319163
0.319085
0.31902
0.318969
0.318934
0.318914
0.318911
0.318923
0.318949
0.318988
0.319033
0.319084
0.31914
0.319199
0.319259
0.319321
0.319382
0.319443
0.319503
0.31956
0.319615
0.319667
0.319713
0.319753
0.319781
0.319805
0.319944
0.320148
0.320413
0.320673
0.320925
0.321168
0.321401
0.321623
0.321832
0.322022
0.322171
0.322282
0.322355
0.322387
0.322376
0.322319
0.322238
0.322146
0.322029
0.321888
0.321723
0.321535
0.321327
0.321107
0.320876
0.320652
0.320447
0.320248
0.320057
0.319872
0.319696
0.319527
0.319367
0.319217
0.319076
0.318945
0.318825
0.318715
0.318617
0.318532
0.318463
0.318409
0.318374
0.318357
0.318359
0.318377
0.318409
0.318456
0.318514
0.318577
0.318644
0.318716
0.318789
0.318865
0.318941
0.319016
0.31909
0.319161
0.319229
0.319293
0.319352
0.319405
0.31945
0.319487
0.319514
0.319587
0.319864
0.320134
0.320399
0.320658
0.320908
0.321148
0.321378
0.321595
0.321792
0.321948
0.322065
0.322146
0.322187
0.322185
0.322136
0.32204
0.321938
0.321806
0.321647
0.321463
0.321254
0.321025
0.320781
0.320551
0.320346
0.320147
0.319954
0.319768
0.31959
0.319421
0.319261
0.31911
0.31897
0.318841
0.318723
0.318615
0.318518
0.318433
0.318361
0.318303
0.318259
0.318232
0.318222
0.318232
0.31826
0.318307
0.318378
0.318466
0.31856
0.318659
0.31876
0.318862
0.318965
0.319066
0.319166
0.319264
0.319357
0.319444
0.319525
0.3196
0.319666
0.319724
0.319772
0.319875
0.32003
0.320177
0.320451
0.320714
0.320971
0.321219
0.321457
0.321684
0.321898
0.322093
0.322247
0.322362
0.322439
0.322476
0.322468
0.322413
0.322332
0.322237
0.322117
0.32197
0.321798
0.321602
0.321383
0.321151
0.320905
0.320669
0.320455
0.320247
0.320045
0.31985
0.319664
0.319487
0.319319
0.319162
0.319016
0.318882
0.318762
0.318655
0.318565
0.318493
0.31844
0.318411
0.318405
0.318424
0.318467
0.318531
0.318614
0.318715
0.31883
0.318949
0.319073
0.319198
0.319323
0.319447
0.319568
0.319686
0.319799
0.319906
0.320007
0.3201
0.320186
0.320262
0.320329
0.320385
0.320431
0.32052
0.320813
0.321099
0.32138
0.321653
0.321916
0.322168
0.322408
0.322634
0.32284
0.323006
0.323134
0.323229
0.323284
0.323297
0.323264
0.323186
0.323063
0.322929
0.322763
0.322571
0.322352
0.32211
0.321882
0.321682
0.321489
0.321303
0.321126
0.320959
0.320803
0.32066
0.320529
0.320413
0.320312
0.320227
0.320157
0.3201
0.320056
0.320025
0.320006
0.319999
0.320002
0.320018
0.320045
0.320086
0.32014
0.320208
0.320288
0.320379
0.320477
0.32058
0.320687
0.320796
0.320905
0.321013
0.321119
0.321221
0.321318
0.321411
0.321497
0.321577
0.321649
0.321712
0.321767
0.321877
0.322034
0.322263
0.322559
0.322847
0.323124
0.323392
0.323651
0.323899
0.324135
0.324352
0.32453
0.32467
0.324771
0.32483
0.324844
0.324812
0.324731
0.324602
0.324426
0.32425
0.32404
0.323801
0.323536
0.323254
0.322986
0.322747
0.322512
0.322283
0.322062
0.321848
0.321644
0.32145
0.321268
0.321101
0.320948
0.320812
0.320694
0.320595
0.320519
0.320466
0.320439
0.320439
0.320469
0.320529
0.320618
0.320734
0.320872
0.321032
0.321207
0.321386
0.321565
0.321743
0.321917
0.322083
0.322242
0.322392
0.322531
0.322659
0.322775
0.322879
0.32297
0.323047
0.323112
0.323164
0.323202
0.323301
0.323585
0.323866
0.324142
0.324408
0.324663
0.324906
0.325136
0.325352
0.325547
0.325702
0.325819
0.3259
0.32594
0.325937
0.325888
0.325793
0.325652
0.325465
0.325232
0.324955
0.324652
0.324373
0.324127
0.323887
0.323653
0.323428
0.323213
0.323008
0.322816
0.322637
0.322472
0.322323
0.322191
0.322078
0.321984
0.321905
0.321842
0.321796
0.321767
0.321757
0.321766
0.321795
0.321845
0.321915
0.322004
0.322111
0.322237
0.322376
0.32252
0.322667
0.322814
0.322959
0.323098
0.323232
0.323358
0.323475
0.323582
0.323675
0.323755
0.323824
0.323881
0.323928
0.323964
0.323989
0.324001
0.324296
0.324574
0.324846
0.325106
0.325353
0.325589
0.325812
0.326023
0.326213
0.326365
0.326478
0.326554
0.326588
0.326577
0.326521
0.326417
0.326267
0.32607
0.325826
0.325535
0.325229
0.324969
0.324707
0.324448
0.324192
0.323943
0.3237
0.323466
0.323242
0.323029
0.322828
0.322641
0.32247
0.322316
0.322182
0.322068
0.321975
0.321906
0.321866
0.321855
0.321878
0.321936
0.322028
0.322155
0.322311
0.322494
0.322698
0.322915
0.32313
0.323341
0.323544
0.323736
0.323915
0.32408
0.32423
0.324364
0.324482
0.324585
0.324671
0.324741
0.324795
0.324835
0.324861
0.324873
0.324943
0.325077
0.325322
0.325559
0.325788
0.326007
0.326215
0.326409
0.326589
0.326746
0.326864
0.326944
0.326987
0.32699
0.32695
0.326864
0.326733
0.326556
0.326332
0.326062
0.325812
0.325531
0.325229
0.324914
0.324637
0.324364
0.324098
0.323842
0.323596
0.323361
0.323138
0.322929
0.322736
0.32256
0.322403
0.322266
0.322149
0.322055
0.321984
0.32194
0.321923
0.321935
0.321978
0.322053
0.322157
0.322288
0.322441
0.322612
0.322794
0.322975
0.32315
0.323317
0.323473
0.323615
0.323736
0.323841
0.323933
0.324012
0.324079
0.324134
0.324175
0.324204
0.324223
0.32423
0.324225
0.324289
0.324414
0.324657
0.324892
0.325119
0.325337
0.325546
0.325745
0.325931
0.326097
0.326224
0.326313
0.326364
0.326374
0.326342
0.326265
0.326141
0.325971
0.325754
0.325519
0.325277
0.325011
0.324722
0.324443
0.324186
0.323933
0.323686
0.323448
0.323218
0.322998
0.322791
0.322597
0.322418
0.32226
0.322125
0.322013
0.321926
0.321864
0.32183
0.321827
0.321854
0.321914
0.322008
0.322131
0.32229
0.322477
0.322686
0.32291
0.323143
0.323371
0.323592
0.323803
0.324002
0.324189
0.324363
0.324524
0.324672
0.324806
0.324928
0.325036
0.32513
0.325211
0.325281
0.325339
0.32555
0.325763
0.326043
0.326382
0.326716
0.327042
0.327357
0.327661
0.327953
0.328232
0.328488
0.328709
0.328892
0.329037
0.329142
0.329204
0.329221
0.329193
0.329119
0.328999
0.328862
0.328716
0.328544
0.32835
0.328142
0.327973
0.327805
0.327646
0.327496
0.327359
0.327236
0.327129
0.327039
0.326969
0.326922
0.326901
0.326907
0.326937
0.326992
0.32707
0.327169
0.32728
0.327396
0.327508
0.327607
0.327692
0.327763
0.327823
0.327876
0.327923
0.327966
0.328004
0.328032
0.328054
0.328074
0.328093
0.32811
0.328126
0.328139
0.328147
0.328151
0.32815
0.328144
0.328133
0.328117
0.32824
0.328364
0.328629
0.32889
0.329148
0.329396
0.329639
0.329874
0.330099
0.330314
0.330513
0.330677
0.330802
0.330884
0.330922
0.330914
0.330857
0.330753
0.330602
0.330404
0.330192
0.329948
0.329675
0.329445
0.329216
0.328994
0.328781
0.328577
0.328386
0.328208
0.328048
0.327906
0.327789
0.327702
0.327649
0.327632
0.32765
0.327698
0.327776
0.32788
0.328004
0.328132
0.328251
0.328342
0.328396
0.328406
0.328381
0.328329
0.328259
0.32818
0.328102
0.328031
0.327969
0.327915
0.327869
0.327829
0.327794
0.327762
0.327732
0.327699
0.327668
0.327635
0.3276
0.327562
0.327519
0.327625
0.327723
0.327955
0.328188
0.328418
0.328639
0.328851
0.329057
0.329255
0.329442
0.329612
0.329746
0.329843
0.329899
0.329913
0.329883
0.329809
0.329691
0.329529
0.329323
0.329074
0.328816
0.328606
0.328383
0.328163
0.327947
0.327736
0.327533
0.327337
0.32715
0.326973
0.326805
0.326646
0.326497
0.326356
0.326223
0.326096
0.325973
0.325854
0.32574
0.325632
0.325532
0.325444
0.325368
0.325307
0.325259
0.325223
0.325196
0.325173
0.325154
0.325134
0.325114
0.325094
0.325075
0.325058
0.325044
0.325034
0.325027
0.325022
0.325019
0.325016
0.325011
0.325004
0.324993
0.324977
0.325028
0.325219
0.32548
0.325741
0.325998
0.326248
0.32649
0.326722
0.326944
0.327156
0.327349
0.327504
0.327622
0.327702
0.327742
0.327741
0.327698
0.327612
0.327485
0.327349
0.32722
0.32707
0.326913
0.326756
0.326605
0.326458
0.326318
0.326185
0.326062
0.325949
0.325849
0.32576
0.325684
0.325621
0.325569
0.325529
0.325499
0.325475
0.325455
0.325437
0.325416
0.325386
0.325284
0.325172
0.325046
0.324902
0.324744
0.324587
0.324442
0.324318
0.32422
0.324145
0.32409
0.324051
0.324028
0.324018
0.324021
0.324035
0.324059
0.324091
0.32413
0.324172
0.324217
0.324258
0.324293
0.324487
0.324672
0.324982
0.325292
0.325595
0.325889
0.326173
0.326447
0.32671
0.326962
0.327196
0.327393
0.327552
0.327671
0.327748
0.327781
0.327769
0.327712
0.327609
0.327462
0.327271
0.327036
0.326831
0.326644
0.326458
0.326275
0.326096
0.325922
0.325754
0.325593
0.325441
0.325297
0.325162
0.325036
0.324918
0.324808
0.324705
0.324608
0.324516
0.324431
0.324355
0.324292
0.324244
0.324213
0.324201
0.324205
0.324219
0.324239
0.324259
0.324277
0.324289
0.324297
0.324303
0.324308
0.324315
0.324326
0.32434
0.324358
0.324379
0.3244
0.324422
0.324441
0.324457
0.324469
0.324476
0.324476
0.324768
0.325055
0.325341
0.325623
0.325897
0.326163
0.326418
0.326663
0.326897
0.327112
0.327291
0.327431
0.327532
0.327592
0.327609
0.327582
0.327511
0.327398
0.327273
0.327151
0.327007
0.326841
0.326685
0.326531
0.326383
0.326241
0.326106
0.32598
0.325866
0.325764
0.325676
0.325603
0.325545
0.325502
0.325472
0.325454
0.325441
0.325431
0.32542
0.325404
0.325379
0.325344
0.325293
0.325226
0.325143
0.32505
0.324956
0.324868
0.324796
0.324742
0.324707
0.32469
0.324691
0.324706
0.324731
0.324763
0.324803
0.324847
0.324896
0.324947
0.324998
0.325046
0.325087
0.32512
0.325146
0.325241
0.325466
0.325745
0.32602
0.326287
0.326545
0.326792
0.327028
0.327252
0.327457
0.327627
0.327759
0.32785
0.327899
0.327904
0.327862
0.327774
0.32764
0.327461
0.327277
0.327062
0.32682
0.326588
0.326386
0.326189
0.326
0.32582
0.325651
0.325494
0.325351
0.325222
0.32511
0.325016
0.32494
0.324883
0.324843
0.324814
0.324795
0.324782
0.324775
0.32477
0.324766
0.324761
0.324755
0.324743
0.324713
0.324671
0.324623
0.324576
0.324536
0.324506
0.324487
0.324481
0.324488
0.324503
0.32453
0.324564
0.324604
0.324647
0.324692
0.324736
0.324777
0.324811
0.324838
0.324857
0.325014
0.325309
0.325601
0.325888
0.326166
0.326435
0.326693
0.32694
0.327175
0.327391
0.327569
0.327709
0.327812
0.327875
0.327895
0.327872
0.327804
0.327693
0.327538
0.327372
0.327206
0.327034
0.326866
0.326701
0.326539
0.326386
0.326241
0.326108
0.325989
0.325885
0.325798
0.325732
0.325687
0.325666
0.325668
0.325692
0.325734
0.325791
0.325858
0.325925
0.325984
0.326027
0.32605
0.326049
0.326027
0.32598
0.325909
0.325829
0.325748
0.325681
0.325633
0.325603
0.325591
0.325591
0.325603
0.325624
0.325652
0.325688
0.325728
0.325772
0.325819
0.325866
0.325906
0.325943
0.325974
0.325998
0.326161
0.326439
0.326706
0.326964
0.327214
0.327454
0.327683
0.3279
0.328099
0.328262
0.328387
0.328469
0.328509
0.328504
0.328453
0.328356
0.328211
0.32802
0.327806
0.327582
0.327328
0.32705
0.326824
0.3266
0.326381
0.326169
0.325965
0.325771
0.325587
0.325415
0.325256
0.325111
0.32498
0.324863
0.32476
0.324667
0.324585
0.324513
0.324448
0.324393
0.324347
0.324315
0.324298
0.324301
0.324322
0.32436
0.324416
0.324487
0.324568
0.324657
0.324753
0.324852
0.324955
0.325057
0.325159
0.325257
0.325349
0.325435
0.325513
0.325582
0.325643
0.325692
0.325731
0.325757
0.325992
0.326289
0.326585
0.326876
0.327159
0.327432
0.327694
0.327943
0.328177
0.328392
0.328568
0.328706
0.328807
0.32887
0.328891
0.328868
0.328803
0.328694
0.328544
0.328381
0.328218
0.328035
0.327854
0.327695
0.327545
0.327408
0.327285
0.327179
0.327091
0.327024
0.326983
0.326969
0.326986
0.327039
0.327131
0.327263
0.327428
0.327626
0.327846
0.328063
0.328241
0.328372
0.328478
0.328581
0.328685
0.328889
0.329174
0.329421
0.329614
0.329753
0.329867
0.32998
0.330097
0.330219
0.330344
0.33047
0.330598
0.330724
0.330847
0.330968
0.331085
0.331198
0.331305
0.331405
0.33158
0.331816
0.332041
0.332309
0.332618
0.332913
0.333194
0.333461
0.333714
0.333953
0.334172
0.334357
0.334505
0.334604
0.334653
0.334653
0.334603
0.334502
0.334352
0.334152
0.333904
0.33361
0.333292
0.333014
0.33273
0.332446
0.332162
0.331881
0.331603
0.33133
0.331063
0.330804
0.330553
0.330313
0.330085
0.32987
0.32967
0.329486
0.329319
0.329174
0.329053
0.32896
0.328899
0.328872
0.328879
0.328915
0.328971
0.329037
0.329108
0.329174
0.329227
0.329264
0.329287
0.329294
0.329286
0.329265
0.329231
0.329184
0.329124
0.329052
0.328966
0.328866
0.328754
0.328633
0.328503
0.328362
0.328427
0.32856
0.328697
0.328832
0.328962
0.329085
0.329199
0.329305
0.329399
0.329475
0.329509
0.329506
0.329468
0.329393
0.329278
0.329123
0.328953
0.328785
0.328599
0.328396
0.328178
0.327945
0.327701
0.327455
0.327241
0.327038
0.326853
0.326688
0.326545
0.326426
0.326334
0.326273
0.326247
0.326261
0.326316
0.326414
0.326548
0.326714
0.326896
0.327066
0.327192
0.32726
0.327267
0.327217
0.327151
0.327115
0.327114
0.327114
0.327113
0.327083
0.327018
0.326908
0.326754
0.326582
0.326421
0.326282
0.326171
0.326084
0.326021
0.325977
0.325951
0.325941
0.325945
0.32596
0.325983
0.326013
0.326108
0.326266
0.326492
0.326773
0.327046
0.327311
0.327567
0.327816
0.328051
0.328252
0.328416
0.328533
0.328602
0.328623
0.328592
0.32851
0.328379
0.328199
0.328028
0.327824
0.327593
0.327336
0.327092
0.326869
0.326647
0.326426
0.326207
0.325991
0.325777
0.325567
0.32536
0.325157
0.324959
0.324766
0.324579
0.324399
0.324228
0.32407
0.323929
0.323812
0.323724
0.323672
0.32366
0.323686
0.323744
0.323824
0.323918
0.324017
0.324107
0.324188
0.324256
0.324314
0.324359
0.324395
0.324419
0.324433
0.324437
0.324429
0.324409
0.324377
0.324333
0.324278
0.324213
0.324288
0.324357
0.324485
0.324668
0.324846
0.325013
0.325169
0.325312
0.325443
0.32556
0.325655
0.32571
0.325729
0.325716
0.325666
0.325575
0.325443
0.325333
0.325204
0.325061
0.324904
0.324734
0.324552
0.324363
0.324176
0.324003
0.323849
0.323713
0.323595
0.3235
0.323429
0.323387
0.323376
0.3234
0.323462
0.323566
0.323712
0.323896
0.324111
0.324341
0.324546
0.324698
0.32478
0.32481
0.324851
0.32489
0.324921
0.324941
0.324946
0.324929
0.324898
0.324832
0.32471
0.324603
0.324509
0.324431
0.324392
0.324402
0.324447
0.324521
0.324624
0.324732
0.324846
0.324983
0.325151
0.325358
0.325608
0.325964
0.326415
0.326918
0.327464
0.328053
0.328685
0.329358
0.33007
0.330806
0.331518
0.3322
0.332839
0.33343
0.333973
0.334466
0.33491
0.335306
0.335653
0.335952
0.336206
0.336414
0.336576
0.336692
0.336764
0.336793
0.336782
0.336732
0.336755
0.336758
0.336745
0.336759
0.336764
0.336763
0.336757
0.336747
0.336738
0.336729
0.336723
0.336719
0.336719
0.336727
0.336743
0.336769
0.336805
0.336848
0.336903
0.336976
0.337058
0.337141
0.337221
0.337297
0.337366
0.337426
0.337476
0.337515
0.337537
0.337549
0.337548
0.337533
0.337503
0.337459
0.337399
0.337324
0.337394
0.337448
0.337491
0.337584
0.337725
0.337854
0.337968
0.338066
0.338148
0.338212
0.338253
0.338256
0.338225
0.338168
0.338081
0.337961
0.337805
0.337616
0.337391
0.337207
0.337006
0.336793
0.336568
0.336335
0.336109
0.335885
0.335671
0.335472
0.335288
0.33512
0.334968
0.334829
0.334699
0.334568
0.334427
0.334265
0.334078
0.333877
0.33366
0.333424
0.333157
0.332884
0.332674
0.332528
0.332418
0.332315
0.332207
0.332093
0.331986
0.331903
0.331887
0.331945
0.332079
0.332298
0.332629
0.333079
0.333662
0.334358
0.335148
0.336027
0.336984
0.337992
0.339014
0.340028
0.341007
0.341899
0.3427
0.34341
0.344026
0.344547
0.344972
0.345302
0.345668
0.345957
0.346173
0.346318
0.346395
0.346405
0.346352
0.346239
0.346067
0.345838
0.345556
0.345221
0.344835
0.344402
0.343922
0.343398
0.342829
0.342219
0.341566
0.340873
0.34014
0.339368
0.338559
0.337713
0.33683
0.335912
0.334957
0.333966
0.332941
0.33188
0.330785
0.329655
0.328499
0.32732
0.326109
0.324866
0.323592
0.322286
0.320949
0.31958
0.318181
0.316752
0.315293
0.313804
0.312284
0.310734
0.309154
0.307542
0.305897
0.30422
0.30251
0.300767
0.29899
0.29718
0.295339
0.293465
0.291559
0.28962
0.287651
0.285651
0.283619
0.281559
0.279469
0.277349
0.2752
0.273024
0.270841
0.26866
0.266477
0.264293
0.262102
0.259899
0.257683
0.25545
0.253191
0.250907
0.248591
0.246235
0.243845
0.241424
0.238971
0.236484
0.233964
0.231411
0.228824
0.226206
0.223557
0.220872
0.219063
0.21814
0.217196
0.216229
0.215239
0.214228
0.213205
0.212177
0.211136
0.210082
0.209015
0.207938
0.206848
0.205745
0.204635
0.203519
0.202402
0.201289
0.200183
0.1991
0.198052
0.197026
0.196016
0.195026
0.194058
0.193116
0.192202
0.191319
0.190466
0.189643
0.188846
0.188071
0.187312
0.186564
0.185823
0.185088
0.184361
0.183641
0.182951
0.182337
0.181764
0.181263
0.180854
0.180513
0.180259
0.180075
0.179954
0.179888
0.179864
0.179867
0.179889
0.179918
0.179949
0.179974
0.179986
0.180019
0.180043
0.180057
0.180058
0.180048
0.180027
0.179996
0.179961
0.179924
0.179883
0.179826
0.17977
0.179728
0.179669
0.17961
0.179536
0.179468
0.179392
0.179354
0.179303
0.17924
0.179187
0.179114
0.179031
0.178932
0.178837
0.178719
0.178591
0.178457
0.17831
0.178162
0.178005
0.177835
0.177663
0.17748
0.177293
0.177101
0.176898
0.17669
0.176476
0.176251
0.176016
0.175777
0.175528
0.175273
0.17501
0.174739
0.174456
0.174162
0.173861
0.173552
0.173233
0.172906
0.172566
0.172218
0.17186
0.171484
0.171103
0.170711
0.170305
0.169889
0.169461
0.169018
0.168563
0.168137
0.167862
0.167841
0.16782
0.1678
0.16778
0.16776
0.167736
0.167708
0.167682
0.167655
0.167628
0.1676
0.16757
0.167543
0.167516
0.16749
0.167465
0.16744
0.167416
0.167394
0.167372
0.167353
0.167335
0.167318
0.16731
0.167309
0.167305
0.167301
0.167295
0.167287
0.167281
0.167277
0.167268
0.167258
0.167244
0.167227
0.167204
0.167182
0.167164
0.16715
0.167141
0.167135
0.167139
0.167153
0.167171
0.167194
0.167221
0.167251
0.167286
0.167323
0.167366
0.167409
0.167448
0.167493
0.167538
0.167585
0.167631
0.167673
0.167717
0.167761
0.167802
0.167842
0.167875
0.167907
0.167936
0.167962
0.167983
0.167996
0.168007
0.168013
0.168015
0.168012
0.168004
0.167987
0.167969
0.167946
0.167923
0.1679
0.167876
0.167854
0.167828
0.167804
0.16778
0.167756
0.167733
0.16771
0.167688
0.167666
0.167645
0.167624
0.167605
0.167586
0.167568
0.16755
0.167533
0.167517
0.167501
0.167486
0.167472
0.167453
0.167433
0.167419
0.167406
0.167393
0.167381
0.167369
0.167357
0.167346
0.167335
0.167324
0.16731
0.167306
0.167295
0.167288
0.167282
0.167275
0.167269
0.167264
0.167257
0.167251
0.167246
0.167241
0.167237
0.167231
0.167227
0.167224
0.167221
0.167218
0.167213
0.16721
0.167208
0.167207
0.167203
0.167202
0.167201
0.1672
0.1672
0.167198
0.167198
0.167198
0.167199
0.1672
0.167199
0.1672
0.167202
0.167204
0.167206
0.167209
0.167209
0.167209
0.167209
0.167209
0.16721
0.167212
0.167214
0.167217
0.167219
0.167216
0.167217
0.167218
0.16722
0.167223
0.167225
0.167227
0.167225
0.167225
0.167225
0.167226
0.167221
0.167221
0.167221
0.167221
0.167221
0.167222
0.167223
0.167222
0.167223
0.16722
0.167219
0.167219
0.167219
0.167219
0.167219
0.16722
0.16722
0.16722
0.16722
0.167216
0.167216
0.167216
0.167217
0.167216
0.167216
0.167217
0.167217
0.167218
0.167214
0.167214
0.167214
0.167213
0.167213
0.167214
0.167214
0.167215
0.167216
0.167215
0.167211
0.16721
0.16721
0.16721
0.16721
0.16721
0.16721
0.167211
0.167211
0.167212
0.167208
0.167208
0.167207
0.167207
0.167207
0.167208
0.167209
0.167209
0.167209
0.16721
0.167207
0.167207
0.167207
0.167207
0.167207
0.167208
0.167208
0.167209
0.167209
0.16721
0.167207
0.167207
0.167208
0.167207
0.167208
0.167208
0.167209
0.167209
0.16721
0.167206
0.167206
0.167206
0.167206
0.167207
0.167207
0.167207
0.167208
0.167208
0.167209
0.167209
0.167206
0.167206
0.167205
0.167206
0.167205
0.167206
0.167207
0.167207
0.167208
0.167205
0.167205
0.167204
0.167205
0.167205
0.167206
0.167207
0.167207
0.167208
0.167205
0.167205
0.167205
0.167205
0.167205
0.167205
0.167205
0.167206
0.167206
0.167207
0.167204
0.167204
0.167204
0.167205
0.167205
0.167205
0.167206
0.167206
0.167206
0.167207
0.167204
0.167204
0.167204
0.167205
0.167205
0.167205
0.167205
0.167206
0.167207
0.167207
0.167204
0.167203
0.167203
0.167204
0.167204
0.167204
0.167205
0.167205
0.167205
0.167206
0.167202
0.167202
0.167202
0.167202
0.167202
0.167203
0.167203
0.167204
0.167204
0.167199
0.167199
0.1672
0.167201
0.167201
0.167201
0.167201
0.167202
0.167203
0.167203
0.1672
0.1672
0.1672
0.1672
0.1672
0.1672
0.167201
0.167202
0.167203
0.1672
0.1672
0.1672
0.1672
0.167201
0.167202
0.167202
0.167202
0.167203
0.1672
0.1672
0.1672
0.167201
0.167201
0.167201
0.167202
0.167202
0.167202
0.167203
0.1672
0.1672
0.1672
0.167201
0.167201
0.167201
0.167201
0.167202
0.167202
0.167202
0.167199
0.1672
0.1672
0.1672
0.1672
0.167201
0.167201
0.167201
0.167202
0.167199
0.167199
0.167199
0.1672
0.1672
0.1672
0.167201
0.167201
0.167202
0.167202
0.167196
0.167197
0.167197
0.167197
0.167198
0.167198
0.167199
0.1672
0.167201
0.167197
0.167197
0.167197
0.167198
0.167198
0.167197
0.167198
0.167198
0.167198
0.167199
0.167197
0.167197
0.167197
0.167197
0.167198
0.167198
0.167198
0.167199
0.167199
0.167199
0.167196
0.167197
0.167197
0.167197
0.167197
0.167197
0.167198
0.167198
0.167196
0.167195
0.167196
0.167196
0.167196
0.167196
0.167196
0.167196
0.167196
0.167197
0.167198
0.167195
0.167195
0.167195
0.167195
0.167195
0.167195
0.167195
0.167196
0.167196
0.167197
0.167194
0.167194
0.167194
0.167195
0.167195
0.167195
0.167195
0.167195
0.167196
0.167197
0.167198
0.167194
0.167194
0.167195
0.167195
0.167195
0.167196
0.167196
0.167197
0.167197
0.167194
0.167195
0.167195
0.167195
0.167195
0.167195
0.167195
0.167197
0.167197
0.167198
0.167195
0.167195
0.167195
0.167196
0.167195
0.167196
0.167196
0.167196
0.167197
0.167197
0.167194
0.167194
0.167194
0.167194
0.167195
0.167195
0.167195
0.167196
0.167196
0.167197
0.167193
0.167193
0.167193
0.167194
0.167194
0.167195
0.167195
0.167195
0.167195
0.167196
0.167196
0.167194
0.167194
0.167194
0.167194
0.167194
0.167195
0.167195
0.167195
0.167195
0.167196
0.167192
0.167192
0.167193
0.167193
0.167193
0.167194
0.167194
0.167195
0.167195
0.167196
0.167192
0.167192
0.167192
0.167192
0.167192
0.167192
0.167193
0.167193
0.167193
0.167194
0.167194
0.167191
0.167191
0.167191
0.167192
0.167192
0.167192
0.167192
0.167193
0.167194
0.167194
0.167192
0.167192
0.167192
0.167192
0.167193
0.167193
0.167194
0.167194
0.167195
0.167192
0.167193
0.167193
0.167193
0.167193
0.167193
0.167193
0.167193
0.167195
0.167195
0.167196
0.167193
0.167193
0.167194
0.167194
0.167194
0.167194
0.167195
0.167194
0.167194
0.167192
0.167192
0.167192
0.167192
0.167193
0.167193
0.167193
0.167193
0.167194
0.167191
0.167191
0.167191
0.167192
0.167192
0.167193
0.167193
0.167194
0.167194
0.167194
0.167192
0.167192
0.167192
0.167192
0.167193
0.167193
0.167194
0.167194
0.167195
0.167196
0.167191
0.167191
0.167192
0.167192
0.167192
0.167193
0.167194
0.167194
0.167195
0.167195
0.167192
0.167192
0.167193
0.167193
0.167193
0.167194
0.167194
0.167194
0.167195
0.167195
0.167192
0.167192
0.167193
0.167192
0.167193
