0.302592
0.302674
0.302752
0.302824
0.302891
0.302952
0.303103
0.303245
0.303381
0.30351
0.30363
0.303741
0.303836
0.30389
0.303906
0.303886
0.303828
0.30373
0.303591
0.303409
0.303184
0.302918
0.302728
0.302558
0.302384
0.302209
0.302041
0.301882
0.301732
0.301592
0.301463
0.301346
0.301241
0.301148
0.30107
0.301004
0.300953
0.300916
0.300892
0.30088
0.300879
0.300887
0.300907
0.300936
0.300975
0.301022
0.301078
0.301142
0.301214
0.301293
0.301378
0.301469
0.301562
0.301656
0.301752
0.301848
0.301946
0.302043
0.302141
0.302237
0.302334
0.302428
0.302521
0.302611
0.302697
0.302779
0.302857
0.302929
0.302996
0.303057
0.303111
0.303159
0.303198
0.30323
0.30328
0.303349
0.303411
0.303458
0.303465
0.303434
0.30337
0.303292
0.303194
0.303076
0.302938
0.302779
0.302624
0.302485
0.302343
0.3022
0.302058
0.301923
0.301796
0.301677
0.301568
0.301468
0.301378
0.301299
0.301231
0.301175
0.301131
0.301098
0.301078
0.30107
0.30107
0.301081
0.301102
0.301133
0.301173
0.301223
0.301282
0.301351
0.301429
0.301514
0.301603
0.301701
0.301804
0.301907
0.302012
0.302116
0.30222
0.302324
0.302427
0.302529
0.302629
0.302727
0.302822
0.302914
0.303003
0.303088
0.303169
0.303245
0.303316
0.303382
0.303442
0.303497
0.303546
0.30367
0.303788
0.303899
0.304002
0.304096
0.304174
0.30421
0.304208
0.304171
0.304097
0.303982
0.303825
0.303626
0.30342
0.303221
0.303002
0.302832
0.302656
0.302479
0.30231
0.30215
0.302
0.30186
0.301732
0.301615
0.30151
0.301418
0.30134
0.301276
0.301225
0.30119
0.301169
0.301159
0.301159
0.301168
0.301186
0.301214
0.301252
0.301299
0.301356
0.301421
0.301495
0.301575
0.301663
0.301755
0.30185
0.301946
0.302044
0.302142
0.302241
0.302341
0.302441
0.302541
0.30264
0.302737
0.302833
0.302927
0.303017
0.303103
0.303184
0.30326
0.30333
0.303394
0.30345
0.3035
0.303542
0.30361
0.303706
0.303794
0.303874
0.303936
0.303959
0.303943
0.303893
0.303805
0.303677
0.303508
0.303324
0.303136
0.302956
0.302797
0.302634
0.302468
0.302302
0.302145
0.301995
0.301856
0.301727
0.301608
0.301501
0.301406
0.301325
0.301257
0.301203
0.301162
0.301136
0.301122
0.30112
0.301128
0.301148
0.301181
0.301226
0.301283
0.301352
0.301429
0.301518
0.301617
0.301724
0.301838
0.301957
0.302078
0.3022
0.302321
0.302443
0.302563
0.302683
0.302801
0.302917
0.303032
0.303143
0.303251
0.303351
0.303451
0.303545
0.303633
0.303715
0.303791
0.303859
0.303919
0.303971
0.304014
0.304081
0.304171
0.304254
0.304329
0.304386
0.304402
0.304377
0.304318
0.304223
0.304088
0.303911
0.303752
0.303568
0.303363
0.303169
0.302996
0.302821
0.302646
0.30248
0.302323
0.302176
0.30204
0.301914
0.3018
0.301698
0.301609
0.301533
0.301471
0.301423
0.30139
0.30137
0.301361
0.301361
0.301372
0.301392
0.301423
0.301465
0.301518
0.301582
0.301656
0.301739
0.30183
0.30193
0.302036
0.302144
0.302255
0.302367
0.302479
0.302592
0.302705
0.302817
0.302928
0.303037
0.303145
0.30325
0.303352
0.30345
0.303543
0.30363
0.303711
0.303785
0.303852
0.303911
0.303962
0.304046
0.304165
0.304275
0.304376
0.304468
0.304542
0.304576
0.304572
0.304534
0.304459
0.304345
0.304189
0.303992
0.303752
0.303501
0.303291
0.303109
0.302923
0.302737
0.30256
0.302393
0.302237
0.302092
0.30196
0.301841
0.301735
0.301644
0.301567
0.301505
0.301459
0.301428
0.301412
0.301407
0.301413
0.30143
0.301459
0.301499
0.301552
0.301617
0.301693
0.30178
0.301878
0.301984
0.302098
0.302218
0.302339
0.302461
0.302583
0.302704
0.302825
0.302945
0.303063
0.303179
0.303293
0.303405
0.303512
0.303616
0.303715
0.303809
0.303897
0.303979
0.304054
0.304122
0.304183
0.304235
0.304279
0.304313
0.304401
0.304479
0.304549
0.304602
0.304613
0.304587
0.304526
0.304428
0.304291
0.304132
0.303965
0.303775
0.303563
0.303399
0.30323
0.303059
0.302889
0.302727
0.302575
0.302434
0.302303
0.302183
0.302076
0.301981
0.301899
0.30183
0.301772
0.30173
0.301703
0.301689
0.301685
0.301693
0.301713
0.301745
0.301789
0.301843
0.30191
0.301987
0.302075
0.302172
0.302278
0.302392
0.302512
0.302634
0.302757
0.30288
0.303003
0.303125
0.303245
0.303364
0.30348
0.303594
0.303704
0.303811
0.303913
0.304011
0.304103
0.304189
0.304268
0.30434
0.304404
0.30446
0.304507
0.304586
0.304697
0.3048
0.304892
0.304976
0.305043
0.305069
0.305057
0.305011
0.304929
0.304807
0.304645
0.30444
0.304193
0.303973
0.303764
0.30358
0.303393
0.303207
0.30303
0.302863
0.302707
0.302562
0.30243
0.302311
0.302204
0.302112
0.302034
0.301971
0.301923
0.301891
0.301874
0.301868
0.301872
0.301887
0.301913
0.30195
0.301998
0.302056
0.302126
0.302205
0.302293
0.30239
0.302495
0.302606
0.302718
0.30283
0.302943
0.303055
0.303166
0.303276
0.303383
0.303488
0.30359
0.303689
0.303784
0.303876
0.303962
0.304044
0.304119
0.304188
0.304251
0.304307
0.304355
0.304395
0.304426
0.304526
0.304617
0.304701
0.304772
0.304829
0.304845
0.304823
0.304768
0.304676
0.304544
0.304372
0.304156
0.303956
0.30373
0.30352
0.30334
0.303157
0.302977
0.302805
0.302643
0.302491
0.302351
0.302222
0.302105
0.302001
0.30191
0.301833
0.301771
0.301724
0.30169
0.30167
0.301662
0.301665
0.301681
0.301709
0.301752
0.301805
0.30187
0.301946
0.302032
0.302127
0.30223
0.30234
0.302457
0.302575
0.302694
0.302813
0.302932
0.30305
0.303168
0.303284
0.303399
0.303511
0.30362
0.303725
0.303827
0.303924
0.304015
0.304101
0.304181
0.304254
0.30432
0.304379
0.30443
0.304472
0.304578
0.304677
0.304768
0.304852
0.304918
0.304944
0.304933
0.304887
0.304805
0.304684
0.304521
0.304347
0.304176
0.303985
0.303774
0.303575
0.303399
0.303223
0.303055
0.302896
0.302747
0.302609
0.302483
0.302368
0.302266
0.302176
0.302101
0.302039
0.301991
0.301958
0.301939
0.301931
0.301932
0.301945
0.301968
0.302002
0.302046
0.302099
0.302162
0.302233
0.302312
0.302399
0.302492
0.302591
0.30269
0.302789
0.302888
0.302987
0.303086
0.303184
0.30328
0.303375
0.303467
0.303556
0.303642
0.303725
0.303803
0.303876
0.303943
0.304004
0.304059
0.304107
0.304148
0.304182
0.30425
0.304353
0.304449
0.304536
0.304615
0.304676
0.304696
0.304679
0.304627
0.304539
0.304412
0.304243
0.304032
0.303778
0.303517
0.303334
0.303145
0.302954
0.302764
0.302584
0.302413
0.302253
0.302105
0.301969
0.301846
0.301735
0.301638
0.301556
0.301489
0.301438
0.301402
0.301382
0.301372
0.301375
0.301389
0.301415
0.301454
0.301504
0.301566
0.30164
0.301725
0.301821
0.301926
0.30204
0.30216
0.302282
0.302406
0.30253
0.302654
0.302778
0.3029
0.303021
0.303139
0.303255
0.303368
0.303478
0.303584
0.303686
0.30378
0.30387
0.303954
0.304031
0.304102
0.304165
0.30422
0.304266
0.304303
0.304357
0.304426
0.304488
0.304534
0.304541
0.304509
0.304443
0.304341
0.3042
0.304071
0.30392
0.30375
0.30356
0.303405
0.303244
0.303082
0.30292
0.302766
0.302621
0.302486
0.30236
0.302245
0.302142
0.302051
0.301972
0.301905
0.301852
0.301813
0.301788
0.301776
0.301774
0.301783
0.301803
0.301834
0.301874
0.301924
0.301984
0.302053
0.302131
0.302216
0.302309
0.302407
0.30251
0.302614
0.302718
0.302822
0.302925
0.303027
0.303128
0.303226
0.303323
0.303416
0.303507
0.303595
0.303678
0.303757
0.30383
0.303897
0.303958
0.304011
0.304057
0.304096
0.304175
0.304294
0.304407
0.304511
0.304607
0.304694
0.304765
0.304793
0.304784
0.304741
0.304662
0.304544
0.304385
0.304184
0.30394
0.303655
0.303406
0.303211
0.303011
0.30281
0.302618
0.302436
0.302264
0.302105
0.301958
0.301825
0.301704
0.301598
0.301507
0.301432
0.301372
0.301328
0.301301
0.301286
0.301285
0.301294
0.301315
0.301349
0.301395
0.301454
0.301524
0.301606
0.301749
0.301856
0.301971
0.302093
0.302216
0.30234
0.302465
0.302589
0.302712
0.302833
0.302953
0.303071
0.303186
0.303298
0.303406
0.30351
0.30361
0.303705
0.303794
0.303877
0.303953
0.304023
0.304085
0.304139
0.304185
0.304223
0.304308
0.304387
0.304459
0.304517
0.304539
0.304523
0.304473
0.304398
0.304308
0.304197
0.304065
0.303913
0.303741
0.303548
0.303396
0.30324
0.303084
0.302936
0.302796
0.302665
0.302544
0.302432
0.302332
0.302244
0.302167
0.302103
0.302048
0.302009
0.301983
0.301969
0.301967
0.301975
0.301994
0.302024
0.302067
0.302121
0.302186
0.302261
0.302345
0.302438
0.302538
0.302645
0.302757
0.302871
0.302984
0.303098
0.303211
0.303323
0.303434
0.303541
0.303646
0.303748
0.303845
0.303938
0.304027
0.30411
0.304188
0.304259
0.304323
0.304382
0.304433
0.304476
0.304558
0.304677
0.304791
0.304896
0.304994
0.305083
0.305154
0.305184
0.305177
0.305136
0.30506
0.304944
0.304787
0.304589
0.304347
0.304064
0.303814
0.303622
0.303425
0.303229
0.30304
0.302861
0.302692
0.302534
0.302388
0.302254
0.302134
0.302028
0.301936
0.301859
0.301798
0.301753
0.301724
0.301707
0.301702
0.301708
0.301726
0.301756
0.301799
0.301854
0.30192
0.301997
0.302085
0.302183
0.302288
0.3024
0.302512
0.302626
0.30274
0.302855
0.302969
0.303082
0.303195
0.303305
0.303413
0.303518
0.30362
0.303719
0.303813
0.303902
0.303985
0.304063
0.304133
0.304196
0.304252
0.3043
0.304339
0.30437
0.304454
0.30453
0.304598
0.30465
0.304663
0.304638
0.304578
0.304481
0.304344
0.304192
0.304037
0.303863
0.303705
0.303577
0.303452
0.30333
0.303214
0.303109
0.303015
0.302928
0.302848
0.302776
0.302713
0.302661
0.302618
0.302586
0.302566
0.302567
0.302588
0.302628
0.302685
0.302758
0.302846
0.302949
0.303069
0.303205
0.303356
0.303521
0.303697
0.303883
0.304077
0.304278
0.304483
0.304687
0.304888
0.305085
0.30528
0.30547
0.305655
0.305836
0.306012
0.306183
0.306348
0.306508
0.306661
0.306809
0.306952
0.307212
0.307477
0.307743
0.308006
0.308268
0.308524
0.308773
0.309016
0.30925
0.309496
0.309751
0.309991
0.310195
0.310362
0.310491
0.310581
0.310631
0.310638
0.310615
0.310622
0.310615
0.310597
0.310569
0.310531
0.310489
0.31045
0.310415
0.310385
0.31036
0.310341
0.310329
0.310323
0.310326
0.310338
0.310357
0.310385
0.310421
0.310464
0.310513
0.310568
0.310627
0.31069
0.310757
0.310828
0.310903
0.310979
0.311055
0.311132
0.311208
0.311284
0.311359
0.311432
0.311503
0.311571
0.311636
0.311697
0.311747
0.31179
0.31183
0.311866
0.311892
0.311909
0.311916
0.311915
0.31191
0.311898
0.311881
0.311909
0.311978
0.312041
0.312097
0.312144
0.312182
0.312211
0.312231
0.312241
0.312234
0.312186
0.3121
0.311981
0.311827
0.311653
0.311472
0.311273
0.311075
0.310887
0.310699
0.310511
0.310323
0.310139
0.309963
0.309798
0.309644
0.309502
0.309372
0.309256
0.309153
0.309065
0.30899
0.308931
0.308886
0.308854
0.308834
0.308822
0.308818
0.308822
0.308833
0.308851
0.308875
0.308906
0.308943
0.308984
0.309029
0.309078
0.30913
0.309184
0.309239
0.309295
0.309352
0.309409
0.309467
0.309526
0.309586
0.309646
0.309706
0.309766
0.309826
0.309885
0.309942
0.309998
0.310051
0.310102
0.310149
0.310321
0.310488
0.310652
0.310813
0.310968
0.311171
0.311367
0.311558
0.311735
0.311874
0.311977
0.312043
0.312071
0.312059
0.312004
0.311907
0.311767
0.311655
0.311539
0.311429
0.311311
0.31119
0.311075
0.310966
0.310864
0.310769
0.310683
0.310605
0.310537
0.310478
0.310429
0.31039
0.310361
0.310343
0.310333
0.310329
0.31033
0.310336
0.310346
0.31036
0.31038
0.310403
0.31043
0.310461
0.310495
0.310531
0.310569
0.31061
0.310653
0.310696
0.310741
0.310786
0.310833
0.31088
0.310927
0.310974
0.31102
0.311065
0.311108
0.31115
0.311189
0.311225
0.311257
0.311285
0.311309
0.31146
0.311605
0.311745
0.31188
0.312007
0.312179
0.312345
0.312507
0.312654
0.312764
0.312837
0.312876
0.312878
0.312841
0.312762
0.31264
0.312477
0.312345
0.312191
0.312037
0.311891
0.311743
0.3116
0.311463
0.311334
0.311212
0.311099
0.310996
0.310903
0.31082
0.310748
0.310687
0.310638
0.3106
0.310571
0.310549
0.310531
0.31052
0.310513
0.310511
0.310514
0.310522
0.310533
0.310548
0.310566
0.310587
0.310612
0.310641
0.310673
0.310708
0.310745
0.310785
0.310827
0.310872
0.310917
0.310965
0.311013
0.311062
0.311111
0.31116
0.311207
0.311252
0.311294
0.311332
0.311367
0.311462
0.311609
0.311752
0.311889
0.312048
0.31223
0.312406
0.312575
0.312731
0.312848
0.312929
0.312974
0.312981
0.312948
0.312873
0.312755
0.312594
0.312425
0.312261
0.312123
0.311976
0.311825
0.311679
0.31154
0.311408
0.311284
0.311168
0.311061
0.310964
0.310876
0.310798
0.310731
0.310675
0.31063
0.310594
0.310565
0.310543
0.310528
0.31052
0.310519
0.310524
0.310536
0.310554
0.310578
0.310608
0.310644
0.310686
0.310733
0.310783
0.310836
0.310892
0.310949
0.311007
0.311067
0.311126
0.311185
0.311243
0.311301
0.311357
0.311411
0.311462
0.31151
0.311553
0.311594
0.31163
0.311724
0.311872
0.312014
0.31215
0.31228
0.312454
0.312623
0.312785
0.312933
0.313044
0.313117
0.313156
0.313157
0.313119
0.313038
0.312915
0.312779
0.312645
0.31249
0.312358
0.312216
0.31207
0.31193
0.311796
0.311669
0.31155
0.311439
0.311338
0.311246
0.311165
0.311095
0.311036
0.310989
0.310953
0.310926
0.310907
0.310894
0.310887
0.310887
0.310892
0.310901
0.310914
0.310932
0.310953
0.310978
0.311008
0.311042
0.311079
0.311118
0.31116
0.311203
0.311249
0.311297
0.311347
0.311399
0.311452
0.311505
0.311559
0.311608
0.31166
0.311711
0.311759
0.311803
0.311844
0.311881
0.31198
0.312134
0.312281
0.312422
0.312555
0.312702
0.312864
0.313021
0.313163
0.313268
0.313336
0.313369
0.313364
0.313318
0.313229
0.313097
0.312922
0.312762
0.312602
0.312456
0.312304
0.312147
0.311996
0.311851
0.311713
0.311582
0.311459
0.311345
0.311241
0.311147
0.311063
0.310991
0.31093
0.310881
0.310843
0.310814
0.310795
0.310784
0.310783
0.310792
0.310809
0.310835
0.31087
0.310912
0.310961
0.311017
0.31108
0.311147
0.311217
0.311287
0.311359
0.311432
0.311506
0.311579
0.311652
0.311725
0.311795
0.311863
0.311929
0.311991
0.312049
0.312098
0.312145
0.312185
0.312219
0.312246
0.312385
0.312515
0.31264
0.312788
0.312959
0.313124
0.313282
0.313426
0.313531
0.313599
0.313633
0.313629
0.313586
0.3135
0.313372
0.313201
0.313055
0.312885
0.312695
0.312535
0.31237
0.31221
0.312056
0.311911
0.311773
0.311644
0.311525
0.311416
0.311319
0.311233
0.311159
0.311098
0.311049
0.311011
0.310982
0.31096
0.310947
0.310942
0.310944
0.310952
0.310968
0.310991
0.311019
0.311052
0.31109
0.311134
0.311182
0.311233
0.311286
0.311342
0.3114
0.31146
0.311522
0.311584
0.311646
0.311707
0.311766
0.311824
0.311879
0.311931
0.31198
0.312023
0.312063
0.312098
0.312264
0.312427
0.312584
0.312733
0.312875
0.313009
0.313135
0.313252
0.313363
0.313438
0.313475
0.313476
0.313438
0.313359
0.313268
0.313149
0.313004
0.312836
0.312675
0.312534
0.312386
0.312235
0.312089
0.311949
0.311814
0.311687
0.311568
0.311457
0.311355
0.311264
0.311183
0.311114
0.311057
0.311013
0.310982
0.310961
0.310951
0.310948
0.310959
0.310979
0.31101
0.311051
0.311102
0.311163
0.311232
0.311309
0.311393
0.311483
0.311575
0.311668
0.311762
0.311859
0.311957
0.312056
0.312154
0.312252
0.312346
0.312437
0.312523
0.312602
0.312674
0.312739
0.312796
0.312845
0.312886
0.312917
0.312997
0.313122
0.313241
0.313353
0.313457
0.313596
0.313723
0.313838
0.313915
0.313956
0.313961
0.31393
0.313858
0.313743
0.313637
0.313506
0.313354
0.313182
0.312989
0.312776
0.312602
0.312434
0.312275
0.312125
0.311987
0.311854
0.311739
0.311637
0.311549
0.311476
0.311418
0.311375
0.311347
0.311332
0.311326
0.311328
0.311338
0.311358
0.311384
0.31142
0.311464
0.311515
0.311571
0.311631
0.311694
0.311762
0.31183
0.311897
0.311962
0.312026
0.312087
0.312147
0.312204
0.312258
0.312309
0.312356
0.3124
0.31244
0.312476
0.312507
0.312535
0.312559
0.312579
0.312594
0.312673
0.312812
0.313023
0.313228
0.313429
0.313623
0.313811
0.313988
0.314151
0.314275
0.314361
0.314411
0.314423
0.314392
0.314318
0.3142
0.314056
0.313895
0.313707
0.313551
0.313381
0.313205
0.313032
0.312865
0.312703
0.312548
0.3124
0.31226
0.31213
0.312009
0.3119
0.311802
0.311716
0.311643
0.311583
0.311534
0.311496
0.311471
0.311457
0.311455
0.311464
0.311485
0.311518
0.31156
0.311611
0.311671
0.311737
0.311808
0.31188
0.311952
0.312023
0.312092
0.312159
0.312224
0.312286
0.312345
0.312399
0.312449
0.312494
0.312533
0.312567
0.312595
0.312618
0.312634
0.312691
0.312788
0.312881
0.313074
0.313259
0.313437
0.313609
0.313772
0.313927
0.314065
0.314163
0.314224
0.314251
0.314241
0.314191
0.314141
0.314068
0.313974
0.31386
0.313726
0.313573
0.3134
0.31321
0.313008
0.312795
0.312617
0.312441
0.312273
0.312111
0.311958
0.311814
0.311678
0.311552
0.311436
0.311331
0.311235
0.311149
0.311073
0.311006
0.310948
0.310902
0.310868
0.310845
0.310834
0.310832
0.31084
0.310856
0.310881
0.310912
0.310946
0.310982
0.31102
0.31106
0.3111
0.311141
0.311183
0.311223
0.311263
0.311301
0.311336
0.311368
0.311396
0.31142
0.311439
0.311451
0.311457
0.311523
0.311644
0.311847
0.312043
0.312234
0.312419
0.312596
0.312765
0.312917
0.313029
0.313102
0.313142
0.313144
0.313105
0.313024
0.312899
0.31278
0.312636
0.312468
0.312279
0.312068
0.311837
0.311649
0.311464
0.311286
0.311116
0.310954
0.310801
0.310658
0.310525
0.310403
0.310293
0.310194
0.310108
0.310034
0.309968
0.309911
0.309863
0.309825
0.309797
0.309779
0.309773
0.309779
0.309796
0.309824
0.309863
0.309911
0.309968
0.31003
0.310095
0.310163
0.310233
0.310304
0.310377
0.310446
0.310518
0.310588
0.310656
0.310722
0.310785
0.310844
0.310898
0.310947
0.310991
0.311028
0.311107
0.311224
0.311389
0.311598
0.311801
0.311996
0.312183
0.312361
0.312522
0.312643
0.312725
0.312775
0.312786
0.312757
0.312685
0.312615
0.312519
0.312402
0.312264
0.312105
0.311925
0.311727
0.311516
0.311342
0.311171
0.311006
0.310849
0.3107
0.310559
0.310429
0.310308
0.310198
0.310099
0.310012
0.309938
0.309875
0.309822
0.309781
0.309751
0.309732
0.309724
0.309727
0.309741
0.309767
0.309803
0.309849
0.309904
0.309965
0.310028
0.310094
0.310161
0.310229
0.310297
0.310366
0.310433
0.310499
0.310564
0.310626
0.310685
0.31074
0.310791
0.310836
0.310876
0.310909
0.310935
0.310953
0.311122
0.311341
0.311552
0.311756
0.311953
0.312142
0.312322
0.312484
0.312605
0.312688
0.312738
0.312749
0.312718
0.312645
0.312527
0.312419
0.312285
0.312128
0.31195
0.31175
0.31153
0.311324
0.311145
0.310972
0.310806
0.310649
0.3105
0.310361
0.310232
0.310115
0.310009
0.309916
0.309836
0.309769
0.309711
0.309662
0.309625
0.309597
0.309582
0.309578
0.309586
0.309607
0.309641
0.309686
0.309743
0.309811
0.309886
0.309966
0.310049
0.310135
0.310224
0.310313
0.310404
0.310495
0.310584
0.310672
0.310758
0.310841
0.310921
0.310995
0.311064
0.311127
0.311182
0.311231
0.311319
0.311443
0.311682
0.31191
0.312132
0.312346
0.312551
0.312747
0.312925
0.313061
0.31316
0.313226
0.313255
0.313243
0.313188
0.313089
0.312993
0.31287
0.312723
0.312554
0.312362
0.312149
0.311923
0.311714
0.311537
0.311366
0.311204
0.311051
0.310907
0.310774
0.310652
0.310543
0.310448
0.310366
0.310298
0.310243
0.3102
0.31017
0.310152
0.310148
0.310155
0.310175
0.310207
0.31025
0.310305
0.310371
0.310448
0.310533
0.310621
0.310712
0.310805
0.310898
0.310993
0.311086
0.311179
0.31127
0.311358
0.311444
0.311526
0.311603
0.311676
0.311743
0.311803
0.311856
0.311901
0.311937
0.31206
0.312293
0.312516
0.312733
0.312942
0.313143
0.313334
0.313508
0.313642
0.313738
0.313799
0.313822
0.313804
0.313743
0.313638
0.313511
0.313372
0.313208
0.31302
0.312807
0.312572
0.312357
0.312175
0.312001
0.311835
0.311678
0.311532
0.311396
0.311272
0.31116
0.311061
0.310976
0.310905
0.310849
0.310804
0.31077
0.310748
0.310739
0.310742
0.310758
0.310787
0.31083
0.310886
0.310954
0.311034
0.311125
0.311225
0.311328
0.311435
0.311543
0.311653
0.311763
0.311872
0.311979
0.312084
0.312186
0.312284
0.312378
0.312466
0.312548
0.312623
0.31269
0.312749
0.312799
0.31284
0.312961
0.313194
0.313417
0.313633
0.313842
0.314042
0.314232
0.314405
0.314538
0.314635
0.314698
0.314724
0.314708
0.31465
0.314549
0.314404
0.314215
0.314033
0.313821
0.313586
0.313361
0.313168
0.312982
0.312804
0.312635
0.312476
0.31233
0.312195
0.312074
0.311968
0.311876
0.311801
0.311743
0.311699
0.311667
0.311645
0.311634
0.311635
0.311647
0.311672
0.31171
0.31176
0.311823
0.311899
0.311985
0.312081
0.312184
0.312289
0.312395
0.312502
0.312608
0.312713
0.312815
0.312915
0.313012
0.313104
0.313192
0.313275
0.313352
0.313422
0.313485
0.313541
0.313588
0.313627
0.313656
0.313722
0.313944
0.314158
0.314364
0.314563
0.314753
0.314933
0.315096
0.315219
0.315304
0.315354
0.315365
0.315336
0.315263
0.315145
0.314984
0.314778
0.314549
0.314305
0.314072
0.313863
0.313659
0.31346
0.313267
0.313083
0.312907
0.312741
0.312586
0.312443
0.312312
0.312194
0.31209
0.312002
0.311928
0.311867
0.311821
0.311787
0.311772
0.311775
0.311795
0.311834
0.311891
0.311966
0.312056
0.312161
0.312278
0.312404
0.312532
0.312661
0.312789
0.312916
0.31304
0.31316
0.313274
0.313384
0.313488
0.313585
0.313676
0.313758
0.313833
0.313898
0.313954
0.314
0.314036
0.314061
0.314133
0.31435
0.314557
0.314758
0.314951
0.315135
0.31531
0.315466
0.315583
0.315662
0.315708
0.315716
0.315684
0.31561
0.315492
0.315332
0.315127
0.314879
0.314611
0.314406
0.314193
0.313986
0.313785
0.313592
0.313408
0.313235
0.313072
0.312921
0.312783
0.312659
0.31255
0.312456
0.312378
0.312315
0.312266
0.312231
0.31221
0.312205
0.312216
0.312241
0.31228
0.312335
0.312404
0.312486
0.312578
0.312678
0.312777
0.31288
0.312981
0.313079
0.313173
0.313263
0.313348
0.313428
0.313503
0.313573
0.313636
0.313693
0.313743
0.313785
0.313819
0.313846
0.313864
0.313874
0.313874
0.313991
0.314099
0.314279
0.314449
0.314615
0.314773
0.314923
0.315055
0.315148
0.315201
0.31522
0.315201
0.315141
0.315038
0.314891
0.314701
0.314466
0.314225
0.313993
0.313742
0.313517
0.313297
0.313086
0.312883
0.312692
0.312512
0.312344
0.31219
0.312049
0.311924
0.311814
0.31172
0.311643
0.311583
0.311538
0.311508
0.311496
0.311501
0.311524
0.311564
0.311621
0.311696
0.311786
0.311891
0.312004
0.312131
0.312266
0.312402
0.312537
0.31267
0.3128
0.312926
0.313047
0.313162
0.313271
0.313374
0.313469
0.313556
0.313635
0.313706
0.313768
0.313822
0.313866
0.3139
0.313923
0.313992
0.314108
0.314302
0.314487
0.314667
0.314838
0.315
0.315144
0.31525
0.315318
0.315352
0.315352
0.315313
0.315234
0.315113
0.314951
0.314748
0.314564
0.314424
0.314283
0.314143
0.314014
0.313898
0.313795
0.313708
0.313637
0.313582
0.313541
0.313514
0.313502
0.313505
0.313523
0.313555
0.313601
0.313655
0.313717
0.313787
0.313864
0.313947
0.314035
0.314127
0.314226
0.31433
0.314438
0.314551
0.314668
0.314791
0.314922
0.315061
0.315204
0.315351
0.3155
0.31565
0.315799
0.315947
0.316092
0.316233
0.316369
0.3165
0.316701
0.31698
0.31727
0.317565
0.317863
0.318159
0.318505
0.318892
0.319269
0.319638
0.319996
0.320343
0.320677
0.320995
0.321277
0.32152
0.321722
0.321883
0.322001
0.322075
0.322103
0.322088
0.322028
0.321926
0.32178
0.321592
0.321365
0.321155
0.320926
0.320678
0.320477
0.320339
0.320212
0.320096
0.319995
0.319908
0.319837
0.319782
0.319745
0.319723
0.319716
0.319723
0.319744
0.319778
0.319825
0.319883
0.319949
0.320023
0.320103
0.320186
0.320273
0.320361
0.32045
0.320535
0.320617
0.320695
0.320769
0.320838
0.320903
0.320964
0.321019
0.32107
0.321114
0.321153
0.321186
0.321214
0.321237
0.321256
0.321332
0.321464
0.321718
0.321958
0.322187
0.322403
0.322609
0.322809
0.323002
0.323188
0.32336
0.323497
0.323599
0.323663
0.323689
0.323673
0.323616
0.323515
0.323372
0.323187
0.32302
0.322871
0.322712
0.322548
0.322387
0.322232
0.322084
0.321943
0.321811
0.321689
0.321578
0.321478
0.321391
0.321315
0.321252
0.321202
0.321163
0.321132
0.321107
0.321088
0.321071
0.321053
0.321033
0.321011
0.320985
0.320956
0.320924
0.320891
0.320857
0.320824
0.320791
0.32076
0.320732
0.320706
0.320682
0.32066
0.32064
0.320622
0.320605
0.320588
0.320571
0.320554
0.320536
0.320595
0.320732
0.320874
0.32102
0.321166
0.321362
0.321605
0.321841
0.32207
0.322293
0.322509
0.322716
0.322909
0.323065
0.323184
0.323264
0.323303
0.323301
0.323256
0.323168
0.323036
0.322877
0.3227
0.322528
0.322372
0.322208
0.322047
0.321889
0.321736
0.321588
0.321445
0.321309
0.32118
0.321058
0.320944
0.320839
0.320742
0.320653
0.320573
0.320499
0.320433
0.320375
0.320324
0.320281
0.320246
0.320218
0.320197
0.320182
0.320174
0.320172
0.320176
0.320183
0.320191
0.3202
0.32021
0.320221
0.320233
0.320244
0.320256
0.320267
0.320277
0.320285
0.320291
0.320293
0.320292
0.320288
0.320282
0.320272
0.320398
0.320648
0.320898
0.321143
0.321381
0.321611
0.321834
0.322047
0.322247
0.322433
0.322583
0.322695
0.322772
0.322811
0.322809
0.322766
0.322681
0.322554
0.322457
0.322337
0.322198
0.322038
0.321876
0.321725
0.32158
0.321442
0.321311
0.321189
0.321075
0.320971
0.320876
0.320792
0.320718
0.320654
0.320599
0.320551
0.320508
0.320467
0.320426
0.320383
0.320336
0.320282
0.320222
0.320155
0.320083
0.320007
0.319929
0.319852
0.319778
0.31971
0.319649
0.319597
0.319553
0.319517
0.31949
0.319469
0.319455
0.319447
0.319443
0.319442
0.319444
0.319447
0.319448
0.319445
0.319609
0.319771
0.319935
0.320146
0.320402
0.320651
0.320894
0.32113
0.321359
0.321579
0.321784
0.321951
0.322082
0.322174
0.322226
0.322235
0.322202
0.322125
0.322005
0.321841
0.321653
0.321517
0.321366
0.321206
0.32105
0.320897
0.320749
0.320606
0.32047
0.320341
0.320221
0.320109
0.320005
0.319911
0.319826
0.319751
0.319685
0.319626
0.319574
0.31953
0.319492
0.31946
0.319434
0.319414
0.319399
0.319387
0.319378
0.319374
0.319375
0.319381
0.31939
0.319402
0.319418
0.319438
0.319457
0.319483
0.31951
0.319538
0.319566
0.319594
0.31962
0.319644
0.319664
0.31968
0.319691
0.319696
0.319838
0.320104
0.32037
0.320632
0.320887
0.321135
0.321374
0.321604
0.321825
0.322028
0.322194
0.322323
0.322415
0.322469
0.322481
0.322452
0.32238
0.322265
0.322169
0.322047
0.321903
0.321737
0.321588
0.32144
0.321298
0.321162
0.321033
0.320913
0.320802
0.320701
0.32061
0.32053
0.320462
0.320405
0.320359
0.320321
0.320289
0.320261
0.320236
0.320213
0.320189
0.320165
0.320137
0.320105
0.320072
0.320036
0.32
0.319965
0.319933
0.319906
0.319884
0.319869
0.319861
0.319858
0.319862
0.319871
0.319885
0.319901
0.31992
0.31994
0.319961
0.319981
0.319998
0.320012
0.320185
0.320356
0.320529
0.320751
0.321017
0.321275
0.321526
0.321767
0.322002
0.322229
0.322439
0.322611
0.322746
0.322842
0.322898
0.322911
0.32288
0.322806
0.322687
0.322525
0.32232
0.322127
0.321966
0.321795
0.321625
0.321459
0.321298
0.321142
0.320993
0.320852
0.320719
0.320596
0.320483
0.320381
0.32029
0.32021
0.320141
0.320081
0.32003
0.319986
0.319951
0.319923
0.3199
0.319882
0.319869
0.31986
0.319856
0.319858
0.319867
0.319878
0.319897
0.319921
0.31995
0.319984
0.320021
0.320061
0.320102
0.320144
0.320186
0.320227
0.320266
0.320302
0.320334
0.320359
0.320378
0.320389
0.320466
0.320733
0.320997
0.321256
0.321507
0.321751
0.321985
0.322211
0.322427
0.322625
0.322787
0.32291
0.322997
0.323044
0.32305
0.323012
0.322931
0.322806
0.322638
0.322485
0.322305
0.322123
0.321953
0.321785
0.321622
0.321465
0.321314
0.321171
0.321036
0.320911
0.320797
0.320693
0.320602
0.320523
0.320457
0.320403
0.320358
0.320322
0.320293
0.32027
0.320251
0.320236
0.320222
0.320208
0.320194
0.320184
0.320177
0.320174
0.320176
0.320182
0.320193
0.320209
0.32023
0.320255
0.320286
0.32032
0.320357
0.320396
0.320436
0.320476
0.320515
0.320552
0.320586
0.320614
0.320715
0.320891
0.321069
0.321354
0.32163
0.321899
0.32216
0.322413
0.322657
0.322891
0.323108
0.323287
0.323428
0.323532
0.323593
0.323613
0.323589
0.32352
0.323406
0.323249
0.323049
0.322805
0.322637
0.322455
0.322273
0.322095
0.321921
0.321752
0.321589
0.321433
0.321286
0.321148
0.32102
0.320903
0.320799
0.320706
0.320626
0.320557
0.320499
0.320453
0.320416
0.320388
0.320369
0.320358
0.320356
0.320363
0.320379
0.320404
0.320438
0.32048
0.320527
0.320577
0.320631
0.320687
0.320746
0.320805
0.320865
0.320924
0.32098
0.321034
0.321084
0.32113
0.32117
0.321203
0.321229
0.321246
0.321329
0.321538
0.321802
0.322062
0.322315
0.322561
0.322798
0.323025
0.323242
0.32344
0.323602
0.323726
0.323813
0.32386
0.323866
0.323827
0.323744
0.323617
0.323447
0.323234
0.323034
0.322835
0.322652
0.322473
0.3223
0.322134
0.321978
0.32183
0.321694
0.32157
0.321459
0.321361
0.321277
0.321208
0.321155
0.321117
0.321091
0.321076
0.321072
0.321077
0.321089
0.321107
0.321127
0.32115
0.321171
0.321193
0.321215
0.321237
0.32126
0.321282
0.321303
0.321324
0.321345
0.321367
0.321389
0.321411
0.321432
0.321452
0.321471
0.321487
0.321501
0.321511
0.321517
0.32152
0.321517
0.321665
0.321927
0.322187
0.322442
0.32269
0.32293
0.323163
0.323387
0.323602
0.323801
0.323962
0.324086
0.324168
0.324208
0.324202
0.32415
0.324052
0.323924
0.323777
0.3236
0.323393
0.323157
0.322924
0.322714
0.322508
0.322308
0.322114
0.321927
0.32175
0.321582
0.321425
0.321281
0.32115
0.321034
0.320933
0.320847
0.320773
0.320713
0.320668
0.320636
0.320619
0.320618
0.320631
0.320657
0.320693
0.320738
0.32079
0.320847
0.320908
0.320968
0.321026
0.321081
0.321133
0.321182
0.321225
0.321263
0.321296
0.321322
0.321341
0.321352
0.321355
0.32135
0.321337
0.321316
0.321287
0.321303
0.321516
0.321722
0.321923
0.322117
0.322304
0.322482
0.322651
0.322809
0.322949
0.32305
0.323115
0.323145
0.323136
0.323085
0.322991
0.322895
0.322773
0.322629
0.322462
0.322274
0.322063
0.321833
0.321612
0.321408
0.32121
0.321019
0.320835
0.32066
0.320494
0.320339
0.320194
0.320059
0.319936
0.319825
0.319726
0.319635
0.319552
0.319478
0.319412
0.319351
0.319295
0.319243
0.319195
0.319151
0.319111
0.319077
0.319048
0.319026
0.319008
0.318996
0.318988
0.318986
0.318988
0.318994
0.319003
0.319015
0.319029
0.319045
0.31906
0.319076
0.319089
0.319098
0.319102
0.319102
0.319174
0.319438
0.319698
0.319952
0.320198
0.320435
0.320663
0.320882
0.321091
0.321281
0.321433
0.321546
0.321622
0.321657
0.321649
0.321596
0.321498
0.321401
0.321275
0.321123
0.320946
0.320746
0.320524
0.320288
0.320068
0.319874
0.319686
0.319505
0.319332
0.319166
0.31901
0.318862
0.318724
0.318597
0.318479
0.318372
0.318273
0.318184
0.318105
0.318037
0.317978
0.317931
0.317895
0.317871
0.317859
0.31786
0.317874
0.3179
0.317935
0.317976
0.318022
0.318071
0.318124
0.318179
0.318234
0.31829
0.318346
0.318399
0.318451
0.318499
0.318543
0.318583
0.318616
0.318643
0.318662
0.318732
0.319002
0.319265
0.319522
0.319766
0.320005
0.320234
0.320453
0.320661
0.32085
0.320999
0.32111
0.321185
0.32122
0.321212
0.321158
0.321082
0.320998
0.320891
0.320763
0.320613
0.32044
0.32025
0.32005
0.319838
0.319615
0.319431
0.319249
0.319075
0.318908
0.318751
0.318603
0.318466
0.318338
0.318221
0.318115
0.318019
0.317933
0.317856
0.317789
0.317728
0.317675
0.317627
0.317587
0.317554
0.317528
0.31751
0.3175
0.317499
0.317503
0.317513
0.317529
0.31755
0.317576
0.317606
0.31764
0.317675
0.317711
0.317747
0.317782
0.317816
0.317846
0.317872
0.317892
0.317906
0.317971
0.318247
0.318514
0.318775
0.319028
0.319273
0.319509
0.319736
0.319954
0.320153
0.320313
0.320435
0.320519
0.320564
0.320565
0.320521
0.32043
0.320339
0.320217
0.320069
0.319897
0.3197
0.319481
0.319249
0.319033
0.318846
0.318664
0.31849
0.318324
0.318166
0.318016
0.317877
0.317747
0.317629
0.317521
0.317425
0.317338
0.317262
0.317198
0.317146
0.317105
0.317078
0.317065
0.317067
0.317084
0.317116
0.317161
0.31722
0.317289
0.317364
0.317443
0.317526
0.317611
0.317697
0.317784
0.317869
0.317951
0.318031
0.318107
0.318179
0.318246
0.318306
0.31836
0.318405
0.318442
0.318592
0.318807
0.319086
0.319357
0.319621
0.319877
0.320123
0.320358
0.320582
0.320788
0.320953
0.321081
0.321174
0.321227
0.321236
0.3212
0.321119
0.321043
0.320941
0.320816
0.320668
0.320499
0.32031
0.32011
0.319897
0.319673
0.31949
0.31931
0.319137
0.318973
0.318818
0.318673
0.318539
0.318417
0.318307
0.318209
0.318123
0.318047
0.317984
0.317931
0.317888
0.317854
0.317829
0.317814
0.317809
0.317814
0.317827
0.317851
0.317884
0.317923
0.317967
0.318016
0.318069
0.318125
0.318184
0.318244
0.318304
0.318364
0.318422
0.318479
0.318532
0.318581
0.318624
0.318659
0.318687
0.318764
0.319053
0.319333
0.319607
0.319873
0.32013
0.320378
0.320617
0.320844
0.321054
0.321224
0.321356
0.321452
0.321507
0.321519
0.321485
0.321406
0.321281
0.32113
0.320964
0.320769
0.320548
0.320302
0.320076
0.319884
0.319697
0.319517
0.319346
0.319183
0.319029
0.318887
0.318756
0.318637
0.318532
0.31844
0.318362
0.318297
0.318244
0.318204
0.318179
0.318169
0.318176
0.318199
0.31824
0.318297
0.318371
0.318459
0.31856
0.318671
0.318786
0.318903
0.319022
0.319141
0.31926
0.319376
0.31949
0.3196
0.319706
0.319805
0.319898
0.319985
0.320063
0.320132
0.320192
0.320242
0.320408
0.320561
0.320843
0.321118
0.321385
0.321644
0.321893
0.322131
0.322357
0.322564
0.322733
0.322864
0.322959
0.323015
0.323028
0.322995
0.322917
0.322794
0.322648
0.322489
0.322305
0.322096
0.321865
0.321619
0.32142
0.321224
0.321033
0.320851
0.320677
0.320514
0.320362
0.320222
0.320095
0.319983
0.319886
0.319805
0.319738
0.319685
0.319646
0.31962
0.319607
0.319607
0.319619
0.319644
0.31968
0.319729
0.319788
0.319859
0.319939
0.320023
0.32011
0.320199
0.320288
0.320376
0.320463
0.320547
0.320627
0.320702
0.320772
0.320835
0.320892
0.320941
0.320981
0.321013
0.321034
0.321044
0.32126
0.321523
0.321779
0.322028
0.322266
0.322494
0.322712
0.322919
0.323107
0.323256
0.323367
0.32344
0.323471
0.323459
0.323401
0.323296
0.323145
0.322948
0.322706
0.322418
0.322183
0.321952
0.321722
0.321496
0.321275
0.32106
0.320852
0.320652
0.32046
0.320279
0.320109
0.319951
0.319807
0.319678
0.319566
0.31947
0.319391
0.319333
0.319296
0.319283
0.319295
0.319332
0.319396
0.319485
0.319597
0.319729
0.319878
0.32004
0.320205
0.32037
0.320533
0.320692
0.320846
0.320992
0.32113
0.321259
0.321378
0.321486
0.321584
0.32167
0.321744
0.321807
0.321858
0.321896
0.321917
0.322123
0.322386
0.322642
0.322888
0.323125
0.32335
0.323564
0.323764
0.323945
0.324086
0.32419
0.324257
0.324285
0.32427
0.324211
0.324106
0.323957
0.323762
0.323524
0.323241
0.322958
0.322716
0.322475
0.322241
0.322016
0.3218
0.321595
0.321402
0.321222
0.321057
0.320907
0.320773
0.320658
0.320562
0.320485
0.320423
0.320376
0.320345
0.320331
0.320333
0.320351
0.320386
0.320437
0.320506
0.320591
0.32069
0.320802
0.320923
0.321045
0.321165
0.321282
0.3214
0.321514
0.32162
0.321718
0.321807
0.321886
0.321953
0.322007
0.322048
0.322078
0.322098
0.322108
0.322106
0.322176
0.322318
0.322454
0.322682
0.3229
0.323108
0.323307
0.323495
0.323672
0.323829
0.323948
0.324029
0.324075
0.324082
0.324047
0.323968
0.323845
0.323676
0.323462
0.323237
0.323013
0.322764
0.322495
0.322233
0.321989
0.32175
0.321518
0.321295
0.321081
0.320878
0.320686
0.320506
0.320341
0.32019
0.320057
0.319943
0.319846
0.319769
0.319714
0.319683
0.319678
0.319698
0.319747
0.319825
0.319929
0.320058
0.320207
0.320372
0.320546
0.320719
0.320886
0.321047
0.321201
0.321346
0.321482
0.321606
0.32172
0.321823
0.321913
0.321991
0.322057
0.322109
0.322151
0.32218
0.322196
0.322199
0.322326
0.322567
0.3228
0.323026
0.323244
0.323453
0.323646
0.323827
0.32399
0.324113
0.324198
0.324248
0.324259
0.324228
0.324153
0.324033
0.323869
0.323661
0.323408
0.323112
0.322839
0.322603
0.322377
0.322163
0.321962
0.321777
0.321607
0.321454
0.321319
0.321203
0.321107
0.321033
0.32098
0.32095
0.32094
0.320945
0.320966
0.321004
0.32106
0.321132
0.32122
0.321323
0.32144
0.321572
0.321715
0.321868
0.32203
0.322197
0.32236
0.322515
0.322665
0.322811
0.322953
0.323092
0.323227
0.323357
0.323482
0.323601
0.323713
0.323817
0.323915
0.324005
0.324272
0.324546
0.324827
0.325241
0.325651
0.326057
0.326454
0.326841
0.327219
0.327589
0.327949
0.328291
0.328598
0.328868
0.329098
0.329286
0.32943
0.329527
0.329579
0.329585
0.329545
0.329461
0.329334
0.329194
0.329054
0.328898
0.328728
0.328597
0.328468
0.328346
0.328231
0.328126
0.328032
0.32795
0.327883
0.327832
0.327798
0.327783
0.327784
0.327802
0.327835
0.327883
0.327943
0.32801
0.328081
0.328154
0.328227
0.328298
0.328369
0.328437
0.328503
0.328566
0.328625
0.328681
0.328733
0.328783
0.328828
0.32887
0.328907
0.328939
0.328965
0.328984
0.328997
0.329002
0.329
0.329061
0.329191
0.329397
0.329671
0.329946
0.330216
0.330474
0.330718
0.330955
0.331178
0.331388
0.33158
0.331739
0.331861
0.331942
0.331981
0.331977
0.331928
0.331834
0.331696
0.331515
0.331303
0.331102
0.330913
0.330715
0.330521
0.330332
0.33015
0.329977
0.329813
0.329662
0.329525
0.329405
0.329303
0.329222
0.329163
0.329127
0.329114
0.329119
0.329138
0.329167
0.329198
0.329222
0.329229
0.329212
0.329168
0.3291
0.329012
0.32891
0.328801
0.328691
0.328584
0.328484
0.32839
0.328303
0.328224
0.328151
0.328084
0.328021
0.327961
0.327903
0.327846
0.32779
0.327734
0.327846
0.327961
0.328082
0.328205
0.328463
0.328721
0.328975
0.329222
0.329463
0.329696
0.329922
0.330139
0.330342
0.33051
0.330641
0.33073
0.330778
0.330782
0.330741
0.330655
0.330524
0.33035
0.330132
0.329943
0.329765
0.329577
0.329391
0.329206
0.329024
0.328846
0.328674
0.328507
0.328346
0.328191
0.328042
0.327898
0.32776
0.327625
0.327493
0.327364
0.327236
0.327112
0.326993
0.326884
0.326787
0.326709
0.326652
0.326616
0.326598
0.326594
0.326599
0.326609
0.326619
0.326628
0.326635
0.326642
0.32665
0.326657
0.326665
0.326673
0.32668
0.326685
0.326688
0.326686
0.32668
0.326669
0.326653
0.326701
0.326965
0.327227
0.32749
0.327748
0.327999
0.32824
0.328472
0.328694
0.328904
0.329096
0.329251
0.32937
0.329452
0.329497
0.329501
0.329464
0.329386
0.329267
0.329174
0.32906
0.328925
0.328772
0.328627
0.328485
0.328351
0.328225
0.328111
0.32801
0.327924
0.327854
0.3278
0.327764
0.327746
0.327746
0.327761
0.32779
0.327822
0.327854
0.327879
0.327889
0.327879
0.327844
0.327787
0.327714
0.327633
0.327548
0.327453
0.327335
0.327186
0.327019
0.326861
0.326732
0.326634
0.326565
0.32652
0.326495
0.326486
0.32649
0.326503
0.326525
0.326554
0.326585
0.326616
0.326644
0.326668
0.326687
0.326922
0.327206
0.327484
0.327751
0.328005
0.328251
0.328487
0.328711
0.328919
0.329092
0.329228
0.329323
0.329375
0.329384
0.329347
0.329265
0.329136
0.328963
0.328745
0.328504
0.328283
0.328081
0.327881
0.327683
0.327488
0.327298
0.327113
0.326935
0.326763
0.326599
0.326442
0.326292
0.32615
0.326014
0.325884
0.325759
0.325639
0.325525
0.325421
0.325329
0.325255
0.325202
0.325172
0.325164
0.325173
0.325196
0.325225
0.325255
0.325282
0.325304
0.325324
0.325341
0.325358
0.325375
0.325393
0.32541
0.325427
0.325442
0.325454
0.325457
0.325459
0.325456
0.325447
0.325584
0.325859
0.326138
0.326418
0.326695
0.326965
0.327225
0.327477
0.327719
0.327949
0.328162
0.328338
0.328477
0.32858
0.328644
0.328668
0.32865
0.32859
0.328488
0.328346
0.328199
0.328062
0.327906
0.327747
0.327601
0.327462
0.327332
0.327212
0.327103
0.327009
0.326929
0.326865
0.326818
0.326787
0.326774
0.326776
0.326791
0.326812
0.326835
0.326853
0.32686
0.32685
0.32682
0.326765
0.32669
0.326594
0.326476
0.326329
0.326164
0.326
0.325854
0.325733
0.325638
0.325568
0.325519
0.32549
0.325477
0.325478
0.325493
0.325518
0.325553
0.325596
0.325641
0.325685
0.325724
0.325759
0.325956
0.326142
0.326443
0.326733
0.327014
0.327288
0.327551
0.327805
0.328048
0.328273
0.328463
0.328615
0.328725
0.328792
0.328815
0.328792
0.328722
0.328606
0.328444
0.328259
0.328063
0.32784
0.327593
0.3274
0.327209
0.327024
0.326845
0.326675
0.326514
0.326363
0.326223
0.326095
0.32598
0.325878
0.325789
0.325713
0.325647
0.32559
0.325542
0.325504
0.325475
0.325457
0.325448
0.325449
0.325459
0.325476
0.325497
0.32552
0.325544
0.325568
0.325594
0.325624
0.325657
0.325696
0.325737
0.325781
0.325825
0.325868
0.325909
0.325945
0.325976
0.326
0.326017
0.326026
0.326102
0.326391
0.32668
0.326969
0.327254
0.327531
0.327799
0.328058
0.328306
0.328543
0.32876
0.328941
0.329084
0.329189
0.329254
0.329278
0.329258
0.329195
0.329089
0.32894
0.328782
0.328626
0.328447
0.328251
0.328086
0.327925
0.327772
0.327629
0.327498
0.327374
0.32727
0.327183
0.327114
0.327065
0.327036
0.327027
0.327034
0.327051
0.327075
0.327098
0.327114
0.327113
0.327091
0.327044
0.326971
0.326873
0.326755
0.326625
0.326494
0.326371
0.326267
0.326183
0.32612
0.326077
0.326052
0.326042
0.326046
0.326062
0.326085
0.326116
0.326151
0.326188
0.326227
0.326261
0.326291
0.326481
0.326668
0.326854
0.327153
0.327443
0.327725
0.327998
0.328262
0.328516
0.328759
0.328984
0.329172
0.329323
0.329433
0.329499
0.32952
0.329495
0.329424
0.329307
0.329143
0.328959
0.328762
0.328538
0.328289
0.32809
0.327891
0.327697
0.32751
0.327331
0.32716
0.327001
0.326854
0.32672
0.326601
0.326499
0.326413
0.326344
0.326289
0.326249
0.326222
0.326207
0.326202
0.326202
0.326206
0.32621
0.326215
0.326221
0.326233
0.326253
0.326284
0.326323
0.32637
0.326424
0.326484
0.326548
0.326614
0.326681
0.326747
0.326808
0.326872
0.326933
0.326989
0.327038
0.327077
0.327106
0.327123
0.327343
0.327629
0.327916
0.328198
0.328472
0.328736
0.32899
0.329232
0.329462
0.329672
0.329845
0.32998
0.330076
0.330131
0.330141
0.330108
0.330029
0.329907
0.329742
0.329561
0.329377
0.329169
0.328989
0.328811
0.328641
0.328481
0.328332
0.328197
0.328076
0.327974
0.32789
0.327828
0.327788
0.327772
0.327782
0.327816
0.327869
0.327937
0.328017
0.328099
0.328173
0.328223
0.328236
0.328207
0.328137
0.328034
0.327919
0.327809
0.327715
0.327641
0.327588
0.327547
0.327526
0.327516
0.327515
0.327522
0.327535
0.327552
0.327571
0.327592
0.327613
0.327633
0.327648
0.327659
0.327829
0.32806
0.328355
0.32865
0.328939
0.32922
0.329492
0.329754
0.330006
0.330247
0.33047
0.330658
0.330808
0.330913
0.330973
0.330984
0.330948
0.330862
0.330729
0.330548
0.330342
0.33012
0.329891
0.329667
0.329444
0.329222
0.329003
0.328788
0.328579
0.328377
0.328184
0.328
0.327829
0.32767
0.327525
0.327396
0.327282
0.327184
0.327101
0.327034
0.326983
0.326947
0.326926
0.326918
0.326923
0.326938
0.32696
0.326989
0.327023
0.327062
0.327098
0.327132
0.327162
0.327189
0.327212
0.327231
0.327245
0.327253
0.327255
0.327251
0.327238
0.327217
0.327188
0.327151
0.327107
0.327181
0.32733
0.32755
0.327771
0.327988
0.328198
0.3284
0.328593
0.328776
0.328948
0.329101
0.329216
0.329294
0.329335
0.329335
0.329292
0.329203
0.329089
0.328963
0.328812
0.328637
0.32844
0.328219
0.327979
0.327729
0.327515
0.327305
0.327103
0.326911
0.326731
0.326562
0.326406
0.326264
0.326137
0.326026
0.32593
0.325849
0.32578
0.325721
0.325667
0.325617
0.325565
0.325505
0.325432
0.325342
0.325237
0.325122
0.325004
0.324887
0.324777
0.324677
0.324589
0.324513
0.324449
0.324396
0.324355
0.324324
0.3243
0.324284
0.324273
0.324265
0.324261
0.324258
0.324253
0.324244
0.32431
0.324591
0.324874
0.325157
0.325437
0.325708
0.325971
0.326224
0.326468
0.326701
0.326917
0.327094
0.327233
0.327331
0.327385
0.327393
0.327355
0.327268
0.327187
0.327077
0.326943
0.326785
0.326605
0.326405
0.326195
0.325973
0.325767
0.325584
0.325408
0.325238
0.325077
0.324924
0.324781
0.324647
0.324523
0.324409
0.324304
0.324206
0.324113
0.324024
0.323937
0.323851
0.323768
0.323687
0.323611
0.323543
0.323486
0.323442
0.32341
0.32339
0.323377
0.323371
0.32337
0.323375
0.323385
0.323399
0.323418
0.32344
0.323465
0.32349
0.323514
0.323537
0.323557
0.323573
0.323581
0.323712
0.323841
0.324116
0.324383
0.324644
0.324896
0.32514
0.325375
0.325601
0.325815
0.32601
0.326168
0.326287
0.326369
0.326409
0.326404
0.326353
0.326256
0.326164
0.326044
0.325901
0.325735
0.325546
0.325339
0.325122
0.324917
0.324734
0.324558
0.32439
0.324232
0.324084
0.323946
0.323821
0.323708
0.323607
0.32352
0.323444
0.323377
0.323318
0.323267
0.32322
0.323177
0.323132
0.323083
0.323022
0.322953
0.322879
0.322807
0.322742
0.322686
0.322641
0.322606
0.322582
0.322568
0.322565
0.322571
0.322585
0.322606
0.322633
0.322664
0.322696
0.322729
0.32276
0.322788
0.322809
0.322957
0.323183
0.323486
0.32379
0.324088
0.324378
0.324658
0.324928
0.325188
0.325436
0.325666
0.325857
0.32601
0.326122
0.32619
0.326212
0.326187
0.326115
0.326045
0.325944
0.325817
0.325666
0.32549
0.325293
0.325084
0.324863
0.324628
0.324411
0.324225
0.324045
0.323873
0.323709
0.323554
0.323408
0.323272
0.323146
0.323031
0.322925
0.322829
0.322743
0.322668
0.322602
0.322549
0.322507
0.322479
0.322465
0.322467
0.322484
0.322516
0.322558
0.322608
0.322663
0.322722
0.322786
0.322852
0.32292
0.322989
0.323058
0.323127
0.323194
0.323259
0.323319
0.323372
0.323419
0.323457
0.323621
0.323781
0.324087
0.324388
0.324683
0.324969
0.325247
0.325513
0.325769
0.326012
0.326236
0.326422
0.326569
0.326677
0.326743
0.326762
0.326734
0.326678
0.326608
0.326512
0.326392
0.326246
0.326077
0.325888
0.325687
0.325474
0.325274
0.325095
0.324924
0.32476
0.324605
0.324461
0.324329
0.324209
0.324105
0.324017
0.323947
0.323892
0.323852
0.32382
0.323805
0.323794
0.323777
0.323737
0.323662
0.323551
0.323415
0.323277
0.323157
0.323072
0.323027
0.323019
0.323044
0.323094
0.323163
0.323246
0.32334
0.323441
0.323548
0.323658
0.323769
0.323881
0.32399
0.324089
0.324177
0.324385
0.324582
0.324855
0.325194
0.325525
0.325846
0.326155
0.326452
0.326736
0.327006
0.327255
0.327465
0.327636
0.32777
0.327861
0.327908
0.327907
0.32786
0.327765
0.327642
0.3275
0.327329
0.32713
0.326906
0.326665
0.326405
0.32617
0.325973
0.325783
0.3256
0.325426
0.325262
0.325109
0.324968
0.324841
0.324729
0.32463
0.324546
0.324475
0.324418
0.324374
0.324342
0.324321
0.324313
0.324321
0.324343
0.324382
0.324439
0.324518
0.324616
0.324728
0.324852
0.324985
0.325123
0.325263
0.325402
0.325539
0.325672
0.325801
0.325923
0.326038
0.326145
0.326243
0.32633
0.326406
0.326619
0.326896
0.327248
0.327599
0.327943
0.328277
0.328598
0.328908
0.329204
0.329487
0.329748
0.329972
0.330157
0.330303
0.330406
0.330461
0.33047
0.330431
0.330344
0.330212
0.330054
0.329882
0.329681
0.329457
0.329218
0.328963
0.328724
0.328514
0.32831
0.328114
0.327928
0.327755
0.327597
0.327456
0.327336
0.327238
0.327163
0.327113
0.327087
0.327083
0.327097
0.327122
0.327143
0.327144
0.327104
0.327037
0.326947
0.326854
0.326782
0.326747
0.326755
0.326806
0.326889
0.326994
0.327114
0.327242
0.327373
0.327505
0.327635
0.32776
0.327879
0.327992
0.328096
0.328185
0.328259
0.328318
0.328427
0.32867
0.328976
0.329275
0.32956
0.329831
0.330087
0.330327
0.330552
0.330753
0.330917
0.331042
0.331125
0.331165
0.331159
0.331106
0.331005
0.330857
0.330662
0.330421
0.330133
0.329801
0.329539
0.329276
0.329017
0.328764
0.328519
0.328282
0.328054
0.327837
0.327631
0.327439
0.327262
0.327101
0.326958
0.326833
0.326724
0.326633
0.326563
0.326515
0.326494
0.326502
0.326545
0.326623
0.326737
0.326884
0.327062
0.327265
0.327487
0.327713
0.327938
0.328157
0.328367
0.328565
0.328748
0.328916
0.329067
0.329201
0.329318
0.329418
0.3295
0.329565
0.329614
0.329648
0.329666
0.329902
0.330203
0.330496
0.330783
0.331057
0.331316
0.331562
0.331793
0.332007
0.3322
0.332355
0.33247
0.332545
0.332578
0.332564
0.332503
0.332395
0.33224
0.332038
0.33179
0.331497
0.33116
0.330836
0.330556
0.330282
0.330014
0.329755
0.329506
0.329271
0.329049
0.328846
0.328662
0.3285
0.328364
0.328257
0.328178
0.328127
0.328105
0.328113
0.328149
0.328206
0.32827
0.328321
0.328345
0.328334
0.328296
0.328246
0.328211
0.328216
0.328272
0.328382
0.328537
0.32872
0.328918
0.329121
0.329323
0.329519
0.329706
0.329881
0.330045
0.330197
0.330334
0.330451
0.330549
0.330626
0.330682
0.330717
0.330874
0.331139
0.331382
0.33161
0.331822
0.332016
0.332191
0.332342
0.332454
0.332524
0.332553
0.33254
0.332482
0.332377
0.332225
0.332027
0.331781
0.331489
0.331227
0.330936
0.330622
0.330294
0.329954
0.329622
0.329308
0.328999
0.328698
0.328404
0.328119
0.327844
0.32758
0.327331
0.327097
0.326881
0.326687
0.326518
0.326379
0.326275
0.326211
0.326195
0.32623
0.326318
0.326459
0.326647
0.326876
0.327137
0.327414
0.327688
0.327948
0.328191
0.328411
0.328608
0.328781
0.32893
0.329056
0.32916
0.329243
0.329305
0.329347
0.329371
0.32938
0.329375
0.329356
0.329393
0.329643
0.329885
0.330121
0.330349
0.330562
0.330766
0.330958
0.331136
0.331292
0.331409
0.331488
0.331528
0.331525
0.331478
0.331384
0.331242
0.331054
0.330821
0.330542
0.330274
0.329978
0.329665
0.329399
0.329143
0.328901
0.328673
0.32846
0.328264
0.328087
0.327932
0.327801
0.327695
0.327616
0.327564
0.327541
0.327548
0.327585
0.327654
0.327754
0.327876
0.328002
0.328112
0.328193
0.328245
0.328283
0.328338
0.328426
0.328556
0.328716
0.328897
0.329088
0.329281
0.329474
0.329663
0.329848
0.330026
0.330197
0.330359
0.330513
0.330658
0.330787
0.330909
0.331016
0.331197
0.331457
0.331862
0.332265
0.332662
0.333047
0.333421
0.333783
0.334132
0.334466
0.334779
0.335057
0.335297
0.335493
0.335642
0.335744
0.335796
0.3358
0.335756
0.335665
0.335527
0.335345
0.335185
0.335
0.334799
0.334583
0.334355
0.33417
0.333989
0.333818
0.333659
0.333514
0.333388
0.33328
0.333196
0.333139
0.333108
0.333101
0.333117
0.33315
0.333194
0.333248
0.333312
0.333386
0.33347
0.333565
0.33367
0.33378
0.333892
0.333997
0.334087
0.334163
0.334226
0.334279
0.334323
0.33436
0.334388
0.33441
0.334423
0.334428
0.334427
0.334417
0.334399
0.334375
0.334346
0.334458
0.334707
0.334952
0.335191
0.335421
0.335641
0.335856
0.336061
0.336251
0.336427
0.336586
0.336713
0.336806
0.336858
0.336866
0.336829
0.336746
0.336619
0.336446
0.33623
0.336002
0.335743
0.335523
0.335294
0.335182
0.334963
0.334755
0.334562
0.334385
0.33423
0.3341
0.334
0.33394
0.333928
0.333974
0.33409
0.334285
0.334557
0.334896
0.335277
0.335627
0.335868
0.336172
0.336498
0.337051
0.337716
0.338267
0.338728
0.339103
0.339408
0.339721
0.34008
0.340508
0.341027
0.341637
0.342307
0.343
0.343684
0.344346
0.344982
0.345585
0.346158
0.346711
0.347261
0.347815
0.34837
0.34894
0.34952
0.35011
0.350708
0.351314
0.352008
0.352711
0.353421
0.354136
0.354848
0.355531
0.356182
0.356795
0.357366
0.357896
0.358383
0.358828
0.359232
0.359593
0.359914
0.360195
0.360436
0.360639
0.360806
0.360939
0.361038
0.361105
0.361141
0.361146
0.361121
0.361066
0.360979
0.36086
0.360733
0.360605
0.360456
0.36031
0.360168
0.360011
0.359842
0.359668
0.359496
0.359334
0.359191
0.359071
0.358975
0.358898
0.358829
0.358755
0.358666
0.358555
0.358422
0.358267
0.358093
0.357905
0.357705
0.357496
0.357279
0.357056
0.356824
0.356584
0.356332
0.356074
0.355808
0.355532
0.355416
0.355293
0.355236
0.355236
0.355226
0.355205
0.355173
0.355127
0.355067
0.354988
0.354877
0.354734
0.354556
0.354342
0.354089
0.353796
0.353465
0.353094
0.352684
0.352238
0.351755
0.351245
0.35081
0.350387
0.349979
0.349587
0.349214
0.348859
0.348524
0.348209
0.347915
0.347637
0.34737
0.347102
0.346824
0.346533
0.346228
0.345907
0.345569
0.345212
0.34484
0.344497
0.344163
0.343801
0.343418
0.343096
0.342954
0.342997
0.343172
0.343521
0.343924
0.344339
0.344763
0.345181
0.345587
0.345976
0.346334
0.346661
0.346956
0.347245
0.347527
0.347792
0.348035
0.348253
0.348445
0.348612
0.348758
0.348886
0.348999
0.349106
0.349208
0.349349
0.349619
0.349967
0.350307
0.35062
0.350899
0.351117
0.351276
0.351378
0.351422
0.351408
0.351337
0.351211
0.351059
0.350894
0.350692
0.350453
0.350185
0.349888
0.349562
0.349208
0.348825
0.348411
0.347968
0.347547
0.347106
0.34665
0.346184
0.345713
0.345251
0.344814
0.344418
0.344053
0.343662
0.343246
0.342805
0.34234
0.34185
0.341337
0.3408
0.34024
0.339656
0.339048
0.338417
0.337762
0.337083
0.336384
0.335672
0.334947
0.334204
0.333442
0.332656
0.331845
0.331005
0.330136
0.329235
0.3283
0.32733
0.326324
0.325282
0.324205
0.323091
0.321944
0.320762
0.319545
0.318294
0.317009
0.315689
0.314335
0.312946
0.311523
0.310066
0.308574
0.307047
0.305486
0.30389
0.30226
0.300595
0.298895
0.29716
0.29539
0.293587
0.291748
0.289876
0.28797
0.286069
0.284181
0.282263
0.280311
0.278326
0.276306
0.274253
0.272165
0.270036
0.267865
0.265654
0.263407
0.261128
0.25881
0.256456
0.254064
0.251634
0.249168
0.246662
0.244119
0.241539
0.238918
0.236274
0.233594
0.230875
0.228117
0.225321
0.222486
0.219613
0.216701
0.21375
0.210761
0.207732
0.204663
0.201555
0.198407
0.195218
0.191989
0.18872
0.188139
0.188175
0.188207
0.188238
0.188267
0.188293
0.188318
0.18834
0.188361
0.188379
0.188395
0.18841
0.188422
0.188432
0.188509
0.188655
0.188799
0.188937
0.18905
0.18914
0.189206
0.189249
0.18927
0.189268
0.189244
0.189197
0.189127
0.189035
0.188921
0.188784
0.188701
0.188691
0.188682
0.188674
0.188668
0.188662
0.188658
0.188656
0.188654
0.188652
0.188652
0.188654
0.188656
0.188659
0.188663
0.188668
0.188673
0.188679
0.188685
0.188691
0.188697
0.188703
0.188705
0.188709
0.188714
0.188718
0.188723
0.188727
0.188732
0.188736
0.188741
0.188745
0.18875
0.188754
0.188758
0.188763
0.188767
0.188771
0.188776
0.18878
0.188784
0.188788
0.188792
0.188796
0.1888
0.188804
0.188808
0.188812
0.188816
0.18882
0.188823
0.188827
0.188834
0.188844
0.188854
0.188864
0.188874
0.188884
0.188894
0.188904
0.188914
0.188923
0.188933
0.188943
0.188952
0.188962
0.188971
0.188981
0.18899
0.189
0.189009
0.189019
0.189029
0.189039
0.189049
0.18906
0.18907
0.189081
0.189092
0.189103
0.189113
0.18912
0.189117
0.189117
0.189118
0.189118
0.189118
0.189118
0.189114
0.189115
0.189115
0.189115
0.189115
0.189116
0.189116
0.189116
0.189117
0.189117
0.189118
0.189118
0.189119
0.189113
0.189113
0.189114
0.189114
0.189115
0.189115
0.189116
0.189116
0.189112
0.189113
0.189113
0.189113
0.189168
0.189206
0.18923
0.189238
0.189232
0.189212
0.18918
0.189135
0.189108
0.189108
0.189108
0.189108
0.189108
0.189109
0.189109
0.189109
0.189109
0.18911
0.18911
0.18911
0.189111
0.189111
0.189111
0.189112
0.189106
0.189106
0.189106
0.189107
0.189107
0.189107
0.189108
0.189108
0.189108
0.189109
0.189109
0.189109
0.18911
0.18911
0.189111
0.189111
0.189111
0.189112
0.189112
0.189113
0.189113
0.189114
0.189114
0.189115
0.189116
0.189116
0.189117
0.189117
0.189118
0.189113
0.189113
0.189113
0.189114
0.189114
0.189115
0.189115
0.189115
0.189116
0.189116
0.189117
0.189117
0.189118
0.189118
0.189119
0.189119
0.18912
0.18912
0.189121
0.189121
0.189122
0.189122
0.189123
0.189123
0.189124
0.189119
0.189115
0.189115
0.189115
0.189115
0.189115
0.189115
0.189116
0.189116
0.189116
0.189116
0.189116
0.189117
0.189117
0.189117
0.189117
0.189118
0.189118
0.189118
0.189119
0.189119
0.189119
0.18912
0.18912
0.18912
0.189121
0.189121
0.189122
0.189122
0.189123
0.18912
0.18912
0.18912
0.189121
0.189121
0.189121
0.189122
0.189122
0.189122
0.189123
0.189117
0.189118
0.189118
0.189118
0.189119
0.189119
0.189119
0.18912
0.189117
0.189117
0.189117
0.189117
0.189118
0.189118
0.189118
0.189118
0.189119
0.189119
0.189119
0.18912
0.18912
0.18912
0.189121
0.189121
0.189122
0.189122
0.189123
0.189123
0.189121
0.189121
0.189121
0.189121
0.189122
0.189122
0.189122
0.189117
0.189117
0.189117
0.189117
0.189118
0.189118
0.189118
0.189118
0.189119
0.189119
0.18912
0.18912
0.189117
0.189117
0.189117
0.189117
0.189117
0.189118
0.189118
0.189118
0.189119
0.189119
0.189119
0.18912
0.18912
0.18912
0.189121
0.189121
0.189122
0.189122
0.189122
0.189123
0.189123
0.189124
0.189121
0.189121
0.189116
0.189116
0.189116
0.189116
0.189116
0.189117
0.189117
0.189117
0.189117
0.189118
0.189118
0.189118
0.189119
0.189119
0.189119
0.18912
0.18912
0.189121
0.189121
0.189121
0.189122
0.189119
0.189119
0.18912
0.18912
0.18912
0.189121
0.189121
0.189122
0.189122
0.189122
0.189123
0.189123
0.189124
0.189124
0.189119
0.189115
0.189115
0.189115
0.189115
0.189115
0.189116
0.189116
0.189116
0.189116
0.189116
0.189117
0.189117
0.189117
0.189117
0.189118
0.189118
0.189118
0.189119
0.189119
0.189119
0.18912
0.18912
0.189121
0.189121
0.189122
0.189122
0.189123
0.18912
0.189121
0.189121
0.189121
0.189122
0.189122
0.189122
0.189123
0.189123
0.189123
0.189118
0.189118
0.189118
0.189119
0.189119
0.189119
0.18912
0.189117
0.189117
0.189117
0.189117
0.189118
0.189118
0.189118
0.189119
0.189119
0.189119
0.18912
0.18912
0.189121
0.189121
0.189121
0.189122
0.189122
0.189123
0.189121
0.189121
0.189121
0.189122
0.189122
0.189122
0.189123
0.189123
0.189117
0.189118
0.189118
0.189118
0.189119
0.189119
0.189119
0.18912
0.18912
0.189117
0.189117
0.189117
0.189118
0.189118
0.189118
0.189118
0.189119
0.189119
0.189119
0.18912
0.18912
0.189121
0.189121
0.189122
0.189122
0.189122
0.189123
0.189124
0.18912
0.18912
0.189121
0.189121
0.189121
0.189122
0.189122
0.189117
0.189117
0.189117
0.189117
0.189118
0.189118
0.189118
0.189119
0.189119
0.189119
0.18912
0.18912
0.18912
0.189121
0.189121
0.189122
0.189119
0.189119
0.18912
0.18912
0.18912
0.189121
0.189121
0.189121
0.189122
0.189122
0.189123
0.189123
0.189123
0.189124
0.189124
0.189125
0.189122
0.189118
0.189118
0.189118
0.189118
0.189118
0.189119
0.189119
0.189119
0.189119
0.18912
0.18912
0.18912
0.18912
0.189121
0.189121
0.189122
0.189122
0.189122
0.189123
0.189123
0.189124
0.189121
0.189121
0.189121
0.189122
0.189122
0.189122
0.189123
0.189123
0.189123
0.189121
0.189121
0.189121
0.189121
0.189122
0.189122
0.189122
0.189122
0.189123
0.189123
0.189121
0.189121
0.189121
0.189121
0.189122
0.189122
0.189122
0.189122
0.189122
0.189123
0.189123
0.189123
0.18912
0.18912
0.18912
0.18912
0.189121
0.189121
0.189121
0.189121
0.189122
0.189122
0.189122
0.189123
0.18912
0.18912
0.189121
0.189121
0.189121
0.189121
0.189122
0.189122
0.189122
0.189123
0.189123
0.189123
0.189124
0.189124
0.189121
0.189122
0.189122
0.189122
0.189122
0.189119
0.189119
0.189119
0.189119
0.189119
0.18912
0.18912
0.18912
0.18912
0.189121
0.189121
0.189121
0.189122
0.189122
0.189122
0.189123
0.189123
0.189123
0.189118
0.189118
0.189118
0.189119
0.189119
0.189119
0.189119
0.18912
0.18912
0.18912
0.189117
0.189118
0.189118
0.189118
0.189118
0.189119
0.189119
0.189119
0.18912
0.18912
0.18912
0.189121
0.189121
0.189121
0.189122
0.189122
0.189123
0.189123
0.189123
0.189124
0.189124
0.189121
0.189122
0.189122
0.189122
0.189119
0.189119
0.189119
0.189119
0.18912
0.18912
0.18912
0.18912
0.189121
0.189121
0.189121
0.189122
0.189122
0.189122
0.189123
0.189123
0.189123
0.189124
0.189124
0.189121
0.189121
0.189121
0.189121
0.189122
0.189122
0.189119
0.189119
0.189119
0.189119
0.18912
0.18912
0.18912
0.18912
0.189121
0.189121
0.189121
0.189122
0.189122
0.189122
0.189123
0.189123
0.189124
0.189124
0.189124
0.189125
0.189123
0.189119
0.189119
0.189119
0.189119
0.189119
0.18912
0.18912
0.18912
0.18912
0.18912
0.189121
0.189121
0.189121
0.189122
0.189122
0.189122
0.189123
0.189123
0.189123
0.189124
0.189124
0.189125
0.189121
0.189121
0.189122
0.189122
0.189119
0.189119
0.189119
0.189119
0.18912
0.18912
0.18912
0.189121
0.189121
0.189121
0.189122
0.189122
0.189122
0.189123
0.189123
0.189124
0.189124
0.189124
0.189125
0.189119
0.189119
0.189117
0.189117
0.189117
0.189117
0.189118
0.189118
0.189118
0.189118
0.189118
0.189119
0.189119
0.189119
0.18912
0.18912
0.18912
0.189121
0.189121
0.189122
0.189122
0.189122
0.189123
0.18912
0.18912
0.189121
0.189121
0.189121
0.189122
0.189122
0.189122
0.189123
0.189123
0.189123
0.189124
0.189124
0.189121
0.189122
0.189122
0.189122
0.189122
0.189123
0.189123
0.189119
0.189119
0.18912
0.18912
0.18912
0.18912
0.189121
0.189121
0.189121
0.189122
0.189122
0.189122
0.189123
0.189123
0.189124
0.18912
0.189121
0.189121
0.189121
0.189121
0.189122
0.189122
0.189122
0.189123
0.189123
0.189123
0.189124
0.18912
0.18912
0.18912
0.189121
0.189121
0.189121
0.189122
0.189122
0.189122
0.189123
0.189123
0.189123
