0.306619
0.30644
0.306218
0.306027
0.305876
0.305716
0.30555
0.305384
0.305223
0.305071
0.304927
0.304793
0.304669
0.304555
0.304454
0.304363
0.304286
0.304221
0.30417
0.304132
0.304107
0.304093
0.30409
0.304097
0.304114
0.30414
0.304174
0.304216
0.304266
0.304323
0.304387
0.304458
0.304535
0.304617
0.3047
0.304782
0.304868
0.304955
0.305042
0.30513
0.305217
0.305304
0.305389
0.305473
0.305555
0.305634
0.305709
0.30578
0.305846
0.305907
0.305962
0.306007
0.306049
0.306083
0.306109
0.306206
0.306317
0.306444
0.306566
0.306672
0.306739
0.306769
0.306765
0.306725
0.306645
0.306525
0.306363
0.306219
0.306051
0.305863
0.305707
0.305545
0.305381
0.305226
0.305078
0.304938
0.304809
0.304688
0.304578
0.304479
0.304392
0.304317
0.304253
0.304203
0.304164
0.304139
0.304122
0.304117
0.304121
0.304136
0.304161
0.304195
0.30424
0.304293
0.304356
0.304426
0.304504
0.30459
0.304682
0.304775
0.304869
0.304963
0.305058
0.305153
0.305248
0.305341
0.305434
0.305524
0.305613
0.305698
0.305779
0.305857
0.30593
0.305999
0.306063
0.306123
0.306178
0.306279
0.306424
0.306563
0.306696
0.306821
0.306937
0.307046
0.307137
0.307188
0.307196
0.30717
0.307106
0.307001
0.306854
0.306692
0.30653
0.306346
0.30614
0.305981
0.305814
0.305646
0.305484
0.305331
0.305186
0.305051
0.304926
0.304812
0.304709
0.304618
0.30454
0.304475
0.304423
0.304386
0.304362
0.304349
0.304347
0.304354
0.304371
0.304397
0.304432
0.304477
0.304532
0.304595
0.304666
0.304745
0.30483
0.304921
0.305014
0.305108
0.305203
0.3053
0.305398
0.305495
0.305593
0.30569
0.305786
0.30588
0.305972
0.306061
0.306146
0.306226
0.306301
0.30637
0.306433
0.306489
0.306538
0.306578
0.306704
0.306817
0.306927
0.307028
0.30712
0.307195
0.307231
0.307228
0.307191
0.307116
0.307031
0.306923
0.306791
0.306637
0.306461
0.306262
0.306109
0.305949
0.305788
0.305635
0.305489
0.305351
0.305222
0.305102
0.304993
0.304895
0.304809
0.304736
0.304676
0.304628
0.304594
0.304573
0.304562
0.304562
0.304573
0.304597
0.304632
0.304681
0.304741
0.304812
0.304893
0.304982
0.30508
0.305184
0.305294
0.305404
0.305516
0.305627
0.305738
0.305847
0.305956
0.306063
0.306168
0.306271
0.30637
0.306466
0.306558
0.306646
0.306724
0.3068
0.306869
0.306931
0.306986
0.307033
0.307117
0.30724
0.307357
0.307467
0.307569
0.307662
0.307737
0.307772
0.307769
0.307731
0.307655
0.307538
0.307426
0.307289
0.30713
0.306948
0.306743
0.306551
0.30638
0.306209
0.306045
0.305889
0.305741
0.305603
0.305474
0.305357
0.305251
0.305157
0.305075
0.305007
0.304952
0.304911
0.304882
0.304865
0.304857
0.304858
0.304869
0.304891
0.304923
0.304967
0.305021
0.305086
0.30516
0.305242
0.305333
0.305426
0.305525
0.305626
0.305728
0.305832
0.305935
0.306038
0.306142
0.306244
0.306344
0.306443
0.306538
0.30663
0.306717
0.306799
0.306875
0.306944
0.307006
0.307058
0.307103
0.30719
0.307319
0.307441
0.307555
0.307659
0.307754
0.307831
0.307868
0.307868
0.307833
0.307761
0.307649
0.307496
0.307323
0.307143
0.306938
0.30671
0.306537
0.306353
0.30617
0.305995
0.305829
0.305673
0.305527
0.305392
0.30527
0.30516
0.305064
0.304983
0.304915
0.304863
0.304825
0.304801
0.304788
0.304787
0.304798
0.304821
0.304856
0.304904
0.304964
0.305036
0.30512
0.305214
0.305317
0.305429
0.305544
0.305661
0.305779
0.305896
0.306012
0.306127
0.30624
0.306352
0.306461
0.306567
0.30667
0.306769
0.306863
0.306952
0.307036
0.307113
0.307184
0.307247
0.307303
0.30735
0.307389
0.307462
0.307569
0.307669
0.307762
0.307845
0.307911
0.307937
0.307922
0.307873
0.307787
0.307689
0.307566
0.307418
0.307248
0.307054
0.306838
0.306671
0.306498
0.306325
0.306159
0.306002
0.305854
0.305717
0.305589
0.305474
0.30537
0.305279
0.305201
0.305137
0.305088
0.305053
0.305031
0.30502
0.30502
0.305033
0.305058
0.305094
0.305143
0.305204
0.305277
0.305361
0.305455
0.305558
0.305669
0.305786
0.305904
0.306023
0.306142
0.306261
0.306378
0.306494
0.306608
0.306719
0.306828
0.306932
0.307032
0.307127
0.307217
0.307298
0.307374
0.307443
0.307503
0.307555
0.307599
0.307682
0.307806
0.307923
0.308032
0.308132
0.308223
0.308295
0.308327
0.308322
0.308283
0.308207
0.308092
0.307935
0.307737
0.307553
0.307343
0.307144
0.306968
0.306787
0.306607
0.30643
0.306265
0.30611
0.305965
0.305832
0.305711
0.305602
0.305507
0.305425
0.305358
0.305306
0.305269
0.305246
0.305235
0.305235
0.305246
0.305269
0.305303
0.305348
0.305404
0.305472
0.305549
0.305635
0.305729
0.30583
0.305937
0.306046
0.306155
0.306264
0.306373
0.30648
0.306585
0.306687
0.306786
0.306882
0.306974
0.307062
0.307146
0.307225
0.307298
0.307365
0.307425
0.307474
0.307519
0.307554
0.307581
0.307692
0.307796
0.307892
0.307981
0.308059
0.308121
0.308144
0.308129
0.308079
0.307992
0.307865
0.307733
0.307575
0.307394
0.30719
0.306962
0.30679
0.306611
0.306433
0.306263
0.306101
0.305949
0.305807
0.305675
0.305555
0.305446
0.30535
0.305267
0.305198
0.305144
0.305103
0.305076
0.30506
0.305056
0.305065
0.305087
0.305123
0.305172
0.305233
0.305307
0.305391
0.305485
0.305587
0.305697
0.305813
0.30593
0.306047
0.306165
0.306281
0.306397
0.306511
0.306623
0.306733
0.30684
0.306942
0.307041
0.307134
0.307222
0.307304
0.30738
0.307449
0.30751
0.307564
0.30761
0.307694
0.307818
0.307936
0.308046
0.308149
0.308243
0.30832
0.308358
0.308357
0.308324
0.308253
0.308143
0.308014
0.307881
0.307727
0.30755
0.307352
0.307133
0.306962
0.306787
0.306619
0.306459
0.306307
0.306166
0.306035
0.305915
0.305808
0.305712
0.30563
0.305562
0.305507
0.305467
0.305441
0.305424
0.305418
0.305423
0.305439
0.305466
0.305503
0.305551
0.305609
0.305675
0.30575
0.305832
0.30592
0.306013
0.306107
0.306201
0.306296
0.30639
0.306483
0.306574
0.306664
0.306751
0.306836
0.306917
0.306994
0.307067
0.307135
0.307198
0.307255
0.307306
0.30735
0.307388
0.307417
0.30749
0.307606
0.307716
0.307817
0.30791
0.307994
0.308061
0.308088
0.308077
0.308033
0.30795
0.307828
0.307664
0.307457
0.307232
0.307002
0.306828
0.306646
0.306462
0.306277
0.306101
0.305934
0.305776
0.305629
0.305492
0.305367
0.305254
0.305155
0.305068
0.304996
0.304939
0.304897
0.30487
0.304854
0.30485
0.304858
0.304879
0.304912
0.304957
0.305014
0.305084
0.305166
0.305259
0.305361
0.305472
0.30559
0.305709
0.305828
0.305948
0.306067
0.306185
0.306301
0.306415
0.306526
0.306634
0.306739
0.306839
0.306935
0.307026
0.307112
0.307191
0.307263
0.307329
0.307387
0.307435
0.307476
0.307548
0.307653
0.307751
0.307842
0.307925
0.307991
0.308018
0.308008
0.307963
0.307906
0.307828
0.307729
0.30761
0.30747
0.307309
0.307128
0.306927
0.306769
0.306606
0.30645
0.306302
0.306162
0.306031
0.30591
0.305799
0.305699
0.30561
0.305534
0.305471
0.30542
0.305384
0.30536
0.305345
0.305342
0.305349
0.305368
0.305398
0.305438
0.305487
0.305547
0.305615
0.30569
0.305774
0.305863
0.305957
0.306052
0.306146
0.30624
0.306333
0.306425
0.306515
0.306604
0.30669
0.306773
0.306853
0.306929
0.307001
0.307067
0.307128
0.307182
0.30723
0.30727
0.307303
0.307386
0.307515
0.307638
0.307754
0.307862
0.307962
0.308053
0.308125
0.308158
0.308153
0.308113
0.308037
0.307921
0.307764
0.307564
0.30732
0.307035
0.306812
0.306617
0.306417
0.306217
0.306024
0.305841
0.305669
0.305506
0.305356
0.305219
0.305093
0.304982
0.304885
0.304803
0.304737
0.304686
0.304651
0.30463
0.304621
0.304624
0.30464
0.304668
0.304709
0.304763
0.30483
0.304908
0.304998
0.305098
0.305207
0.305322
0.30544
0.305559
0.305678
0.305796
0.305914
0.306031
0.306145
0.306257
0.306366
0.306471
0.306573
0.306671
0.306764
0.306851
0.306932
0.307007
0.307075
0.307135
0.307188
0.307233
0.307268
0.307372
0.307469
0.307558
0.307666
0.307759
0.307813
0.307831
0.307816
0.307765
0.307675
0.307544
0.307419
0.307269
0.307097
0.306904
0.306719
0.306552
0.306383
0.306222
0.306068
0.305923
0.305788
0.305662
0.305547
0.305444
0.305353
0.305274
0.305209
0.305157
0.305119
0.305089
0.305072
0.305066
0.305072
0.30509
0.30512
0.305162
0.305217
0.305281
0.305356
0.305439
0.305531
0.30563
0.305734
0.305839
0.305944
0.30605
0.306154
0.306258
0.306359
0.306459
0.306556
0.306649
0.306739
0.306823
0.306904
0.306978
0.307046
0.307107
0.307162
0.307209
0.307249
0.307337
0.30747
0.307598
0.307719
0.307832
0.307937
0.308033
0.308112
0.30815
0.308151
0.308118
0.308049
0.30794
0.307789
0.307596
0.30736
0.307113
0.306904
0.306721
0.306534
0.306345
0.306163
0.305991
0.305827
0.305674
0.305533
0.305403
0.305285
0.305181
0.30509
0.305014
0.304953
0.304907
0.304876
0.304858
0.304852
0.304857
0.304875
0.304904
0.304946
0.305
0.305066
0.305142
0.305229
0.305326
0.30543
0.305541
0.305652
0.305765
0.305878
0.305991
0.306104
0.306215
0.306325
0.306432
0.306537
0.306638
0.306735
0.306829
0.306917
0.307001
0.307078
0.307145
0.307208
0.307263
0.307311
0.30735
0.307423
0.307531
0.307631
0.307724
0.30781
0.30789
0.307933
0.307939
0.307912
0.307848
0.307757
0.307652
0.307524
0.307374
0.307201
0.307007
0.306831
0.306688
0.306552
0.306428
0.306309
0.306198
0.306094
0.305997
0.30591
0.305833
0.305766
0.305712
0.305665
0.305632
0.305612
0.305604
0.305606
0.305619
0.305643
0.305678
0.305725
0.305781
0.305848
0.305925
0.306011
0.306105
0.306207
0.306315
0.306431
0.306559
0.306699
0.306849
0.307007
0.307171
0.30734
0.307512
0.307687
0.307863
0.308039
0.308215
0.30839
0.308563
0.30873
0.30887
0.309004
0.309133
0.309257
0.309377
0.309492
0.309601
0.309704
0.3098
0.309911
0.310035
0.310141
0.310212
0.310247
0.310244
0.310203
0.310122
0.310001
0.309862
0.309717
0.309549
0.30936
0.309149
0.309054
0.308961
0.30888
0.308812
0.308758
0.308719
0.308696
0.308689
0.308699
0.308727
0.308772
0.308835
0.308917
0.309017
0.309134
0.309261
0.309402
0.309556
0.309722
0.309897
0.310081
0.310274
0.310472
0.310676
0.310883
0.311095
0.311309
0.311526
0.31174
0.311953
0.312164
0.312373
0.31258
0.312784
0.312986
0.313185
0.313377
0.313569
0.313757
0.313941
0.314121
0.314296
0.314529
0.314819
0.315097
0.31536
0.315609
0.315881
0.316171
0.316448
0.316709
0.316955
0.317185
0.317392
0.317557
0.317683
0.317772
0.317823
0.317834
0.317803
0.31773
0.317614
0.317456
0.31727
0.317145
0.317008
0.316865
0.316726
0.316592
0.316464
0.316342
0.316227
0.31612
0.316022
0.315935
0.315859
0.315794
0.315742
0.315701
0.315671
0.31565
0.31564
0.315641
0.315652
0.315673
0.315704
0.315745
0.315794
0.315849
0.315907
0.315969
0.316034
0.3161
0.316164
0.316226
0.316285
0.316341
0.316394
0.316445
0.316492
0.316537
0.316579
0.316617
0.316749
0.316888
0.317033
0.317181
0.31733
0.317478
0.317623
0.317765
0.317902
0.318033
0.318196
0.318389
0.318572
0.318745
0.318907
0.319052
0.319162
0.319235
0.31927
0.319264
0.319216
0.319124
0.319015
0.318873
0.318739
0.318627
0.318507
0.318378
0.318245
0.318117
0.317993
0.317875
0.317764
0.317659
0.317562
0.317474
0.317394
0.317323
0.317261
0.317209
0.317166
0.317131
0.317102
0.317079
0.31706
0.317045
0.317032
0.317023
0.317014
0.317007
0.317002
0.316999
0.316999
0.317003
0.317012
0.317024
0.31704
0.317059
0.317081
0.317105
0.31713
0.317158
0.317186
0.317214
0.317243
0.317269
0.317295
0.317317
0.317336
0.317351
0.317362
0.317523
0.317681
0.317839
0.317989
0.318208
0.318421
0.318628
0.318828
0.319021
0.319198
0.319338
0.319442
0.31951
0.31954
0.31953
0.319478
0.319384
0.319247
0.319067
0.31892
0.318766
0.318618
0.318465
0.318316
0.318172
0.318035
0.317905
0.317783
0.31767
0.317567
0.317475
0.317392
0.317322
0.317262
0.317214
0.317174
0.317141
0.317113
0.31709
0.317072
0.317058
0.317047
0.317039
0.317034
0.317029
0.317026
0.317024
0.317024
0.317026
0.317029
0.317033
0.317039
0.317047
0.317059
0.317072
0.317088
0.317105
0.317124
0.317143
0.317162
0.317181
0.317199
0.317216
0.31723
0.31724
0.317393
0.317546
0.317698
0.31789
0.318118
0.31834
0.318557
0.318767
0.318969
0.319157
0.319309
0.319423
0.319499
0.319536
0.319531
0.319483
0.319393
0.319259
0.31915
0.319017
0.318862
0.318704
0.318557
0.318413
0.318275
0.318143
0.318017
0.317898
0.317787
0.317684
0.31759
0.317504
0.317427
0.317359
0.3173
0.317249
0.317203
0.317162
0.317124
0.31709
0.31706
0.317033
0.31701
0.316991
0.316977
0.316967
0.316962
0.316963
0.31697
0.316981
0.316997
0.317016
0.31704
0.317068
0.3171
0.317134
0.317171
0.317209
0.317249
0.317289
0.317328
0.317366
0.317401
0.317432
0.317459
0.317633
0.317804
0.317975
0.318137
0.318327
0.31854
0.318747
0.318948
0.319141
0.319318
0.319459
0.319563
0.319632
0.319662
0.319652
0.319599
0.319503
0.319365
0.319184
0.318996
0.318859
0.31871
0.318556
0.318406
0.318262
0.318125
0.317995
0.317874
0.317763
0.317662
0.317572
0.317493
0.317426
0.317371
0.317328
0.317295
0.317269
0.317248
0.317233
0.317222
0.317215
0.317209
0.317204
0.317199
0.317193
0.317188
0.317184
0.317183
0.317184
0.317188
0.317194
0.317204
0.317217
0.317234
0.317255
0.317279
0.317306
0.317335
0.317366
0.317399
0.317432
0.317465
0.317495
0.317523
0.317547
0.317642
0.317809
0.317973
0.318174
0.318409
0.318637
0.318859
0.319075
0.319282
0.319475
0.319632
0.319751
0.319834
0.319877
0.319878
0.319836
0.31975
0.31962
0.319447
0.319264
0.319108
0.318961
0.318808
0.318658
0.318512
0.318371
0.318237
0.318109
0.317988
0.317876
0.317772
0.317678
0.317594
0.31752
0.317456
0.317402
0.317355
0.317316
0.317284
0.317261
0.317244
0.317236
0.317236
0.317244
0.317259
0.317283
0.317314
0.317353
0.317399
0.317447
0.317498
0.317553
0.317609
0.317669
0.31773
0.317792
0.317853
0.317913
0.317971
0.318026
0.318077
0.318125
0.318167
0.318205
0.318237
0.31841
0.318583
0.318755
0.318921
0.319112
0.31933
0.319543
0.319749
0.319947
0.32013
0.320275
0.320384
0.320458
0.320493
0.320488
0.32044
0.32035
0.320217
0.320042
0.319891
0.319717
0.319545
0.319385
0.31923
0.31908
0.318937
0.318801
0.318673
0.318554
0.318446
0.318349
0.318263
0.318189
0.318127
0.318077
0.318038
0.318008
0.317984
0.317966
0.317952
0.31794
0.31793
0.317921
0.317911
0.317901
0.31789
0.317881
0.317873
0.317868
0.317867
0.317869
0.317876
0.317888
0.317905
0.317925
0.31795
0.317978
0.31801
0.318043
0.318077
0.31811
0.318141
0.318168
0.318192
0.318211
0.31839
0.318568
0.318746
0.318916
0.319078
0.319293
0.319501
0.319703
0.319894
0.320073
0.320217
0.320324
0.320395
0.320425
0.320412
0.320357
0.320256
0.320111
0.319922
0.31969
0.319506
0.319338
0.319164
0.318993
0.318827
0.318667
0.318513
0.318366
0.318228
0.318098
0.317979
0.317869
0.31777
0.317684
0.317609
0.317545
0.317493
0.317452
0.317424
0.317409
0.317407
0.317418
0.317441
0.317477
0.317525
0.317583
0.31765
0.317725
0.317807
0.31789
0.317974
0.318058
0.318142
0.318224
0.318305
0.318383
0.318459
0.31853
0.318598
0.31866
0.318717
0.318768
0.318812
0.318848
0.318877
0.318898
0.319047
0.319194
0.319379
0.319598
0.319811
0.320019
0.32022
0.320413
0.32059
0.320731
0.320836
0.320903
0.320932
0.320919
0.320864
0.320766
0.320625
0.320472
0.320322
0.32015
0.319958
0.319773
0.319615
0.319465
0.319322
0.31919
0.319069
0.31896
0.318863
0.31878
0.318711
0.318655
0.318614
0.318587
0.318572
0.318564
0.318562
0.318567
0.318576
0.318589
0.318604
0.318622
0.318639
0.318655
0.31867
0.318686
0.318702
0.318719
0.318738
0.318758
0.318779
0.318803
0.318827
0.318853
0.31888
0.318906
0.318932
0.318956
0.318977
0.318994
0.319007
0.319016
0.31902
0.31902
0.319184
0.319387
0.319632
0.319874
0.320108
0.320333
0.32055
0.320759
0.320958
0.321141
0.321288
0.321398
0.321468
0.321497
0.321482
0.321421
0.321313
0.32116
0.32099
0.320785
0.320583
0.320392
0.320192
0.319994
0.319799
0.319608
0.319422
0.319241
0.319068
0.318903
0.318748
0.318602
0.318468
0.318347
0.318241
0.318149
0.318071
0.318009
0.317961
0.317928
0.317913
0.317914
0.317932
0.317966
0.318015
0.318074
0.318143
0.318218
0.318298
0.318377
0.318453
0.318525
0.318593
0.318655
0.31871
0.31876
0.318802
0.318836
0.318863
0.318881
0.318891
0.318893
0.318887
0.318873
0.318963
0.319048
0.319129
0.31933
0.319523
0.319711
0.319892
0.320066
0.32023
0.320385
0.320523
0.320623
0.320685
0.320713
0.320702
0.320665
0.320618
0.32055
0.320461
0.320351
0.320221
0.320071
0.319901
0.319715
0.319518
0.31931
0.31911
0.318927
0.31875
0.318579
0.318416
0.318261
0.318115
0.317978
0.31785
0.317731
0.317623
0.317522
0.31743
0.317347
0.317272
0.317205
0.317148
0.317099
0.317058
0.317025
0.317
0.316984
0.316976
0.316976
0.31698
0.316987
0.316998
0.31701
0.317025
0.317042
0.317059
0.317077
0.317094
0.317111
0.317125
0.317137
0.317145
0.31715
0.317151
0.317147
0.317305
0.317455
0.31765
0.317887
0.318116
0.318339
0.318554
0.318762
0.31896
0.31914
0.319282
0.319386
0.319454
0.319483
0.31947
0.319414
0.319313
0.319188
0.31905
0.318886
0.318697
0.318482
0.318245
0.318052
0.317861
0.317676
0.317497
0.317326
0.317161
0.317005
0.316859
0.316722
0.316595
0.316479
0.316374
0.316282
0.316199
0.316125
0.316061
0.316009
0.315968
0.315938
0.315922
0.315918
0.315926
0.315947
0.315978
0.31602
0.316071
0.316126
0.316185
0.316247
0.31631
0.316376
0.316442
0.316507
0.316572
0.316636
0.316696
0.316753
0.316805
0.316853
0.316895
0.31693
0.316959
0.317094
0.317223
0.317483
0.317731
0.317972
0.318204
0.318427
0.318641
0.318844
0.319029
0.319174
0.319282
0.319355
0.319389
0.319381
0.319328
0.319276
0.319196
0.319095
0.318971
0.318826
0.318659
0.318474
0.318277
0.318068
0.317846
0.317662
0.31748
0.317304
0.317136
0.316976
0.316824
0.316682
0.31655
0.316428
0.316317
0.316216
0.316126
0.316047
0.31598
0.315925
0.315883
0.315855
0.315839
0.315836
0.315842
0.315859
0.315885
0.315912
0.315946
0.315982
0.316021
0.31606
0.316099
0.316135
0.316168
0.316199
0.316228
0.316255
0.316279
0.3163
0.316317
0.31633
0.316337
0.316339
0.316335
0.316535
0.316785
0.317028
0.317264
0.317492
0.317711
0.317922
0.318123
0.318308
0.318453
0.318561
0.318634
0.318668
0.318659
0.318606
0.318508
0.318411
0.318287
0.318138
0.317966
0.31777
0.317553
0.317349
0.317168
0.316992
0.316821
0.316656
0.316499
0.316349
0.316209
0.316077
0.315956
0.315844
0.315745
0.315657
0.315579
0.315511
0.315454
0.315408
0.315374
0.315352
0.315344
0.315349
0.315369
0.315403
0.315449
0.315509
0.315579
0.315656
0.315737
0.315821
0.315907
0.315994
0.316082
0.316168
0.316254
0.316336
0.316416
0.316491
0.316562
0.316627
0.316687
0.316739
0.316785
0.316928
0.317065
0.31734
0.317603
0.317859
0.318107
0.318346
0.318576
0.318794
0.318994
0.319153
0.319275
0.319362
0.319412
0.31942
0.319384
0.319303
0.319199
0.319085
0.318947
0.318785
0.318598
0.318391
0.318169
0.317933
0.317745
0.317559
0.31738
0.317209
0.317046
0.316893
0.316751
0.316619
0.3165
0.316393
0.3163
0.31622
0.316154
0.316102
0.316066
0.316044
0.316037
0.316043
0.316062
0.316093
0.316135
0.316183
0.316239
0.316302
0.316368
0.316436
0.316507
0.316578
0.316651
0.316723
0.316794
0.316864
0.316932
0.316996
0.317057
0.317113
0.317164
0.317208
0.317245
0.317275
0.317296
0.3175
0.317767
0.318028
0.318277
0.31852
0.318755
0.318979
0.319193
0.319389
0.319547
0.319667
0.319752
0.319798
0.319803
0.319763
0.319679
0.319568
0.319443
0.319292
0.319114
0.318911
0.318684
0.318472
0.318288
0.318109
0.317935
0.317769
0.317609
0.317459
0.317317
0.317186
0.317067
0.316961
0.316868
0.316789
0.316722
0.316667
0.316625
0.316597
0.316583
0.316585
0.316601
0.316634
0.316682
0.316745
0.316823
0.316913
0.317014
0.317116
0.317223
0.317331
0.31744
0.317547
0.317653
0.317756
0.317855
0.31795
0.318039
0.318123
0.318199
0.318268
0.318329
0.318381
0.318423
0.318455
0.318579
0.318841
0.319092
0.319336
0.319572
0.319799
0.320015
0.32022
0.320406
0.320553
0.320664
0.320741
0.320778
0.320774
0.320725
0.320632
0.320494
0.320331
0.320154
0.319951
0.319722
0.31947
0.319269
0.31907
0.318878
0.318693
0.318517
0.318351
0.318195
0.318051
0.31792
0.317804
0.317703
0.317617
0.317548
0.317493
0.317453
0.317426
0.317414
0.317416
0.317433
0.317464
0.31751
0.317571
0.317645
0.317731
0.317828
0.317933
0.31804
0.318147
0.318253
0.318357
0.318459
0.318557
0.318651
0.31874
0.318823
0.318899
0.318969
0.319031
0.319084
0.31913
0.319167
0.319194
0.319211
0.319353
0.319608
0.319857
0.320097
0.320329
0.320551
0.320763
0.320965
0.321148
0.321294
0.3214
0.321469
0.321499
0.321486
0.321428
0.321325
0.321177
0.320984
0.320765
0.320529
0.320267
0.320053
0.31984
0.319633
0.319427
0.319233
0.319049
0.318875
0.318713
0.318563
0.318426
0.318303
0.318196
0.318105
0.31803
0.317969
0.317921
0.31789
0.317875
0.317877
0.317899
0.317941
0.318004
0.318088
0.31819
0.318308
0.318441
0.318584
0.318729
0.318875
0.319019
0.319159
0.31929
0.319418
0.319538
0.31965
0.319754
0.319846
0.31993
0.320002
0.320063
0.320114
0.320154
0.320182
0.320197
0.320333
0.320581
0.320821
0.321052
0.321274
0.321487
0.321688
0.321877
0.322047
0.322177
0.322268
0.322324
0.322341
0.322316
0.322248
0.322135
0.321978
0.321776
0.321532
0.321244
0.320969
0.320732
0.320499
0.320272
0.320051
0.319838
0.319635
0.319441
0.319259
0.31909
0.318934
0.318794
0.318669
0.318562
0.318472
0.318397
0.318337
0.318294
0.318267
0.318257
0.318263
0.318285
0.318317
0.318368
0.318432
0.318506
0.31859
0.318679
0.318769
0.318857
0.318943
0.319026
0.319105
0.319179
0.319247
0.31931
0.319367
0.319417
0.31946
0.319495
0.319522
0.319541
0.319551
0.319552
0.319543
0.319673
0.319849
0.320067
0.320278
0.320482
0.320678
0.320866
0.321039
0.321198
0.321318
0.3214
0.321445
0.321451
0.321414
0.321333
0.321207
0.321036
0.32082
0.32056
0.320332
0.320078
0.319826
0.319595
0.31937
0.319151
0.318941
0.31874
0.318549
0.318369
0.318201
0.318047
0.317907
0.317782
0.317674
0.317583
0.317507
0.317449
0.31741
0.317392
0.317391
0.317417
0.317465
0.317536
0.317629
0.317739
0.317865
0.318005
0.318152
0.3183
0.318446
0.318589
0.318727
0.318859
0.318984
0.319101
0.31921
0.31931
0.3194
0.319479
0.319547
0.319605
0.319652
0.319688
0.319713
0.319726
0.319862
0.320048
0.320277
0.3205
0.320711
0.320918
0.321115
0.321298
0.321463
0.321589
0.321678
0.321732
0.321749
0.321725
0.321657
0.321547
0.321393
0.321196
0.320959
0.320682
0.320466
0.320272
0.32009
0.319923
0.319771
0.319636
0.319517
0.319414
0.319329
0.319263
0.319215
0.319186
0.319177
0.319186
0.319213
0.319254
0.319308
0.319375
0.319453
0.319543
0.319642
0.31975
0.319866
0.319991
0.320122
0.320259
0.320402
0.320549
0.320698
0.320847
0.320996
0.321146
0.321295
0.321444
0.321592
0.321737
0.321879
0.322013
0.322141
0.322264
0.322382
0.322493
0.322797
0.323109
0.323495
0.323945
0.324394
0.324837
0.325272
0.325699
0.326118
0.326527
0.326926
0.327307
0.327655
0.327965
0.328234
0.32846
0.32864
0.328774
0.328861
0.3289
0.328892
0.328839
0.328742
0.328601
0.328457
0.328331
0.328194
0.3281
0.328009
0.327926
0.327852
0.327788
0.327736
0.327697
0.327673
0.327665
0.327674
0.3277
0.327739
0.327794
0.327864
0.327948
0.328046
0.328156
0.328274
0.328398
0.328523
0.328648
0.328772
0.328894
0.329012
0.329124
0.32923
0.329328
0.329421
0.329506
0.329585
0.329657
0.329721
0.329778
0.329827
0.329868
0.329901
0.329924
0.329941
0.330088
0.330235
0.330521
0.330792
0.331052
0.331299
0.331531
0.331748
0.331949
0.332134
0.332311
0.332474
0.332605
0.332703
0.332762
0.332782
0.332759
0.332694
0.332586
0.332435
0.332242
0.332062
0.331894
0.331715
0.331529
0.331346
0.33117
0.331
0.330839
0.330688
0.330548
0.330422
0.33031
0.330214
0.330135
0.330073
0.330028
0.329998
0.32998
0.32997
0.329961
0.32995
0.32993
0.329894
0.329838
0.329762
0.329669
0.329563
0.329448
0.329329
0.32921
0.329095
0.328984
0.32888
0.328783
0.328693
0.328608
0.328529
0.328454
0.328383
0.328315
0.328249
0.328185
0.328213
0.328334
0.328462
0.328596
0.32873
0.329
0.329267
0.32953
0.329789
0.330041
0.330286
0.330524
0.330754
0.33097
0.331152
0.331299
0.331402
0.331464
0.331482
0.331455
0.331383
0.33128
0.331154
0.330999
0.330843
0.330699
0.330545
0.33039
0.330238
0.330087
0.329939
0.329795
0.329656
0.329521
0.329392
0.329268
0.32915
0.329037
0.328928
0.328823
0.328722
0.328625
0.328532
0.328445
0.328368
0.328301
0.328249
0.328212
0.328189
0.328176
0.328172
0.328173
0.328175
0.328176
0.328174
0.32817
0.328165
0.328161
0.328157
0.328153
0.328149
0.328143
0.328135
0.328125
0.328112
0.328096
0.328076
0.328052
0.328247
0.328511
0.328779
0.329048
0.329314
0.329571
0.32982
0.330059
0.330288
0.330506
0.330706
0.33087
0.330999
0.331091
0.331144
0.331157
0.33113
0.331061
0.330952
0.330837
0.330728
0.3306
0.330453
0.33029
0.330147
0.330008
0.329877
0.329755
0.329644
0.329545
0.329459
0.329387
0.32933
0.329287
0.329258
0.329239
0.329228
0.329218
0.329204
0.329181
0.329145
0.329089
0.329008
0.328902
0.328769
0.328611
0.328426
0.328224
0.328015
0.327813
0.327628
0.327465
0.327324
0.327203
0.327097
0.327013
0.326945
0.326891
0.326851
0.326821
0.326801
0.326788
0.326779
0.32677
0.326759
0.326923
0.327083
0.327371
0.327659
0.327941
0.328214
0.328479
0.328736
0.328985
0.329224
0.329448
0.329638
0.329791
0.329903
0.329972
0.329998
0.329979
0.329916
0.329807
0.329655
0.329458
0.329239
0.329042
0.328864
0.328687
0.328512
0.328342
0.328176
0.328015
0.327862
0.327715
0.327577
0.327447
0.327325
0.327211
0.327104
0.327004
0.326909
0.326819
0.326734
0.326655
0.326582
0.326517
0.326462
0.326417
0.326381
0.326354
0.326333
0.326317
0.326305
0.326295
0.326287
0.326282
0.326281
0.326283
0.32629
0.3263
0.326313
0.326327
0.326342
0.326356
0.326368
0.326377
0.326381
0.326382
0.326601
0.326892
0.327188
0.327485
0.327778
0.328064
0.328342
0.32861
0.328868
0.329116
0.329346
0.329539
0.329697
0.329818
0.329899
0.329939
0.329937
0.329894
0.329808
0.329682
0.329582
0.329458
0.329313
0.32915
0.329013
0.328878
0.32875
0.328631
0.328522
0.328423
0.328337
0.328265
0.328207
0.328163
0.328134
0.328119
0.328114
0.328113
0.328114
0.328111
0.328099
0.328071
0.328024
0.327955
0.327863
0.32775
0.327617
0.327471
0.327318
0.327169
0.327034
0.326914
0.326812
0.326729
0.326662
0.326612
0.326577
0.326554
0.32654
0.326535
0.326535
0.32654
0.326548
0.326553
0.326642
0.326816
0.32699
0.327293
0.327593
0.327888
0.328175
0.328454
0.328725
0.328987
0.32924
0.329477
0.329679
0.329843
0.329967
0.330047
0.330083
0.330073
0.330019
0.329921
0.329776
0.329589
0.329402
0.329186
0.329012
0.328838
0.328669
0.328507
0.328351
0.328205
0.328068
0.327943
0.327829
0.327727
0.327639
0.327565
0.327505
0.327457
0.327417
0.327384
0.327357
0.327332
0.327308
0.327282
0.327254
0.327224
0.327193
0.327163
0.327133
0.327102
0.32708
0.327065
0.327058
0.32706
0.327072
0.327092
0.32712
0.327152
0.327186
0.327221
0.327255
0.327287
0.327315
0.327338
0.327355
0.327363
0.327434
0.327724
0.328013
0.328302
0.328588
0.328865
0.329134
0.329394
0.329642
0.329878
0.330097
0.330279
0.330425
0.330533
0.3306
0.330625
0.330607
0.330546
0.330441
0.330294
0.330134
0.329973
0.329807
0.329647
0.32949
0.329338
0.329193
0.329055
0.328927
0.32881
0.328706
0.328616
0.328541
0.328484
0.328444
0.328421
0.328415
0.328418
0.328427
0.328438
0.328444
0.328437
0.328409
0.328355
0.328273
0.328166
0.328038
0.327898
0.327758
0.327628
0.327512
0.327422
0.327354
0.327305
0.327274
0.327258
0.327253
0.327258
0.32727
0.327287
0.327308
0.327332
0.327358
0.32738
0.327482
0.327666
0.327853
0.328169
0.32848
0.328786
0.329085
0.329374
0.329654
0.329924
0.33018
0.330422
0.330628
0.330796
0.330924
0.331008
0.331047
0.331041
0.330988
0.33089
0.330747
0.330561
0.33033
0.330109
0.329891
0.3297
0.329512
0.329328
0.32915
0.32898
0.328819
0.328667
0.328527
0.328399
0.328285
0.328185
0.328101
0.328031
0.327973
0.327926
0.32789
0.327862
0.32784
0.327821
0.327805
0.32779
0.327778
0.327771
0.327772
0.327783
0.327806
0.327836
0.327874
0.327919
0.327969
0.328023
0.328079
0.328135
0.32819
0.328241
0.328289
0.328331
0.328368
0.328397
0.328419
0.328431
0.328433
0.328723
0.329004
0.329287
0.329566
0.329839
0.330103
0.330358
0.330602
0.330835
0.331044
0.331219
0.331359
0.33146
0.331518
0.331533
0.331502
0.331427
0.331307
0.331143
0.330937
0.330745
0.330526
0.330338
0.330154
0.329978
0.329811
0.329655
0.329512
0.329383
0.329271
0.329176
0.3291
0.329045
0.329013
0.329004
0.329017
0.329048
0.329095
0.329155
0.329221
0.329283
0.32933
0.329351
0.329336
0.329287
0.329212
0.329125
0.329038
0.32896
0.328896
0.328845
0.328808
0.328781
0.328764
0.328755
0.32875
0.32875
0.328753
0.328757
0.328763
0.328768
0.328771
0.32877
0.328765
0.328906
0.329183
0.329465
0.329748
0.330027
0.330297
0.330557
0.330809
0.331051
0.331282
0.331496
0.331675
0.331818
0.331915
0.331966
0.33197
0.331925
0.331833
0.331692
0.331522
0.331331
0.331108
0.330877
0.330652
0.330426
0.3302
0.329976
0.329755
0.329539
0.329328
0.329125
0.32893
0.328744
0.328568
0.328406
0.328257
0.328122
0.328003
0.327899
0.327812
0.327742
0.327691
0.327659
0.327648
0.327658
0.327684
0.327723
0.327772
0.327829
0.327891
0.327949
0.328003
0.328051
0.328094
0.328129
0.328157
0.328178
0.32819
0.328192
0.328186
0.328168
0.328141
0.328103
0.328053
0.327998
0.328052
0.328261
0.32847
0.328681
0.328888
0.329089
0.329282
0.329466
0.329641
0.329804
0.329948
0.330054
0.330124
0.330158
0.33015
0.330099
0.330019
0.329923
0.329801
0.329655
0.329485
0.329292
0.329076
0.328841
0.328594
0.328383
0.328174
0.327973
0.327782
0.327601
0.327431
0.327275
0.327133
0.327006
0.326894
0.326799
0.326719
0.32665
0.326591
0.326541
0.326494
0.326445
0.326387
0.326311
0.326215
0.3261
0.325973
0.325843
0.325716
0.325597
0.325492
0.325399
0.325321
0.325255
0.325201
0.325158
0.325124
0.325098
0.325078
0.325063
0.325052
0.325043
0.325036
0.325027
0.325013
0.325154
0.325441
0.325731
0.326022
0.326308
0.326583
0.326848
0.327104
0.32735
0.327586
0.327805
0.327986
0.328131
0.328235
0.328295
0.328311
0.32828
0.328203
0.328103
0.327996
0.327861
0.327701
0.327516
0.327309
0.32709
0.326857
0.326667
0.326477
0.326292
0.326112
0.325938
0.32577
0.32561
0.325457
0.325312
0.325174
0.325045
0.324925
0.324813
0.32471
0.324615
0.324531
0.324458
0.324398
0.324354
0.324326
0.324315
0.324319
0.324336
0.324362
0.324392
0.324424
0.324459
0.324495
0.324532
0.32457
0.324607
0.324641
0.324672
0.324699
0.324721
0.324737
0.324748
0.324753
0.32475
0.32487
0.325066
0.325333
0.325599
0.325859
0.32611
0.326352
0.326583
0.326802
0.327008
0.327194
0.327343
0.327453
0.327524
0.327554
0.32754
0.327481
0.327424
0.32734
0.327234
0.327105
0.326953
0.326781
0.32659
0.326391
0.326181
0.325962
0.325779
0.325601
0.325431
0.325271
0.325122
0.324984
0.324859
0.324746
0.324647
0.32456
0.324485
0.324419
0.324362
0.324311
0.324261
0.324208
0.324144
0.324065
0.323972
0.323875
0.32378
0.323696
0.323626
0.32357
0.323528
0.323497
0.323479
0.323471
0.323472
0.323482
0.323499
0.323521
0.323546
0.323572
0.3236
0.323626
0.323648
0.323665
0.323804
0.324026
0.324329
0.324632
0.324929
0.325217
0.325496
0.325765
0.326024
0.326272
0.326501
0.326693
0.326846
0.326958
0.327027
0.32705
0.327025
0.326952
0.326855
0.326743
0.326604
0.326438
0.326246
0.326032
0.325805
0.325562
0.32537
0.325179
0.324992
0.324812
0.324639
0.324472
0.324314
0.324164
0.324023
0.323891
0.32377
0.323658
0.323557
0.323469
0.323393
0.323333
0.323289
0.323263
0.323257
0.323272
0.323307
0.32336
0.323428
0.323507
0.323589
0.323674
0.323761
0.323848
0.323935
0.32402
0.324103
0.324182
0.324258
0.324328
0.324393
0.324452
0.324503
0.324546
0.32458
0.324741
0.324974
0.325282
0.325589
0.32589
0.326182
0.326463
0.326735
0.326994
0.32724
0.327467
0.327655
0.327805
0.327916
0.327985
0.328008
0.327984
0.327933
0.327868
0.327777
0.327662
0.327522
0.327358
0.327174
0.326979
0.326773
0.326555
0.326349
0.326166
0.325991
0.325825
0.325668
0.325524
0.325393
0.325276
0.325174
0.325089
0.325019
0.324965
0.324926
0.324898
0.324877
0.324851
0.324806
0.324731
0.324625
0.324503
0.324382
0.324281
0.324211
0.324176
0.324173
0.324195
0.324236
0.324291
0.324357
0.32443
0.324509
0.324592
0.324676
0.324761
0.324846
0.324926
0.324998
0.325061
0.325242
0.325414
0.325752
0.32608
0.326401
0.326712
0.327012
0.327301
0.327578
0.327841
0.328084
0.328289
0.328456
0.328584
0.328668
0.328708
0.3287
0.328645
0.328542
0.328393
0.328218
0.328027
0.327807
0.32756
0.327295
0.327052
0.326844
0.32664
0.326443
0.326252
0.326068
0.325893
0.325727
0.325572
0.325429
0.325298
0.325181
0.325077
0.324987
0.324914
0.324858
0.32482
0.324804
0.324811
0.324843
0.3249
0.32498
0.325082
0.325204
0.325344
0.325491
0.325642
0.325793
0.325943
0.32609
0.32623
0.326365
0.326491
0.326609
0.326717
0.326815
0.326903
0.326979
0.327045
0.327098
0.327283
0.327455
0.327777
0.328094
0.328404
0.328705
0.328995
0.329275
0.329542
0.329792
0.330023
0.330217
0.330374
0.330492
0.330569
0.330599
0.330583
0.33052
0.33041
0.330271
0.330117
0.329934
0.329725
0.329491
0.329242
0.329005
0.328792
0.328585
0.328384
0.328193
0.328013
0.327845
0.327692
0.327556
0.32744
0.327345
0.327272
0.327214
0.327175
0.327155
0.327151
0.327156
0.327159
0.327145
0.327106
0.327042
0.326967
0.326903
0.326867
0.326867
0.326906
0.326976
0.327071
0.327181
0.327301
0.327424
0.327547
0.327668
0.327784
0.327894
0.327997
0.328093
0.328179
0.328253
0.328313
0.328358
0.328453
0.328774
0.32908
0.329379
0.329664
0.329937
0.330196
0.330441
0.330671
0.33088
0.331051
0.331184
0.331276
0.331324
0.331328
0.331284
0.331194
0.331057
0.330874
0.330645
0.330371
0.330067
0.329822
0.329576
0.329333
0.329091
0.328854
0.328623
0.3284
0.328186
0.327982
0.327789
0.327609
0.327442
0.327292
0.327159
0.327042
0.326944
0.326867
0.326813
0.326786
0.326791
0.32683
0.326906
0.327018
0.327161
0.327336
0.327537
0.327755
0.327976
0.328196
0.32841
0.328613
0.328804
0.32898
0.329139
0.329283
0.329409
0.329518
0.32961
0.329684
0.329742
0.329785
0.329813
0.329826
0.330051
0.330343
0.33063
0.330908
0.331176
0.331432
0.331675
0.331902
0.332113
0.332303
0.332454
0.332568
0.332642
0.332674
0.33266
0.332599
0.332492
0.332338
0.332138
0.331892
0.331601
0.331304
0.331008
0.330738
0.330474
0.330215
0.329964
0.329723
0.329493
0.329275
0.329072
0.328886
0.328719
0.328575
0.328455
0.328362
0.328295
0.328255
0.328243
0.328254
0.328287
0.328328
0.32836
0.328371
0.328359
0.328331
0.328295
0.328258
0.32825
0.328292
0.328383
0.328513
0.328664
0.328831
0.329003
0.329174
0.32934
0.329498
0.329646
0.329785
0.329912
0.330026
0.330122
0.330201
0.330262
0.330303
0.330407
0.330691
0.33096
0.331216
0.331458
0.331686
0.331897
0.332092
0.332263
0.332396
0.332488
0.332542
0.332554
0.332521
0.332441
0.332315
0.332141
0.331921
0.331655
0.331412
0.33114
0.330845
0.33053
0.330227
0.329939
0.329657
0.32938
0.329111
0.328851
0.328601
0.328362
0.328128
0.327905
0.327697
0.327505
0.327332
0.327184
0.327062
0.326971
0.326914
0.326896
0.326919
0.326986
0.327096
0.327249
0.327435
0.32765
0.327882
0.328111
0.328332
0.32854
0.328729
0.328899
0.32905
0.329181
0.329292
0.329384
0.329456
0.329509
0.329543
0.32956
0.329562
0.329551
0.329525
0.329559
0.329803
0.330041
0.330273
0.330495
0.330707
0.330907
0.331091
0.331263
0.331412
0.331523
0.331596
0.331631
0.331624
0.331573
0.331475
0.331331
0.331141
0.330903
0.330645
0.330377
0.330083
0.329766
0.329484
0.329203
0.328929
0.328663
0.328406
0.328159
0.327925
0.327706
0.327504
0.327328
0.32718
0.327064
0.326982
0.326932
0.326917
0.326939
0.326999
0.327095
0.32722
0.327365
0.32752
0.327666
0.327813
0.327968
0.328144
0.328342
0.328554
0.328771
0.32899
0.329205
0.329413
0.329612
0.329802
0.329982
0.330151
0.33031
0.330458
0.330596
0.330722
0.330838
0.331029
0.331305
0.331668
0.332106
0.332547
0.332987
0.333418
0.333836
0.334242
0.334634
0.335012
0.335369
0.335692
0.335977
0.336221
0.336422
0.336577
0.336685
0.336746
0.336762
0.336731
0.336656
0.336594
0.3365
0.336382
0.336252
0.33615
0.336047
0.33595
0.335859
0.335778
0.335708
0.335653
0.335618
0.335605
0.335621
0.335669
0.335753
0.335872
0.33603
0.336227
0.336455
0.336707
0.336967
0.337208
0.337407
0.337563
0.337688
0.337784
0.337878
0.337989
0.338115
0.338249
0.338385
0.338519
0.33865
0.338776
0.338896
0.33901
0.339117
0.339217
0.339309
0.339393
0.339468
0.339533
0.339587
0.339694
0.340026
0.340351
0.340674
0.340991
0.341297
0.341592
0.341872
0.342139
0.34239
0.342622
0.342819
0.342982
0.343098
0.343167
0.343188
0.343159
0.343082
0.342956
0.342784
0.342578
0.342349
0.342088
0.3418
0.341563
0.341327
0.341097
0.340877
0.34067
0.340478
0.340306
0.340159
0.340044
0.339969
0.339945
0.339984
0.340098
0.340293
0.340578
0.340951
0.341378
0.341824
0.342232
0.34264
0.343229
0.343928
0.344521
0.345039
0.3455
0.345919
0.34631
0.346649
0.346924
0.347208
0.347544
0.347946
0.348395
0.348861
0.349321
0.349759
0.350168
0.350546
0.350892
0.351213
0.351505
0.351771
0.352011
0.352329
0.352709
0.353075
0.353437
0.353798
0.354159
0.35452
0.355024
0.35551
0.355969
0.356394
0.356767
0.357088
0.35736
0.357582
0.357756
0.357883
0.357963
0.357999
0.358009
0.358001
0.357962
0.357893
0.357796
0.357673
0.357523
0.357349
0.357149
0.356923
0.356669
0.356384
0.356062
0.355727
0.35538
0.354998
0.354582
0.354138
0.353672
0.353207
0.352781
0.35244
0.352166
0.351857
0.351513
0.351136
0.350724
0.350279
0.3498
0.349287
0.34874
0.34816
0.347547
0.3469
0.34622
0.345507
0.344762
0.343983
0.343172
0.342328
0.341452
0.340543
0.339602
0.338628
0.337622
0.336584
0.335514
0.334413
0.333282
0.332119
0.330925
0.3297
0.328444
0.327156
0.325838
0.324486
0.323101
0.321682
0.320234
0.318758
0.31725
0.315713
0.314151
0.312564
0.310955
0.309321
0.307662
0.305977
0.304264
0.302523
0.300957
0.299647
0.298322
0.296975
0.295602
0.294204
0.29278
0.291334
0.289863
0.288367
0.286849
0.285307
0.283741
0.282152
0.280539
0.278903
0.277244
0.275563
0.273859
0.272132
0.270383
0.268613
0.26682
0.265005
0.263169
0.261351
0.259551
0.257733
0.255897
0.254044
0.252175
0.250291
0.248391
0.246476
0.244546
0.2426
0.240638
0.238659
0.236664
0.234652
0.232625
0.230587
0.228536
0.226473
0.224396
0.222309
0.220212
0.218106
0.215993
0.213874
0.211749
0.209622
0.207493
0.205365
0.203238
0.201844
0.201168
0.20083
0.200472
0.200093
0.199694
0.199274
0.198834
0.198372
0.197889
0.197385
0.19686
0.196313
0.195744
0.195154
0.194542
0.193907
0.193225
0.192515
0.191778
0.191012
0.190219
0.189394
0.188527
0.187616
0.186663
0.185796
0.184899
0.183983
0.183089
0.182225
0.181381
0.180563
0.17978
0.179041
0.178353
0.177724
0.177158
0.177432
0.177746
0.178106
0.17851
0.178943
0.1794
0.179879
0.180392
0.180895
0.181386
0.181867
0.182332
0.182777
0.183199
0.183596
0.183964
0.184302
0.184609
0.184881
0.185117
0.185316
0.185476
0.185595
0.185704
0.185896
0.186188
0.186571
0.187039
0.187556
0.18803
0.188462
0.188851
0.189196
0.189499
0.189757
0.189972
0.19014
0.190252
0.190307
0.19031
0.190263
0.190167
0.190027
0.189846
0.189635
0.189504
0.189357
0.189197
0.189027
0.188843
0.188646
0.188435
0.188211
0.187975
0.18773
0.187475
0.18721
0.186936
0.186651
0.186356
0.18605
0.18573
0.185395
0.185105
0.184862
0.184601
0.184323
0.184024
0.183706
0.183364
0.183
0.182611
0.182198
0.181761
0.181297
0.180808
0.180339
0.179909
0.179479
0.179055
0.179016
0.178974
0.178919
0.178866
0.178807
0.178744
0.178679
0.178615
0.178576
0.17854
0.178508
0.178479
0.178453
0.178441
0.178419
0.178421
0.178449
0.178481
0.178517
0.178557
0.178596
0.178627
0.178652
0.178677
0.178709
0.178741
0.178772
0.178803
0.178833
0.178861
0.178889
0.178915
0.178939
0.178962
0.178982
0.178994
0.179004
0.17901
0.179013
0.179013
0.179014
0.179014
0.179015
0.179013
0.179012
0.179013
0.179013
0.179011
0.179011
0.17901
0.17901
0.17901
0.17901
0.179009
0.179009
0.179008
0.179008
0.179008
0.179007
0.179007
0.179007
0.179007
0.179006
0.179006
0.179005
0.179005
0.179005
0.179004
0.179004
0.179004
0.179004
0.179003
0.179003
0.179003
0.179003
0.179002
0.179002
0.179002
0.179002
0.179002
0.179002
0.179001
0.179001
0.179001
0.179001
0.179001
0.179001
0.179001
0.179
0.179
0.179
0.179
0.179
0.179
0.178999
0.178999
0.178999
0.178999
0.178999
0.178999
0.178999
0.178999
0.178998
0.178998
0.178998
0.178998
0.178998
0.178998
0.178998
0.178998
0.178998
0.178997
0.178997
0.178997
0.178996
0.178996
0.178996
0.178996
0.178996
0.178996
0.178995
0.178995
0.178995
0.178995
0.178995
0.178995
0.178995
0.178995
0.178991
0.17899
0.17899
0.17899
0.17899
0.178989
0.178989
0.178989
0.178989
0.178988
0.178988
0.178988
0.178988
0.178987
0.178987
0.178987
0.178986
0.178986
0.178986
0.178986
0.178986
0.178985
0.178985
0.178985
0.178984
0.178984
0.178984
0.178983
0.178983
0.178983
0.178983
0.178983
0.178982
0.178982
0.178982
0.178981
0.178981
0.178981
0.17898
0.17898
0.17898
0.178979
0.178979
0.178979
0.178978
0.178978
0.178978
0.178978
0.178977
0.178977
0.178976
0.178976
0.178976
0.178976
0.178975
0.178975
0.178975
0.178975
0.178975
0.178974
0.178974
0.178974
0.178973
0.178973
0.178973
0.178973
0.178972
0.178972
0.178972
0.178972
0.178972
0.178972
0.178971
0.178971
0.178971
0.17897
0.17897
0.17897
0.178969
0.178969
0.178969
0.178966
0.178966
0.178965
0.178965
0.178965
0.178964
0.178964
0.178964
0.178963
0.178963
0.178963
0.178962
0.178962
0.178961
0.178961
0.178961
0.178961
0.17896
0.17896
0.17896
0.178959
0.178959
0.178959
0.178958
0.178958
0.178958
0.178957
0.178957
0.178957
0.178957
0.178956
0.178956
0.178956
0.178955
0.178955
0.178955
0.178952
0.178952
0.178952
0.178951
0.178951
0.178951
0.178951
0.17895
0.17895
0.17895
0.17895
0.178949
0.178949
0.178949
0.178948
0.178948
0.178948
0.178947
0.178947
0.178947
0.178946
0.178946
0.178946
0.178945
0.178945
0.178945
0.178944
0.178944
0.178944
0.178943
0.178943
0.178943
0.178943
0.178942
0.178942
0.178942
0.178941
0.178941
0.178941
0.178941
0.17894
0.178938
0.178938
0.178938
0.178937
0.178937
0.178937
0.178937
0.178936
0.178936
0.178936
0.178936
0.178936
0.178935
0.178935
0.178935
0.178935
0.178935
0.178934
0.178934
0.178934
0.178934
0.178934
0.178934
0.178934
0.178934
0.178934
0.178934
0.178934
0.178934
0.178933
0.178933
0.178933
0.178933
0.178933
0.178933
0.178933
0.178933
0.178933
0.178933
0.178933
0.178932
0.178932
0.178932
0.178932
0.178932
0.178932
0.178932
0.178932
0.178932
0.178932
0.178932
0.17893
0.17893
0.17893
0.178931
0.178931
0.178931
0.178931
0.178931
0.178931
0.178931
0.178931
0.17893
0.17893
0.17893
0.17893
0.17893
0.17893
0.17893
0.178931
0.17893
0.17893
0.17893
0.178931
0.17893
0.17893
0.17893
0.178928
0.178926
0.178926
0.178925
0.178925
0.178925
0.178925
0.178925
0.178925
0.178925
0.178925
0.178925
0.178925
0.178925
0.178924
0.178924
0.178924
0.178924
0.178924
0.178924
0.178924
0.178924
0.178924
0.178924
0.178924
0.178924
0.178924
0.178924
0.178924
0.178924
0.178924
0.178924
0.178924
0.178924
0.178924
0.178924
0.178924
0.178924
0.178924
0.178924
0.178924
0.178924
0.178924
0.178924
0.178923
0.178923
0.178923
0.178923
0.178923
0.178923
0.178923
0.178923
0.178923
0.178923
0.178923
0.178922
0.178922
0.17892
0.17892
0.17892
0.17892
0.17892
0.17892
0.17892
0.17892
0.17892
0.17892
0.17892
0.178919
0.178919
0.178919
0.178919
0.178919
0.178919
0.178919
0.178919
0.178919
0.178917
0.178917
0.178917
0.178918
0.178918
0.178918
0.178918
0.178918
0.178918
0.178918
0.178918
0.178918
0.178918
0.178918
0.178918
0.178918
0.178918
0.178918
0.178918
0.178919
0.178919
0.178918
0.178918
0.178918
0.178918
0.178916
0.178916
0.178916
0.178916
0.178916
0.178916
0.178916
0.178916
0.178917
0.178917
0.178917
0.178917
0.178917
0.178917
0.178918
0.178918
0.178918
0.178918
0.178918
0.178918
0.178918
0.178918
0.178918
0.178918
0.178918
0.178918
0.178918
0.178918
0.178917
0.178917
0.178917
0.178917
0.178915
0.178916
0.178916
0.178915
0.178915
0.178916
0.178916
0.178915
0.178915
0.178915
0.178916
0.178916
0.178916
0.178916
0.178916
0.178916
0.178916
0.178916
