0.314404
0.314457
0.31451
0.314562
0.314613
0.314663
0.314711
0.314755
0.314792
0.314826
0.314855
0.314878
0.314893
0.315032
0.315202
0.315407
0.315607
0.315802
0.31599
0.316171
0.316336
0.316465
0.316557
0.316612
0.31663
0.316607
0.316541
0.316433
0.316282
0.316118
0.315955
0.315791
0.315637
0.315479
0.315325
0.315177
0.315035
0.3149
0.314772
0.314653
0.314544
0.314444
0.314355
0.314277
0.31421
0.314155
0.314107
0.314071
0.314044
0.314027
0.314019
0.31402
0.314031
0.31405
0.314077
0.314111
0.314152
0.3142
0.314254
0.314313
0.314375
0.314439
0.314504
0.314571
0.314639
0.314708
0.314776
0.314843
0.31491
0.314975
0.315039
0.3151
0.315159
0.315214
0.315264
0.315308
0.315417
0.31559
0.315763
0.31593
0.316089
0.31624
0.316407
0.31659
0.316765
0.316922
0.317044
0.317128
0.317175
0.317183
0.31715
0.317074
0.316954
0.316791
0.316641
0.316466
0.316295
0.316138
0.315976
0.315819
0.315667
0.315521
0.315382
0.315251
0.315129
0.315016
0.314913
0.31482
0.314739
0.314669
0.31461
0.314563
0.314526
0.314499
0.314482
0.314474
0.314473
0.31448
0.314495
0.314515
0.314541
0.314573
0.31461
0.314653
0.314701
0.314751
0.314803
0.314858
0.314916
0.314975
0.315036
0.315098
0.31516
0.315221
0.315281
0.315338
0.315393
0.315444
0.31549
0.315531
0.315564
0.315591
0.315682
0.315835
0.315982
0.316121
0.316278
0.316455
0.316626
0.316786
0.316933
0.317043
0.317117
0.317155
0.317155
0.317113
0.317029
0.316902
0.316731
0.316517
0.316288
0.316121
0.315942
0.315758
0.315579
0.315406
0.31524
0.315082
0.314933
0.314794
0.314665
0.314546
0.31444
0.314347
0.314268
0.314202
0.314149
0.314108
0.314079
0.314063
0.31406
0.314071
0.314096
0.314135
0.314187
0.314249
0.314321
0.314403
0.314491
0.314585
0.314679
0.314774
0.314868
0.314961
0.315053
0.315142
0.31523
0.315314
0.315395
0.315472
0.315544
0.315611
0.315673
0.315728
0.315777
0.315818
0.315852
0.316012
0.316169
0.316322
0.316468
0.316638
0.31683
0.317015
0.317193
0.317354
0.317479
0.317566
0.317617
0.31763
0.317601
0.31753
0.317416
0.317258
0.317108
0.316931
0.31673
0.316535
0.316359
0.316188
0.316022
0.315862
0.315709
0.315564
0.315427
0.315299
0.315181
0.315074
0.314979
0.314892
0.314821
0.314762
0.314716
0.31468
0.314655
0.314641
0.31464
0.314651
0.314673
0.314706
0.31475
0.314802
0.314864
0.314934
0.31501
0.315089
0.31517
0.315251
0.315334
0.315415
0.315496
0.315576
0.315653
0.315728
0.3158
0.315868
0.31593
0.315987
0.316037
0.316079
0.316113
0.316139
0.316305
0.316464
0.316615
0.316758
0.316892
0.317017
0.317132
0.317258
0.31737
0.317445
0.317484
0.317489
0.317455
0.317382
0.317266
0.317107
0.316943
0.316749
0.316561
0.316391
0.316213
0.316031
0.315854
0.315684
0.315522
0.315367
0.315221
0.315086
0.314961
0.314848
0.314748
0.314661
0.314587
0.314528
0.314483
0.314446
0.314425
0.314414
0.314417
0.314435
0.314466
0.314511
0.31457
0.314642
0.314724
0.314817
0.314918
0.315024
0.31513
0.315236
0.31534
0.315443
0.315544
0.315642
0.315736
0.315827
0.315913
0.315994
0.31607
0.316139
0.316203
0.31626
0.316309
0.316351
0.316385
0.31641
0.316555
0.316694
0.316826
0.317016
0.317198
0.317374
0.317542
0.317692
0.317807
0.317884
0.317927
0.317931
0.317896
0.317817
0.317695
0.31753
0.317321
0.317119
0.316891
0.316708
0.316516
0.316329
0.316149
0.315975
0.31581
0.315655
0.315508
0.315372
0.315247
0.315135
0.315034
0.314948
0.314875
0.314815
0.314767
0.314732
0.31471
0.314702
0.314709
0.314732
0.314769
0.314821
0.314886
0.314963
0.315051
0.315148
0.315252
0.315358
0.315465
0.315571
0.315676
0.315779
0.315879
0.315976
0.316069
0.316158
0.316241
0.316318
0.316389
0.316453
0.316509
0.316557
0.316597
0.316627
0.316792
0.316953
0.317108
0.317255
0.317393
0.317522
0.317641
0.317776
0.317896
0.317979
0.318027
0.31804
0.318015
0.31795
0.317843
0.317693
0.31754
0.317358
0.31715
0.316984
0.316806
0.316625
0.31645
0.316281
0.31612
0.315967
0.315824
0.315691
0.31557
0.315459
0.315362
0.315277
0.315206
0.31515
0.315108
0.315079
0.315061
0.315055
0.315061
0.315079
0.31511
0.315152
0.315207
0.315272
0.315347
0.315431
0.315522
0.315618
0.315714
0.315809
0.3159
0.315989
0.316076
0.316159
0.316238
0.316312
0.316381
0.316445
0.316503
0.316554
0.316599
0.316637
0.316668
0.31669
0.316705
0.316782
0.316923
0.317059
0.317187
0.317335
0.317502
0.317662
0.317814
0.317952
0.318052
0.318116
0.318145
0.318137
0.318087
0.317995
0.31786
0.31768
0.317458
0.317213
0.317033
0.316843
0.316648
0.31646
0.316277
0.316102
0.315935
0.315776
0.315627
0.315489
0.315361
0.315246
0.315143
0.315054
0.314979
0.314919
0.314871
0.314836
0.314816
0.314811
0.314823
0.314845
0.314887
0.314944
0.315015
0.315098
0.315193
0.315296
0.315405
0.315515
0.315625
0.315732
0.315838
0.315941
0.316041
0.316137
0.316227
0.316313
0.316393
0.316466
0.316533
0.316592
0.316644
0.316689
0.316725
0.316753
0.316908
0.317061
0.317208
0.317349
0.317483
0.317662
0.317833
0.317996
0.318143
0.318253
0.318327
0.318365
0.318365
0.318325
0.318242
0.318116
0.317947
0.317761
0.317572
0.31736
0.317125
0.316936
0.316751
0.316573
0.316404
0.316245
0.316097
0.315961
0.315837
0.315726
0.315629
0.315546
0.315479
0.315426
0.315389
0.315362
0.315345
0.315337
0.315338
0.315349
0.31537
0.315401
0.315442
0.315491
0.315547
0.31561
0.315679
0.315753
0.315827
0.315901
0.315975
0.316048
0.316119
0.316189
0.316255
0.316318
0.316377
0.316432
0.316481
0.316524
0.316562
0.316593
0.316618
0.316635
0.316644
0.316799
0.316948
0.317092
0.317228
0.317354
0.317472
0.31763
0.317741
0.317837
0.317897
0.317921
0.317911
0.317864
0.317776
0.317645
0.317471
0.317287
0.317073
0.316834
0.316648
0.316451
0.316252
0.316058
0.31587
0.31569
0.315518
0.315355
0.315202
0.315059
0.314928
0.314809
0.314703
0.314613
0.314537
0.314478
0.314431
0.314397
0.314378
0.314374
0.314385
0.314413
0.314456
0.314515
0.314589
0.314676
0.314774
0.314882
0.314996
0.315111
0.315226
0.31534
0.315451
0.31556
0.315665
0.315765
0.31586
0.31595
0.316034
0.316112
0.316182
0.316246
0.316302
0.31635
0.31639
0.316422
0.316444
0.316581
0.316713
0.316875
0.317065
0.317249
0.317426
0.317594
0.317747
0.317862
0.317941
0.317984
0.31799
0.317955
0.317879
0.31776
0.317597
0.317421
0.317246
0.317048
0.316829
0.316649
0.316472
0.316302
0.316141
0.315988
0.315846
0.315714
0.315594
0.315486
0.315391
0.315309
0.315242
0.315189
0.31515
0.315121
0.315101
0.315092
0.315092
0.315105
0.315129
0.315163
0.315207
0.315259
0.315319
0.315387
0.315461
0.315539
0.315618
0.315698
0.315777
0.315855
0.315932
0.316007
0.316078
0.316147
0.316211
0.31627
0.316324
0.316372
0.316411
0.316444
0.316469
0.316486
0.316574
0.316733
0.316891
0.317042
0.317185
0.317318
0.317442
0.317556
0.317659
0.317745
0.317792
0.317803
0.317777
0.317712
0.317606
0.317483
0.317332
0.317153
0.316948
0.316752
0.316578
0.316396
0.31621
0.31603
0.315856
0.315688
0.315528
0.315378
0.315236
0.315104
0.314984
0.314875
0.314779
0.314696
0.314629
0.314576
0.314536
0.314511
0.314499
0.314502
0.314519
0.314551
0.314598
0.314659
0.314734
0.314822
0.31492
0.315027
0.315141
0.315255
0.315369
0.315482
0.315592
0.315699
0.315803
0.315902
0.315997
0.316086
0.316169
0.316246
0.316316
0.316378
0.316433
0.31648
0.316519
0.316549
0.316572
0.316648
0.316778
0.316979
0.317169
0.317354
0.317532
0.3177
0.317853
0.317969
0.318047
0.31809
0.318096
0.318062
0.317986
0.317867
0.317706
0.31753
0.31735
0.317148
0.316922
0.316736
0.316555
0.31638
0.316213
0.316056
0.315909
0.315772
0.315647
0.315534
0.315434
0.315348
0.315277
0.315221
0.315178
0.315145
0.315124
0.315113
0.315114
0.315127
0.315154
0.315194
0.315247
0.315309
0.315381
0.315461
0.315548
0.31564
0.315733
0.315825
0.315916
0.316005
0.316091
0.316175
0.316255
0.31633
0.316401
0.316466
0.316525
0.316577
0.316622
0.316659
0.316689
0.31671
0.316799
0.316959
0.317119
0.317273
0.317418
0.317555
0.317682
0.317799
0.317906
0.317996
0.318047
0.318062
0.31804
0.317979
0.317889
0.317777
0.317639
0.317472
0.31728
0.317061
0.31689
0.316708
0.316523
0.316342
0.316167
0.315999
0.315838
0.315686
0.315543
0.31541
0.315288
0.315178
0.315079
0.314995
0.314924
0.314868
0.314825
0.314796
0.314782
0.31478
0.314793
0.31482
0.314862
0.314917
0.314986
0.315065
0.315155
0.315253
0.315358
0.315463
0.315567
0.315671
0.315773
0.315874
0.315971
0.316065
0.316155
0.31624
0.316319
0.316393
0.31646
0.316521
0.316574
0.31662
0.316657
0.316686
0.316706
0.316851
0.316987
0.317149
0.317336
0.317516
0.317689
0.317853
0.318001
0.318112
0.318186
0.318226
0.318229
0.318191
0.318111
0.317988
0.317823
0.31764
0.317449
0.317233
0.316992
0.316799
0.316609
0.316427
0.316254
0.316089
0.315936
0.315793
0.315663
0.315546
0.315444
0.315356
0.315284
0.315227
0.315185
0.315155
0.315136
0.315131
0.31514
0.315162
0.315197
0.315246
0.315307
0.31538
0.315459
0.31555
0.315648
0.31575
0.315853
0.315955
0.316055
0.316152
0.316246
0.316337
0.316423
0.316505
0.316581
0.316651
0.316714
0.31677
0.316818
0.31686
0.316895
0.316922
0.31694
0.317091
0.317239
0.317381
0.317516
0.317643
0.317761
0.317887
0.318022
0.318141
0.318223
0.318269
0.31828
0.318253
0.318186
0.318076
0.317924
0.317777
0.317609
0.317462
0.317353
0.317249
0.317152
0.31707
0.317005
0.316955
0.316924
0.316911
0.316918
0.316945
0.316994
0.317066
0.317162
0.317282
0.317428
0.317597
0.317783
0.317986
0.318203
0.318433
0.318676
0.318925
0.319179
0.319432
0.319685
0.319937
0.320187
0.320437
0.320686
0.320932
0.321175
0.321416
0.321655
0.321893
0.322128
0.322362
0.322593
0.322822
0.323047
0.323341
0.323707
0.324067
0.324415
0.324809
0.325243
0.325659
0.326058
0.326438
0.326799
0.327137
0.327454
0.327746
0.328015
0.328261
0.328479
0.328658
0.328797
0.328896
0.328955
0.328971
0.328958
0.328912
0.328834
0.328725
0.328587
0.328419
0.328299
0.328172
0.328049
0.327932
0.327822
0.327722
0.327631
0.327552
0.327486
0.327434
0.327398
0.327378
0.327374
0.327388
0.327416
0.32746
0.327518
0.327589
0.32767
0.32776
0.327854
0.327943
0.328026
0.3281
0.328167
0.328227
0.328281
0.328333
0.328388
0.328446
0.328507
0.328571
0.328636
0.328703
0.32877
0.328836
0.328902
0.329036
0.329246
0.329469
0.329702
0.329939
0.330252
0.330637
0.331024
0.331413
0.3318
0.33218
0.332551
0.332909
0.333254
0.333584
0.3339
0.334196
0.334459
0.334686
0.33487
0.335011
0.335109
0.335164
0.335177
0.335149
0.335176
0.335183
0.335177
0.335158
0.335131
0.335105
0.33508
0.335057
0.33504
0.335027
0.33502
0.33502
0.335026
0.335033
0.335027
0.335007
0.334974
0.334925
0.33486
0.334776
0.334669
0.334541
0.334397
0.334235
0.334054
0.333852
0.333636
0.333413
0.333196
0.332996
0.332818
0.332667
0.33254
0.332436
0.332352
0.332286
0.332237
0.332202
0.332177
0.332161
0.332152
0.332149
0.33215
0.332154
0.332154
0.332151
0.332223
0.332372
0.332524
0.332794
0.333057
0.333314
0.333564
0.333806
0.334039
0.334262
0.33447
0.334646
0.334788
0.334891
0.334952
0.334971
0.334944
0.334873
0.334759
0.3346
0.3344
0.334274
0.334131
0.333982
0.333836
0.333695
0.333561
0.333437
0.333322
0.33322
0.333133
0.33306
0.333005
0.332967
0.332946
0.332942
0.332952
0.332971
0.332997
0.333024
0.333048
0.333068
0.333079
0.33308
0.333065
0.333033
0.332983
0.332915
0.332833
0.332741
0.332646
0.332552
0.332461
0.332374
0.332294
0.332222
0.332157
0.3321
0.332048
0.332003
0.331962
0.331925
0.33189
0.331856
0.331823
0.331942
0.332056
0.332329
0.332602
0.332874
0.33314
0.333399
0.333653
0.333899
0.334139
0.334365
0.33456
0.334722
0.334842
0.33492
0.334955
0.334946
0.334893
0.334796
0.33472
0.33462
0.334496
0.334387
0.334268
0.334152
0.33404
0.333933
0.333832
0.333738
0.333651
0.333571
0.3335
0.333436
0.333377
0.333322
0.33327
0.333217
0.333159
0.333094
0.33302
0.332937
0.332848
0.332757
0.332668
0.332583
0.332506
0.332436
0.332376
0.332324
0.332276
0.332233
0.332196
0.332165
0.332142
0.332128
0.332121
0.33212
0.332124
0.332131
0.33214
0.33215
0.332154
0.332159
0.332161
0.332313
0.332467
0.332628
0.332853
0.333133
0.333411
0.333683
0.333948
0.334206
0.334455
0.334694
0.334917
0.335108
0.335266
0.335386
0.335467
0.335506
0.335504
0.335459
0.335372
0.335245
0.335078
0.334906
0.334788
0.334661
0.33454
0.334425
0.33432
0.334226
0.334144
0.334078
0.334028
0.333997
0.333987
0.333997
0.334029
0.334082
0.334153
0.334235
0.334322
0.334404
0.334471
0.334511
0.334551
0.334598
0.334647
0.33469
0.334715
0.334708
0.334673
0.334634
0.334617
0.334632
0.334677
0.334745
0.334832
0.334932
0.335043
0.335162
0.335287
0.335417
0.335542
0.335673
0.335802
0.335924
0.336038
0.336144
0.336309
0.336612
0.336978
0.337331
0.337669
0.337992
0.3383
0.338594
0.338872
0.339131
0.339358
0.339551
0.339701
0.339805
0.339863
0.339875
0.339839
0.339757
0.339628
0.339455
0.339236
0.339044
0.338827
0.338621
0.338438
0.338256
0.338076
0.337898
0.337724
0.337554
0.337388
0.337227
0.33707
0.336917
0.336769
0.336626
0.336487
0.336355
0.336231
0.336119
0.336023
0.335949
0.335902
0.335882
0.335888
0.335913
0.335951
0.335996
0.336042
0.336081
0.336115
0.336143
0.336167
0.336188
0.336206
0.33622
0.336229
0.336232
0.336228
0.336217
0.336198
0.336172
0.336139
0.336101
0.336195
0.336293
0.336466
0.336699
0.336929
0.337153
0.33737
0.337578
0.337776
0.337965
0.338138
0.338277
0.338385
0.338456
0.338487
0.338477
0.338425
0.338331
0.338196
0.33802
0.337872
0.337702
0.337532
0.337371
0.337216
0.337069
0.336932
0.336806
0.336695
0.3366
0.336523
0.336466
0.336433
0.336426
0.336448
0.3365
0.33658
0.336683
0.336799
0.336915
0.337011
0.337068
0.337084
0.33708
0.337073
0.337072
0.337078
0.337079
0.337061
0.337012
0.336924
0.336811
0.3367
0.33661
0.336544
0.336502
0.336479
0.336472
0.336477
0.33649
0.33651
0.336534
0.33656
0.336583
0.336602
0.336617
0.336621
0.336798
0.336961
0.337116
0.337257
0.337385
0.337565
0.337733
0.337888
0.338027
0.338138
0.338218
0.338251
0.338238
0.338176
0.338065
0.337904
0.337694
0.337461
0.337216
0.336942
0.336671
0.336418
0.336166
0.335918
0.335674
0.335434
0.3352
0.334971
0.334748
0.334531
0.33432
0.334117
0.333921
0.333734
0.333557
0.333393
0.333247
0.333126
0.333036
0.332987
0.332986
0.333038
0.333147
0.333306
0.3335
0.333714
0.333937
0.334154
0.33435
0.334522
0.334669
0.334793
0.334897
0.334981
0.33505
0.335101
0.335135
0.335273
0.335405
0.335537
0.335667
0.335795
0.335921
0.336042
0.336291
0.336543
0.336797
0.337048
0.33729
0.337525
0.337746
0.337957
0.338152
0.338327
0.338471
0.338584
0.33867
0.33873
0.338764
0.338771
0.338751
0.3387
0.338627
0.338532
0.338415
0.338279
0.338129
0.337975
0.337831
0.337705
0.337592
0.337493
0.337413
0.337354
0.337322
0.337321
0.337356
0.33743
0.337546
0.337696
0.337865
0.338036
0.338187
0.3383
0.338375
0.338412
0.338433
0.33847
0.338554
0.338682
0.338871
0.339133
0.339441
0.339768
0.340098
0.340419
0.340712
0.340958
0.341154
0.341298
0.341406
0.341489
0.341561
0.342034
0.342506
0.34298
0.343446
0.343901
0.344339
0.344769
0.345181
0.345559
0.345901
0.346199
0.346549
0.346863
0.347136
0.347376
0.347588
0.347776
0.34794
0.348057
0.348125
0.348143
0.348107
0.348018
0.347875
0.347678
0.347452
0.347213
0.346946
0.346653
0.34633
0.345981
0.345604
0.3452
0.344768
0.34431
0.343827
0.343321
0.342793
0.342417
0.342045
0.341682
0.341333
0.341006
0.340706
0.340442
0.340218
0.340043
0.339926
0.339871
0.339885
0.33997
0.340114
0.340307
0.340538
0.340789
0.341036
0.341266
0.341467
0.34163
0.341755
0.341843
0.341895
0.341914
0.341903
0.341862
0.341878
0.341952
0.342006
0.342048
0.342076
0.34209
0.342087
0.342067
0.342029
0.341969
0.34194
0.341939
0.341914
0.341866
0.34179
0.341694
0.341567
0.341409
0.341215
0.341028
0.340831
0.340625
0.340409
0.340184
0.339951
0.339711
0.339464
0.339211
0.338959
0.338717
0.338484
0.338259
0.338037
0.337842
0.337668
0.337513
0.337376
0.33725
0.337129
0.336999
0.336848
0.336665
0.336448
0.336191
0.335889
0.335553
0.335186
0.33477
0.334371
0.334082
0.333886
0.33374
0.333648
0.333616
0.333628
0.333725
0.333907
0.33416
0.334435
0.334732
0.335012
0.335269
0.335501
0.335736
0.335974
0.336201
0.336399
0.336575
0.336759
0.336936
0.337117
0.337304
0.337496
0.337713
0.337956
0.33823
0.338538
0.338883
0.339267
0.339691
0.340141
0.340571
0.340977
0.341341
0.341661
0.341936
0.342164
0.342347
0.342483
0.342572
0.342615
0.342613
0.342567
0.342474
0.342329
0.342137
0.3419
0.34162
0.341299
0.341014
0.340782
0.340615
0.340521
0.340432
0.340349
0.340274
0.340205
0.340143
0.340091
0.340053
0.340032
0.340034
0.34006
0.340115
0.340197
0.340302
0.340419
0.340536
0.340646
0.340748
0.340837
0.340902
0.340945
0.340971
0.340982
0.340979
0.340964
0.340939
0.340908
0.340866
0.340808
0.340739
0.340655
0.340745
0.340826
0.34089
0.340941
0.34098
0.341004
0.341127
0.341233
0.341318
0.341383
0.341431
0.341456
0.341462
0.341436
0.34138
0.341298
0.341186
0.34104
0.340889
0.34075
0.340601
0.340442
0.340273
0.340096
0.339909
0.339721
0.33955
0.339362
0.339187
0.339031
0.338886
0.338746
0.3386
0.338442
0.338269
0.338076
0.337861
0.337625
0.337367
0.337104
0.336858
0.336636
0.336441
0.336305
0.336294
0.33643
0.336726
0.33705
0.33741
0.337802
0.338221
0.338657
0.339079
0.339501
0.339969
0.340489
0.341061
0.341678
0.342336
0.343029
0.343729
0.344399
0.345021
0.345587
0.346095
0.346553
0.346981
0.347376
0.347745
0.348083
0.348371
0.34861
0.348802
0.348947
0.349085
0.349217
0.349305
0.349349
0.349351
0.349309
0.349226
0.349099
0.348931
0.348721
0.348472
0.348182
0.347851
0.34748
0.34707
0.346621
0.346133
0.345606
0.345041
0.344437
0.343796
0.343118
0.342405
0.341655
0.340869
0.340047
0.339189
0.338295
0.337366
0.336401
0.3354
0.334363
0.333291
0.332184
0.331041
0.329864
0.328652
0.327405
0.326123
0.324807
0.323456
0.32207
0.320649
0.319193
0.317703
0.316178
0.314617
0.313021
0.311391
0.309725
0.308023
0.306287
0.304515
0.302707
0.300864
0.298986
0.297071
0.295121
0.293135
0.291113
0.289055
0.286961
0.284831
0.282665
0.280463
0.278308
0.276123
0.273901
0.271641
0.269342
0.267005
0.264628
0.262216
0.259767
0.257281
0.254759
0.252201
0.249608
0.24698
0.244316
0.241619
0.238886
0.23612
0.235071
0.234001
0.232914
0.231807
0.230691
0.229558
0.228409
0.227243
0.226058
0.224854
0.22363
0.222386
0.221121
0.219837
0.218532
0.217207
0.215861
0.214495
0.213107
0.211699
0.21027
0.208819
0.207347
0.205854
0.20434
0.202805
0.201248
0.199671
0.198073
0.196454
0.194816
0.193159
0.191483
0.189789
0.188079
0.186354
0.184615
0.183047
0.181656
0.180255
0.178845
0.177428
0.176069
0.174758
0.17351
0.172364
0.171471
0.170897
0.170396
0.169914
0.169443
0.168976
0.168509
0.168146
0.167886
0.167603
0.167299
0.166975
0.166631
0.166269
0.165889
0.165495
0.165089
0.164673
0.16425
0.16382
0.163388
0.162957
0.162542
0.162153
0.161804
0.161488
0.16118
0.160869
0.160558
0.160246
0.159935
0.159624
0.159314
0.159005
0.158697
0.158388
0.15808
0.15777
0.157458
0.157142
0.156824
0.156504
0.156183
0.156162
0.156124
0.156069
0.155995
0.155897
0.155774
0.155751
0.155827
0.155874
0.155933
0.15597
0.155984
0.155975
0.155943
0.155949
0.155947
0.155938
0.155921
0.155898
0.15587
0.155893
0.155956
0.156
0.156025
0.156031
0.156019
0.155994
0.155956
0.155931
0.155929
0.155926
0.15592
0.155911
0.155898
0.155881
0.155862
0.155838
0.155811
0.15578
0.155744
0.1557
0.155652
0.155599
0.155616
0.155615
0.155597
0.155563
0.155513
0.155446
0.155394
0.155337
0.155268
0.155183
0.155089
0.154981
0.154863
0.154839
0.154799
0.154744
0.15468
0.154607
0.154526
0.154437
0.154427
0.154427
0.154429
0.154429
0.154426
0.154421
0.154415
0.154408
0.154402
0.154398
0.154396
0.154395
0.154394
0.154392
0.154389
0.154388
0.154387
0.154386
0.154385
0.154384
0.154383
0.154382
0.154381
0.15438
0.154379
0.154378
0.154376
0.154375
0.154374
0.154374
0.154376
0.154378
0.154382
0.154385
0.154389
0.154388
0.154384
0.154382
0.154381
0.15438
0.154379
0.154378
0.154377
0.154375
0.154374
0.154373
0.154371
0.15437
0.154369
0.154368
0.154367
0.154366
0.154365
0.154363
0.154362
0.154361
0.15436
0.154359
0.154357
0.154356
0.154354
0.154353
0.154352
0.154351
0.15435
0.154349
0.154347
0.154346
0.154346
0.154344
0.154343
0.154342
0.154341
0.154339
0.154338
0.154337
0.154335
0.154334
0.154333
0.154332
0.154331
0.154329
0.154328
0.154327
0.154324
0.154323
0.154322
0.154321
0.154319
0.154318
0.154317
0.154316
0.154314
0.154313
0.154312
0.154311
0.15431
0.154309
0.154307
0.154306
0.154305
0.154304
0.154303
0.154302
0.1543
0.154299
0.154298
0.154297
0.154296
0.154294
0.154293
0.154292
0.15429
0.154289
0.154288
0.154286
0.154285
0.154284
0.154283
0.154282
0.154279
0.154277
0.154276
0.154274
0.154272
0.154271
0.15427
0.154269
0.154267
0.154266
0.154265
0.154264
0.154262
0.154261
0.15426
0.154259
0.154257
0.154255
0.154253
0.154252
0.15425
0.154249
0.154247
0.154246
0.154244
0.154243
0.154242
0.15424
0.154239
0.154237
0.154236
0.154233
0.154231
0.154229
0.154227
0.154226
0.154224
0.154223
0.154222
0.15422
0.154219
0.154217
0.154215
0.154214
0.154212
0.154211
0.154208
0.154206
0.154205
0.154204
0.154202
0.1542
0.154199
0.154197
0.154195
0.154194
0.154193
0.154192
0.154189
0.154187
0.154186
0.154185
0.154184
0.154182
0.154181
0.15418
0.154178
0.154177
0.154173
0.154171
0.15417
0.154168
0.154167
0.154165
0.154164
0.154162
0.15416
0.154159
0.154156
0.154154
0.154153
0.154151
0.15415
0.154149
0.154148
0.154146
0.154145
0.154144
0.154143
0.154144
0.154142
0.154142
0.154142
0.154143
0.154143
0.154144
0.154141
0.154141
0.154142
0.154142
0.154139
0.154139
0.15414
0.154141
0.154142
0.154142
0.154143
0.15414
0.15414
0.154141
0.154141
0.154142
0.154142
0.154143
0.154143
0.154144
0.15414
0.154137
0.154137
0.154138
0.154138
0.154138
0.154139
0.154139
0.15414
0.15414
0.154141
0.154141
0.154142
0.154142
0.154143
0.154144
0.154144
0.15414
0.154141
0.154141
0.154141
0.154142
0.154143
0.154145
0.15414
0.15414
0.15414
0.154141
0.154141
0.154142
0.154142
0.154139
0.154139
0.15414
0.154141
0.154141
0.154142
0.154138
0.154138
0.154138
0.154139
0.154139
0.154139
0.154139
0.154139
0.15414
0.15414
0.15414
0.15414
0.154141
0.154141
0.154141
0.154142
0.154142
0.154142
0.154143
0.154143
0.154144
0.154141
0.154138
0.154138
0.154138
0.154138
0.154139
0.154139
0.154139
0.154139
0.15414
0.15414
0.154141
0.154141
0.154141
0.154142
0.154142
0.154142
0.154143
0.154143
0.154144
0.154144
0.154141
0.154142
0.154143
0.154144
0.154143
0.154139
0.154139
0.15414
0.15414
0.15414
0.15414
0.15414
0.154141
0.154141
0.154141
0.154142
0.154142
0.154142
0.15414
0.15414
0.154141
0.154141
0.154141
0.154142
0.154142
0.154142
0.154143
0.154143
0.154144
0.15414
0.15414
0.154141
0.154141
0.154141
0.154141
0.154141
0.154142
0.154142
0.154139
0.15414
0.154141
0.154142
0.154139
0.154139
0.15414
0.15414
0.154141
0.154141
0.154142
0.154143
0.154143
0.15414
0.154141
0.154138
0.154138
0.154139
0.154139
0.15414
0.15414
0.154141
0.154141
0.154142
0.154142
0.154143
0.154144
0.154143
0.154144
0.154141
0.154141
0.154141
0.154141
0.154141
0.154142
0.154143
0.154139
0.15414
0.154141
0.154138
0.154138
0.154138
0.154138
0.154139
0.154139
0.154139
0.154139
0.15414
0.15414
0.15414
0.154141
0.154141
0.154141
0.154142
0.154142
0.154142
0.154143
0.154143
0.154143
0.154143
0.154144
0.154143
0.154144
0.154144
0.154142
0.154142
0.154142
0.154142
0.154142
0.154143
0.15414
0.15414
0.154141
0.154141
0.154142
0.154143
0.154144
0.154143
0.154143
0.154141
0.154141
0.154142
0.154142
0.154142
0.154143
0.154144
0.154142
0.154138
0.154138
0.154139
0.154139
0.154139
0.15414
0.15414
0.154141
0.154141
0.154142
0.154142
0.154142
0.154143
0.154143
0.154144
0.154144
0.154141
0.154141
0.154142
0.154141
0.154142
0.154143
0.154143
0.154144
0.154144
0.154142
0.154142
0.154142
0.154143
0.154143
0.154139
0.15414
0.15414
0.154141
0.154138
0.154138
0.154138
0.154138
0.154139
0.154139
0.154139
0.15414
0.15414
0.154141
0.154141
0.154142
0.154142
0.154143
0.154143
0.154144
0.154143
0.154144
0.154143
0.154144
0.154143
0.154144
0.154143
0.154144
0.15414
0.154141
0.154141
0.154141
0.154141
0.154141
0.154143
0.15414
0.154141
0.154142
0.154141
0.154141
0.154142
0.154143
0.154144
0.154143
0.154143
0.154144
0.154144
0.154143
0.154143
0.154143
0.154144
0.154144
0.154144
0.154143
0.154143
0.154144
0.154144
0.154144
0.154141
0.154137
0.154137
0.154137
0.154138
0.154138
0.154138
0.154139
0.154139
0.154139
0.15414
0.15414
0.15414
0.154141
0.154141
0.154142
0.154142
0.154143
0.154143
0.154143
0.154144
0.154143
0.154144
0.154144
0.154144
0.154142
0.154142
0.154142
0.154142
0.154143
0.154143
0.154144
0.154144
0.154143
0.154144
0.154144
0.154141
0.154142
0.154142
0.154143
0.154142
0.154143
0.154144
0.154145
0.154144
0.154144
0.154142
0.154142
