0.293483
0.293557
0.293639
0.293729
0.293827
0.293932
0.294042
0.294154
0.294267
0.294381
0.294495
0.294608
0.294721
0.294833
0.294943
0.295048
0.295151
0.295252
0.295349
0.295439
0.295527
0.295609
0.295687
0.295758
0.295823
0.295881
0.295931
0.295974
0.296008
0.296056
0.296115
0.296154
0.296162
0.29611
0.296006
0.295864
0.295683
0.295463
0.295201
0.294926
0.29465
0.294352
0.294033
0.293693
0.293334
0.29296
0.292581
0.292199
0.291814
0.291428
0.291041
0.290654
0.290269
0.289887
0.289509
0.289138
0.288773
0.288412
0.288067
0.287737
0.287424
0.287131
0.286859
0.286611
0.286389
0.286198
0.286036
0.285907
0.28581
0.285746
0.285714
0.285712
0.285734
0.285774
0.285839
0.285926
0.286034
0.286163
0.286311
0.286478
0.286663
0.286864
0.287081
0.287312
0.287554
0.287799
0.288046
0.288292
0.288536
0.288776
0.289006
0.289231
0.289448
0.289654
0.289846
0.290021
0.290178
0.290303
0.29037
0.290385
0.290368
0.290316
0.29023
0.290108
0.289951
0.289759
0.28953
0.289267
0.288967
0.288657
0.28835
0.28804
0.287728
0.287414
0.287099
0.286784
0.28647
0.286158
0.285849
0.285545
0.285246
0.284946
0.284662
0.284388
0.284129
0.283885
0.28366
0.283456
0.283274
0.283119
0.28299
0.282888
0.282817
0.282776
0.282766
0.282786
0.282834
0.282903
0.282992
0.2831
0.283227
0.283371
0.283534
0.283714
0.283912
0.284126
0.284356
0.284601
0.284857
0.285124
0.285391
0.285659
0.285927
0.286188
0.286446
0.286699
0.286944
0.287178
0.287397
0.287599
0.287784
0.287951
0.288087
0.288165
0.28819
0.288183
0.288141
0.288064
0.287951
0.287802
0.287616
0.287394
0.287137
0.286897
0.286636
0.28636
0.286083
0.285804
0.285523
0.285242
0.284961
0.284681
0.284403
0.284128
0.283858
0.283587
0.283328
0.283076
0.282836
0.282609
0.282398
0.282203
0.282026
0.281871
0.281741
0.281637
0.281563
0.281517
0.2815
0.28151
0.281548
0.281612
0.281693
0.281794
0.281912
0.282048
0.282201
0.282371
0.282557
0.282757
0.282973
0.283202
0.283444
0.283698
0.283959
0.284223
0.284486
0.284745
0.285002
0.285253
0.285498
0.285736
0.285968
0.286191
0.286398
0.286584
0.286747
0.286879
0.286952
0.286972
0.286963
0.286922
0.286848
0.286739
0.286596
0.286418
0.286206
0.28596
0.285681
0.285368
0.285028
0.284669
0.28434
0.284009
0.283677
0.283345
0.283016
0.282681
0.282356
0.282034
0.281719
0.281412
0.281113
0.280824
0.280549
0.280289
0.280047
0.279826
0.27963
0.279462
0.279323
0.279213
0.279132
0.279079
0.279055
0.27906
0.27909
0.279138
0.279204
0.279287
0.279388
0.279507
0.279642
0.279794
0.27996
0.280142
0.280337
0.280546
0.280762
0.280991
0.281221
0.281452
0.281682
0.281911
0.282135
0.282354
0.282568
0.282776
0.282973
0.283155
0.283318
0.283459
0.283562
0.283608
0.283601
0.28358
0.283524
0.283437
0.28332
0.28317
0.282989
0.282774
0.282527
0.282249
0.28194
0.281604
0.28127
0.280949
0.280628
0.280308
0.279983
0.279665
0.279351
0.27904
0.278735
0.278436
0.278145
0.277862
0.27759
0.27733
0.277085
0.276855
0.276646
0.276461
0.276303
0.276174
0.276075
0.276006
0.275967
0.275958
0.275979
0.276027
0.276094
0.276181
0.276287
0.276412
0.276555
0.276717
0.276898
0.277094
0.277307
0.277532
0.277776
0.278035
0.278302
0.278572
0.278843
0.279114
0.279382
0.279648
0.27991
0.280166
0.280418
0.280661
0.280892
0.281107
0.281296
0.281455
0.281552
0.281599
0.281621
