0.296657
0.29674
0.296822
0.296899
0.296974
0.297044
0.297109
0.297168
0.297222
0.29727
0.29731
0.297381
0.297492
0.297595
0.297692
0.297782
0.297863
0.297927
0.297949
0.297931
0.297881
0.297797
0.297673
0.297532
0.297385
0.297217
0.297028
0.296876
0.296719
0.296559
0.296399
0.296247
0.296103
0.295968
0.295842
0.295726
0.295621
0.295527
0.295444
0.295373
0.295315
0.295269
0.295236
0.295215
0.295202
0.295199
0.295205
0.29522
0.295245
0.295279
0.295321
0.295372
0.295431
0.295498
0.295571
0.295651
0.295736
0.295822
0.295909
0.295996
0.296084
0.296172
0.29626
0.296347
0.296433
0.296518
0.296601
0.296681
0.296759
0.296833
0.296903
0.296968
0.297028
0.297082
0.297129
0.297171
0.297294
0.297409
0.29752
0.297623
0.29772
0.297808
0.297879
0.297909
0.297898
0.297855
0.297776
0.29766
0.297525
0.297386
0.297226
0.297044
0.29687
0.296715
0.296557
0.2964
0.296249
0.296107
0.295973
0.295849
0.295734
0.29563
0.295537
0.295455
0.295385
0.295327
0.295282
0.295249
0.29523
0.295218
0.295216
0.295223
0.29524
0.295266
0.2953
0.295342
0.295393
0.295449
0.295515
0.295587
0.295665
0.295748
0.295832
0.295917
0.296003
0.296088
0.296174
0.296259
0.296343
0.296426
0.296508
0.296588
0.296666
0.296741
0.296812
0.29688
0.296942
0.297
0.297051
0.297096
0.297135
0.297257
0.297371
0.29748
0.297582
0.297677
0.297764
0.297834
0.297862
0.297851
0.297807
0.297728
0.297611
0.297475
0.297332
0.297168
0.296982
0.296805
0.296649
0.296489
0.29633
0.296178
0.296034
0.295899
0.295773
0.295657
0.295552
0.295458
0.295376
0.295306
0.295247
0.295202
0.29517
0.29515
0.295138
0.295136
0.295143
0.295159
0.295184
0.295219
0.295261
0.295312
0.295371
0.295438
0.295513
0.295594
0.29568
0.295767
0.295856
0.295945
0.296035
0.296125
0.296215
0.296304
0.296392
0.296479
0.296564
0.296646
0.296725
0.296802
0.296873
0.29694
0.297001
0.297057
0.297106
0.297148
0.297226
0.297339
0.297445
0.297545
0.297638
0.297723
0.297791
0.297816
0.297802
0.297755
0.297674
0.297554
0.297437
0.297296
0.297135
0.296952
0.296777
0.296622
0.296464
0.296305
0.296155
0.296012
0.295878
0.295753
0.295639
0.295534
0.295441
0.295359
0.295289
0.295232
0.295186
0.295154
0.295134
0.295123
0.295121
0.295129
0.295146
0.295172
0.295208
0.295251
0.295303
0.295364
0.295433
0.295508
0.29559
0.295676
0.295763
0.295852
0.295941
0.296029
0.296118
0.296206
0.296294
0.29638
0.296465
0.296548
0.296628
0.296706
0.29678
0.296849
0.296914
0.296973
0.297027
0.297074
0.297115
0.297238
0.297354
0.297464
0.297563
0.297659
0.297746
0.297816
0.297844
0.297832
0.297787
0.297707
0.297589
0.297452
0.297308
0.297143
0.296955
0.296777
0.29662
0.296459
0.296299
0.296145
0.296
0.295864
0.295738
0.295621
0.295516
0.295422
0.295339
0.295268
0.29521
0.295164
0.295132
0.295112
0.295101
0.295099
0.295106
0.295123
0.295149
0.295184
0.295226
0.295278
0.295339
0.295407
0.295483
0.295566
0.295654
0.295743
0.295834
0.295925
0.296017
0.296108
0.2962
0.29629
0.29638
0.296468
0.296554
0.296637
0.296717
0.296794
0.296863
0.296929
0.296989
0.297043
0.297092
0.297133
0.297208
0.297319
0.297423
0.297521
0.297612
0.297694
0.297759
0.297782
0.297766
0.297717
0.297632
0.297509
0.297389
0.297245
0.29708
0.296895
0.296717
0.29656
0.2964
0.29624
0.296088
0.295944
0.295809
0.295683
0.295566
0.295461
0.295367
0.295285
0.295214
0.295156
0.295111
0.295079
0.295059
0.295048
0.295046
0.295054
0.295072
0.2951
0.295136
0.295181
0.295235
0.295297
0.295368
0.295445
0.295529
0.295617
0.295707
0.295798
0.295889
0.29598
0.296071
0.296161
0.296251
0.29634
0.296427
0.296511
0.296594
0.296673
0.296748
0.296819
0.296886
0.296947
0.297002
0.297051
0.297093
0.297217
0.297334
0.297445
0.297549
0.297646
0.297735
0.297807
0.297836
0.297826
0.297783
0.297705
0.297589
0.297454
0.297312
0.297149
0.296964
0.296788
0.296632
0.296474
0.296315
0.296164
0.29602
0.295886
0.295761
0.295646
0.295541
0.295448
0.295367
0.295297
0.295239
0.295195
0.295163
0.295144
0.295133
0.295132
0.29514
0.295158
0.295184
0.29522
0.295263
0.295315
0.295376
0.295445
0.295522
0.295606
0.295694
0.295784
0.295874
0.295965
0.296057
0.296149
0.29624
0.29633
0.296419
0.296507
0.296592
0.296675
0.296755
0.296831
0.296902
0.296968
0.297029
0.297083
0.297131
0.297172
0.297248
0.297355
0.297459
0.297556
0.297646
0.297727
0.297791
0.297813
0.297795
0.297745
0.29766
0.297536
0.297394
0.297246
0.297076
0.296885
0.296733
0.296575
0.296414
0.296254
0.296101
0.295956
0.295821
0.295695
0.295579
0.295474
0.29538
0.295298
0.295228
0.29517
0.295125
0.295093
0.295074
0.295064
0.295063
0.295071
0.295088
0.295116
0.295153
0.295197
0.29525
0.295312
0.295382
0.29546
0.295544
0.295633
0.295723
0.295814
0.295906
0.295998
0.296091
0.296183
0.296274
0.296364
0.296452
0.296538
0.296622
0.296702
0.296778
0.29685
0.296918
0.296979
0.297035
0.297084
0.297127
0.297251
0.297368
0.29748
0.297585
0.297682
0.297772
0.297844
0.297874
0.297865
0.297822
0.297745
0.297629
0.297495
0.297355
0.297193
0.297011
0.296836
0.296681
0.296524
0.296366
0.296215
0.296073
0.295939
0.295815
0.2957
0.295596
0.295503
0.295422
0.295352
0.295295
0.29525
0.295218
0.295199
0.295188
0.295188
0.295196
0.295215
0.295243
0.295279
0.295324
0.295377
0.295439
0.295509
0.295586
0.295669
0.295757
0.295846
0.295935
0.296025
0.296115
0.296205
0.296294
0.296383
0.29647
0.296556
0.296639
0.29672
0.296797
0.296871
0.296941
0.297005
0.297065
0.297118
0.297165
0.297205
0.297327
0.297442
0.297552
0.297654
0.297749
0.297834
0.297904
0.297931
0.297918
0.297873
0.297793
0.297675
0.297538
0.297395
0.29723
0.297043
0.296866
0.296709
0.296549
0.29639
0.296238
0.296094
0.295958
0.295832
0.295716
0.295611
0.295517
0.295435
0.295364
0.295305
0.29526
0.295227
0.295206
0.295195
0.295192
0.295199
0.295216
0.295242
0.295277
0.29532
0.295371
0.295431
0.2955
0.295576
0.295658
0.295745
0.295834
0.295923
0.296014
0.296105
0.296196
0.296286
0.296376
0.296464
0.296551
0.296635
0.296718
0.296797
0.296872
0.296943
0.297009
0.29707
0.297124
0.297173
0.297214
0.297291
0.297402
0.297508
0.297607
0.297698
0.297782
0.297848
0.297872
0.297856
0.297808
0.297725
0.297603
0.297463
0.297318
0.297151
0.296964
0.296812
0.296656
0.296496
0.296337
0.296185
0.296042
0.295907
0.295782
0.295667
0.295563
0.29547
0.295388
0.295319
0.295261
0.295216
0.295184
0.295164
0.295154
0.295152
0.29516
0.295178
0.295205
0.295241
0.295285
0.295338
0.295399
0.295468
0.295545
0.295627
0.295714
0.295802
0.295891
0.295981
0.29607
0.296159
0.296248
0.296336
0.296423
0.296508
0.29659
0.296671
0.296748
0.296822
0.296891
0.296955
0.297015
0.297068
0.297115
0.297155
0.297278
0.297394
0.297503
0.297606
0.297702
0.29779
0.297857
0.297885
0.297873
0.297828
0.297749
0.297631
0.297495
0.297351
0.297186
0.297
0.296822
0.296665
0.296505
0.296345
0.296192
0.296047
0.295911
0.295785
0.295669
0.295563
0.295469
0.295386
0.295315
0.295256
0.295211
0.295179
0.295158
0.295147
0.295145
0.295153
0.295169
0.295196
0.295231
0.295275
0.295327
0.295387
0.295456
0.295533
0.295616
0.295704
0.295793
0.295883
0.295974
0.296066
0.296157
0.296249
0.296339
0.296428
0.296516
0.296601
0.296684
0.296764
0.29684
0.296911
0.296978
0.297039
0.297094
0.297143
0.297184
0.297261
0.297373
0.297474
0.297573
0.297664
0.297747
0.297813
0.297837
0.29782
0.297771
0.297687
0.297565
0.297446
0.297302
0.297137
0.296952
0.296803
0.296648
0.296491
0.296334
0.296185
0.296044
0.295911
0.295788
0.295674
0.295571
0.295479
0.295399
0.29533
0.295274
0.295229
0.295199
0.295179
0.29517
0.295169
0.295178
0.295196
0.295221
0.295258
0.295301
0.295354
0.295415
0.295484
0.29556
0.295643
0.295729
0.295817
0.295906
0.295996
0.296085
0.296174
0.296263
0.296351
0.296438
0.296523
0.296606
0.296686
0.296764
0.296837
0.296907
0.296971
0.29703
0.297084
0.297128
0.297168
0.297289
0.297403
0.297512
0.297613
0.297708
0.297794
0.297863
0.29789
0.297877
0.297831
0.297751
0.297632
0.297494
0.297351
0.297186
0.296999
0.296821
0.296664
0.296503
0.296343
0.29619
0.296045
0.295909
0.295783
0.295667
0.295562
0.295468
0.295385
0.295314
0.295256
0.29521
0.295177
0.295157
0.295146
0.295144
0.295151
0.295168
0.295195
0.29523
0.295273
0.295325
0.295386
0.295455
0.295531
0.295614
0.295701
0.29579
0.29588
0.295971
0.296062
0.296153
0.296244
0.296334
0.296422
0.296509
0.296594
0.296676
0.296756
0.296831
0.296902
0.296968
0.297028
0.297083
0.297131
0.297172
0.297248
0.297359
0.297464
0.297563
0.297654
0.297736
0.297802
0.297825
0.297809
0.29776
0.297676
0.297554
0.297413
0.297267
0.297099
0.29691
0.296758
0.296601
0.296442
0.296283
0.296131
0.295987
0.295852
0.295727
0.295613
0.295509
0.295416
0.295334
0.295265
0.295207
0.295163
0.295132
0.295113
0.295102
0.295101
0.29511
0.295128
0.295155
0.295191
0.295236
0.295289
0.29535
0.295421
0.295498
0.295582
0.295671
0.295761
0.295852
0.295943
0.296035
0.296126
0.296218
0.296308
0.296396
0.296484
0.296569
0.296651
0.296731
0.296807
0.296878
0.296944
0.297006
0.297061
0.297109
0.297151
0.297275
0.297391
0.297502
0.297607
0.297703
0.297792
0.297864
0.297893
0.297883
0.29784
0.297762
0.297645
0.29751
0.29737
0.297208
0.297024
0.296849
0.296694
0.296535
0.296377
0.296226
0.296083
0.295948
0.295823
0.295709
0.295604
0.295511
0.29543
0.29536
0.295302
0.295257
0.295225
0.295205
0.295194
0.295192
0.2952
0.295218
0.295244
0.29528
0.295324
0.295376
0.295437
0.295506
0.295583
0.295665
0.295752
0.295841
0.29593
0.29602
0.296109
0.296199
0.296288
0.296377
0.296464
0.29655
0.296633
0.296714
0.296792
0.296866
0.296935
0.297
0.29706
0.297113
0.29716
0.297201
0.297323
0.297438
0.297547
0.29765
0.297745
0.297832
0.297902
0.297931
0.297919
0.297875
0.297796
0.297679
0.297542
0.2974
0.297236
0.29705
0.296873
0.296717
0.296557
0.296397
0.296245
0.296101
0.295966
0.295839
0.295723
0.295618
0.295524
0.295441
0.29537
0.295311
0.295266
0.295233
0.295213
0.295201
0.295199
0.295205
0.295221
0.295247
0.295282
0.295324
0.295375
0.295435
0.295503
0.295579
0.295661
0.295748
0.295836
0.295926
0.296016
0.296106
0.296197
0.296287
0.296376
0.296464
0.296551
0.296635
0.296717
0.296795
0.29687
0.296941
0.297006
0.297066
0.29712
0.297168
0.297208
0.297285
0.297396
0.297501
0.2976
0.297691
0.297774
0.297839
0.297863
0.297847
0.297798
0.297714
0.297592
0.297451
0.297305
0.297138
0.296949
0.296798
0.296641
0.296481
0.296321
0.296169
0.296026
0.295891
0.295765
0.29565
0.295546
0.295452
0.295371
0.295301
0.295243
0.295198
0.295166
0.295147
0.295136
0.295135
0.295143
0.295161
0.295188
0.295224
0.295268
0.295321
0.295382
0.295452
0.295528
0.295611
0.295698
0.295787
0.295876
0.295966
0.296056
0.296146
0.296235
0.296323
0.296411
0.296496
0.29658
0.296661
0.296739
0.296813
0.296883
0.296948
0.297008
0.297062
0.29711
0.29715
0.297274
0.29739
0.297501
0.297604
0.297701
0.297789
0.29786
0.297889
0.297878
0.297835
0.297756
0.297639
0.297504
0.297362
0.297198
0.297013
0.296837
0.296682
0.296523
0.296364
0.296212
0.296069
0.295934
0.295809
0.295693
0.295589
0.295495
0.295413
0.295343
0.295285
0.29524
0.295208
0.295188
0.295177
0.295175
0.295182
0.295199
0.295226
0.295261
0.295304
0.295356
0.295417
0.295486
0.295563
0.295646
0.295734
0.295823
0.295913
0.296004
0.296095
0.296186
0.296277
0.296367
0.296456
0.296543
0.296628
0.296711
0.29679
0.296866
0.296937
0.297003
0.297064
0.297118
0.297166
0.297208
0.297284
0.297396
0.297501
0.2976
0.297691
0.297774
0.29784
0.297864
0.297848
0.2978
0.297716
0.297594
0.297453
0.297307
0.29714
0.296951
0.296799
0.296642
0.296483
0.296323
0.296172
0.296028
0.295893
0.295768
0.295654
0.295549
0.295456
0.295374
0.295304
0.295247
0.295202
0.29517
0.295151
0.29514
0.295138
0.295146
0.295164
0.295191
0.295228
0.295272
0.295325
0.295386
0.295456
0.295533
0.295617
0.295705
0.295794
0.295884
0.295974
0.296065
0.296155
0.296245
0.296334
0.296422
0.296508
0.296593
0.296674
0.296753
0.296828
0.296898
0.297017
0.297192
0.29737
0.29755
0.297728
0.297901
0.298067
0.298227
0.298378
0.298522
0.298658
0.298776
0.298851
0.298886
0.298888
0.298855
0.298782
0.298691
0.298592
0.29847
0.298326
0.29816
0.297973
0.297765
0.297539
0.297171
0.296958
0.296794
0.29664
0.296497
0.296364
0.296243
0.296135
0.296039
0.295956
0.295887
0.295832
0.295791
0.295759
0.295737
0.295725
0.295723
0.295731
0.295749
0.295777
0.295814
0.29586
0.295915
0.295977
0.296046
0.29612
0.296196
0.296273
0.296352
0.296431
0.29651
0.29659
0.296669
0.296747
0.296823
0.296898
0.29697
0.29704
0.297106
0.297167
0.297224
0.297383
0.297546
0.297711
0.297874
0.298034
0.298186
0.298332
0.298471
0.298602
0.298725
0.298831
0.298894
0.298917
0.298906
0.298861
0.298776
0.298694
0.298587
0.298475
0.29837
0.298258
0.29814
0.298018
0.297895
0.297776
0.297664
0.297558
0.297459
0.297368
0.297285
0.29721
0.297144
0.297088
0.297042
0.297006
0.296981
0.296967
0.29696
0.296962
0.296971
0.296988
0.297012
0.297043
0.29708
0.297124
0.297175
0.297232
0.297295
0.297362
0.297433
0.297505
0.297577
0.29765
0.297721
0.297793
0.297863
0.297932
0.297999
0.298065
0.298128
0.298189
0.298246
0.298299
0.298349
0.298449
0.298606
0.298763
0.298925
0.299085
0.299239
0.299387
0.299527
0.29966
0.299786
0.299903
0.300003
0.30006
0.300077
0.300061
0.300009
0.299918
0.299787
0.299665
0.299519
0.299395
0.299261
0.299121
0.298977
0.29883
0.298688
0.298553
0.298424
0.298303
0.29819
0.298085
0.297989
0.297903
0.297826
0.297759
0.297703
0.297658
0.297623
0.297597
0.297579
0.297569
0.297567
0.297574
0.297589
0.297613
0.297644
0.297684
0.297732
0.297787
0.297848
0.297913
0.297979
0.298046
0.298113
0.298181
0.298248
0.298315
0.298381
0.298445
0.298508
0.298568
0.298625
0.298679
0.298728
0.298774
0.298814
0.298848
0.298936
0.299082
0.299228
0.299369
0.299503
0.29963
0.29975
0.299861
0.299964
0.300049
0.30009
0.300092
0.300061
0.299995
0.299891
0.299789
0.299664
0.299516
0.299348
0.299203
0.299051
0.298894
0.298735
0.298582
0.298436
0.298296
0.298165
0.298042
0.297927
0.297822
0.297727
0.297642
0.297567
0.297503
0.297451
0.297409
0.297377
0.297354
0.297339
0.297333
0.297336
0.297348
0.297368
0.297398
0.297438
0.297484
0.297538
0.297597
0.297661
0.297727
0.297794
0.297861
0.297928
0.297996
0.298062
0.298127
0.298191
0.298252
0.298311
0.298368
0.298422
0.298471
0.298517
0.298557
0.298592
0.298745
0.2989
0.299054
0.299204
0.299346
0.299481
0.299608
0.299728
0.299838
0.299931
0.299981
0.29999
0.299967
0.299909
0.299812
0.299716
0.299596
0.299453
0.299289
0.299123
0.298972
0.298817
0.298659
0.298507
0.298362
0.298223
0.298092
0.297969
0.297855
0.297751
0.297656
0.297572
0.297499
0.297436
0.297386
0.297345
0.297315
0.297292
0.297279
0.297274
0.297278
0.297291
0.297313
0.297344
0.297385
0.297434
0.29749
0.297552
0.29762
0.297688
0.297758
0.297829
0.297899
0.29797
0.298039
0.298108
0.298175
0.29824
0.298303
0.298362
0.298419
0.298471
0.298519
0.298561
0.298597
0.298751
0.298905
0.299056
0.299205
0.299347
0.299481
0.299607
0.299725
0.299834
0.299926
0.299973
0.299981
0.299956
0.299896
0.299813
0.299719
0.299602
0.299463
0.299303
0.299121
0.298971
0.298813
0.298653
0.298499
0.298351
0.298211
0.298079
0.297954
0.297838
0.297732
0.297636
0.29755
0.297476
0.297412
0.297359
0.297318
0.297286
0.297262
0.297247
0.297241
0.297245
0.297257
0.297279
0.297309
0.29735
0.297399
0.297456
0.297519
0.297587
0.297657
0.297727
0.297798
0.297869
0.29794
0.298009
0.298078
0.298145
0.29821
0.298273
0.29833
0.298386
0.298437
0.298483
0.298524
0.298559
0.298711
0.298865
0.299018
0.299167
0.299309
0.299443
0.29957
0.299688
0.299797
0.299889
0.299937
0.299945
0.299921
0.299861
0.299762
0.299665
0.299543
0.299399
0.299234
0.299071
0.29892
0.298765
0.298607
0.298455
0.29831
0.298172
0.298041
0.297919
0.297806
0.297702
0.297608
0.297524
0.297451
0.297389
0.297339
0.2973
0.297271
0.29725
0.297238
0.297234
0.297241
0.297256
0.297281
0.297315
0.297359
0.29741
0.297469
0.297534
0.297603
0.297674
0.297745
0.297817
0.297888
0.297959
0.298029
0.298098
0.298165
0.29823
0.298292
0.298351
0.298407
0.298459
0.298506
0.298548
0.298584
0.298738
0.298894
0.299049
0.299199
0.299341
0.299476
0.299603
0.299722
0.299832
0.299925
0.299974
0.299982
0.299959
0.2999
0.299802
0.299705
0.299582
0.299438
0.299272
0.299108
0.298957
0.298802
0.298644
0.298492
0.298346
0.298208
0.298077
0.297954
0.29784
0.297736
0.297642
0.297558
0.297485
0.297424
0.297373
0.297334
0.297304
0.297282
0.297269
0.297265
0.29727
0.297284
0.297307
0.297339
0.297382
0.297433
0.297491
0.297557
0.297627
0.297698
0.29777
0.297842
0.297915
0.297987
0.298059
0.298129
0.298198
0.298265
0.29833
0.298391
0.298448
0.298502
0.29855
0.298593
0.298631
0.298784
0.298981
0.299216
0.299446
0.299669
0.299886
0.300094
0.300295
0.300487
0.30066
0.300789
0.300877
0.300935
0.300959
0.300945
0.300891
0.300796
0.300659
0.30048
0.30026
0.300046
0.299805
0.299542
0.299267
0.29903
0.298846
0.29867
0.298505
0.298349
0.298205
0.298073
0.297953
0.297847
0.297755
0.297677
0.297611
0.297556
0.297509
0.297472
0.297446
0.29743
0.297424
0.297427
0.297442
0.297467
0.297502
0.297545
0.297595
0.297651
0.297709
0.297767
0.297827
0.297887
0.297947
0.298006
0.298065
0.298122
0.298178
0.298232
0.298284
0.298332
0.298377
0.298417
0.298453
0.298483
0.298632
0.298784
0.299011
0.299233
0.299449
0.299658
0.299859
0.300053
0.300239
0.300407
0.30053
0.300612
0.300665
0.300684
0.300665
0.300607
0.300507
0.300365
0.300244
0.300126
0.299998
0.299862
0.299721
0.299584
0.299453
0.299328
0.299208
0.299097
0.298993
0.298897
0.298809
0.298731
0.298663
0.298604
0.298556
0.298519
0.298489
0.298467
0.298452
0.298446
0.298449
0.29846
0.298479
0.298507
0.298543
0.298588
0.29864
0.298698
0.298761
0.298826
0.298893
0.298959
0.299026
0.299092
0.299157
0.29922
0.299282
0.299341
0.299396
0.299449
0.299497
0.29954
0.299579
0.299611
0.299637
0.299779
0.299964
0.300189
0.30041
0.300625
0.300834
0.301035
0.30123
0.301416
0.301585
0.301709
0.301792
0.301844
0.301862
0.301843
0.301782
0.301681
0.301557
0.301421
0.30126
0.301123
0.300974
0.300819
0.300668
0.300521
0.30038
0.300245
0.300116
0.299995
0.299882
0.299777
0.299681
0.299595
0.299518
0.299451
0.299395
0.299348
0.29931
0.29928
0.299257
0.299244
0.299239
0.299243
0.299255
0.299278
0.29931
0.299351
0.299398
0.29945
0.299504
0.299559
0.299615
0.299671
0.299727
0.299782
0.299835
0.299887
0.299936
0.299982
0.300024
0.300063
0.300096
0.300124
0.300145
0.300161
0.300295
0.30043
0.300564
0.300732
0.300932
0.301126
0.301314
0.301494
0.301666
0.30182
0.301929
0.301997
0.302036
0.302041
0.30201
0.301938
0.301825
0.301671
0.301493
0.301354
0.301202
0.301041
0.300874
0.300712
0.300556
0.300406
0.300262
0.300125
0.299996
0.299876
0.299765
0.299663
0.299571
0.299489
0.299419
0.299359
0.299308
0.299266
0.299234
0.299212
0.299199
0.299194
0.299198
0.299211
0.299234
0.299264
0.299303
0.299349
0.299399
0.299452
0.299506
0.299561
0.299616
0.299671
0.299725
0.299778
0.299829
0.299877
0.299923
0.299965
0.300003
0.300037
0.300065
0.300088
0.300104
0.300237
0.300371
0.300504
0.300719
0.300927
0.301125
0.301318
0.301504
0.301681
0.30184
0.301952
0.302025
0.302068
0.302077
0.302049
0.301981
0.301872
0.301722
0.30153
0.301368
0.301211
0.301045
0.300874
0.300707
0.300545
0.300389
0.300241
0.300099
0.299966
0.299842
0.299726
0.29962
0.299524
0.299438
0.299364
0.2993
0.299246
0.299202
0.299167
0.299142
0.299125
0.299117
0.299118
0.299128
0.299149
0.299178
0.299216
0.299261
0.299311
0.299363
0.299417
0.299471
0.299526
0.299581
0.299635
0.299688
0.299739
0.299788
0.299834
0.299877
0.299916
0.29995
0.299979
0.300003
0.30002
0.300154
0.300288
0.300421
0.300637
0.300845
0.301047
0.301242
0.30143
0.301609
0.30177
0.301886
0.301961
0.302006
0.302018
0.301992
0.301927
0.30182
0.301672
0.301482
0.301319
0.301165
0.301002
0.300832
0.300668
0.300508
0.300354
0.300208
0.300069
0.299937
0.299815
0.299701
0.299596
0.299502
0.299417
0.299344
0.299282
0.299229
0.299185
0.299152
0.299128
0.299114
0.299107
0.29911
0.299121
0.299142
0.299171
0.299207
0.299251
0.299299
0.29935
0.299402
0.299456
0.299509
0.299563
0.299616
0.299668
0.299719
0.299767
0.299813
0.299856
0.299895
0.299929
0.299958
0.299982
0.299999
0.300135
0.300271
0.300406
0.300622
0.30083
0.301032
0.301227
0.301414
0.301593
0.301754
0.301868
0.301943
0.301988
0.301999
0.301973
0.301907
0.3018
0.301651
0.301461
0.301299
0.301145
0.300981
0.300811
0.300646
0.300487
0.300333
0.300186
0.300047
0.299916
0.299793
0.299679
0.299575
0.299481
0.299397
0.299325
0.299263
0.29921
0.299167
0.299133
0.299109
0.299093
0.299085
0.299086
0.299096
0.299117
0.299146
0.299184
0.299229
0.299279
0.299332
0.299386
0.299441
0.299496
0.299552
0.299606
0.29966
0.299712
0.299762
0.299809
0.299853
0.299893
0.299928
0.299959
0.299983
0.300002
0.300135
0.30027
0.300403
0.30062
0.300829
0.301032
0.301228
0.301416
0.301596
0.301759
0.301875
0.30195
0.301995
0.302007
0.301982
0.301917
0.30181
0.301663
0.301473
0.301337
0.301186
0.301025
0.300859
0.300697
0.300541
0.300391
0.300246
0.30011
0.299981
0.29986
0.299748
0.299645
0.299552
0.29947
0.299398
0.299337
0.29928
0.299236
0.299201
0.299177
0.299161
0.299153
0.299154
0.299163
0.299183
0.299211
0.299246
0.299288
0.299335
0.299385
0.299436
0.299488
0.29954
0.299593
0.299645
0.299696
0.299746
0.299793
0.299838
0.29988
0.299918
0.299951
0.299977
0.299999
0.300014
0.300148
0.300282
0.300415
0.300584
0.300785
0.300979
0.301167
0.301347
0.301519
0.301673
0.301782
0.30185
0.301889
0.301894
0.301862
0.30179
0.301677
0.301522
0.301345
0.301206
0.301056
0.300896
0.300731
0.300571
0.300416
0.300267
0.300125
0.29999
0.299863
0.299745
0.299635
0.299535
0.299445
0.299365
0.299296
0.299237
0.299187
0.299147
0.299116
0.299094
0.299082
0.299078
0.299082
0.299096
0.299119
0.29915
0.299189
0.299235
0.299286
0.29934
0.299394
0.29945
0.299506
0.299562
0.299617
0.299672
0.299724
0.299774
0.299822
0.299866
0.299907
0.299943
0.299973
0.299999
0.300017
0.300153
0.300289
0.300423
0.300641
0.300851
0.301055
0.301251
0.30144
0.30162
0.301782
0.301899
0.301974
0.30202
0.302032
0.302008
0.301943
0.301837
0.30169
0.301501
0.301343
0.301189
0.301026
0.300857
0.300693
0.300533
0.30038
0.300234
0.300095
0.299964
0.299841
0.299727
0.299623
0.299528
0.299443
0.299369
0.299306
0.299252
0.299209
0.299175
0.299151
0.299136
0.299129
0.299131
0.299141
0.299163
0.299192
0.299229
0.299274
0.299323
0.299375
0.299428
0.299481
0.299536
0.29959
0.299643
0.299696
0.299747
0.299796
0.299842
0.299885
0.299924
0.299958
0.299987
0.300011
0.300029
0.300164
0.300299
0.300434
0.30065
0.300859
0.301061
0.301256
0.301443
0.301622
0.301783
0.301899
0.301973
0.302018
0.30203
0.302004
0.301939
0.301832
0.301684
0.301494
0.301331
0.301178
0.301014
0.300845
0.30068
0.30052
0.300366
0.300219
0.30008
0.299948
0.299825
0.299711
0.299607
0.299512
0.299428
0.299354
0.299291
0.299238
0.299194
0.29916
0.299136
0.299121
0.299115
0.299117
0.299127
0.299147
0.299175
0.299211
0.299253
0.299301
0.299351
0.299402
0.299455
0.299508
0.299561
0.299613
0.299665
0.299715
0.299763
0.299808
0.29985
0.299889
0.299923
0.299952
0.299975
0.299992
0.300127
0.300263
0.300398
0.300614
0.300822
0.301024
0.30122
0.301407
0.301586
0.301747
0.301862
0.301937
0.301982
0.301994
0.301968
0.301902
0.301796
0.301647
0.301457
0.301295
0.301141
0.300977
0.300808
0.300642
0.300483
0.300329
0.300183
0.300044
0.299912
0.299789
0.299676
0.299571
0.299477
0.299393
0.29932
0.299258
0.299205
0.299161
0.299128
0.299104
0.299089
0.299082
0.299084
0.299095
0.299116
0.299146
0.299184
0.299228
0.299278
0.29933
0.299383
0.299438
0.299493
0.299548
0.299602
0.299655
0.299707
0.299756
0.299803
0.299846
0.299886
0.299921
0.299952
0.299976
0.299994
0.300129
0.300264
0.300399
0.300616
0.300825
0.301028
0.301224
0.301412
0.301592
0.301754
0.30187
0.301945
0.301991
0.302004
0.301978
0.301913
0.301807
0.301659
0.301469
0.301307
0.301153
0.30099
0.300821
0.300657
0.300498
0.300344
0.300198
0.300059
0.299928
0.299806
0.299692
0.299588
0.299493
0.299409
0.299337
0.299274
0.299221
0.299177
0.299144
0.29912
0.299106
0.2991
0.299102
0.299114
0.299134
0.299163
0.2992
0.299243
0.299292
0.299342
0.299395
0.299448
0.299502
0.299556
0.299609
0.299661
0.299712
0.299761
0.299807
0.299849
0.299888
0.299923
0.299953
0.299976
0.299994
0.30013
0.300266
0.300402
0.300618
0.300826
0.301029
0.301224
0.301411
0.30159
0.301751
0.301867
0.301941
0.301987
0.301998
0.301972
0.301906
0.3018
0.301651
0.301461
0.301299
0.301146
0.300982
0.300813
0.300647
0.300488
0.300335
0.300188
0.300049
0.299918
0.299795
0.299682
0.299577
0.299483
0.299399
0.299326
0.299264
0.299211
0.299168
0.299134
0.29911
0.299095
0.299088
0.29909
0.2991
0.299121
0.29915
0.299187
0.299231
0.29928
0.299332
0.299385
0.299439
0.299493
0.299548
0.299602
0.299655
0.299706
0.299755
0.299801
0.299845
0.299884
0.299919
0.299949
0.299973
0.299989
0.299998
0.3
0.299996
0.300072
0.300138
0.300195
0.300245
0.300287
0.300319
0.300332
0.300299
0.300223
0.300113
0.29997
0.299788
0.299568
0.299308
0.299009
0.298706
0.298472
0.298231
0.297987
0.297745
0.297512
0.29729
0.29708
0.29688
0.296693
0.296519
0.296358
0.296212
0.29608
0.295964
0.295862
0.295777
0.295706
0.295648
0.295602
0.295569
0.295547
0.295537
0.295538
0.295551
0.295576
0.295613
0.295661
0.295719
0.295787
0.295863
0.295941
0.296022
0.296106
0.29619
0.296276
0.296362
0.296447
0.296533
0.296617
0.296699
0.296779
0.296856
0.29705
0.297252
0.297462
0.297677
0.297895
0.298114
0.298379
0.298681
0.298979
0.299269
0.299554
0.29983
0.300098
0.300348
0.300551
0.300715
0.300849
0.300948
0.301008
0.301027
0.301004
0.30094
0.300848
0.300762
0.300683
0.300592
0.300492
0.300393
0.300298
0.300205
0.300116
0.300031
0.299952
0.299877
0.299808
0.299745
0.29969
0.299643
0.299605
0.299575
0.299553
0.299539
0.299532
0.299532
0.299541
0.299556
0.299578
0.299608
0.299644
0.299687
0.299736
0.29979
0.299848
0.299906
0.299964
0.300022
0.300079
0.300135
0.300188
0.30024
0.300288
0.300429
0.30058
0.300742
0.300911
0.301085
0.301259
0.301435
0.301608
0.301779
0.301946
0.302108
0.302263
0.302487
0.3027
0.3029
0.303089
0.303265
0.30342
0.303531
0.303603
0.303649
0.30366
0.303638
0.303588
0.303509
0.303403
0.30327
0.303134
0.303006
0.302868
0.302724
0.302583
0.302444
0.30231
0.302179
0.302054
0.301934
0.30182
0.301713
0.301613
0.301521
0.301437
0.301361
0.301294
0.301235
0.301183
0.30114
0.301106
0.30108
0.301063
0.301054
0.301053
0.301061
0.301077
0.301099
0.301127
0.301157
0.301191
0.301227
0.301264
0.301301
0.301338
0.301374
0.301409
0.301443
0.301474
0.301503
0.301528
0.301549
0.301565
0.301576
0.301724
0.301877
0.302036
0.302197
0.302357
0.302599
0.302834
0.303062
0.303282
0.303494
0.303697
0.30388
0.304017
0.304113
0.30418
0.304212
0.304207
0.304162
0.304075
0.303947
0.303777
0.303632
0.303485
0.303325
0.303159
0.302995
0.302835
0.302679
0.302528
0.302383
0.302244
0.302111
0.301986
0.301868
0.30176
0.30166
0.30157
0.301488
0.301415
0.301352
0.301297
0.301252
0.301216
0.301188
0.301167
0.301156
0.301155
0.301163
0.301181
0.301206
0.301238
0.301273
0.30131
0.301348
0.301386
0.301424
0.301461
0.301497
0.301531
0.301563
0.301593
0.301619
0.301642
0.301662
0.301677
0.301829
0.301986
0.302149
0.302313
0.302476
0.302721
0.302957
0.303187
0.303409
0.303623
0.303823
0.304008
0.304146
0.304243
0.30431
0.304343
0.304339
0.304294
0.304208
0.30408
0.303911
0.303758
0.303612
0.303453
0.303287
0.303123
0.302962
0.302806
0.302655
0.302509
0.302369
0.302235
0.302109
0.301991
0.30188
0.301779
0.301686
0.301603
0.301528
0.301461
0.301403
0.301354
0.301315
0.301284
0.301262
0.301247
0.301242
0.301246
0.301259
0.30128
0.301307
0.301336
0.301367
0.301399
0.301432
0.301465
0.301498
0.30153
0.301561
0.301589
0.301615
0.301637
0.301655
0.30167
0.30168
0.301832
0.301989
0.302151
0.302316
0.302478
0.302722
0.302958
0.303186
0.303407
0.30362
0.303823
0.304007
0.304144
0.304241
0.304309
0.304342
0.304338
0.304293
0.304208
0.30408
0.303911
0.303742
0.303592
0.303429
0.303258
0.303091
0.302926
0.302766
0.302612
0.302463
0.302321
0.302185
0.302056
0.301936
0.301824
0.301721
0.301628
0.301544
0.301468
0.301401
0.301343
0.301294
0.301254
0.301222
0.301198
0.301183
0.301178
0.301184
0.301199
0.301222
0.301252
0.301286
0.30132
0.301356
0.301392
0.301428
0.301464
0.301498
0.30153
0.30156
0.301587
0.301611
0.301633
0.30165
0.301663
0.301811
0.301965
0.302125
0.302286
0.302446
0.302691
0.302927
0.303156
0.303378
0.303591
0.303796
0.303981
0.304121
0.304218
0.304287
0.304321
0.304317
0.304273
0.304188
0.304061
0.303893
0.303749
0.303603
0.303445
0.303278
0.303115
0.302953
0.302797
0.302646
0.3025
0.302357
0.302223
0.302096
0.301976
0.301865
0.301763
0.301669
0.301585
0.301509
0.301442
0.301384
0.301335
0.301295
0.301263
0.301239
0.301223
0.301218
0.301223
0.301236
0.301258
0.301287
0.301318
0.301353
0.301388
0.301424
0.301459
0.301495
0.301529
0.301561
0.301591
0.301618
0.301641
0.301661
0.301677
0.301688
0.301841
0.301999
0.302162
0.302327
0.30249
0.302733
0.302969
0.303197
0.303417
0.303629
0.303831
0.304014
0.304151
0.304247
0.304313
0.304345
0.304339
0.304294
0.304207
0.304079
0.303923
0.30375
0.303603
0.303442
0.303273
0.303106
0.302943
0.302785
0.302632
0.302484
0.302343
0.302208
0.302081
0.301962
0.301852
0.301751
0.301659
0.301576
0.301501
0.301435
0.301379
0.301331
0.301293
0.301263
0.30124
0.301227
0.301225
0.301233
0.301251
0.301273
0.301304
0.301337
0.301372
0.301408
0.301445
0.301482
0.301518
0.301552
0.301585
0.301616
0.301643
0.301667
0.301686
0.301701
0.30171
0.301854
0.302005
0.302159
0.302313
0.302467
0.302616
0.302759
0.302894
0.30302
0.303137
0.303243
0.303331
0.303375
0.303377
0.303345
0.303278
0.303172
0.303027
0.302894
0.302737
0.302558
0.302359
0.30218
0.301992
0.301801
0.301615
0.301435
0.301261
0.301094
0.300935
0.300784
0.300641
0.300507
0.300383
0.30027
0.300167
0.300076
0.299995
0.299924
0.299863
0.299812
0.299771
0.29974
0.299717
0.299704
0.2997
0.299709
0.299727
0.299755
0.299791
0.299834
0.29988
0.299928
0.299976
0.300024
0.300072
0.300119
0.300166
0.30021
0.300253
0.300293
0.30033
0.300363
0.300393
0.300418
0.300697
0.300977
0.301264
0.301557
0.30185
0.302141
0.302424
0.3027
0.302967
0.303221
0.303468
0.303694
0.303873
0.304011
0.304099
0.304134
0.304112
0.304031
0.303889
0.303687
0.303466
0.303223
0.302946
0.302638
0.302306
0.301966
0.301616
0.301259
0.300895
0.300527
0.300155
0.29978
0.299404
0.299029
0.298656
0.298286
0.297923
0.297569
0.297228
0.296903
0.296596
0.296308
0.296041
0.295796
0.295582
0.295398
0.295246
0.295127
0.29504
0.294985
0.294958
0.294952
0.294969
0.295005
0.295057
0.295131
0.295222
0.295328
0.295448
0.295581
0.295727
0.295884
0.296052
0.296228
0.296404
0.296579
0.296752
0.297047
0.297342
0.297634
0.297918
0.298192
0.298458
0.298709
0.298945
0.299162
0.299349
0.299479
0.299559
0.299626
0.299676
0.299709
0.299723
0.299718
0.299695
0.299652
0.299591
0.299511
0.29941
0.299292
0.299188
0.299084
0.298983
0.298885
0.298791
0.298701
0.298616
0.298535
0.298461
0.298392
0.298329
0.298273
0.298224
0.298181
0.298144
0.298114
0.298091
0.298075
0.298067
0.298066
0.298073
0.298092
0.29812
0.298158
0.298204
0.298258
0.298315
0.298375
0.298438
0.298503
0.29857
0.298632
0.298699
0.298765
0.29883
0.298892
0.298952
0.299009
0.29906
0.299186
0.29939
0.299601
0.299915
0.30023
0.300545
0.300856
0.301159
0.301453
0.301736
0.302007
0.302266
0.302504
0.302696
0.302846
0.302947
0.302997
0.30299
0.302925
0.302801
0.302645
0.302446
0.302206
0.301926
0.301627
0.301322
0.301008
0.300687
0.300359
0.300026
0.299689
0.299349
0.299008
0.298668
0.29833
0.297995
0.297667
0.297346
0.297036
0.29674
0.296462
0.296202
0.295958
0.295732
0.295526
0.295355
0.295217
0.295113
0.295041
0.294999
0.294988
0.295
0.295037
0.295093
0.295168
0.295261
0.29537
0.295494
0.295632
0.295782
0.295945
0.296119
0.296303
0.296496
0.296694
0.296893
0.29709
0.297283
0.29747
0.297771
0.298069
0.298356
0.298637
0.298912
0.299178
0.299433
0.299666
0.299871
0.300018
0.300115
0.300195
0.300256
0.300298
0.300321
0.300324
0.300308
0.300271
0.300214
0.300137
0.300039
0.299923
0.299792
0.299665
0.299554
0.299445
0.299339
0.299236
0.299136
0.299041
0.298951
0.298866
0.298787
0.298714
0.298647
0.298586
0.298532
0.298486
0.298446
0.298415
0.298392
0.298376
0.29837
0.298376
0.298394
0.298421
0.298459
0.298504
0.298554
0.298607
0.298663
0.298722
0.298782
0.298843
0.298903
0.298962
0.299016
0.299069
0.299119
0.299164
0.299281
0.299476
0.299678
0.299886
0.300096
0.300403
0.300707
0.301007
0.3013
0.301582
0.301853
0.302112
0.302359
0.302584
0.302764
0.302903
0.302993
0.303031
0.303012
0.302935
0.302798
0.302638
0.302436
0.302194
0.301913
0.301595
0.301286
0.300967
0.300642
0.300313
0.299979
0.299642
0.299305
0.298967
0.298631
0.298299
0.29797
0.297647
0.297332
0.297026
0.296734
0.296456
0.296195
0.29595
0.295721
0.29551
0.295333
0.295187
0.29507
0.29499
0.294941
0.294922
0.29493
0.29496
0.295009
0.295077
0.295163
0.295265
0.295383
0.295514
0.29566
0.295819
0.295987
0.296168
0.296359
0.296557
0.296757
0.296954
0.297149
0.297337
0.297578
0.297878
0.29817
0.298456
0.298735
0.299008
0.299271
0.299516
0.299731
0.299888
0.299994
0.300081
0.300147
0.300191
0.300213
0.300213
0.300192
0.300149
0.300083
0.299996
0.299887
0.299757
0.299632
0.299525
0.29942
0.299318
0.29922
0.299126
0.299036
0.298951
0.298872
0.298799
0.298732
0.298672
0.29862
0.298573
0.298534
0.298501
0.298476
0.298458
0.298449
0.298449
0.298459
0.298481
0.298514
0.298558
0.29861
0.298668
0.298729
0.298792
0.298858
0.298924
0.298991
0.299057
0.299123
0.299187
0.299248
0.299307
0.299361
0.299411
0.299528
0.299719
0.29992
0.300126
0.300335
0.300653
0.300964
0.301271
0.301566
0.301855
0.302133
0.3024
0.302655
0.302889
0.303078
0.303226
0.303324
0.303369
0.303356
0.303283
0.303175
0.303022
0.302827
0.30259
0.302312
0.302013
0.301707
0.301392
0.301068
0.300737
0.300398
0.300054
0.299704
0.299351
0.298997
0.298642
0.298288
0.297937
0.297591
0.297252
0.296927
0.296616
0.296321
0.296037
0.295776
0.295532
0.295321
0.295141
0.294992
0.294875
0.294787
0.29473
0.294701
0.294694
0.29471
0.294746
0.294801
0.29487
0.294961
0.295068
0.295192
0.29533
0.295483
0.295643
0.295818
0.296
0.296182
0.296362
0.296539
0.296711
0.297012
0.297311
0.297603
0.297888
0.298167
0.298432
0.298685
0.29892
0.299127
0.299275
0.299373
0.299449
0.299504
0.299535
0.299544
0.29953
0.299491
0.29943
0.299345
0.299237
0.299126
0.299024
0.298923
0.298824
0.298729
0.298636
0.298548
0.298465
0.298387
0.298314
0.298248
0.298188
0.298135
0.29809
0.298053
0.298023
0.298
0.297987
0.297981
0.297983
0.297993
0.29801
0.298037
0.298076
0.298127
0.298188
0.298259
0.298337
0.29842
0.298506
0.298594
0.298683
0.298773
0.298863
0.298953
0.299041
0.299126
0.299209
0.299288
0.299362
0.299497
0.299701
0.299915
0.300134
0.300419
0.300759
0.301094
0.301425
0.301747
0.302059
0.302361
0.302652
0.302932
0.30319
0.303405
0.303577
0.303697
0.303761
0.303765
0.303708
0.303589
0.303433
0.303227
0.302976
0.302679
0.302389
0.302071
0.301742
0.301404
0.301055
0.300698
0.300333
0.299962
0.299585
0.299206
0.298824
0.298442
0.298061
0.297683
0.297312
0.296946
0.296599
0.296269
0.29596
0.29567
0.2954
0.295162
0.294949
0.294765
0.294609
0.294483
0.294388
0.294322
0.294274
0.294252
0.294253
0.294274
0.294315
0.294374
0.29445
0.294543
0.294652
0.294774
0.29491
0.295057
0.295214
0.295372
0.29553
0.295686
0.295902
0.296195
0.296488
0.296775
0.297056
0.297327
0.297583
0.297824
0.298047
0.298242
0.298379
0.298465
0.29853
0.298573
0.298593
0.298591
0.298565
0.298515
0.298441
0.298345
0.298247
0.298156
0.29806
0.297967
0.297877
0.297791
0.297709
0.297632
0.297561
0.297496
0.297438
0.297387
0.297343
0.297308
0.297281
0.297263
0.297251
0.297248
0.297253
0.297266
0.297288
0.297318
0.297357
0.297406
0.297468
0.297543
0.297628
0.297724
0.297827
0.297934
0.298044
0.298157
0.29827
0.298384
0.298497
0.298609
0.29872
0.298828
0.298932
0.299032
0.299128
0.299218
0.299429
0.29965
0.299877
0.30017
0.300517
0.300861
0.301199
0.301528
0.301847
0.302155
0.302452
0.302736
0.303
0.303218
0.303395
0.303516
0.30358
0.303583
0.303522
0.303398
0.30323
0.303011
0.302744
0.302478
0.302177
0.301849
0.301509
0.301158
0.300796
0.300424
0.300042
0.299653
0.299258
0.298858
0.298455
0.298051
0.297648
0.297246
0.29685
0.296466
0.296097
0.295746
0.295416
0.295109
0.294825
0.294571
0.294342
0.294144
0.293975
0.293835
0.293723
0.293641
0.293582
0.293547
0.293536
0.293547
0.293576
0.293625
0.293693
0.293777
0.293876
0.29399
0.294117
0.294256
0.294404
0.294555
0.294705
0.294854
0.295069
0.295356
0.295643
0.295926
0.296204
0.29647
0.296721
0.296953
0.297171
0.29736
0.297492
0.297574
0.297636
0.297679
0.297699
0.297698
0.297675
0.29763
0.297562
0.297472
0.297381
0.2973
0.297214
0.29713
0.29705
0.296975
0.296904
0.296839
0.29678
0.296727
0.296681
0.296643
0.296612
0.29659
0.296577
0.296573
0.296576
0.296586
0.296606
0.296634
0.29667
0.296716
0.29677
0.296834
0.296912
0.297002
0.297102
0.297213
0.297331
0.297453
0.297578
0.297704
0.297832
0.297959
0.298085
0.29821
0.298333
0.298452
0.298568
0.298679
0.298785
0.298884
0.299113
0.299345
0.299586
0.299948
0.300306
0.300663
0.301013
0.301355
0.301686
0.302006
0.302313
0.302608
0.302878
0.303104
0.303287
0.303414
0.303482
0.303488
0.303429
0.303304
0.303125
0.302904
0.302634
0.302317
0.30198
0.301634
0.301276
0.300906
0.300525
0.300136
0.299738
0.299334
0.298925
0.298511
0.298094
0.297677
0.29726
0.296845
0.296437
0.296041
0.295659
0.295297
0.294957
0.294641
0.294354
0.294096
0.293868
0.29367
0.293503
0.293367
0.29326
0.293182
0.293128
0.293098
0.293091
0.293106
0.293145
0.293202
0.293275
0.293366
0.293472
0.293593
0.293721
0.293862
0.294013
0.294165
0.294317
0.294468
0.294679
0.29496
0.295243
0.295523
0.295798
0.296066
0.296323
0.296562
0.296784
0.296978
0.297114
0.297202
0.297271
0.297321
0.297353
0.297365
0.297356
0.297326
0.297275
0.297202
0.297109
0.297016
0.296937
0.29686
0.296786
0.296717
0.296652
0.296592
0.296538
0.29649
0.296449
0.296416
0.29639
0.296372
0.296363
0.296362
0.296369
0.296383
0.296405
0.296435
0.296475
0.296524
0.296582
0.296651
0.296733
0.296826
0.296929
0.297043
0.297164
0.297288
0.297415
0.297543
0.297672
0.2978
0.297928
0.298054
0.298177
0.298297
0.298412
0.298523
0.298626
0.298724
0.298958
0.299198
0.299443
0.299748
0.300102
0.300454
0.3008
0.301136
0.301462
0.301776
0.302075
0.302362
0.302626
0.302845
0.303021
0.303141
0.303202
0.303199
0.303131
0.303008
0.302841
0.302627
0.302365
0.302057
0.301704
0.301358
0.300998
0.300626
0.300245
0.299856
0.29946
0.299058
0.298651
0.298241
0.297829
0.297417
0.297007
0.296601
0.296202
0.295815
0.295444
0.295092
0.294764
0.29446
0.294184
0.293938
0.293722
0.293537
0.293383
0.29326
0.293166
0.2931
0.293055
0.293031
0.293027
0.293046
0.293087
0.293149
0.293228
0.293322
0.293431
0.293553
0.293687
0.293832
0.29398
0.294132
0.294282
0.294431
0.294577
0.294844
0.295113
0.295383
0.295649
0.295911
0.296167
0.296406
0.296626
0.296819
0.296956
0.297043
0.297114
0.297168
0.297202
0.297218
0.297214
0.29719
0.297146
0.297081
0.296996
0.296891
0.296816
0.296742
0.296674
0.29661
0.296552
0.296501
0.296456
0.296419
0.29639
0.296369
0.296357
0.296354
0.296361
0.296377
0.2964
0.296429
0.296465
0.296509
0.296561
0.296621
0.296689
0.296768
0.29686
0.296964
0.297077
0.297198
0.297327
0.297457
0.29759
0.297723
0.297857
0.297989
0.29812
0.298249
0.298372
0.298493
0.298609
0.298719
0.298822
0.298991
0.299234
0.299483
0.299737
0.299991
0.300352
0.300703
0.301047
0.30138
0.301704
0.302015
0.302313
0.302597
0.302859
0.303075
0.30325
0.303367
0.303424
0.303418
0.303346
0.303219
0.303052
0.302836
0.302574
0.302265
0.301911
0.30154
0.301174
0.300796
0.300409
0.300013
0.299609
0.299199
0.298783
0.298364
0.297943
0.297521
0.297101
0.296685
0.296276
0.29588
0.2955
0.295141
0.294803
0.294491
0.294206
0.293954
0.293731
0.293543
0.293386
0.293259
0.29316
0.29309
0.29304
0.293011
0.293004
0.293018
0.293052
0.293107
0.293179
0.293266
0.293367
0.293476
0.2936
0.293734
0.293874
0.294016
0.294294
0.294585
0.294887
0.295194
0.295505
0.295817
0.296125
0.296433
0.296735
0.297022
0.297288
0.297526
0.297707
0.29784
0.297955
0.298052
0.29813
0.298189
0.298227
0.298246
0.298243
0.29822
0.298176
0.298112
0.298029
0.297929
0.297813
0.297679
0.297529
0.297361
0.297276
0.297192
0.297112
0.297038
0.29697
0.29691
0.296856
0.296811
0.296774
0.296745
0.296726
0.296717
0.296717
0.296729
0.296752
0.296788
0.296838
0.296902
0.296978
0.297066
0.297163
0.297265
0.297371
0.29748
0.297591
0.297703
0.297815
0.297926
0.298036
0.298143
0.298245
0.298344
0.298439
0.298525
0.298602
0.298671
0.298729
0.298778
0.29893
0.299062
0.299179
0.299281
0.299368
0.299486
0.299637
0.299777
0.299898
0.299974
0.300009
0.299988
0.299911
0.299774
0.299574
0.29931
0.298982
0.29859
0.298204
