0.298075
0.298119
0.298157
0.298242
0.298375
0.298502
0.298624
0.29874
0.298848
0.298948
0.299041
0.299116
0.299148
0.299141
0.299102
0.299027
0.298914
0.298804
0.29867
0.298514
0.298338
0.298167
0.298011
0.297852
0.297692
0.297538
0.297392
0.297254
0.297124
0.297002
0.296891
0.296789
0.296698
0.296618
0.29655
0.296493
0.296448
0.296414
0.29639
0.296374
0.296367
0.296369
0.29638
0.296401
0.29643
0.296469
0.296516
0.296571
0.296633
0.2967
0.296773
0.296847
0.296922
0.296999
0.297075
0.297151
0.297226
0.297301
0.297374
0.297446
0.297516
0.297584
0.297648
0.297709
0.297766
0.297818
0.297864
0.297904
0.297992
0.298128
0.298258
0.298383
0.298501
0.298613
0.298717
0.298808
0.298886
0.298921
0.298916
0.298878
0.298805
0.298693
0.298585
0.298453
0.2983
0.298125
0.297981
0.29783
0.297676
0.297521
0.297372
0.297231
0.297097
0.296971
0.296855
0.296749
0.296652
0.296566
0.29649
0.296426
0.296373
0.296332
0.2963
0.296279
0.296266
0.296262
0.296267
0.296282
0.296306
0.296339
0.296381
0.29643
0.296487
0.296551
0.296621
0.296695
0.29677
0.296847
0.296924
0.297001
0.297078
0.297154
0.297229
0.297299
0.29737
0.297438
0.297504
0.297567
0.297626
0.297681
0.297731
0.297776
0.297815
0.297902
0.298036
0.298166
0.298291
0.298409
0.29852
0.298623
0.298718
0.298795
0.29883
0.298825
0.298788
0.298714
0.298603
0.298493
0.298359
0.298203
0.298026
0.297881
0.297729
0.297573
0.297417
0.297267
0.297125
0.29699
0.296864
0.296747
0.29664
0.296543
0.296456
0.296381
0.296316
0.296264
0.296224
0.296195
0.296175
0.296164
0.296161
0.296167
0.296183
0.296208
0.296242
0.296284
0.296335
0.296394
0.296461
0.296533
0.29661
0.29669
0.29677
0.29685
0.296931
0.297012
0.297093
0.297169
0.297247
0.297322
0.297396
0.297466
0.297534
0.297598
0.297658
0.297712
0.297761
0.297804
0.297893
0.298031
0.298163
0.298291
0.298412
0.298526
0.298633
0.298731
0.298809
0.298845
0.298841
0.298806
0.298734
0.298624
0.298516
0.298386
0.298233
0.29806
0.297891
0.297738
0.297581
0.297423
0.297272
0.297128
0.296992
0.296864
0.296745
0.296636
0.296538
0.29645
0.296373
0.296308
0.296254
0.296213
0.296183
0.296163
0.296151
0.296149
0.296157
0.296174
0.296201
0.296237
0.296281
0.296334
0.296394
0.296461
0.296535
0.296613
0.296692
0.296773
0.296853
0.296934
0.297014
0.297093
0.297171
0.297247
0.297322
0.297394
0.297464
0.29753
0.297592
0.29765
0.297703
0.297751
0.297792
0.297881
0.298019
0.298151
0.298278
0.298397
0.298508
0.298613
0.298708
0.298787
0.298822
0.298818
0.298781
0.298708
0.298597
0.298466
0.298328
0.298168
0.297986
0.297839
0.297684
0.297525
0.297366
0.297214
0.297068
0.296932
0.296804
0.296685
0.296577
0.296478
0.296391
0.296314
0.29625
0.296197
0.296157
0.296128
0.296108
0.296097
0.296095
0.296102
0.296119
0.296145
0.296179
0.296223
0.296275
0.296336
0.296404
0.296479
0.296559
0.29664
0.296723
0.296806
0.296889
0.296972
0.297055
0.297137
0.297217
0.297296
0.297372
0.297446
0.297516
0.297582
0.297643
0.2977
0.29775
0.297794
0.297885
0.298023
0.298157
0.298286
0.298408
0.298523
0.29863
0.298729
0.29881
0.298849
0.298847
0.298813
0.298744
0.298636
0.29853
0.298399
0.298248
0.298075
0.297907
0.297755
0.297599
0.297442
0.297291
0.297148
0.297013
0.296886
0.296768
0.29666
0.296562
0.296475
0.296398
0.296333
0.296281
0.29624
0.296211
0.296191
0.29618
0.296178
0.296185
0.296202
0.296228
0.296264
0.296309
0.296362
0.296424
0.296493
0.296568
0.296647
0.296728
0.29681
0.296892
0.296974
0.297055
0.297135
0.297214
0.297292
0.297368
0.297442
0.297512
0.297579
0.297643
0.297701
0.297755
0.297802
0.297844
0.297933
0.298069
0.2982
0.298326
0.298445
0.298556
0.29866
0.298756
0.298834
0.298869
0.298864
0.298826
0.298753
0.298642
0.298512
0.298374
0.298215
0.298033
0.297885
0.29773
0.297572
0.297412
0.297259
0.297114
0.296978
0.29685
0.296731
0.296623
0.296524
0.296437
0.296361
0.296296
0.296243
0.296203
0.296175
0.296157
0.296146
0.296146
0.296154
0.296172
0.2962
0.296235
0.296279
0.296332
0.296394
0.296463
0.296538
0.296618
0.2967
0.296783
0.296865
0.296949
0.297032
0.297114
0.297196
0.297276
0.297354
0.29743
0.297502
0.297572
0.297637
0.297697
0.297752
0.297802
0.297845
0.297935
0.298073
0.298206
0.298333
0.298454
0.298567
0.298673
0.29877
0.29885
0.298888
0.298885
0.298849
0.298778
0.298669
0.298561
0.298429
0.298274
0.298099
0.297929
0.297776
0.297619
0.297461
0.297309
0.297165
0.297029
0.296901
0.296782
0.296674
0.296575
0.296487
0.29641
0.296345
0.296292
0.296252
0.296223
0.296202
0.296191
0.296188
0.296195
0.296211
0.296237
0.296272
0.296315
0.296367
0.296428
0.296496
0.29657
0.296649
0.296729
0.296811
0.296892
0.296974
0.297056
0.297137
0.297217
0.297296
0.297373
0.297447
0.297519
0.297587
0.297651
0.297711
0.297766
0.297814
0.297857
0.297946
0.298083
0.298216
0.298342
0.298458
0.298571
0.298675
0.298771
0.298849
0.298884
0.298879
0.298841
0.298768
0.298657
0.298528
0.298392
0.298234
0.298055
0.297907
0.297753
0.297595
0.297436
0.297284
0.297139
0.297002
0.296874
0.296756
0.296647
0.296549
0.296461
0.296385
0.29632
0.296268
0.296228
0.2962
0.29618
0.296169
0.296167
0.296175
0.296192
0.296219
0.296255
0.296298
0.296351
0.296413
0.296481
0.296556
0.296635
0.296716
0.296797
0.296879
0.296961
0.297042
0.297122
0.297201
0.297278
0.297354
0.297427
0.297498
0.297565
0.297628
0.297686
0.29774
0.297788
0.297829
0.297918
0.298055
0.298187
0.298313
0.298432
0.298544
0.298649
0.298745
0.298823
0.298859
0.298855
0.298819
0.298746
0.298635
0.298506
0.298369
0.29821
0.29803
0.297883
0.297729
0.297571
0.297413
0.297261
0.297116
0.29698
0.296853
0.296735
0.296627
0.296529
0.296442
0.296366
0.296302
0.29625
0.29621
0.296182
0.296162
0.296152
0.29615
0.296157
0.296174
0.2962
0.296234
0.296278
0.29633
0.296391
0.296459
0.296533
0.296612
0.296693
0.296774
0.296856
0.296938
0.29702
0.297101
0.297182
0.297261
0.297338
0.297413
0.297485
0.297554
0.297618
0.297678
0.297733
0.297783
0.297826
0.297916
0.298054
0.298187
0.298314
0.298436
0.29855
0.298657
0.298755
0.298836
0.298873
0.298871
0.298836
0.298765
0.298657
0.29855
0.298419
0.298267
0.298093
0.297925
0.297773
0.297616
0.297459
0.297309
0.297165
0.29703
0.296903
0.296785
0.296677
0.296579
0.296492
0.296416
0.296351
0.296276
0.296242
0.296219
0.296204
0.296198
0.2962
0.296212
0.296233
0.296263
0.296301
0.296347
0.296401
0.296463
0.296532
0.296606
0.296685
0.296766
0.296847
0.296928
0.297009
0.297089
0.297168
0.297247
0.297323
0.297398
0.297471
0.29754
0.297607
0.297669
0.297727
0.297779
0.297827
0.297868
0.297956
0.298093
0.298225
0.298351
0.298471
0.298579
0.298683
0.298778
0.298855
0.29889
0.298885
0.298847
0.298774
0.298663
0.298532
0.298395
0.298235
0.298054
0.297906
0.297751
0.297592
0.297433
0.29728
0.297135
0.296998
0.29687
0.296751
0.296642
0.296543
0.296455
0.296379
0.296314
0.296261
0.29622
0.296192
0.296172
0.296161
0.29616
0.296167
0.296184
0.29621
0.296245
0.296288
0.29634
0.296401
0.296469
0.296544
0.296623
0.296704
0.296786
0.296868
0.29695
0.297032
0.297114
0.297194
0.297273
0.297351
0.297426
0.297498
0.297567
0.297632
0.297692
0.297747
0.297796
0.29784
0.29793
0.298067
0.2982
0.298327
0.298448
0.298562
0.298668
0.298765
0.298846
0.298883
0.298881
0.298845
0.298775
0.298666
0.298559
0.298428
0.298276
0.298102
0.297933
0.297781
0.297624
0.297467
0.297316
0.297173
0.297037
0.29691
0.296792
0.296683
0.296585
0.296498
0.296421
0.296356
0.296303
0.296263
0.296233
0.296212
0.296201
0.296198
0.296205
0.296222
0.296247
0.296282
0.296325
0.296377
0.296438
0.296505
0.296579
0.296657
0.296737
0.296817
0.296898
0.296979
0.297059
0.297139
0.297217
0.297294
0.297369
0.297442
0.297512
0.297579
0.297642
0.2977
0.297754
0.297802
0.297843
0.297933
0.298069
0.298201
0.298327
0.298447
0.298559
0.298664
0.29876
0.298839
0.298876
0.298872
0.298835
0.298763
0.298652
0.298523
0.298387
0.298229
0.298049
0.297902
0.297748
0.29759
0.297432
0.29728
0.297136
0.297
0.296873
0.296755
0.296647
0.296549
0.296462
0.296386
0.296321
0.296269
0.296229
0.296201
0.296182
0.296172
0.296171
0.296179
0.296196
0.296223
0.296258
0.296301
0.296354
0.296414
0.296482
0.296556
0.296635
0.296716
0.296797
0.296879
0.296961
0.297043
0.297124
0.297205
0.297284
0.297361
0.297436
0.297507
0.297576
0.297641
0.297701
0.297756
0.297804
0.297847
0.297937
0.298074
0.298206
0.298333
0.298453
0.298566
0.298672
0.298769
0.298848
0.298885
0.298882
0.298847
0.298775
0.298666
0.298558
0.298425
0.298271
0.298097
0.297927
0.297774
0.297616
0.297458
0.297307
0.297163
0.297027
0.296899
0.29678
0.296671
0.296573
0.296485
0.296408
0.296343
0.29629
0.296249
0.29622
0.296199
0.296187
0.296184
0.29619
0.296206
0.296231
0.296266
0.296308
0.29636
0.29642
0.296488
0.296561
0.29664
0.29672
0.296801
0.296882
0.296963
0.297045
0.297125
0.297206
0.297284
0.297361
0.297435
0.297507
0.297575
0.29764
0.2977
0.297754
0.297803
0.297846
0.297935
0.298073
0.298205
0.298331
0.298452
0.298565
0.298666
0.298762
0.298841
0.298877
0.298873
0.298835
0.298763
0.298653
0.298524
0.298388
0.298231
0.298052
0.297905
0.297751
0.297593
0.297435
0.297284
0.297139
0.297003
0.296875
0.296757
0.296649
0.296551
0.296463
0.296387
0.296323
0.29627
0.29623
0.296201
0.296182
0.296171
0.296169
0.296177
0.296194
0.296221
0.296256
0.2963
0.296352
0.296413
0.296481
0.296555
0.296634
0.296714
0.296796
0.296877
0.296959
0.29704
0.29712
0.2972
0.297278
0.297354
0.297428
0.297499
0.297567
0.297631
0.29769
0.297744
0.297792
0.297834
0.297923
0.29806
0.298192
0.298318
0.298438
0.29855
0.298655
0.298751
0.29883
0.298866
0.298862
0.298826
0.298753
0.298643
0.298513
0.298377
0.298219
0.298039
0.297892
0.297738
0.297581
0.297422
0.297271
0.297127
0.29699
0.296863
0.296745
0.296637
0.29654
0.296453
0.296377
0.296312
0.29626
0.29622
0.296192
0.296173
0.296162
0.296161
0.296168
0.296184
0.29621
0.296245
0.296289
0.296341
0.296402
0.296469
0.296543
0.296622
0.296702
0.296783
0.296865
0.296946
0.297028
0.297109
0.29719
0.297269
0.297346
0.297421
0.297493
0.297562
0.297627
0.297687
0.297742
0.297792
0.297835
0.297926
0.298064
0.298197
0.298325
0.298446
0.298561
0.298667
0.298766
0.298846
0.298884
0.298881
0.298846
0.298776
0.298667
0.29856
0.298429
0.298277
0.298103
0.297934
0.297782
0.297625
0.297468
0.297317
0.297173
0.297037
0.29691
0.296792
0.296684
0.296586
0.296498
0.296422
0.296357
0.296304
0.296263
0.296235
0.296214
0.296204
0.296202
0.296209
0.296227
0.296253
0.296289
0.296332
0.296384
0.296445
0.296513
0.296586
0.296665
0.296745
0.296825
0.296906
0.296987
0.297067
0.297147
0.297226
0.297303
0.297379
0.297452
0.297522
0.297589
0.297652
0.29771
0.297764
0.297808
0.297848
0.297937
0.298073
0.298204
0.298329
0.298448
0.29856
0.298663
0.298759
0.298837
0.298872
0.298867
0.298829
0.298756
0.298645
0.298514
0.298377
0.298219
0.298038
0.29789
0.297736
0.297577
0.297419
0.297266
0.297121
0.296985
0.296857
0.296738
0.29663
0.296532
0.296444
0.296368
0.296303
0.29625
0.29621
0.296182
0.296162
0.296151
0.29615
0.296157
0.296174
0.296201
0.296236
0.296279
0.296331
0.296392
0.29646
0.296534
0.296613
0.296694
0.296775
0.296857
0.296939
0.297021
0.297102
0.297183
0.297262
0.297339
0.297415
0.297487
0.297556
0.297621
0.297681
0.297736
0.297786
0.297829
0.297919
0.298057
0.298189
0.298316
0.298437
0.298551
0.298657
0.298754
0.298834
0.298872
0.298869
0.298834
0.298763
0.298654
0.298547
0.298416
0.298263
0.298089
0.29792
0.297767
0.297611
0.297453
0.297302
0.297159
0.297023
0.296895
0.296777
0.296669
0.29657
0.296482
0.296406
0.296341
0.296287
0.296247
0.296217
0.296196
0.296185
0.296182
0.29619
0.296206
0.296232
0.296267
0.29631
0.296363
0.296424
0.296492
0.296566
0.296645
0.296726
0.296807
0.296889
0.29697
0.297051
0.297132
0.297211
0.297289
0.297365
0.297439
0.29751
0.297578
0.297641
0.2977
0.297754
0.297803
0.297843
0.297877
0.297904
0.297924
0.297936
0.297941
0.297938
0.297926
0.297906
0.297863
0.29778
0.297654
0.297492
0.297294
0.297058
0.296806
0.296553
0.29628
0.296067
0.29585
0.295634
0.295418
0.295207
0.295007
0.294819
0.294642
0.294478
0.294326
0.294189
0.294065
0.293955
0.293861
0.293782
0.293718
0.29367
0.293638
0.293615
0.293604
0.293603
0.293614
0.293637
0.293671
0.293715
0.29377
0.293835
0.29391
0.293991
0.294084
0.294183
0.294285
0.294389
0.294494
0.294601
0.294708
0.294815
0.294922
0.295028
0.295133
0.295236
0.295334
0.295486
0.295694
0.295909
0.296127
0.296347
0.296566
0.296782
0.296995
0.297201
0.297399
0.297588
0.297765
0.297931
0.298085
0.298219
0.298308
0.298356
0.298371
0.298349
0.298306
0.298252
0.298177
0.298111
0.298034
0.297949
0.297857
0.29776
0.297659
0.297562
0.29747
0.297383
0.297302
0.297228
0.29716
0.297099
0.297046
0.297002
0.296967
0.296942
0.296927
0.296921
0.296923
0.296932
0.296948
0.296973
0.297005
0.297045
0.29709
0.297144
0.297203
0.297269
0.29734
0.297417
0.297496
0.297576
0.297656
0.297736
0.297815
0.297892
0.297967
0.29804
0.29811
0.29827
0.298442
0.298624
0.298815
0.299011
0.299209
0.299408
0.299606
0.299802
0.299995
0.300184
0.300366
0.300539
0.300703
0.300853
0.300991
0.301117
0.301222
0.301284
0.301308
0.301297
0.30125
0.301175
0.301071
0.300938
0.300842
0.300733
0.300615
0.300489
0.300356
0.30022
0.300088
0.299961
0.29984
0.299725
0.299616
0.299514
0.29942
0.299331
0.299252
0.299182
0.299121
0.29907
0.299028
0.298994
0.298969
0.298952
0.298944
0.298943
0.29895
0.298964
0.298985
0.299014
0.299051
0.299095
0.299146
0.2992
0.299256
0.299313
0.299371
0.299429
0.299486
0.299543
0.299598
0.299652
0.299704
0.299754
0.2998
0.299843
0.299882
0.299915
0.300014
0.300181
0.300355
0.300533
0.30071
0.300882
0.301047
0.301204
0.301354
0.301494
0.301625
0.301738
0.301806
0.301833
0.301829
0.301789
0.301739
0.301666
0.30157
0.301453
0.301315
0.301188
0.301053
0.30091
0.300764
0.300623
0.300485
0.300353
0.300226
0.300106
0.299992
0.299886
0.299787
0.299697
0.299617
0.299546
0.299484
0.299432
0.299388
0.299351
0.299322
0.299302
0.29929
0.299287
0.29929
0.299302
0.299324
0.299354
0.299392
0.299439
0.299489
0.299541
0.299595
0.299649
0.299703
0.299757
0.299809
0.299859
0.299907
0.299952
0.299994
0.300033
0.300068
0.3001
0.300128
0.300294
0.300466
0.300644
0.300824
0.301005
0.301181
0.30135
0.301512
0.301665
0.30181
0.301945
0.302061
0.302133
0.302164
0.302164
0.302127
0.302052
0.301978
0.30188
0.30176
0.301618
0.301471
0.301329
0.301179
0.301026
0.300877
0.300732
0.300592
0.300459
0.300332
0.300212
0.3001
0.299996
0.2999
0.299813
0.299735
0.299667
0.299609
0.29956
0.299519
0.299486
0.299462
0.299447
0.29944
0.299441
0.29945
0.299469
0.299496
0.299531
0.299573
0.29962
0.299668
0.299717
0.299767
0.299817
0.299866
0.299914
0.299961
0.300006
0.300048
0.300087
0.300122
0.300154
0.300182
0.300205
0.300371
0.300542
0.30072
0.300901
0.30108
0.301256
0.301424
0.301584
0.301736
0.301879
0.302013
0.302128
0.302199
0.30223
0.302229
0.302193
0.302133
0.302058
0.301959
0.301838
0.301694
0.301528
0.301383
0.301228
0.301069
0.300915
0.300765
0.30062
0.300482
0.300349
0.300224
0.300107
0.299998
0.299897
0.299807
0.299726
0.299655
0.299594
0.299541
0.299496
0.299458
0.299429
0.299407
0.299395
0.29939
0.299395
0.29941
0.299435
0.299469
0.299511
0.299558
0.299608
0.299659
0.29971
0.299762
0.29981
0.299859
0.299908
0.299954
0.299998
0.30004
0.300079
0.300115
0.300148
0.300177
0.30027
0.300434
0.300604
0.300777
0.30095
0.30112
0.301282
0.301437
0.301584
0.301723
0.301852
0.301962
0.302028
0.302053
0.302045
0.302012
0.301962
0.30189
0.301796
0.30168
0.301543
0.301417
0.30128
0.301137
0.300991
0.300848
0.300709
0.300576
0.300449
0.300327
0.300212
0.300104
0.300005
0.299914
0.299832
0.299759
0.299696
0.299642
0.299597
0.299559
0.299528
0.299506
0.299492
0.299486
0.299485
0.299494
0.299513
0.29954
0.299576
0.299619
0.299667
0.299718
0.299769
0.299821
0.299872
0.299923
0.29997
0.300018
0.300063
0.300106
0.300145
0.30018
0.300211
0.300237
0.30026
0.300424
0.300595
0.300772
0.300952
0.30113
0.301305
0.301472
0.301631
0.301781
0.301922
0.302053
0.302166
0.302235
0.302263
0.30226
0.30222
0.302142
0.302043
0.301933
0.301799
0.301642
0.301503
0.301354
0.301197
0.301037
0.30088
0.300729
0.300583
0.300444
0.300312
0.300187
0.30007
0.299962
0.299863
0.299773
0.299693
0.299624
0.299564
0.299513
0.29947
0.299436
0.29941
0.299393
0.299384
0.299384
0.299394
0.299415
0.299447
0.299487
0.299535
0.299588
0.299643
0.299698
0.299754
0.299809
0.299863
0.299916
0.299967
0.300015
0.300062
0.300105
0.300145
0.300181
0.300214
0.300243
0.300336
0.300499
0.300669
0.300842
0.301015
0.301184
0.301346
0.301501
0.301647
0.301785
0.301913
0.302023
0.302088
0.302112
0.302103
0.302068
0.302016
0.301941
0.301844
0.301726
0.301585
0.301441
0.3013
0.301153
0.301002
0.300855
0.300712
0.300575
0.300444
0.300319
0.3002
0.300089
0.299986
0.299892
0.299807
0.299731
0.299666
0.299611
0.299563
0.299524
0.299492
0.299469
0.299455
0.29945
0.299453
0.299464
0.299485
0.299516
0.299554
0.2996
0.299652
0.299706
0.29976
0.299815
0.299869
0.299922
0.299974
0.300024
0.300072
0.300116
0.300157
0.300195
0.300231
0.300262
0.30029
0.300457
0.30072
0.300987
0.301258
0.30153
0.301798
0.302061
0.302315
0.302561
0.302798
0.303022
0.303229
0.30339
0.30351
0.3036
0.303655
0.303673
0.30365
0.303586
0.303511
0.303406
0.303309
0.303198
0.303074
0.302943
0.302812
0.302684
0.302558
0.302435
0.302317
0.302204
0.302096
0.301995
0.3019
0.301813
0.301733
0.301662
0.301598
0.301539
0.301489
0.301446
0.30141
0.301383
0.301363
0.301352
0.301349
0.301357
0.301374
0.3014
0.301433
0.30147
0.30151
0.30155
0.30159
0.30163
0.30167
0.301707
0.301743
0.301776
0.301806
0.301832
0.301854
0.301872
0.301885
0.301893
0.302017
0.302257
0.302504
0.302755
0.303008
0.303257
0.303501
0.303737
0.303964
0.304183
0.304393
0.304584
0.304729
0.304833
0.304905
0.304943
0.304942
0.304901
0.304817
0.304725
0.304603
0.304471
0.304339
0.304194
0.304042
0.303891
0.303742
0.303596
0.303454
0.303317
0.303184
0.303057
0.302936
0.302822
0.302714
0.302614
0.302523
0.302441
0.302366
0.3023
0.302243
0.302194
0.302154
0.302122
0.302097
0.302081
0.302076
0.302081
0.302095
0.302117
0.302145
0.302176
0.30221
0.302246
0.302281
0.302317
0.302351
0.302384
0.302415
0.302443
0.302468
0.30249
0.302508
0.302521
0.302529
0.302674
0.302825
0.30298
0.30319
0.303446
0.303698
0.303942
0.304179
0.304408
0.304627
0.304837
0.305027
0.305171
0.305272
0.305345
0.305383
0.305384
0.305344
0.305263
0.30514
0.304976
0.304826
0.304677
0.304515
0.304344
0.304176
0.30401
0.303848
0.30369
0.303537
0.303391
0.30325
0.303116
0.30299
0.302872
0.302762
0.302662
0.302571
0.302487
0.302413
0.302348
0.302293
0.302248
0.302212
0.302184
0.302166
0.302159
0.302162
0.302175
0.302196
0.302222
0.302249
0.302278
0.302307
0.302336
0.302364
0.302391
0.302416
0.302438
0.302458
0.302473
0.302485
0.302492
0.302495
0.302493
0.302628
0.30277
0.302916
0.303171
0.303422
0.30367
0.303912
0.304145
0.304371
0.304587
0.304794
0.304981
0.305121
0.30522
0.30529
0.305326
0.305324
0.305281
0.305198
0.305072
0.304905
0.304735
0.304582
0.304415
0.30424
0.304066
0.303897
0.303731
0.30357
0.303414
0.303264
0.303121
0.302986
0.302857
0.302738
0.302626
0.302524
0.302431
0.302347
0.302271
0.302205
0.302148
0.302101
0.302062
0.302031
0.302009
0.301998
0.301998
0.302008
0.302026
0.302052
0.30208
0.302109
0.30214
0.30217
0.3022
0.302229
0.302256
0.302281
0.302304
0.302323
0.302339
0.302352
0.30236
0.302363
0.302501
0.302645
0.302794
0.303054
0.303309
0.303562
0.303808
0.304046
0.304277
0.304498
0.30471
0.304902
0.305048
0.305152
0.305226
0.305266
0.305268
0.30523
0.305151
0.30503
0.304868
0.304719
0.304573
0.304414
0.304246
0.30408
0.303917
0.303758
0.303603
0.303453
0.303309
0.303171
0.30304
0.302916
0.3028
0.302692
0.302593
0.302503
0.302422
0.302349
0.302285
0.302231
0.302185
0.302148
0.30212
0.3021
0.30209
0.30209
0.302095
0.302111
0.302133
0.302158
0.302184
0.30221
0.302237
0.302264
0.30229
0.302314
0.302336
0.302356
0.302372
0.302383
0.302392
0.302395
0.302393
0.302532
0.302677
0.302827
0.303031
0.303281
0.303528
0.303768
0.304
0.304225
0.304441
0.304647
0.304833
0.304972
0.30507
0.305139
0.305174
0.305171
0.305128
0.305043
0.304917
0.304764
0.304615
0.304469
0.30431
0.304143
0.303978
0.303816
0.303658
0.303505
0.303357
0.303214
0.303078
0.302948
0.302827
0.302713
0.302608
0.302511
0.302424
0.302344
0.302273
0.302211
0.302158
0.302115
0.30208
0.302053
0.302034
0.302027
0.30203
0.302042
0.302062
0.302089
0.302117
0.302147
0.302178
0.302209
0.30224
0.302269
0.302297
0.302323
0.302342
0.302361
0.302375
0.302384
0.302388
0.302387
0.302521
0.302662
0.302807
0.303063
0.303316
0.303566
0.303809
0.304044
0.304271
0.30449
0.304699
0.304888
0.305031
0.305132
0.305202
0.30524
0.305239
0.305198
0.305116
0.304992
0.304827
0.304682
0.304534
0.304373
0.304203
0.304035
0.30387
0.303709
0.303553
0.303402
0.303256
0.303116
0.302984
0.302858
0.302741
0.302632
0.302532
0.30244
0.302357
0.302284
0.302219
0.302163
0.302117
0.30208
0.30205
0.302028
0.302017
0.302016
0.302023
0.302039
0.302061
0.302083
0.30211
0.302137
0.302164
0.302192
0.302218
0.302243
0.302266
0.302287
0.302305
0.302319
0.30233
0.302337
0.302339
0.30248
0.302627
0.302778
0.302984
0.303236
0.303483
0.303725
0.303956
0.304181
0.304397
0.304603
0.30479
0.30493
0.305029
0.305098
0.305133
0.305131
0.305088
0.305004
0.304878
0.304725
0.304597
0.304454
0.304298
0.304134
0.303973
0.303814
0.30366
0.303509
0.303363
0.303223
0.303089
0.302962
0.302842
0.302729
0.302625
0.30253
0.302444
0.302366
0.302296
0.302235
0.302184
0.302141
0.302107
0.302081
0.302064
0.302059
0.302063
0.302075
0.302096
0.302122
0.302149
0.302178
0.302208
0.302238
0.302267
0.302295
0.302322
0.302346
0.302368
0.302386
0.302398
0.302407
0.302412
0.302412
0.302549
0.302691
0.302839
0.303097
0.30335
0.3036
0.303844
0.30408
0.304309
0.304525
0.304734
0.304923
0.305065
0.305166
0.305238
0.305276
0.305275
0.305235
0.305154
0.30503
0.304866
0.30472
0.304571
0.304409
0.304239
0.304071
0.303905
0.303743
0.303586
0.303435
0.303289
0.303149
0.303016
0.302891
0.302773
0.302663
0.302563
0.302471
0.302387
0.302313
0.302247
0.302191
0.302145
0.302107
0.302076
0.302055
0.302043
0.302042
0.302049
0.302065
0.302087
0.302112
0.30214
0.302169
0.302196
0.302224
0.302252
0.302279
0.302303
0.302325
0.302344
0.302359
0.302371
0.302378
0.302377
0.302516
0.30266
0.302809
0.303013
0.303265
0.303511
0.303752
0.303984
0.304209
0.304425
0.304631
0.304817
0.304957
0.305056
0.305125
0.305159
0.305156
0.305114
0.305029
0.304904
0.304736
0.304606
0.304458
0.304297
0.304128
0.303961
0.303798
0.303638
0.303482
0.303332
0.303188
0.303049
0.302918
0.302794
0.302678
0.30257
0.302471
0.302381
0.3023
0.302228
0.302164
0.30211
0.302065
0.302029
0.302001
0.301982
0.301973
0.301974
0.301984
0.302002
0.302026
0.302052
0.302079
0.302108
0.302136
0.302165
0.302192
0.302219
0.302243
0.302265
0.302284
0.3023
0.302312
0.302319
0.302322
0.302464
0.302612
0.302764
0.303024
0.303281
0.303534
0.303781
0.30402
0.304251
0.304473
0.304685
0.304877
0.305023
0.305127
0.305202
0.305243
0.305246
0.305209
0.305131
0.305011
0.304849
0.304685
0.304537
0.304375
0.304205
0.304036
0.30387
0.303709
0.303552
0.3034
0.303254
0.303114
0.302981
0.302855
0.302737
0.302628
0.302528
0.302437
0.302354
0.302279
0.302213
0.302157
0.30211
0.302072
0.302042
0.30202
0.30201
0.30201
0.302019
0.302036
0.30206
0.302087
0.302114
0.302143
0.302172
0.302201
0.302228
0.302255
0.302279
0.302301
0.302321
0.302337
0.302349
0.302358
0.302361
0.302501
0.302646
0.302797
0.303057
0.303313
0.303567
0.303813
0.304052
0.304283
0.304504
0.304716
0.304908
0.305054
0.305158
0.305233
0.305273
0.305275
0.305237
0.305158
0.305038
0.304875
0.304711
0.304562
0.304401
0.30423
0.304061
0.303895
0.303733
0.303575
0.303423
0.303276
0.303136
0.303002
0.302876
0.302758
0.302648
0.302546
0.302455
0.302372
0.302296
0.30223
0.302174
0.302127
0.302088
0.302058
0.302036
0.302025
0.302023
0.30203
0.302046
0.302068
0.302093
0.30212
0.302149
0.302178
0.302206
0.302234
0.302261
0.302286
0.302308
0.302327
0.302344
0.302356
0.302365
0.302368
0.302511
0.302658
0.302811
0.303018
0.303272
0.303521
0.303764
0.304
0.304227
0.304445
0.304654
0.304843
0.304986
0.305087
0.305159
0.305196
0.305196
0.305156
0.305074
0.304951
0.304787
0.304658
0.304512
0.304352
0.304184
0.304018
0.303856
0.303697
0.303543
0.303394
0.30325
0.303112
0.302982
0.302859
0.302743
0.302637
0.302539
0.30245
0.30237
0.302297
0.302234
0.30218
0.302135
0.302098
0.302071
0.302051
0.302042
0.302044
0.302054
0.302073
0.302098
0.302125
0.302153
0.302182
0.302211
0.30224
0.302267
0.302294
0.302318
0.302339
0.302358
0.302372
0.302383
0.30239
0.302392
0.30253
0.302674
0.302823
0.303083
0.303338
0.30359
0.303836
0.304074
0.304304
0.304525
0.304737
0.304928
0.305073
0.305177
0.305251
0.305291
0.305293
0.305254
0.305175
0.305053
0.30489
0.304726
0.304577
0.304414
0.304243
0.304074
0.303907
0.303745
0.303587
0.303435
0.303287
0.303147
0.303013
0.302886
0.302768
0.302657
0.302555
0.302463
0.302379
0.302304
0.302238
0.302182
0.302134
0.302096
0.302066
0.302044
0.302033
0.302031
0.302039
0.302054
0.302077
0.302102
0.30213
0.302158
0.302187
0.302216
0.302244
0.302271
0.302295
0.302318
0.302403
0.302561
0.302733
0.302915
0.303102
0.30329
0.303479
0.303667
0.303906
0.304187
0.30446
0.304723
0.304974
0.305212
0.305436
0.305644
0.30583
0.305969
0.306068
0.306136
0.306169
0.306163
0.306116
0.306028
0.305915
0.305792
0.305671
0.305536
0.305388
0.305231
0.305076
0.304923
0.304773
0.304625
0.304482
0.304344
0.30421
0.304082
0.30396
0.303844
0.303735
0.303635
0.303542
0.303457
0.303379
0.30331
0.30325
0.303198
0.303154
0.303118
0.303091
0.303073
0.303065
0.303065
0.303072
0.303085
0.303102
0.30312
0.303141
0.303163
0.303185
0.303207
0.303227
0.303246
0.303263
0.303346
0.303502
0.303672
0.303853
0.304039
0.304226
0.304413
0.304599
0.304888
0.305169
0.305441
0.305704
0.305954
0.306189
0.30641
0.306616
0.306798
0.306933
0.307027
0.307092
0.307121
0.307111
0.307061
0.306969
0.306845
0.306695
0.306563
0.306415
0.306253
0.306082
0.305912
0.305744
0.305579
0.305417
0.305259
0.305104
0.304956
0.304812
0.304675
0.304544
0.304421
0.304305
0.304198
0.304098
0.304007
0.303923
0.303845
0.303778
0.303719
0.303669
0.303628
0.303599
0.30358
0.303568
0.303566
0.303572
0.303582
0.303595
0.30361
0.303627
0.303644
0.303662
0.303679
0.303695
0.303709
0.30372
0.303728
0.303733
0.303892
0.304061
0.304242
0.30443
0.304623
0.304925
0.305224
0.30552
0.305809
0.30609
0.306363
0.306625
0.306876
0.307107
0.307291
0.307432
0.307544
0.307621
0.307659
0.307657
0.307613
0.307526
0.307398
0.307283
0.307155
0.307012
0.306857
0.306702
0.306547
0.306394
0.306243
0.306094
0.30595
0.305808
0.305671
0.30554
0.305413
0.305293
0.30518
0.305073
0.304973
0.304882
0.304798
0.304723
0.304656
0.304597
0.304546
0.304503
0.304471
0.304449
0.304435
0.30443
0.304431
0.304436
0.304443
0.304453
0.304464
0.304476
0.304489
0.304501
0.304512
0.304521
0.304528
0.304531
0.30453
0.304686
0.304851
0.305027
0.30521
0.305398
0.305694
0.305987
0.306277
0.306561
0.306835
0.307101
0.307356
0.307599
0.307823
0.307999
0.308132
0.308236
0.308305
0.308336
0.308326
0.308273
0.308179
0.308043
0.307898
0.307759
0.307604
0.307438
0.30727
0.307104
0.306939
0.306776
0.306616
0.30646
0.306307
0.306159
0.306016
0.305879
0.305748
0.305624
0.305507
0.305397
0.305295
0.305202
0.305117
0.305041
0.304974
0.304914
0.304864
0.304826
0.304797
0.304777
0.304766
0.304761
0.30476
0.304762
0.304765
0.304771
0.304776
0.304782
0.304788
0.304792
0.304794
0.304794
0.304789
0.304781
0.30493
0.305088
0.305257
0.305434
0.305616
0.305906
0.306193
0.306479
0.306758
0.307028
0.307289
0.307539
0.307779
0.307998
0.308169
0.308298
0.308398
0.308463
0.308489
0.308473
0.308417
0.308318
0.308178
0.308029
0.307887
0.307728
0.307557
0.307385
0.307215
0.307046
0.306879
0.306715
0.306555
0.306398
0.306247
0.3061
0.30596
0.305826
0.305699
0.30558
0.305468
0.305364
0.305268
0.305182
0.305104
0.305034
0.304973
0.304921
0.30488
0.304851
0.304831
0.304819
0.304814
0.304813
0.304814
0.304817
0.304822
0.304827
0.304832
0.304837
0.30484
0.304841
0.304839
0.304833
0.304823
0.304969
0.305125
0.305292
0.305467
0.305647
0.305936
0.306222
0.306506
0.306784
0.307053
0.307313
0.307563
0.307801
0.308019
0.30819
0.308318
0.308417
0.30848
0.308505
0.30849
0.308432
0.308333
0.308191
0.30804
0.307897
0.307736
0.307565
0.307393
0.307222
0.307052
0.306884
0.30672
0.306559
0.306402
0.30625
0.306103
0.305963
0.305828
0.305701
0.305581
0.305468
0.305365
0.305269
0.305182
0.305104
0.305035
0.304975
0.304923
0.304883
0.304854
0.304833
0.304822
0.304817
0.304816
0.304817
0.30482
0.304825
0.30483
0.304835
0.30484
0.304843
0.304843
0.304841
0.304835
0.304825
0.304972
0.305129
0.305297
0.305473
0.305653
0.305942
0.306228
0.306512
0.30679
0.307059
0.307318
0.307568
0.307806
0.308024
0.308194
0.308322
0.308421
0.308484
0.308509
0.308493
0.308436
0.308337
0.308195
0.308044
0.3079
0.30774
0.307568
0.307396
0.307224
0.307055
0.306887
0.306722
0.306561
0.306404
0.306252
0.306105
0.305964
0.30583
0.305704
0.305585
0.305473
0.305369
0.305274
0.305188
0.305111
0.305042
0.304983
0.304932
0.304893
0.304865
0.304847
0.304837
0.304833
0.304833
0.304836
0.30484
0.304846
0.304852
0.304857
0.304862
0.304865
0.304866
0.304864
0.304858
0.304848
0.304993
0.305149
0.305315
0.305489
0.305668
0.305957
0.306242
0.306526
0.3068
0.307069
0.307327
0.307575
0.307812
0.308028
0.308197
0.308323
0.30842
0.308482
0.308505
0.308488
0.308429
0.308328
0.308185
0.308033
0.307888
0.307726
0.307553
0.30738
0.307208
0.307037
0.306869
0.306703
0.306542
0.306384
0.306232
0.306084
0.305943
0.305809
0.305682
0.305561
0.305449
0.305346
0.305251
0.305164
0.305087
0.305019
0.304959
0.304908
0.304869
0.30484
0.304821
0.30481
0.304806
0.304806
0.304808
0.304812
0.304817
0.304823
0.304829
0.304834
0.304837
0.304838
0.304836
0.30483
0.304877
0.305146
0.305424
0.305715
0.306017
0.306325
0.306637
0.306949
0.307256
0.307555
0.30784
0.308112
0.308368
0.308609
0.308826
0.308995
0.309123
0.309219
0.309279
0.309299
0.309279
0.309216
0.309111
0.308964
0.308804
0.308612
0.308391
0.308146
0.307885
0.307608
0.307315
0.307005
0.306773
0.306541
0.306315
0.306095
0.305882
0.305677
0.30548
0.305292
0.305113
0.304944
0.304785
0.304637
0.3045
0.304376
0.304263
0.304161
0.304073
0.303999
0.303938
0.303889
0.303851
0.303822
0.303798
0.303778
0.303762
0.303748
0.303737
0.303728
0.30372
0.303709
0.3037
0.30369
0.303677
0.303804
0.30407
0.304347
0.304632
0.304923
0.305217
0.305511
0.3058
0.30608
0.306348
0.3066
0.306832
0.307045
0.307238
0.307404
0.307522
0.307599
0.307645
0.307655
0.307626
0.307556
0.307463
0.307339
0.307203
0.307064
0.30691
0.306743
0.306567
0.306392
0.306218
0.306047
0.305878
0.305714
0.305554
0.3054
0.305251
0.305108
0.304972
0.304845
0.304725
0.304613
0.30451
0.304415
0.304329
0.304253
0.304182
0.304123
0.304074
0.304035
0.304008
0.303994
0.303991
0.303997
0.304011
0.304026
0.304043
0.304061
0.304078
0.304094
0.304109
0.304122
0.304131
0.304137
0.304139
0.304136
0.304188
0.304462
0.304745
0.305042
0.305349
0.305662
0.30598
0.306299
0.306614
0.30692
0.307213
0.307492
0.307757
0.308008
0.308235
0.308414
0.308551
0.308655
0.308726
0.308757
0.308746
0.308711
0.308646
0.308552
0.308455
0.308338
0.308206
0.308061
0.307916
0.30777
0.307625
0.30748
0.307336
0.307195
0.307056
0.306921
0.30679
0.306664
0.306544
0.306429
0.306321
0.30622
0.306126
0.306041
0.305963
0.305894
0.305832
0.305778
0.305733
0.3057
0.305678
0.305665
0.305662
0.305665
0.30567
0.305679
0.305689
0.305701
0.305712
0.305722
0.305731
0.305738
0.305741
0.305741
0.305736
0.305726
0.305873
0.306029
0.30633
0.306642
0.306965
0.307294
0.307627
0.307957
0.308281
0.308595
0.308898
0.30919
0.309469
0.309724
0.30993
0.310092
0.310225
0.310324
0.310384
0.310404
0.310381
0.310317
0.310218
0.310104
0.30998
0.309837
0.309682
0.309524
0.309365
0.309205
0.309046
0.308888
0.308731
0.308577
0.308426
0.308279
0.308136
0.307998
0.307866
0.30774
0.30762
0.307508
0.307404
0.307307
0.307218
0.307137
0.307064
0.306999
0.306949
0.306911
0.306883
0.306863
0.30685
0.306839
0.306831
0.306824
0.306817
0.30681
0.306803
0.306793
0.306782
0.306767
0.306748
0.306725
0.306697
0.306823
0.307031
0.307317
0.307618
0.307928
0.308247
0.308568
0.308888
0.309202
0.309505
0.309799
0.31008
0.310349
0.310595
0.31079
0.310942
0.311064
0.311153
0.311204
0.311213
0.31118
0.311105
0.310987
0.310828
0.310684
0.310517
0.310336
0.310153
0.30997
0.309787
0.309605
0.309424
0.309246
0.30907
0.308898
0.308729
0.308566
0.308409
0.308257
0.308112
0.307974
0.307844
0.307722
0.307609
0.307504
0.307407
0.307319
0.30724
0.307175
0.307122
0.307078
0.307043
0.307015
0.306991
0.306969
0.306949
0.30693
0.306911
0.306892
0.306872
0.306851
0.306827
0.306799
0.306767
0.306731
0.30685
0.30698
0.307259
0.307548
0.307848
0.308156
0.308467
0.308776
0.30908
0.309373
0.309657
0.309929
0.310188
0.310425
0.310612
0.310756
0.310871
0.310952
0.310994
0.310995
0.310955
0.310872
0.310747
0.310627
0.310485
0.310326
0.310153
0.309979
0.309803
0.309628
0.309453
0.309279
0.309108
0.308939
0.308774
0.308612
0.308456
0.308304
0.308158
0.308019
0.307887
0.307762
0.307645
0.307537
0.307437
0.307344
0.307259
0.307184
0.30712
0.307069
0.307027
0.306994
0.306968
0.306944
0.306924
0.306906
0.306888
0.306872
0.306855
0.306837
0.306818
0.306796
0.306771
0.306743
0.306711
0.306836
0.306971
0.307257
0.30755
0.307855
0.308167
0.308482
0.308795
0.309102
0.309399
0.309685
0.30996
0.310223
0.310462
0.310652
0.310798
0.310915
0.310999
0.311045
0.311048
0.311011
0.310931
0.31082
0.310695
0.310557
0.310402
0.310232
0.310062
0.30989
0.309718
0.309546
0.309376
0.309208
0.309042
0.308879
0.30872
0.308565
0.308416
0.308272
0.308134
0.308003
0.307879
0.307762
0.307654
0.307553
0.30746
0.307375
0.307299
0.307236
0.307186
0.307145
0.307113
0.307087
0.307065
0.307045
0.307027
0.30701
0.306994
0.306977
0.306959
0.306939
0.306917
0.306892
0.306862
0.306828
0.30695
0.30708
0.307362
0.307653
0.307956
0.308265
0.308578
0.308889
0.309194
0.309489
0.309773
0.310047
0.310305
0.310542
0.31073
0.310874
0.310989
0.311071
0.311114
0.311116
0.311076
0.310994
0.310881
0.310755
0.310617
0.310461
0.310292
0.31012
0.309949
0.309776
0.309604
0.309433
0.309264
0.309098
0.308934
0.308774
0.308619
0.308468
0.308322
0.308183
0.30805
0.307925
0.307808
0.307699
0.307598
0.307504
0.307417
0.30734
0.307275
0.307221
0.307177
0.307142
0.307113
0.307087
0.307064
0.307044
0.307024
0.307006
0.306987
0.306968
0.306947
0.306923
0.306897
0.306866
0.306832
0.306955
0.307087
0.307369
0.30766
0.307963
0.308273
0.308586
0.308897
0.309202
0.309497
0.309781
0.310055
0.310315
0.310553
0.310741
0.310886
0.311002
0.311084
0.311127
0.31113
0.31109
0.311009
0.310885
0.310756
0.310613
0.310452
0.310277
0.3101
0.309923
0.309746
0.30957
0.309394
0.30922
0.30905
0.308882
0.308719
0.30856
0.308406
0.308258
0.308117
0.307982
0.307854
0.307734
0.307622
0.307518
0.307421
0.307333
0.307254
0.307189
0.307135
0.307092
0.307058
0.30703
0.307006
0.306984
0.306964
0.306946
0.306928
0.30691
0.306891
0.306871
0.306848
0.306821
0.306791
0.306758
0.30688
0.307011
0.307293
0.307585
0.307888
0.308198
0.308511
0.308822
0.309128
0.309423
0.309708
0.309982
0.310244
0.310483
0.310671
0.310817
0.310934
0.311016
0.311061
0.311063
0.311025
0.310943
0.310831
0.310706
0.310568
0.310412
0.310243
0.310072
0.3099
0.309727
0.309555
0.309384
0.309215
0.309048
0.308884
0.308725
0.308569
0.308418
0.308273
0.308134
0.308001
0.307876
0.30776
0.307651
0.30755
0.307453
0.307366
0.307288
0.307222
0.307168
0.307124
0.307088
0.307058
0.307032
0.307009
0.306988
0.306969
0.30695
0.306931
0.306911
0.306889
0.306865
0.306838
0.306807
0.306773
0.306895
0.307026
0.307307
0.307598
0.3079
0.308209
0.308522
0.308832
0.309137
0.309431
0.309715
0.309988
0.310249
0.310486
0.310674
0.310819
0.310934
0.311016
0.311059
0.311062
0.311021
0.31094
0.310826
0.310699
0.310559
0.310402
0.310231
0.310058
0.309885
0.309712
0.309539
0.309367
0.309197
0.309029
0.308865
0.308704
0.308548
0.308397
0.308252
0.308113
0.30798
0.307855
0.307737
0.307626
0.307524
0.307429
0.307342
0.307264
0.307198
0.307144
0.307101
0.307065
0.307036
0.307011
0.306988
0.306967
0.306947
0.306928
0.306909
0.30689
0.306868
0.306844
0.306817
0.306786
0.306751
0.306873
0.307075
0.307356
0.307652
0.307959
0.308273
0.308591
0.308907
0.309217
0.309518
0.309808
0.310087
0.310353
0.310597
0.31079
0.31094
0.311061
0.311149
0.311198
0.311205
0.311171
0.311094
0.310974
0.310823
0.31068
0.310517
0.31034
0.310162
0.309982
0.309802
0.309623
0.309445
0.309269
0.309096
0.308925
0.308759
0.308598
0.308442
0.308291
0.308147
0.30801
0.30788
0.307758
0.307645
0.307539
0.307442
0.307352
0.307272
0.307205
0.30715
0.307105
0.307068
0.307039
0.307012
0.306989
0.306968
0.306948
0.306928
0.306909
0.306889
0.306867
0.306843
0.306816
0.306785
0.306746
0.306862
0.306991
0.30727
0.30756
0.30786
0.308169
0.30848
0.30879
0.309094
0.309389
0.309673
0.309947
0.310208
0.310446
0.310635
0.310781
0.310897
0.310979
0.311023
0.311026
0.310987
0.310906
0.310782
0.310664
0.310523
0.310364
0.310192
0.310018
0.309844
0.309669
0.309495
0.309322
0.309151
0.308983
0.308817
0.308656
0.308499
0.308348
0.308202
0.308063
0.307927
0.307801
0.307682
0.307571
0.307468
0.307373
0.307286
0.307207
0.307142
0.307088
0.307044
0.307008
0.306979
0.306954
0.306931
0.30691
0.306891
0.306872
0.306854
0.306834
0.306813
0.30679
0.306763
0.306733
0.306698
0.306821
0.306953
0.307234
0.307526
0.307829
0.30814
0.308453
0.308765
0.30907
0.309366
0.309651
0.309926
0.310187
0.310426
0.310615
0.31076
0.310877
0.31096
0.311005
0.311008
0.310969
0.310889
0.310777
0.310651
0.310512
0.310356
0.310186
0.310015
0.309843
0.30967
0.309498
0.309327
0.309158
0.308991
0.308828
0.308669
0.308513
0.308363
0.308219
0.308081
0.307949
0.307825
0.307709
0.307601
0.3075
0.307408
0.307323
0.307247
0.307184
0.307133
0.307092
0.30706
0.307034
0.307012
0.306992
0.306974
0.306957
0.306941
0.306924
0.306907
0.306887
0.306865
0.306835
0.306799
0.30676
0.306716
0.306669
0.306757
0.306844
0.306931
0.307016
0.307096
0.307167
0.307226
0.307272
0.307306
0.307327
0.307333
0.307315
0.307244
0.307126
0.306975
0.306791
0.30657
0.30631
0.30601
0.305669
0.305314
0.304971
0.304654
0.30433
0.304004
0.303687
0.303379
0.303081
0.302794
0.302518
0.302255
0.302005
0.301769
0.301547
0.301339
0.301147
0.300971
0.30081
0.300662
0.300528
0.300407
0.300301
0.300209
0.30013
0.300065
0.300016
0.299984
0.299969
0.299968
0.299976
0.299999
0.300026
0.300057
0.300091
0.300128
0.300166
0.300204
0.300243
0.300281
0.300444
0.300621
0.300818
0.30103
0.301253
0.301554
0.30193
0.302313
0.302703
0.303097
0.303489
0.303876
0.304253
0.304617
0.304965
0.305298
0.305613
0.305901
0.30614
0.30633
0.306466
0.306543
0.306556
0.306505
0.306393
0.306239
0.306048
0.305816
0.305543
0.305231
0.304884
0.30452
0.30414
0.303745
0.303335
0.302912
0.302478
0.302034
0.301581
0.301122
0.300658
0.300193
0.299727
0.299265
0.298815
0.298379
0.29796
0.29756
0.297182
0.296826
0.296502
0.296211
0.295956
0.295737
0.295552
0.295401
0.29528
0.295183
0.295105
0.295052
0.295021
0.29501
0.295021
0.295048
0.295095
0.295161
0.295243
0.29534
0.295453
0.295576
0.295703
0.295831
0.295959
0.296085
0.296313
0.296536
0.296751
0.296957
0.29715
0.297333
0.2975
0.297647
0.297763
0.297818
0.297822
0.297821
0.297811
0.297792
0.297761
0.29772
0.297669
0.297608
0.297536
0.297456
0.297365
0.297266
0.297163
0.297056
0.296947
0.296835
0.29672
0.296604
0.296497
0.296392
0.296307
0.296234
0.296176
0.296133
0.296107
0.296096
0.296101
0.296124
0.296164
0.29622
0.296294
0.296383
0.296486
0.296606
0.296726
0.296853
0.296977
0.297094
0.297199
0.297292
0.297377
0.297454
0.297527
0.297596
0.297663
0.297727
0.297789
0.297847
0.297963
0.298148
0.298344
0.298717
0.299096
0.299483
0.299877
0.300276
0.300676
0.301071
0.301457
0.301831
0.302192
0.302538
0.302869
0.303174
0.303432
0.303645
0.303809
0.303919
0.303969
0.303956
0.30389
0.303782
0.303628
0.303435
0.303208
0.302945
0.302652
0.302342
0.302018
0.301681
0.30133
0.300969
0.300598
0.300219
0.299833
0.299441
0.299047
0.29865
0.298254
0.297863
0.297484
0.297119
0.296771
0.296441
0.296128
0.295836
0.295573
0.295342
0.295148
0.294988
0.294863
0.294769
0.294706
0.294666
0.294643
0.294646
0.29467
0.294715
0.294779
0.294862
0.294963
0.29508
0.295213
0.295361
0.295519
0.295687
0.295855
0.296023
0.29619
0.296353
0.29651
0.296659
0.296845
0.297068
0.297287
0.2975
0.297707
0.297898
0.29806
0.298161
0.29821
0.298253
0.298286
0.298309
0.298322
0.298324
0.298315
0.298295
0.298266
0.298228
0.298182
0.298131
0.298078
0.298023
0.297968
0.297912
0.297856
0.2978
0.297747
0.297696
0.297642
0.297597
0.297559
0.297536
0.29753
0.297537
0.297557
0.297592
0.297639
0.297696
0.297757
0.297817
0.297866
0.297869
0.297846
0.29779
0.29771
0.297621
0.297535
0.297462
0.297408
0.297372
0.297354
0.297352
0.297362
0.297383
0.297479
0.297653
0.297841
0.2982
0.298582
0.298974
0.299379
0.299792
0.300208
0.300626
0.301039
0.301446
0.301841
0.30222
0.30258
0.302921
0.303242
0.303537
0.30379
0.304004
0.304169
0.304278
0.304334
0.304341
0.304299
0.304207
0.304075
0.303903
0.303692
0.303444
0.303164
0.302866
0.302552
0.302223
0.301879
0.301522
0.301152
0.300772
0.300381
0.299983
0.299579
0.29917
0.298759
0.298349
0.297949
0.29756
0.297186
0.296827
0.296484
0.296157
0.29585
0.295575
0.295332
0.295118
0.294932
0.294776
0.294647
0.29454
0.29446
0.294405
0.294375
0.294369
0.294388
0.294431
0.294498
0.294587
0.294697
0.294824
0.294966
0.295118
0.295275
0.295572
0.295879
0.296195
0.296518
0.296844
0.29717
0.297495
0.297819
0.29814
0.29845
0.298742
0.299005
0.299205
0.299353
0.29949
0.299614
0.299723
0.299819
0.299901
0.29997
0.300026
0.300071
0.300103
0.300125
0.300139
0.30015
0.300157
0.300162
0.300164
0.300166
0.300167
0.300169
0.30017
0.300179
0.300207
0.300245
0.300299
0.300365
0.300438
0.30052
0.300608
0.300697
0.300778
0.300844
0.30088
0.30088
0.300855
0.300811
0.300745
0.300643
0.300499
0.300374
0.300274
0.300206
0.300168
0.300155
0.300162
0.300182
0.300215
0.300257
0.300305
0.30045
0.30083
0.301228
0.301639
0.30206
0.302484
0.302911
0.303335
0.303753
0.304161
0.304554
0.304922
0.305275
0.305607
0.305917
0.306202
0.306449
0.306659
0.30682
0.306929
0.306977
0.306963
0.306885
0.306756
0.306586
0.306377
0.306129
0.305843
0.305526
0.305191
0.304841
0.304476
0.304096
0.303703
0.303297
0.302875
0.302446
0.302008
0.301563
0.301112
0.300658
0.300203
0.299755
0.299317
0.29889
0.298479
0.298085
0.297708
0.297349
0.297017
0.296708
0.296424
0.296165
0.295929
0.295721
0.295538
0.295381
0.295252
0.295151
0.29508
0.295038
0.295019
0.295027
0.295058
0.295108
0.295178
0.295265
0.295367
0.295475
0.295589
0.29588
0.296179
0.296488
0.296804
0.297123
0.297441
0.297757
0.298059
0.298346
0.298616
0.298856
0.299034
0.29916
0.299274
0.299373
0.299456
0.299524
0.299575
0.299611
0.299633
0.29964
0.299635
0.299617
0.299588
0.299554
0.299514
0.299468
0.299439
0.299415
0.299399
0.299392
0.299396
0.29941
0.299436
0.299472
0.299519
0.299574
0.299629
0.299686
0.299736
0.29978
0.299814
0.299823
0.299803
0.299753
0.299687
0.299596
0.299473
0.299336
0.299224
0.299159
0.299145
0.299173
0.299237
0.29933
0.299445
0.299577
0.299722
0.299874
0.300132
0.300542
0.301031
0.301546
0.302065
0.302592
0.303123
0.303651
0.30417
0.304683
0.305179
0.305661
0.306123
0.306562
0.306975
0.307362
0.307721
0.308039
0.30832
0.308546
0.308715
0.308821
0.30886
0.308829
0.308729
0.308572
0.308366
0.30811
0.307808
0.307468
0.307109
0.30673
0.306333
0.305919
0.305489
0.305044
0.304585
0.304114
0.303632
0.303141
0.302641
0.302135
0.301627
0.301127
0.300636
0.300157
0.299691
0.299243
0.298815
0.298409
0.298026
0.297672
0.297342
0.297039
0.296764
0.296517
0.296295
0.2961
0.295935
0.295796
0.295688
0.295609
0.295556
0.295531
0.29553
0.295552
0.295594
0.295656
0.295732
0.295813
0.296077
0.29635
0.296634
0.296927
0.297224
0.297523
0.297816
0.298096
0.298359
0.298606
0.298835
0.299032
0.299167
0.299247
0.299315
0.299366
0.299399
0.299417
0.299417
0.299401
0.299368
0.29932
0.299257
0.299179
0.299098
0.299027
0.298962
0.298904
0.298854
0.298813
0.298783
0.298763
0.298754
0.298757
0.298772
0.298799
0.298838
0.298887
0.29894
0.298988
0.299036
0.299075
0.299099
0.2991
0.299073
0.299014
0.298919
0.298784
0.298617
0.298449
0.298305
0.298203
0.298143
0.298123
0.298136
0.298172
0.298233
0.298312
0.298403
0.298504
0.298612
0.298909
0.299336
0.29979
0.300252
0.300726
0.301204
0.301683
0.302161
0.302631
0.303092
0.303532
0.303958
0.30436
0.304739
0.305091
0.305418
0.305703
0.305948
0.306137
0.306268
0.306334
0.306332
0.306278
0.306169
0.306006
0.30579
0.305528
0.305222
0.30488
0.304517
0.304136
0.303736
0.30332
0.302887
0.30244
0.301978
0.301505
0.30102
0.300527
0.300026
0.299519
0.299011
0.298513
0.298025
0.29755
0.297091
0.296652
0.296239
0.29585
0.295489
0.295157
0.294854
0.29458
0.294337
0.294123
0.293936
0.293774
0.29364
0.293534
0.293456
0.293406
0.293383
0.293384
0.293408
0.293454
0.293519
0.293603
0.2937
0.293804
0.29408
0.294363
0.29466
0.294965
0.295276
0.295589
0.295893
0.296182
0.296456
0.296714
0.296953
0.29716
0.297303
0.297393
0.297472
0.297539
0.297591
0.297627
0.297649
0.297655
0.297646
0.297622
0.297585
0.297534
0.297473
0.297409
0.297351
0.297298
0.297253
0.297217
0.297189
0.297171
0.297165
0.29717
0.297186
0.297211
0.297251
0.297301
0.297358
0.297421
0.297487
0.297552
0.29761
0.297657
0.297686
0.29769
0.297654
0.297583
0.297491
0.297395
0.297313
0.297259
0.297236
0.297243
0.297277
0.297331
0.297402
0.297481
0.297572
0.29767
0.297771
0.298043
0.29846
0.298899
0.29935
0.29981
0.300276
0.300745
0.301212
0.301674
0.302126
0.302564
0.302984
0.303377
0.303751
0.304101
0.304424
0.304703
0.304941
0.305122
0.305244
0.305299
0.305286
0.305223
0.305103
0.304928
0.304702
0.30443
0.304114
0.303761
0.303388
0.302997
0.302588
0.302162
0.30172
0.301264
0.300794
0.300312
0.29982
0.29932
0.298813
0.298301
0.29779
0.297287
0.296797
0.296323
0.295867
0.295435
0.29503
0.294654
0.294309
0.293995
0.293714
0.293465
0.293247
0.29306
0.292898
0.292762
0.292651
0.292565
0.292504
0.292469
0.29246
0.292474
0.29251
0.292566
0.292639
0.29273
0.292832
0.292942
0.293132
0.293406
0.293691
0.293986
0.294286
0.294588
0.294883
0.295165
0.295431
0.295681
0.295913
0.296114
0.296251
0.296335
0.296414
0.296483
0.296538
0.296582
0.296612
0.29663
0.296636
0.29663
0.296613
0.296585
0.296549
0.29651
0.296468
0.296421
0.296372
0.29633
0.296301
0.296282
0.296274
0.296277
0.296287
0.296313
0.296351
0.2964
0.29646
0.29653
0.296608
0.296692
0.296777
0.296858
0.296928
0.296977
0.296986
0.296958
0.2969
0.296832
0.296768
0.296717
0.296695
0.296698
0.296724
0.29677
0.296831
0.296904
0.296984
0.297068
0.297156
0.297404
0.297812
0.298238
0.298675
0.29912
0.299571
0.300024
0.300477
0.30092
0.301358
0.30178
0.302183
0.302565
0.302925
0.303262
0.30357
0.303837
0.304063
0.304233
0.304344
0.30439
0.304368
0.304286
0.304153
0.303968
0.303736
0.303462
0.303145
0.302792
0.30242
0.302031
0.301624
0.301201
0.300762
0.30031
0.299845
0.299368
0.298882
0.298388
0.297887
0.297383
0.29688
0.296385
0.295903
0.295436
0.294988
0.294566
