0.299644
0.299458
0.299302
0.299139
0.298974
0.298815
0.298662
0.298516
0.298378
0.298249
0.298128
0.298016
0.297914
0.297822
0.297741
0.297671
0.297612
0.297565
0.297527
0.297497
0.297476
0.297464
0.297461
0.297467
0.297481
0.297504
0.297536
0.297577
0.297626
0.29768
0.297739
0.2978
0.297863
0.297927
0.297991
0.298054
0.298118
0.29818
0.298241
0.2983
0.298357
0.298412
0.298464
0.298512
0.298555
0.298594
0.298627
0.298778
0.298929
0.299081
0.299228
0.299368
0.299501
0.299626
0.299743
0.299851
0.299942
0.29999
0.299998
0.299973
0.299914
0.299815
0.29972
0.299601
0.29946
0.299298
0.299137
0.298987
0.298833
0.298676
0.298526
0.298381
0.298244
0.298114
0.297993
0.29788
0.297777
0.297683
0.2976
0.297527
0.297464
0.297413
0.297373
0.297343
0.297321
0.297307
0.297303
0.297308
0.297321
0.297344
0.297375
0.297415
0.297463
0.297517
0.297577
0.297641
0.297707
0.297774
0.297842
0.297909
0.297977
0.298044
0.298109
0.298173
0.298235
0.298294
0.298351
0.298405
0.298455
0.298501
0.298542
0.298577
0.298731
0.298886
0.299042
0.299191
0.299334
0.299469
0.299596
0.299715
0.299826
0.299919
0.299968
0.299978
0.299955
0.299898
0.299801
0.299705
0.299585
0.299442
0.299278
0.299115
0.298966
0.298811
0.298655
0.298504
0.298359
0.298222
0.298091
0.297969
0.297856
0.297752
0.297658
0.297574
0.297501
0.297439
0.297389
0.297349
0.297317
0.297294
0.29728
0.297274
0.297277
0.297288
0.297309
0.297338
0.297378
0.297426
0.297482
0.297544
0.297611
0.297679
0.297749
0.297819
0.297889
0.297959
0.298028
0.298096
0.298163
0.298227
0.29829
0.29835
0.298406
0.298459
0.298507
0.298549
0.298587
0.298677
0.298826
0.298974
0.299118
0.299256
0.299386
0.299509
0.299624
0.29973
0.299818
0.299863
0.299867
0.299839
0.299775
0.29969
0.299593
0.299475
0.299335
0.299173
0.299035
0.298889
0.298738
0.298586
0.298439
0.298299
0.298165
0.29804
0.297921
0.297812
0.297712
0.297622
0.297542
0.297473
0.297414
0.297366
0.29733
0.297303
0.297284
0.297273
0.297271
0.297279
0.297296
0.297321
0.297356
0.2974
0.297452
0.29751
0.297574
0.297643
0.297713
0.297784
0.297856
0.297927
0.297997
0.298067
0.298135
0.298201
0.298266
0.298327
0.298386
0.298441
0.298493
0.298539
0.29858
0.298616
0.298771
0.298927
0.299078
0.299227
0.299369
0.299503
0.29963
0.299748
0.299857
0.299949
0.299997
0.300005
0.299981
0.299921
0.299823
0.299706
0.29958
0.299431
0.299261
0.299093
0.298938
0.298779
0.298617
0.298462
0.298313
0.298171
0.298037
0.297912
0.297796
0.297689
0.297593
0.297507
0.297432
0.297369
0.297317
0.297276
0.297244
0.297221
0.297206
0.297201
0.297205
0.297218
0.29724
0.297271
0.297313
0.297364
0.297422
0.297487
0.297557
0.297628
0.2977
0.297773
0.297846
0.297919
0.297991
0.298063
0.298133
0.298201
0.298266
0.298329
0.298388
0.298443
0.298493
0.298537
0.298575
0.298667
0.298816
0.298965
0.29911
0.299248
0.299379
0.299502
0.299616
0.299722
0.29981
0.299854
0.299858
0.29983
0.299767
0.299681
0.299584
0.299464
0.299322
0.299159
0.29902
0.298872
0.298721
0.298568
0.29842
0.298279
0.298145
0.298018
0.297899
0.29779
0.29769
0.297599
0.297519
0.297449
0.29739
0.297343
0.297306
0.297279
0.29726
0.29725
0.297249
0.297257
0.297275
0.297301
0.297337
0.297382
0.297436
0.297496
0.297562
0.297633
0.297705
0.297778
0.297851
0.297924
0.297996
0.298067
0.298136
0.298203
0.298269
0.298331
0.298391
0.298447
0.298499
0.298546
0.298588
0.298624
0.298778
0.298934
0.299089
0.299239
0.299381
0.299516
0.299639
0.299757
0.299866
0.299957
0.300005
0.300012
0.299987
0.299927
0.299828
0.299709
0.299583
0.299434
0.299263
0.29912
0.298968
0.298811
0.298652
0.298499
0.298353
0.298214
0.298084
0.297961
0.297848
0.297744
0.29765
0.297567
0.297494
0.297433
0.297383
0.297345
0.297316
0.297295
0.297284
0.297281
0.297288
0.297304
0.297328
0.297362
0.297406
0.297458
0.297518
0.297584
0.297655
0.297727
0.2978
0.297873
0.297947
0.29802
0.298092
0.298162
0.298232
0.298299
0.298364
0.298425
0.298483
0.298536
0.298585
0.298627
0.298664
0.298754
0.298903
0.299051
0.299194
0.299331
0.29946
0.299581
0.299694
0.299798
0.299884
0.299926
0.299928
0.299899
0.299834
0.29973
0.299627
0.2995
0.299351
0.29918
0.299035
0.298883
0.298726
0.298567
0.298414
0.298268
0.298129
0.297998
0.297875
0.297761
0.297657
0.297563
0.29748
0.297407
0.297345
0.297296
0.297257
0.297227
0.297206
0.297194
0.297191
0.297197
0.297211
0.297235
0.297268
0.297311
0.297363
0.297422
0.297488
0.297559
0.297631
0.297704
0.297777
0.29785
0.297922
0.297994
0.298064
0.298133
0.298199
0.298263
0.298324
0.298382
0.298435
0.298483
0.298527
0.298564
0.298719
0.298875
0.29903
0.299181
0.299325
0.299461
0.299589
0.29971
0.299821
0.299914
0.299964
0.299974
0.299952
0.299893
0.299796
0.2997
0.299579
0.299437
0.299272
0.29911
0.29896
0.298805
0.298648
0.298498
0.298353
0.298216
0.298086
0.297964
0.297852
0.297749
0.297656
0.297573
0.297501
0.29744
0.297391
0.297349
0.297319
0.297298
0.297285
0.297282
0.297287
0.297302
0.297325
0.297358
0.297401
0.297451
0.297509
0.297573
0.297642
0.297712
0.297783
0.297854
0.297925
0.297995
0.298065
0.298132
0.298199
0.298263
0.298325
0.298384
0.298439
0.29849
0.298536
0.298577
0.298612
0.298764
0.298918
0.299071
0.29922
0.299361
0.299494
0.29962
0.299738
0.299846
0.299937
0.299985
0.299992
0.299967
0.299907
0.299809
0.29971
0.299587
0.299442
0.299275
0.299111
0.298959
0.298803
0.298644
0.298492
0.298346
0.298207
0.298075
0.297952
0.297838
0.297734
0.29764
0.297556
0.297482
0.29742
0.29737
0.297332
0.297301
0.297279
0.297266
0.297261
0.297266
0.297279
0.297301
0.297332
0.297374
0.297424
0.297482
0.297545
0.297614
0.297685
0.297756
0.297828
0.2979
0.297971
0.298042
0.298112
0.29818
0.298246
0.29831
0.298371
0.298428
0.298481
0.298529
0.298572
0.298609
0.298763
0.298918
0.299073
0.299223
0.299366
0.299501
0.29963
0.299749
0.29986
0.299953
0.300002
0.300012
0.299988
0.299929
0.299832
0.299736
0.299616
0.299474
0.29931
0.299148
0.298998
0.298842
0.298685
0.298534
0.298389
0.298251
0.298121
0.297999
0.297886
0.297783
0.297689
0.297606
0.297533
0.297471
0.29742
0.297382
0.297352
0.297331
0.297319
0.297316
0.297322
0.297337
0.297361
0.297394
0.297438
0.297488
0.297546
0.29761
0.297678
0.297748
0.297818
0.297889
0.29796
0.29803
0.298098
0.298166
0.298231
0.298295
0.298357
0.298415
0.29847
0.29852
0.298566
0.298607
0.298642
0.298795
0.29895
0.299105
0.299254
0.299395
0.299529
0.299655
0.299774
0.299883
0.299975
0.300022
0.30003
0.300006
0.299946
0.299848
0.299749
0.299626
0.29948
0.299313
0.299148
0.298997
0.29884
0.298681
0.298529
0.298382
0.298243
0.298111
0.297988
0.297874
0.297769
0.297671
0.297586
0.29751
0.297446
0.297394
0.297353
0.29732
0.297297
0.297281
0.297275
0.297277
0.297289
0.29731
0.29734
0.297381
0.29743
0.297487
0.29755
0.297618
0.297688
0.297758
0.297829
0.2979
0.297971
0.298041
0.29811
0.298178
0.298244
0.298307
0.298368
0.298424
0.298477
0.298525
0.298568
0.298605
0.298759
0.298913
0.299068
0.299218
0.299361
0.299497
0.299625
0.299744
0.299855
0.299948
0.299997
0.300006
0.299983
0.299925
0.299829
0.299733
0.299614
0.299472
0.299308
0.299123
0.29897
0.298809
0.298646
0.298489
0.298339
0.298196
0.298061
0.297934
0.297816
0.297708
0.29761
0.297522
0.297445
0.29738
0.297327
0.297285
0.297251
0.297227
0.297211
0.297205
0.297208
0.297221
0.297242
0.297273
0.297315
0.297364
0.29742
0.297483
0.29755
0.297619
0.297689
0.297759
0.297829
0.297898
0.297967
0.298034
0.2981
0.298164
0.298225
0.298284
0.298339
0.29839
0.298437
0.298497
0.298592
0.298748
0.298906
0.299064
0.299217
0.299362
0.299499
0.299629
0.299751
0.299864
0.299959
0.300011
0.300023
0.300002
0.299946
0.299866
0.299774
0.299658
0.29952
0.299361
0.299226
0.299083
0.298935
0.298785
0.298641
0.298503
0.298371
0.298247
0.29813
0.298023
0.297925
0.297836
0.297757
0.297688
0.29763
0.297584
0.297548
0.297521
0.297502
0.297491
0.297489
0.297496
0.297511
0.297535
0.297569
0.297611
0.297662
0.297719
0.297783
0.297852
0.297921
0.297989
0.298059
0.298125
0.298194
0.298261
0.298327
0.298392
0.298454
0.298514
0.29857
0.298623
0.298672
0.298715
0.298754
0.298786
0.298935
0.299086
0.299236
0.299382
0.29952
0.29965
0.299773
0.299888
0.299995
0.300083
0.300127
0.300132
0.300104
0.30004
0.299939
0.299838
0.299712
0.299565
0.299397
0.299231
0.299077
0.298918
0.298757
0.298602
0.298454
0.298313
0.298179
0.298053
0.297937
0.29783
0.297734
0.297647
0.297572
0.297507
0.297454
0.297412
0.297379
0.297354
0.297339
0.297332
0.297335
0.297347
0.297367
0.297397
0.297437
0.297487
0.297544
0.297607
0.297675
0.297744
0.297814
0.297885
0.297955
0.298025
0.298094
0.298162
0.298228
0.298292
0.298354
0.298412
0.298468
0.298519
0.298565
0.298606
0.298642
0.298795
0.298949
0.299103
0.299252
0.299394
0.299528
0.299655
0.299773
0.299883
0.299975
0.300023
0.300031
0.300007
0.299947
0.299848
0.299751
0.299629
0.299484
0.299318
0.299155
0.299003
0.298847
0.298689
0.298537
0.298391
0.298252
0.298121
0.297998
0.297885
0.29778
0.297685
0.297601
0.297528
0.297466
0.297415
0.297376
0.297345
0.297324
0.29731
0.297306
0.297312
0.297326
0.297349
0.297382
0.297425
0.297476
0.297534
0.297598
0.297667
0.297737
0.297808
0.297879
0.29795
0.29802
0.29809
0.298158
0.298224
0.298289
0.298351
0.29841
0.298466
0.298517
0.29856
0.298601
0.298636
0.298788
0.298942
0.299096
0.299245
0.299386
0.299519
0.299645
0.299763
0.299872
0.299963
0.300011
0.300019
0.299994
0.299934
0.299836
0.299738
0.299615
0.29947
0.299304
0.29914
0.298989
0.298832
0.298674
0.298522
0.298376
0.298237
0.298105
0.297982
0.297868
0.297763
0.297668
0.297584
0.29751
0.297448
0.297397
0.297358
0.297327
0.297304
0.29729
0.297285
0.297289
0.297303
0.297325
0.297356
0.297398
0.297448
0.297505
0.297569
0.297638
0.297708
0.29778
0.297851
0.297923
0.297994
0.298065
0.298134
0.298202
0.298268
0.298331
0.298392
0.298449
0.298501
0.298549
0.298591
0.298628
0.298781
0.298936
0.299091
0.299241
0.299383
0.299518
0.299646
0.299765
0.299875
0.299968
0.300016
0.300025
0.300001
0.299942
0.299844
0.299748
0.299627
0.299484
0.299319
0.299156
0.299006
0.29885
0.298693
0.298541
0.298396
0.298257
0.298127
0.298004
0.297891
0.297787
0.297693
0.297609
0.297536
0.297474
0.297423
0.297384
0.297353
0.29733
0.297316
0.297313
0.297318
0.297332
0.297355
0.297388
0.29743
0.297481
0.297538
0.297602
0.29767
0.29774
0.29781
0.297881
0.297951
0.298021
0.29809
0.298158
0.298224
0.298288
0.298349
0.298408
0.298463
0.298514
0.298561
0.298602
0.298637
0.298791
0.298946
0.299101
0.29925
0.299392
0.299527
0.299654
0.299772
0.299882
0.299974
0.300022
0.300031
0.300007
0.299947
0.29985
0.299752
0.299629
0.299484
0.299317
0.299153
0.299002
0.298846
0.298688
0.298536
0.29839
0.298251
0.29812
0.297997
0.297883
0.297778
0.297684
0.297599
0.297526
0.297464
0.297413
0.297374
0.297344
0.297321
0.297307
0.297302
0.297306
0.297319
0.297341
0.297372
0.297414
0.297464
0.297522
0.297586
0.297654
0.297725
0.297796
0.297867
0.297939
0.298011
0.298082
0.298152
0.298219
0.298285
0.298346
0.298406
0.298462
0.298513
0.29856
0.298601
0.298636
0.298789
0.298943
0.299096
0.299245
0.299387
0.299521
0.299648
0.299766
0.299876
0.299967
0.300015
0.300023
0.299998
0.299937
0.299839
0.299741
0.299619
0.299476
0.29931
0.299147
0.298996
0.298841
0.298683
0.29853
0.298385
0.298246
0.298115
0.297992
0.297878
0.297774
0.297679
0.297594
0.297521
0.297458
0.297407
0.297368
0.297337
0.297314
0.297302
0.297298
0.297299
0.297312
0.297335
0.297367
0.297409
0.297459
0.297515
0.297578
0.297645
0.297713
0.297783
0.297853
0.297922
0.297991
0.298059
0.298126
0.298191
0.298254
0.298315
0.298373
0.298427
0.298477
0.298523
0.298563
0.298598
0.29875
0.298904
0.299058
0.299207
0.299348
0.299482
0.299608
0.299726
0.299835
0.299926
0.299974
0.299982
0.299958
0.299898
0.299799
0.299701
0.299578
0.299433
0.299266
0.299102
0.298951
0.298795
0.298637
0.298485
0.298339
0.2982
0.298069
0.297947
0.297834
0.297729
0.297635
0.297552
0.297479
0.297418
0.297368
0.29733
0.2973
0.297278
0.297265
0.297261
0.297267
0.297281
0.297304
0.297336
0.297378
0.297429
0.297487
0.297552
0.297622
0.297693
0.297764
0.297834
0.297905
0.297975
0.298045
0.298113
0.298179
0.298244
0.298363
0.298546
0.298743
0.29895
0.299161
0.299375
0.299589
0.299803
0.300014
0.300222
0.300423
0.300615
0.300797
0.300967
0.301123
0.301265
0.301387
0.301464
0.301501
0.301504
0.301471
0.301415
0.301356
0.301288
0.301209
0.30112
0.301021
0.300914
0.3008
0.300682
0.300567
0.300457
0.30035
0.300248
0.300151
0.300061
0.299977
0.2999
0.29983
0.299768
0.299714
0.29967
0.299631
0.299602
0.299579
0.299563
0.299554
0.299552
0.299558
0.299571
0.299591
0.299619
0.299654
0.299694
0.29974
0.299789
0.299838
0.299889
0.299939
0.299988
0.300037
0.300084
0.30013
0.300173
0.300213
0.300311
0.300475
0.300654
0.300842
0.301034
0.301229
0.301424
0.301619
0.301811
0.301999
0.302181
0.302354
0.302515
0.302664
0.302799
0.30292
0.303019
0.303074
0.303089
0.303071
0.303017
0.302923
0.30281
0.302712
0.302601
0.302479
0.302348
0.30221
0.302065
0.301916
0.301771
0.301629
0.301493
0.301361
0.301235
0.301116
0.301003
0.300898
0.3008
0.300711
0.30063
0.300558
0.300495
0.30044
0.300394
0.300356
0.300326
0.300303
0.300289
0.300282
0.300284
0.300295
0.300315
0.300343
0.300379
0.300421
0.300464
0.300509
0.300555
0.300601
0.300647
0.300692
0.300736
0.300778
0.300817
0.300853
0.300886
0.300915
0.301016
0.301198
0.301391
0.301593
0.301802
0.302013
0.302224
0.302433
0.302635
0.302829
0.303015
0.303191
0.303357
0.303504
0.303606
0.303667
0.303695
0.303687
0.303669
0.303626
0.30356
0.30347
0.303359
0.303226
0.303101
0.302965
0.302822
0.302682
0.302546
0.302413
0.302284
0.30216
0.302041
0.301928
0.301821
0.301721
0.301629
0.301544
0.301468
0.3014
0.30134
0.301287
0.301242
0.301203
0.301172
0.301148
0.301131
0.301122
0.301122
0.301131
0.301149
0.301174
0.301205
0.301239
0.301276
0.301314
0.301354
0.301395
0.301435
0.301473
0.30151
0.301545
0.301578
0.301608
0.301634
0.301734
0.301913
0.302104
0.302303
0.302506
0.302713
0.302919
0.303123
0.30332
0.303509
0.303688
0.303858
0.304017
0.304157
0.304252
0.304306
0.304326
0.304309
0.304283
0.304231
0.304157
0.30406
0.30394
0.303798
0.303649
0.303501
0.303348
0.303196
0.303048
0.302903
0.302763
0.302627
0.302497
0.302372
0.302254
0.302143
0.302041
0.301945
0.301859
0.301781
0.301711
0.301649
0.301596
0.30155
0.301513
0.301483
0.30146
0.301446
0.301441
0.301446
0.301458
0.301479
0.301505
0.301534
0.301566
0.3016
0.301635
0.30167
0.301706
0.301741
0.301774
0.301805
0.301834
0.301861
0.301884
0.301982
0.30216
0.30235
0.302548
0.302752
0.302958
0.303164
0.303367
0.303563
0.30375
0.303928
0.304096
0.304254
0.304392
0.304486
0.304538
0.304558
0.304541
0.304512
0.304457
0.304378
0.304276
0.304151
0.304003
0.303849
0.303697
0.303539
0.303383
0.30323
0.303081
0.302936
0.302796
0.30266
0.302531
0.302409
0.302294
0.302187
0.302088
0.301998
0.301917
0.301844
0.30178
0.301722
0.301673
0.301632
0.301595
0.301569
0.30155
0.301544
0.301546
0.301558
0.301578
0.301604
0.301633
0.301665
0.301698
0.301733
0.301767
0.301802
0.301836
0.30187
0.301902
0.301932
0.301959
0.301982
0.302002
0.302171
0.302348
0.302535
0.302728
0.302923
0.303119
0.303311
0.303497
0.303674
0.303843
0.304001
0.30415
0.304278
0.304361
0.304403
0.304412
0.304394
0.304357
0.304297
0.304214
0.304108
0.303979
0.303854
0.303717
0.303572
0.30342
0.30327
0.303124
0.302981
0.302842
0.302708
0.30258
0.302457
0.302341
0.302232
0.302131
0.302037
0.301952
0.301875
0.301807
0.301748
0.301696
0.301652
0.301616
0.301588
0.301568
0.301556
0.301554
0.301562
0.301578
0.301602
0.301632
0.301665
0.301699
0.301735
0.301772
0.301809
0.301846
0.301882
0.301916
0.301948
0.301978
0.302005
0.302028
0.302125
0.302302
0.302491
0.302689
0.302892
0.303098
0.303303
0.303505
0.303699
0.303885
0.30406
0.304226
0.304381
0.304517
0.304608
0.304657
0.304673
0.304654
0.304609
0.304549
0.304464
0.304356
0.304224
0.304069
0.303926
0.303771
0.30361
0.303451
0.303295
0.303144
0.302997
0.302854
0.302718
0.302588
0.302465
0.302349
0.302242
0.302143
0.302052
0.301971
0.301897
0.301832
0.301774
0.301725
0.301683
0.301651
0.301626
0.30161
0.301605
0.301611
0.301625
0.301648
0.301677
0.301709
0.301742
0.301778
0.301814
0.301851
0.301888
0.301923
0.301958
0.301991
0.302022
0.302049
0.302073
0.302093
0.302262
0.30244
0.302626
0.302819
0.30301
0.303205
0.303396
0.30358
0.303755
0.303921
0.304077
0.304223
0.304349
0.30443
0.304469
0.304476
0.304455
0.304415
0.304351
0.304264
0.304154
0.304022
0.303894
0.303755
0.303606
0.303452
0.303301
0.303152
0.303007
0.302866
0.30273
0.3026
0.302476
0.302358
0.302248
0.302145
0.302051
0.301965
0.301888
0.30182
0.301759
0.301706
0.301661
0.301624
0.301596
0.301575
0.301563
0.301561
0.30157
0.301588
0.301613
0.301645
0.301679
0.301715
0.301749
0.301786
0.301824
0.301861
0.301896
0.30193
0.301962
0.301989
0.302014
0.302035
0.302226
0.302498
0.302785
0.303083
0.30339
0.303703
0.304018
0.304331
0.304639
0.304937
0.305227
0.305506
0.305775
0.306023
0.306225
0.306384
0.306514
0.306608
0.306662
0.306676
0.306648
0.306579
0.306467
0.306312
0.306145
0.305946
0.305721
0.305481
0.305226
0.304954
0.304666
0.304361
0.30404
0.303764
0.303546
0.303335
0.303131
0.302936
0.302749
0.302573
0.302408
0.302254
0.302112
0.301983
0.301866
0.301763
0.301671
0.301592
0.301528
0.301478
0.301439
0.301408
0.301388
0.301373
0.301361
0.301354
0.301349
0.301346
0.301345
0.301345
0.301346
0.301347
0.301348
0.301348
0.301347
0.301473
0.301724
0.301992
0.302272
0.302562
0.302859
0.303159
0.303458
0.303752
0.304038
0.304317
0.304586
0.304845
0.305085
0.305278
0.30543
0.305551
0.305636
0.305683
0.305688
0.305668
0.305615
0.305544
0.305465
0.305371
0.305263
0.305144
0.305025
0.304907
0.30479
0.304675
0.304562
0.304452
0.304347
0.304246
0.30415
0.304059
0.303974
0.303895
0.303823
0.303757
0.303699
0.303647
0.303602
0.303564
0.303532
0.303507
0.303491
0.303486
0.303487
0.3035
0.30352
0.303544
0.303571
0.303597
0.303624
0.303649
0.303673
0.303695
0.303715
0.303731
0.303745
0.303754
0.30376
0.303761
0.303808
0.304061
0.304324
0.304599
0.304882
0.305171
0.305462
0.305751
0.306034
0.306308
0.306575
0.306832
0.307079
0.307306
0.307488
0.307626
0.307734
0.307807
0.307841
0.307841
0.307816
0.307763
0.307683
0.307585
0.307477
0.307353
0.307219
0.307083
0.306946
0.30681
0.306675
0.306542
0.30641
0.306282
0.306157
0.306037
0.305921
0.30581
0.305706
0.305607
0.305516
0.305431
0.305354
0.305283
0.305221
0.305165
0.305115
0.305074
0.305043
0.305022
0.30501
0.305007
0.305009
0.305012
0.305019
0.305028
0.305037
0.305047
0.305057
0.305065
0.305071
0.305074
0.305073
0.305068
0.305059
0.305123
0.305268
0.305425
0.305588
0.305812
0.306093
0.306374
0.306654
0.306926
0.30719
0.307443
0.307686
0.307916
0.308124
0.308285
0.308403
0.308492
0.308547
0.308563
0.308539
0.308474
0.308366
0.308217
0.30807
0.307917
0.307748
0.307568
0.307389
0.30721
0.307034
0.30686
0.30669
0.306524
0.306362
0.306206
0.306056
0.305912
0.305774
0.305645
0.305523
0.305409
0.305304
0.305207
0.305119
0.30504
0.30497
0.304908
0.304858
0.304821
0.304795
0.304779
0.304773
0.304773
0.304777
0.304783
0.304791
0.3048
0.304809
0.304817
0.304824
0.304829
0.304832
0.30483
0.304824
0.304814
0.304799
0.304932
0.305072
0.305284
0.30556
0.305841
0.306125
0.306406
0.306681
0.306947
0.307203
0.307448
0.307682
0.307895
0.30806
0.308182
0.308274
0.308333
0.308353
0.308333
0.308271
0.308167
0.308021
0.307877
0.30773
0.307567
0.307393
0.307218
0.307045
0.306874
0.306705
0.30654
0.306379
0.306221
0.306069
0.305922
0.305782
0.305649
0.305524
0.305406
0.305296
0.305195
0.305101
0.305017
0.304943
0.304877
0.30482
0.304772
0.304736
0.30471
0.304694
0.304687
0.304686
0.304688
0.304693
0.3047
0.304707
0.304715
0.304723
0.304729
0.304734
0.304736
0.304735
0.30473
0.304721
0.304783
0.304925
0.305077
0.305237
0.305519
0.305804
0.306091
0.306375
0.306652
0.30692
0.307178
0.307426
0.307662
0.307876
0.308044
0.308169
0.308264
0.308325
0.308348
0.308331
0.308271
0.308169
0.308026
0.307886
0.307741
0.307581
0.307409
0.307238
0.307067
0.306898
0.306731
0.306568
0.306408
0.306252
0.306102
0.305957
0.305819
0.305687
0.305563
0.305446
0.305337
0.305236
0.305143
0.30506
0.304985
0.304919
0.304861
0.304813
0.304776
0.30475
0.304733
0.304723
0.30472
0.304721
0.304723
0.304728
0.304733
0.30474
0.304746
0.304751
0.304756
0.304757
0.304756
0.304752
0.304743
0.304807
0.30495
0.305105
0.305328
0.305613
0.305903
0.306197
0.306487
0.306771
0.307046
0.307311
0.307565
0.307807
0.308028
0.308201
0.308332
0.308433
0.308501
0.30853
0.308518
0.308465
0.30837
0.308234
0.308055
0.307908
0.30774
0.30756
0.307379
0.3072
0.307023
0.306848
0.306677
0.306509
0.306347
0.306189
0.306037
0.305892
0.305754
0.305624
0.3055
0.305385
0.305278
0.305179
0.305088
0.305007
0.304933
0.304868
0.304813
0.304771
0.304739
0.304717
0.304705
0.304699
0.304696
0.304696
0.304699
0.304702
0.304707
0.304711
0.304715
0.304717
0.304718
0.304715
0.304709
0.3047
0.304761
0.3049
0.30505
0.305207
0.30549
0.305776
0.306062
0.306346
0.306623
0.306891
0.307149
0.307397
0.307634
0.30785
0.308018
0.308144
0.30824
0.308302
0.308326
0.308308
0.308249
0.308148
0.308021
0.307889
0.307749
0.307593
0.307426
0.307259
0.307094
0.30693
0.306768
0.306608
0.306453
0.306301
0.306155
0.306013
0.305878
0.305748
0.305625
0.305511
0.305403
0.305303
0.305212
0.305128
0.305053
0.304986
0.304926
0.304876
0.304836
0.304804
0.304782
0.304768
0.304761
0.304757
0.304752
0.304752
0.304753
0.304755
0.304757
0.304759
0.30476
0.304759
0.304755
0.304748
0.304737
0.304799
0.304943
0.305097
0.305258
0.305541
0.305827
0.306114
0.306399
0.306678
0.306947
0.307206
0.307455
0.307692
0.307908
0.308076
0.308202
0.308299
0.308361
0.308385
0.308368
0.30831
0.30821
0.308069
0.307934
0.307789
0.307628
0.307456
0.307284
0.307114
0.306944
0.306778
0.306614
0.306454
0.306298
0.306147
0.306002
0.305863
0.30573
0.305605
0.305487
0.305377
0.305274
0.305179
0.305093
0.305015
0.304946
0.304884
0.304833
0.304794
0.304766
0.304747
0.304737
0.304734
0.304734
0.304737
0.304742
0.304748
0.304755
0.304762
0.304768
0.304772
0.304774
0.304774
0.30477
0.304762
0.304825
0.304965
0.305117
0.305339
0.305624
0.305915
0.306207
0.306497
0.306779
0.307053
0.307317
0.30757
0.307812
0.308032
0.308205
0.308335
0.308436
0.308502
0.30853
0.308517
0.308462
0.308366
0.308228
0.308067
0.307907
0.307741
0.307563
0.307385
0.307208
0.307033
0.30686
0.30669
0.306525
0.306363
0.306207
0.306056
0.305911
0.305772
0.305642
0.305518
0.305403
0.305296
0.305198
0.305108
0.305027
0.304954
0.30489
0.304835
0.304791
0.304758
0.304733
0.304717
0.304708
0.304703
0.3047
0.3047
0.304701
0.304704
0.304707
0.304709
0.30471
0.30471
0.304707
0.304701
0.304691
0.304754
0.304897
0.305051
0.305212
0.305496
0.305783
0.306071
0.306357
0.306635
0.306904
0.307164
0.307413
0.30765
0.307866
0.308035
0.308162
0.308259
0.308322
0.308346
0.308329
0.308271
0.308172
0.308031
0.307896
0.307751
0.307591
0.307419
0.307248
0.307078
0.30691
0.306744
0.30658
0.306421
0.306266
0.306116
0.305971
0.305833
0.305701
0.305576
0.305459
0.30535
0.305248
0.305155
0.30507
0.304994
0.304926
0.304866
0.304816
0.304778
0.304751
0.304733
0.304722
0.304719
0.304719
0.304721
0.304725
0.304731
0.304737
0.304743
0.304749
0.304753
0.304755
0.304755
0.304751
0.304742
0.304806
0.304949
0.305103
0.305325
0.305611
0.305903
0.306197
0.306488
0.306769
0.307043
0.307307
0.30756
0.307801
0.308021
0.308193
0.308323
0.308424
0.30849
0.308518
0.308505
0.30845
0.308354
0.308216
0.308054
0.307908
0.307743
0.307567
0.30739
0.307215
0.307041
0.30687
0.306702
0.306538
0.306378
0.306223
0.306074
0.305931
0.305794
0.305665
0.305544
0.30543
0.305324
0.305227
0.305139
0.305059
0.304988
0.304925
0.304872
0.304831
0.304799
0.304777
0.304764
0.304757
0.304753
0.304752
0.304754
0.304754
0.304757
0.304761
0.304763
0.304765
0.304764
0.304761
0.304755
0.304744
0.304806
0.304946
0.305097
0.305256
0.305539
0.305825
0.306113
0.306397
0.306674
0.306943
0.307201
0.307449
0.307686
0.307901
0.308069
0.308195
0.308291
0.308353
0.308377
0.308359
0.3083
0.3082
0.308057
0.307921
0.307776
0.307616
0.307444
0.307272
0.307101
0.306932
0.306765
0.306601
0.306441
0.306286
0.306135
0.305989
0.30585
0.305717
0.305592
0.305474
0.305363
0.305261
0.305167
0.305082
0.305005
0.304937
0.304877
0.304826
0.304786
0.304757
0.304737
0.304724
0.304719
0.304717
0.304718
0.304721
0.304725
0.30473
0.304735
0.30474
0.304743
0.304745
0.304744
0.304739
0.30473
0.304795
0.304939
0.305094
0.305257
0.305542
0.305828
0.306118
0.306404
0.306683
0.306954
0.307214
0.307463
0.307701
0.307918
0.308086
0.308213
0.30831
0.308373
0.308398
0.308382
0.308325
0.308225
0.308084
0.307935
0.307788
0.307623
0.307446
0.30727
0.307095
0.306922
0.306751
0.306584
0.30642
0.306261
0.306107
0.305959
0.305817
0.305682
0.305554
0.305434
0.305321
0.305216
0.30512
0.305032
0.304953
0.304883
0.304821
0.304768
0.304728
0.304699
0.304678
0.304667
0.304662
0.304661
0.304662
0.304665
0.30467
0.304676
0.304681
0.304686
0.30469
0.304691
0.30469
0.304686
0.304677
0.304663
0.304642
0.304613
0.304577
0.304655
0.304729
0.304797
0.304856
0.304906
0.304944
0.304971
0.304985
0.304987
0.304965
0.304894
0.304776
0.304626
0.304441
0.30422
0.30396
0.303659
0.303319
0.302974
0.302602
0.302297
0.301984
0.30167
0.301366
0.301071
0.300788
0.300517
0.300258
0.300012
0.299781
0.299564
0.299363
0.299176
0.299006
0.298852
0.298714
0.298589
0.298478
0.298378
0.298294
0.298223
0.298165
0.29812
0.298089
0.298075
0.298078
0.298095
0.298126
0.298166
0.298212
0.298261
0.298313
0.298367
0.298423
0.298479
0.298536
0.298708
0.298898
0.299106
0.29933
0.299568
0.299817
0.30007
0.300326
0.300648
0.301029
0.301412
0.301792
0.302166
0.30253
0.30288
0.303216
0.303537
0.303838
0.304116
0.304347
0.304537
0.304696
0.30482
0.304904
0.304945
0.304946
0.30493
0.304908
0.304868
0.304812
0.304739
0.304654
0.304566
0.304474
0.304382
0.304288
0.304193
0.304099
0.304007
0.303917
0.303831
0.303749
0.303671
0.303598
0.303531
0.303471
0.303418
0.303372
0.303334
0.303304
0.303281
0.303264
0.303256
0.303256
0.303263
0.303277
0.303295
0.303318
0.303342
0.303366
0.30339
0.303413
0.303435
0.303454
0.303472
0.303486
0.303497
0.303505
0.303508
0.303507
0.3035
0.303488
0.303469
0.303444
0.303412
0.303425
0.303479
0.303524
0.303561
0.303589
0.303635
0.303701
0.303757
0.303794
0.303787
0.303739
0.303662
0.303547
0.303396
0.303207
0.302979
0.302738
0.302502
0.302248
0.302007
0.301758
0.301508
0.301266
0.301033
0.300807
0.300593
0.300389
0.300196
0.300016
0.299848
0.299694
0.299555
0.29943
0.299321
0.299227
0.299147
0.299079
0.299025
0.298983
0.298954
0.298937
0.298931
0.298937
0.298958
0.29899
0.299031
0.299079
0.299131
0.299183
0.299235
0.299286
0.299337
0.299387
0.299437
0.299486
0.299535
0.299581
0.299625
0.299734
0.299919
0.30012
0.30033
0.300545
0.300898
0.301251
0.301607
0.301963
0.302313
0.302653
0.302977
0.30329
0.303588
0.30387
0.304128
0.304337
0.304504
0.304643
0.304749
0.304815
0.304839
0.304819
0.304773
0.304719
0.304649
0.304563
0.304462
0.30435
0.304237
0.304124
0.304013
0.303903
0.303796
0.303691
0.30359
0.303492
0.3034
0.303313
0.303233
0.303159
0.303093
0.303035
0.302985
0.302941
0.302905
0.302877
0.302856
0.302843
0.302835
0.302837
0.302848
0.302866
0.302889
0.302918
0.302948
0.302979
0.303011
0.303042
0.303071
0.3031
0.303126
0.303149
0.303169
0.303185
0.303196
0.303203
0.303206
0.303203
0.303194
0.303179
0.303157
0.303127
0.303191
0.303244
0.303288
0.303396
0.303496
0.303581
0.303641
0.303668
0.303632
0.303541
0.303438
0.303319
0.303182
0.303027
0.302854
0.302664
0.302456
0.302232
0.301992
0.301767
0.30154
0.301321
0.30111
0.300908
0.300715
0.300533
0.300361
0.300202
0.300055
0.299921
0.299799
0.29969
0.299589
0.299505
0.299431
0.299368
0.299317
0.299275
0.299244
0.299221
0.299207
0.299201
0.2992
0.299205
0.299215
0.299229
0.299248
0.299268
0.299292
0.299319
0.299347
0.299381
0.299417
0.299455
0.299495
0.299535
0.299574
0.299686
0.299881
0.300092
0.300311
0.300599
0.300951
0.301306
0.301667
0.302027
0.302383
0.302728
0.303061
0.303379
0.303683
0.303971
0.304234
0.30445
0.304622
0.304742
0.304803
0.304801
0.304736
0.304604
0.304404
0.304166
0.303907
0.303607
0.303269
0.302898
0.302511
0.302109
0.301692
0.301262
0.30082
0.300368
0.299906
0.299437
0.298962
0.298483
0.298002
0.297522
0.297047
0.296583
0.296135
0.295705
0.295295
0.294908
0.294546
0.294207
0.293908
0.293643
0.293413
0.293218
0.293057
0.292928
0.292824
0.292745
0.292691
0.29266
0.292653
0.292669
0.292707
0.292767
0.292847
0.292947
0.293064
0.293194
0.29334
0.293489
0.293641
0.293793
0.293942
0.294087
0.294225
0.294349
0.294465
0.294579
0.294682
0.294769
0.294836
0.294872
0.294847
0.294767
0.294677
0.294574
0.294462
0.294339
0.294205
0.294062
0.293908
0.293746
0.293575
0.293397
0.293212
0.293023
0.292831
0.292638
0.292443
0.292248
0.292054
0.291861
0.291661
0.29147
0.291369
0.291285
0.291221
0.291177
0.291151
0.291143
0.291152
0.291179
0.29122
0.291274
0.291339
0.29141
0.29147
0.291532
0.291589
0.291643
0.291696
0.291749
0.291806
0.291868
0.291938
0.292014
0.292098
0.292189
0.29239
0.292602
0.292828
0.293141
0.293548
0.293979
0.294423
0.294877
0.295339
0.2958
0.296267
0.296731
0.297188
0.297635
0.298066
0.298479
0.29887
0.299242
0.299587
0.299883
0.300131
0.3003
0.300387
0.300389
0.300322
0.300178
0.299962
0.299681
0.299336
0.298927
0.298455
0.297928
0.297367
0.296772
0.296147
0.295492
0.29481
0.294104
0.293375
0.292626
0.291861
0.291082
0.290293
0.289497
0.288702
0.287924
0.287165
0.286432
0.285731
0.285066
0.284433
0.283843
0.283305
0.282823
0.282402
0.282035
0.281726
0.281473
0.281266
0.281103
0.280987
0.280915
0.280887
0.280901
0.280956
0.281049
0.28118
0.281346
0.281544
0.281774
0.282028
0.282293
0.282567
0.282846
0.28313
0.283415
0.2837
0.283984
0.284267
0.284534
0.284783
0.28501
0.285208
0.285365
0.285446
0.285459
0.285476
0.285491
0.285505
0.285517
0.285529
0.285541
0.285553
0.285567
0.285582
0.285599
0.285621
0.285651
0.28569
0.28574
0.285799
0.285869
0.285951
0.286044
0.286149
0.286265
0.286391
0.286528
0.286674
0.286827
0.286982
0.287138
0.287293
0.287445
0.287592
0.287731
0.28786
0.287965
0.288056
0.288131
0.288201
0.288278
0.288372
0.288488
0.288626
0.288785
0.288964
0.289158
0.289364
0.289581
0.289798
0.290025
0.290254
0.290663
0.291181
0.291725
0.292279
0.292841
0.293408
0.293977
0.294544
0.2951
0.295649
0.296183
0.296697
0.297187
0.29765
0.298091
0.298501
0.298865
0.299179
0.299408
0.299553
0.299608
0.299571
0.299455
0.29927
0.299018
0.298703
0.298323
0.297877
0.297374
0.296835
0.296263
0.295659
0.295024
0.29436
0.29367
0.292956
0.29222
0.291466
0.290696
0.289915
0.289126
0.288336
0.287561
0.286806
0.286074
0.285367
0.284691
0.284055
0.283469
0.282938
0.282466
0.282045
0.281684
0.281378
0.281125
0.280916
0.280754
0.280638
0.280567
0.280539
0.280553
0.280604
0.280697
0.280827
0.280994
0.281193
0.281425
0.281682
0.28195
0.282228
0.282512
0.282794
0.283084
0.283374
0.283655
0.283923
0.28418
0.284424
0.284651
0.28485
0.285007
0.285086
0.285096
0.285112
0.285124
0.285135
0.285144
0.285152
0.28516
0.285169
0.285179
0.285191
0.285206
0.285225
0.285251
0.285286
0.28533
0.285382
0.285442
0.285511
0.28559
0.285677
0.285773
0.285878
0.285992
0.286115
0.286244
0.286376
0.286512
0.286651
0.286792
0.286934
0.287077
0.28722
0.287353
0.287491
0.287629
0.287773
0.287927
0.288093
0.28827
0.288458
0.288657
0.288864
0.289077
0.289295
0.289511
0.28973
0.289949
0.290249
0.290638
0.291095
0.291617
0.292147
0.29268
0.293217
0.293756
0.294292
0.294819
0.295339
0.295841
0.296326
0.296786
0.297221
0.297629
0.298005
0.298332
0.2986
0.298787
0.298885
0.29889
0.298828
0.298686
0.298467
0.29817
0.297797
0.297366
0.296867
0.29631
0.295717
0.29509
0.294431
0.293741
0.293021
0.292275
0.291505
0.290713
0.289903
0.289078
0.288242
0.287398
0.286554
0.285726
0.284919
0.284135
0.283377
0.28265
0.281969
0.281336
0.280762
0.280246
0.27979
0.27939
0.27905
0.278754
0.278514
0.278321
0.278177
0.27808
0.27803
0.278023
0.278058
0.278133
0.278246
0.278396
0.27858
0.278798
0.279043
0.279303
0.279574
0.279856
0.280145
0.280439
0.280735
0.281025
0.281307
0.28158
0.281844
0.28209
0.28231
0.282488
0.282587
0.282617
0.282651
0.282681
0.282707
0.282731
0.282753
0.282775
0.282796
0.282816
0.282838
0.282861
0.282887
0.282921
0.282963
0.283013
0.283073
0.283142
0.283221
0.283312
0.283415
0.283529
0.283657
0.283797
0.283951
0.284117
0.284291
0.284475
0.284668
0.28487
0.285081
0.285301
0.285529
0.285759
0.286011
0.286275
0.286548
0.286829
0.287114
0.287398
0.287679
0.287956
0.28823
0.288499
0.288764
0.289024
0.289277
0.28952
