0.301109
0.301289
0.301477
0.30167
0.301866
0.302062
0.302254
0.30244
0.302617
0.302785
0.302945
0.303094
0.303225
0.303311
0.303356
0.303368
0.303344
0.303298
0.30324
0.30316
0.303057
0.302932
0.302785
0.302633
0.302484
0.30233
0.302179
0.302032
0.301889
0.301752
0.301619
0.301493
0.301373
0.301261
0.301156
0.301059
0.300971
0.300892
0.300822
0.300759
0.300705
0.30066
0.300622
0.300593
0.300571
0.300557
0.30055
0.300552
0.300563
0.300582
0.300609
0.300641
0.300676
0.300714
0.300753
0.300793
0.300832
0.300871
0.300909
0.300944
0.300978
0.30101
0.301038
0.301064
0.301086
0.301179
0.30135
0.30153
0.301716
0.301904
0.302092
0.302276
0.302452
0.30262
0.302779
0.30293
0.30307
0.303192
0.303269
0.303306
0.30331
0.303279
0.303237
0.303169
0.303078
0.302963
0.302827
0.302684
0.302544
0.302395
0.302241
0.302091
0.301944
0.301802
0.301664
0.301532
0.301406
0.301287
0.301176
0.301071
0.300976
0.300889
0.300812
0.300744
0.300683
0.30063
0.300584
0.300546
0.300516
0.300493
0.300479
0.300472
0.300476
0.300489
0.30051
0.30054
0.300575
0.300614
0.300655
0.300698
0.300742
0.300786
0.300829
0.300871
0.300911
0.30095
0.300985
0.301019
0.30105
0.301077
0.301173
0.301344
0.301524
0.30171
0.301898
0.302087
0.302272
0.302451
0.302622
0.302784
0.302937
0.30308
0.303204
0.303282
0.303319
0.303323
0.303301
0.303261
0.303199
0.303115
0.303008
0.302879
0.302728
0.302589
0.30244
0.302286
0.302135
0.301988
0.301845
0.301707
0.301575
0.301449
0.301329
0.301216
0.301112
0.301015
0.300928
0.30085
0.300781
0.30072
0.300667
0.300623
0.300586
0.300558
0.300538
0.300526
0.300522
0.300528
0.300544
0.300568
0.300599
0.300637
0.300677
0.30072
0.300764
0.300809
0.300853
0.300897
0.300938
0.300977
0.301015
0.301049
0.30108
0.301109
0.301134
0.30123
0.301403
0.301585
0.301773
0.301963
0.302153
0.302338
0.302516
0.302685
0.302845
0.302996
0.303137
0.303258
0.303335
0.303372
0.303375
0.303343
0.303272
0.303198
0.303097
0.302973
0.302826
0.302691
0.302545
0.30239
0.302231
0.302075
0.301923
0.301776
0.301634
0.301498
0.301369
0.301248
0.301134
0.301027
0.30093
0.300842
0.300763
0.300693
0.300633
0.30058
0.300535
0.300498
0.300469
0.300449
0.300437
0.300435
0.300445
0.300464
0.300492
0.300528
0.30057
0.300615
0.300662
0.300709
0.300755
0.300801
0.300845
0.300887
0.300927
0.300966
0.301002
0.301035
0.301065
0.301091
0.301186
0.301355
0.301534
0.301719
0.301906
0.302093
0.302277
0.302454
0.302623
0.302784
0.302935
0.303076
0.303198
0.303275
0.303311
0.303314
0.30329
0.303248
0.303183
0.303095
0.302983
0.302851
0.302696
0.302555
0.302403
0.302247
0.302094
0.301944
0.3018
0.30166
0.301526
0.301399
0.301277
0.301164
0.301058
0.300961
0.300874
0.300795
0.300726
0.300665
0.300613
0.300569
0.300534
0.300507
0.300489
0.300479
0.300478
0.300487
0.300506
0.300533
0.300567
0.300608
0.300652
0.300697
0.300744
0.300791
0.300837
0.300882
0.300925
0.300966
0.301004
0.30104
0.301073
0.301102
0.301128
0.301299
0.301478
0.301666
0.30186
0.302056
0.302251
0.302443
0.302628
0.3028
0.302967
0.303124
0.303271
0.303399
0.303482
0.303524
0.303534
0.303507
0.303441
0.303372
0.303278
0.30316
0.303019
0.302855
0.302707
0.302549
0.302386
0.302225
0.30207
0.301918
0.301772
0.301633
0.3015
0.301374
0.301256
0.301147
0.301046
0.300954
0.300873
0.300801
0.300738
0.300684
0.300638
0.3006
0.300571
0.30055
0.300537
0.300534
0.300541
0.300559
0.300586
0.30062
0.300661
0.300705
0.300749
0.300795
0.300839
0.300883
0.300926
0.300966
0.301004
0.301041
0.301075
0.301106
0.301134
0.301157
0.30125
0.301418
0.301596
0.301779
0.301966
0.302152
0.302334
0.302593
0.302756
0.302911
0.303056
0.303192
0.303308
0.30338
0.303411
0.303409
0.303372
0.303322
0.303246
0.303147
0.303025
0.302881
0.302732
0.302585
0.30243
0.30227
0.302114
0.301962
0.301814
0.301672
0.301535
0.301405
0.301282
0.301167
0.30106
0.300962
0.300873
0.300793
0.300723
0.300662
0.300608
0.300563
0.300525
0.300496
0.300475
0.300463
0.300459
0.300467
0.300484
0.30051
0.300544
0.300584
0.300627
0.300672
0.300718
0.300765
0.300811
0.300855
0.300898
0.300939
0.300977
0.301014
0.301049
0.301079
0.301106
0.301202
0.301374
0.301556
0.301743
0.301933
0.302122
0.302308
0.302487
0.302657
0.302819
0.302968
0.303109
0.303232
0.303309
0.303346
0.303349
0.303316
0.30326
0.303189
0.303096
0.302979
0.30284
0.30271
0.302569
0.30242
0.302267
0.302116
0.30197
0.301827
0.30169
0.301559
0.301435
0.301317
0.301206
0.301104
0.30101
0.300924
0.300849
0.300782
0.300725
0.300675
0.300633
0.3006
0.300576
0.30056
0.300551
0.300553
0.300564
0.300585
0.300614
0.30065
0.300693
0.300738
0.300784
0.30083
0.300876
0.300921
0.300964
0.301005
0.301044
0.301081
0.301116
0.301148
0.301177
0.301201
0.301296
0.301467
0.301647
0.301834
0.302018
0.302206
0.302388
0.302564
0.302731
0.302889
0.303037
0.303176
0.303295
0.303369
0.303403
0.303404
0.30337
0.303312
0.303239
0.303142
0.303021
0.302879
0.302747
0.302603
0.302453
0.302296
0.302144
0.301995
0.30185
0.301711
0.301578
0.301451
0.301331
0.301219
0.301115
0.301019
0.300933
0.300855
0.300787
0.300728
0.300676
0.300632
0.300596
0.300569
0.300549
0.300537
0.300534
0.300542
0.300559
0.300585
0.300619
0.300659
0.300702
0.300746
0.300792
0.300838
0.300883
0.300927
0.30097
0.301011
0.30105
0.301088
0.301122
0.301154
0.301181
0.301278
0.30145
0.301631
0.301817
0.302007
0.302195
0.302377
0.302554
0.302724
0.302885
0.303036
0.303177
0.303299
0.303376
0.303411
0.303414
0.303381
0.303337
0.303269
0.303177
0.303063
0.302927
0.302784
0.302643
0.302494
0.30234
0.302189
0.302042
0.301899
0.301761
0.301629
0.301503
0.301383
0.301272
0.301168
0.301073
0.300986
0.300909
0.30084
0.30078
0.30073
0.300686
0.30065
0.300624
0.300605
0.300595
0.300593
0.300601
0.300618
0.300644
0.300677
0.300716
0.300757
0.300801
0.300845
0.300891
0.300932
0.300975
0.301015
0.301054
0.301091
0.301124
0.301155
0.301183
0.301207
0.301302
0.301473
0.301654
0.30184
0.302029
0.302217
0.302401
0.302577
0.302745
0.302904
0.303053
0.303193
0.303313
0.303389
0.303424
0.303427
0.303393
0.303321
0.303246
0.303145
0.303022
0.302875
0.30274
0.302593
0.302439
0.30228
0.302124
0.301972
0.301825
0.301683
0.301547
0.301418
0.301296
0.301182
0.301076
0.300978
0.300889
0.30081
0.300741
0.30068
0.300627
0.300582
0.300545
0.300516
0.300496
0.300484
0.30048
0.300487
0.300504
0.30053
0.300564
0.300603
0.300646
0.300691
0.300736
0.300781
0.300825
0.300868
0.300909
0.300949
0.300987
0.301023
0.301057
0.301087
0.301113
0.301209
0.30138
0.30156
0.301746
0.301935
0.302123
0.302308
0.302486
0.302655
0.302816
0.302968
0.303109
0.303231
0.303309
0.303345
0.303348
0.303316
0.303273
0.303205
0.303114
0.303
0.302864
0.302722
0.302582
0.302433
0.302279
0.302129
0.301982
0.30184
0.301703
0.301571
0.301446
0.301327
0.301216
0.301113
0.301018
0.300932
0.300855
0.300788
0.300729
0.300678
0.300634
0.300599
0.300572
0.300554
0.300544
0.300542
0.300551
0.300569
0.300595
0.300629
0.300669
0.300711
0.300756
0.300801
0.300847
0.300893
0.300937
0.300979
0.301019
0.301057
0.301093
0.301126
0.301156
0.301182
0.301278
0.30145
0.301632
0.301819
0.302009
0.302198
0.302383
0.302561
0.30273
0.30289
0.303041
0.303182
0.303304
0.303381
0.303417
0.30342
0.303388
0.303332
0.303261
0.303167
0.303049
0.302909
0.302778
0.302637
0.302487
0.302333
0.302181
0.302034
0.301891
0.301752
0.30162
0.301494
0.301376
0.301264
0.301161
0.301066
0.30098
0.300904
0.300836
0.300777
0.300723
0.300679
0.300644
0.300616
0.300597
0.300585
0.300583
0.300591
0.300608
0.300634
0.300668
0.300707
0.30075
0.300795
0.30084
0.300885
0.300929
0.300972
0.301012
0.30105
0.301086
0.30112
0.301151
0.301179
0.301203
0.301296
0.301465
0.301644
0.301828
0.302015
0.302202
0.302385
0.30256
0.302727
0.302885
0.303034
0.303173
0.303293
0.303368
0.303402
0.303403
0.303369
0.303323
0.303252
0.303158
0.303041
0.302902
0.302757
0.302614
0.302463
0.302307
0.302154
0.302005
0.301861
0.301722
0.301588
0.30146
0.30134
0.301227
0.301122
0.301026
0.300938
0.30086
0.300791
0.30073
0.300678
0.300633
0.300596
0.300568
0.300548
0.300536
0.300533
0.300541
0.300558
0.300583
0.300613
0.300652
0.300694
0.300738
0.300784
0.300831
0.300876
0.30092
0.300963
0.301004
0.301043
0.301079
0.301113
0.301143
0.30117
0.301267
0.301439
0.30162
0.301806
0.301995
0.302184
0.302369
0.302547
0.302716
0.302876
0.303027
0.303168
0.30329
0.303366
0.303402
0.303405
0.303372
0.303315
0.303244
0.30315
0.303033
0.302893
0.302763
0.302622
0.302472
0.302318
0.302167
0.30202
0.301877
0.30174
0.301608
0.301482
0.301364
0.301253
0.30115
0.301055
0.300968
0.300892
0.300824
0.300766
0.300715
0.300672
0.300638
0.300612
0.300594
0.300584
0.300584
0.300593
0.300612
0.300639
0.300673
0.300713
0.300756
0.300801
0.300847
0.300892
0.300937
0.300981
0.301022
0.301061
0.301098
0.301132
0.301164
0.301193
0.301217
0.301313
0.301484
0.301664
0.301851
0.30204
0.302228
0.302412
0.302589
0.302756
0.302916
0.303066
0.303205
0.303326
0.303402
0.303437
0.30344
0.303406
0.303349
0.303277
0.303181
0.303062
0.302921
0.30279
0.302648
0.302498
0.302343
0.30219
0.302042
0.301899
0.30176
0.301628
0.301502
0.301382
0.30127
0.301166
0.301071
0.300984
0.300907
0.30084
0.300781
0.300729
0.300685
0.300649
0.300622
0.300602
0.300591
0.300588
0.300595
0.300612
0.300638
0.300671
0.30071
0.300753
0.300797
0.300842
0.300888
0.300933
0.300976
0.301018
0.301058
0.301097
0.301133
0.301166
0.301197
0.301223
0.301318
0.301489
0.30167
0.301856
0.302044
0.302233
0.302417
0.302595
0.302764
0.302924
0.303075
0.303212
0.303333
0.303409
0.303443
0.303446
0.303412
0.303367
0.303298
0.303206
0.30309
0.302953
0.302809
0.302667
0.302517
0.302362
0.30221
0.302062
0.301918
0.301779
0.301646
0.301519
0.301399
0.301286
0.301181
0.301085
0.300997
0.300919
0.30085
0.30079
0.300738
0.300691
0.300654
0.300626
0.300605
0.300594
0.30059
0.300597
0.300613
0.300637
0.300669
0.300707
0.300747
0.300789
0.300833
0.300877
0.300921
0.300964
0.301005
0.301043
0.301079
0.301113
0.301145
0.301173
0.301197
0.301292
0.301463
0.301644
0.30183
0.302019
0.302207
0.302392
0.302568
0.302736
0.302896
0.303046
0.303185
0.303306
0.303382
0.303417
0.30342
0.303386
0.303329
0.303257
0.303161
0.303043
0.302901
0.30277
0.302628
0.302478
0.302323
0.302171
0.302023
0.30188
0.301741
0.301609
0.301482
0.301363
0.301251
0.301148
0.301052
0.300966
0.300889
0.300821
0.300762
0.300711
0.300667
0.300631
0.300604
0.300584
0.300573
0.300571
0.300579
0.300596
0.300622
0.300655
0.300695
0.300737
0.300782
0.300828
0.300873
0.300918
0.300961
0.301003
0.301043
0.301081
0.301117
0.30115
0.30118
0.301205
0.301297
0.301466
0.301645
0.30183
0.302017
0.302204
0.302387
0.302563
0.30273
0.302889
0.303038
0.303177
0.303297
0.303372
0.303406
0.303408
0.303373
0.303328
0.303258
0.303165
0.303048
0.30291
0.302766
0.302624
0.302473
0.302318
0.302165
0.302017
0.301873
0.301735
0.301601
0.301475
0.301355
0.301242
0.301138
0.301042
0.300954
0.300876
0.300808
0.300747
0.300695
0.300651
0.300615
0.300587
0.300568
0.300557
0.300554
0.300561
0.300578
0.300604
0.300638
0.300677
0.300719
0.300763
0.300809
0.300854
0.300899
0.300943
0.300985
0.301024
0.301058
0.301093
0.301125
0.301153
0.301178
0.301273
0.301443
0.301623
0.301809
0.301997
0.302185
0.302369
0.302546
0.302714
0.302873
0.303023
0.303163
0.303284
0.303359
0.303394
0.303396
0.303363
0.303306
0.303234
0.30314
0.303022
0.302881
0.30275
0.302609
0.302459
0.302304
0.302153
0.302005
0.301862
0.301724
0.301592
0.301466
0.301347
0.301235
0.301132
0.301037
0.30095
0.300874
0.300806
0.300747
0.300695
0.300652
0.300617
0.30059
0.300572
0.300561
0.30056
0.300569
0.300588
0.300615
0.300649
0.30069
0.300733
0.300778
0.300824
0.300869
0.300913
0.300956
0.300998
0.301037
0.301074
0.301109
0.301142
0.301171
0.301197
0.301292
0.301463
0.301644
0.30183
0.302019
0.302207
0.302391
0.302568
0.302736
0.302896
0.303046
0.303186
0.303307
0.303384
0.303419
0.303422
0.303388
0.303331
0.30326
0.303165
0.303047
0.302906
0.302776
0.302634
0.302484
0.302329
0.302178
0.30203
0.301887
0.301749
0.301617
0.301491
0.301372
0.30126
0.301156
0.301061
0.300974
0.300897
0.300829
0.30077
0.300718
0.300674
0.300639
0.300611
0.300592
0.30058
0.300578
0.300583
0.300599
0.300624
0.300656
0.300695
0.300737
0.300781
0.300825
0.300915
0.301064
0.301235
0.301424
0.301631
0.301856
0.302096
0.30235
0.302618
0.302895
0.303174
0.303453
0.303732
0.304008
0.304279
0.304545
0.304803
0.30505
0.305286
0.305506
0.30571
0.305895
0.306056
0.306174
0.306252
0.306294
0.306317
0.306316
0.306291
0.306242
0.30617
0.306075
0.305958
0.305819
0.305659
0.30548
0.30529
0.305085
0.304867
0.304634
0.304386
0.304122
0.303842
0.303546
0.303234
0.302905
0.302562
0.302202
0.301877
0.301605
0.301349
0.30111
0.300889
0.300688
0.300505
0.300338
0.300196
0.300077
0.299981
0.299906
0.299851
0.29981
0.299777
0.299749
0.299727
0.299755
0.299847
0.299963
0.300102
0.300262
0.300441
0.30064
0.300857
0.301091
0.301339
0.30159
0.301845
0.302101
0.302356
0.30261
0.30286
0.303103
0.303339
0.303563
0.303775
0.303972
0.304179
0.304364
0.304504
0.304603
0.304667
0.304693
0.304677
0.304625
0.304587
0.304531
0.30446
0.304375
0.304277
0.304167
0.304047
0.303926
0.303806
0.303686
0.303568
0.303453
0.303342
0.303235
0.303133
0.303036
0.302945
0.30286
0.302783
0.302712
0.302648
0.302591
0.302541
0.302498
0.302461
0.302431
0.302408
0.302392
0.302385
0.302387
0.302396
0.302413
0.302436
0.302461
0.302487
0.302514
0.3026
0.30276
0.302942
0.303146
0.30337
0.303614
0.303875
0.304153
0.304447
0.304752
0.305059
0.305368
0.305676
0.305983
0.306286
0.306583
0.306872
0.307151
0.307416
0.307664
0.307891
0.308099
0.30828
0.308418
0.308512
0.30857
0.308587
0.308589
0.308564
0.308523
0.308463
0.308385
0.30829
0.308179
0.308053
0.307915
0.307775
0.307633
0.307491
0.307349
0.307208
0.307069
0.306931
0.306797
0.306666
0.306539
0.306417
0.306301
0.306191
0.306087
0.305991
0.305903
0.305823
0.305752
0.305691
0.305639
0.305599
0.305578
0.305573
0.305582
0.305597
0.305622
0.305646
0.305671
0.305693
0.305713
0.305729
0.305742
0.305749
0.305751
0.305745
0.305733
0.305866
0.306013
0.306177
0.306352
0.306535
0.306723
0.306915
0.307107
0.307297
0.307482
0.307659
0.307823
0.307972
0.308106
0.308221
0.308311
0.308355
0.308357
0.308325
0.308272
0.308195
0.308093
0.307968
0.307819
0.307665
0.307496
0.307316
0.307126
0.306928
0.306731
0.306536
0.306344
0.306155
0.30597
0.305789
0.305613
0.305444
0.30528
0.305124
0.304975
0.304834
0.304698
0.304575
0.304462
0.304359
0.304267
0.304186
0.304116
0.304058
0.304013
0.303989
0.303983
0.303992
0.304015
0.304046
0.30408
0.304115
0.304149
0.304181
0.30421
0.304236
0.304257
0.304274
0.304284
0.304288
0.304442
0.304612
0.304799
0.304998
0.305204
0.305417
0.305633
0.305849
0.306064
0.306273
0.306473
0.306661
0.306834
0.30699
0.307138
0.30727
0.307357
0.307402
0.307414
0.307391
0.307328
0.307239
0.307134
0.307006
0.306863
0.30671
0.306545
0.306369
0.306184
0.306001
0.30582
0.305641
0.305465
0.305294
0.305126
0.304964
0.304808
0.304659
0.304517
0.304382
0.304255
0.304138
0.30403
0.303931
0.303843
0.303765
0.303696
0.303639
0.303592
0.303559
0.303547
0.303554
0.303577
0.303613
0.303657
0.303703
0.303748
0.303792
0.303833
0.30387
0.303903
0.303932
0.303954
0.30397
0.304052
0.304215
0.304399
0.304599
0.304809
0.305027
0.30525
0.305476
0.305702
0.305926
0.306145
0.306355
0.306553
0.306735
0.306902
0.307058
0.3072
0.307294
0.307346
0.307365
0.307347
0.307289
0.307205
0.307108
0.306987
0.306842
0.306673
0.306507
0.306327
0.306138
0.305951
0.305766
0.305583
0.305404
0.305229
0.305059
0.304894
0.304735
0.304582
0.304437
0.304299
0.30417
0.30405
0.303939
0.303838
0.303748
0.303669
0.3036
0.303542
0.303495
0.303461
0.303447
0.303451
0.30347
0.303503
0.303545
0.303588
0.303631
0.303672
0.303711
0.303745
0.303776
0.303801
0.303821
0.303835
0.303918
0.304084
0.304271
0.304474
0.304687
0.304908
0.305135
0.305364
0.305594
0.305822
0.306044
0.306257
0.306457
0.306641
0.306809
0.30696
0.307084
0.307161
0.307196
0.307198
0.30717
0.307122
0.30705
0.306953
0.306832
0.306688
0.306531
0.30637
0.306196
0.306015
0.305835
0.305657
0.305482
0.305309
0.30514
0.304976
0.304817
0.304664
0.304517
0.304379
0.304247
0.304125
0.304009
0.303903
0.303807
0.303721
0.303646
0.303581
0.303528
0.303486
0.30346
0.303457
0.303473
0.303506
0.303552
0.303604
0.303657
0.303708
0.303756
0.303798
0.303836
0.303867
0.303892
0.30391
0.303921
0.303925
0.304073
0.304237
0.304418
0.304611
0.304812
0.305019
0.305229
0.305441
0.305652
0.305857
0.306054
0.30624
0.306411
0.306567
0.306731
0.306868
0.30696
0.307009
0.307026
0.307007
0.306949
0.306848
0.306744
0.306614
0.306477
0.306325
0.306161
0.305984
0.3058
0.305618
0.305437
0.30526
0.305085
0.304916
0.304751
0.304591
0.304437
0.30429
0.30415
0.304018
0.303894
0.30378
0.303674
0.30358
0.303496
0.303423
0.303361
0.303311
0.30327
0.303244
0.303238
0.303251
0.30328
0.303322
0.303371
0.303422
0.303472
0.30352
0.303564
0.303605
0.30364
0.30367
0.303694
0.303712
0.303797
0.303966
0.304154
0.30436
0.304575
0.304795
0.305019
0.305246
0.305474
0.305701
0.305922
0.306135
0.306336
0.306521
0.30669
0.306841
0.306965
0.307043
0.307076
0.307074
0.30705
0.307
0.306926
0.306828
0.306706
0.30656
0.306403
0.30624
0.306067
0.305886
0.305706
0.305529
0.305354
0.305182
0.305014
0.304851
0.304692
0.304541
0.304395
0.304257
0.304122
0.303999
0.303885
0.303781
0.303685
0.303601
0.303527
0.303463
0.30341
0.303369
0.303342
0.303337
0.303352
0.303382
0.303425
0.303475
0.303525
0.303574
0.30362
0.303662
0.303735
0.303846
0.303965
0.304087
0.304211
0.304413
0.304704
0.30502
0.305358
0.305708
0.306067
0.306433
0.306803
0.307173
0.30754
0.307899
0.308247
0.308579
0.30889
0.309179
0.309445
0.309677
0.309863
0.310006
0.310115
0.310189
0.310228
0.310235
0.310209
0.310151
0.310061
0.30995
0.309828
0.309688
0.309536
0.309381
0.309224
0.309065
0.308905
0.308746
0.308586
0.308428
0.308271
0.308117
0.307966
0.307819
0.307677
0.307542
0.307414
0.307296
0.307188
0.307091
0.307005
0.306932
0.306871
0.306824
0.306799
0.306795
0.306805
0.306828
0.306857
0.306885
0.30691
0.30693
0.306945
0.306989
0.307077
0.307174
0.307274
0.307376
0.307481
0.30774
0.308022
0.308324
0.308639
0.308964
0.309295
0.309631
0.309967
0.3103
0.310625
0.31094
0.311238
0.311517
0.311773
0.312005
0.312208
0.312363
0.312475
0.312553
0.312593
0.312592
0.312561
0.312496
0.312406
0.312298
0.312172
0.312025
0.311861
0.311683
0.311501
0.311317
0.311132
0.310945
0.310758
0.310572
0.310386
0.310204
0.310024
0.309848
0.309677
0.30951
0.309351
0.309199
0.309057
0.308925
0.308804
0.308695
0.308598
0.308513
0.308443
0.308396
0.308368
0.308357
0.308359
0.30837
0.308381
0.308389
0.308396
0.308398
0.308395
0.308386
0.308372
0.30835
0.308321
0.308357
0.308472
0.308606
0.308754
0.309057
0.309368
0.309692
0.310026
0.310366
0.310706
0.311043
0.311368
0.311682
0.311977
0.312254
0.312511
0.312739
0.312915
0.313047
0.313147
0.31321
0.313234
0.313214
0.313152
0.313046
0.312896
0.312751
0.312582
0.312393
0.312189
0.311983
0.311776
0.311567
0.311359
0.311151
0.310945
0.31074
0.310539
0.310341
0.310149
0.309961
0.30978
0.309606
0.309441
0.309286
0.309141
0.309008
0.308887
0.308778
0.308681
0.3086
0.308544
0.308509
0.308491
0.308485
0.308487
0.30849
0.308489
0.308487
0.308479
0.308468
0.308452
0.308429
0.308401
0.308364
0.308394
0.308503
0.30863
0.308772
0.309068
0.309373
0.309692
0.31002
0.310355
0.31069
0.311022
0.311345
0.311655
0.311947
0.312221
0.312475
0.312701
0.312875
0.313004
0.313103
0.313166
0.313189
0.313169
0.313107
0.313001
0.312852
0.312698
0.312527
0.312337
0.312132
0.311925
0.311716
0.311507
0.311298
0.31109
0.310883
0.310679
0.310477
0.310279
0.310086
0.3099
0.309719
0.309546
0.309382
0.309227
0.309081
0.308947
0.308825
0.308713
0.308614
0.308529
0.308468
0.308429
0.308406
0.308396
0.308395
0.308393
0.308391
0.308387
0.308379
0.308368
0.308353
0.308333
0.308307
0.308273
0.308304
0.308415
0.308544
0.308687
0.308988
0.309298
0.30962
0.309952
0.310289
0.310627
0.310962
0.311287
0.311597
0.311892
0.312168
0.312425
0.312653
0.31283
0.312963
0.313065
0.31313
0.313155
0.313138
0.313078
0.312974
0.312839
0.312692
0.312529
0.312347
0.31215
0.311951
0.31175
0.311548
0.311345
0.311144
0.310943
0.310744
0.310548
0.310355
0.310167
0.309983
0.309805
0.309634
0.309472
0.309318
0.309175
0.309042
0.308921
0.30881
0.30871
0.308624
0.308558
0.308511
0.308478
0.308457
0.308445
0.308435
0.308427
0.308419
0.308409
0.308398
0.308384
0.308365
0.308342
0.308313
0.308354
0.308472
0.308608
0.308759
0.309062
0.309374
0.309699
0.310033
0.310372
0.310712
0.311047
0.311373
0.311685
0.311979
0.312254
0.31251
0.312738
0.312913
0.313045
0.313146
0.31321
0.313235
0.313218
0.313158
0.313054
0.312919
0.31277
0.312606
0.312423
0.312225
0.312023
0.311821
0.311618
0.311414
0.311211
0.311008
0.310808
0.310611
0.310416
0.310227
0.310043
0.309865
0.309693
0.30953
0.309375
0.309231
0.309096
0.308973
0.30886
0.308758
0.30867
0.308603
0.308556
0.308525
0.308502
0.30849
0.30848
0.308471
0.308461
0.30845
0.308436
0.30842
0.308399
0.308374
0.308342
0.308376
0.308491
0.308624
0.308771
0.309075
0.309388
0.309713
0.310047
0.310386
0.310726
0.311062
0.311389
0.311701
0.311994
0.312271
0.312527
0.312755
0.312932
0.313064
0.313166
0.31323
0.313256
0.313239
0.313178
0.313074
0.312951
0.312796
0.312633
0.312447
0.312247
0.312044
0.311838
0.311632
0.311427
0.311222
0.311017
0.310815
0.310616
0.31042
0.310229
0.310042
0.309862
0.309688
0.309523
0.309365
0.309218
0.309082
0.308957
0.308842
0.308738
0.308648
0.308578
0.308526
0.308489
0.308463
0.308446
0.308432
0.30842
0.308407
0.308394
0.30838
0.308363
0.308342
0.308317
0.308285
0.308321
0.308438
0.308573
0.308723
0.309027
0.30934
0.309664
0.309998
0.310338
0.310677
0.311012
0.311338
0.31165
0.311944
0.31222
0.312477
0.312705
0.312881
0.313013
0.313115
0.31318
0.313205
0.313188
0.313128
0.313024
0.31289
0.312742
0.312579
0.312396
0.312199
0.311999
0.311797
0.311595
0.311391
0.311189
0.310987
0.310788
0.310591
0.310398
0.310208
0.310023
0.309845
0.309673
0.30951
0.309355
0.30921
0.309075
0.30895
0.308836
0.308733
0.308644
0.308575
0.308524
0.308488
0.308463
0.308447
0.308433
0.308421
0.308409
0.308397
0.308382
0.308366
0.308342
0.308316
0.308283
0.308318
0.308434
0.308568
0.308717
0.30902
0.309332
0.309657
0.309991
0.31033
0.31067
0.311006
0.311332
0.311643
0.311938
0.312215
0.312471
0.3127
0.312877
0.313009
0.313111
0.313176
0.313202
0.313185
0.313126
0.313023
0.3129
0.312745
0.312582
0.312396
0.312196
0.311993
0.311788
0.311583
0.311377
0.311173
0.310968
0.310767
0.310568
0.310373
0.310182
0.309996
0.309816
0.309642
0.309477
0.309321
0.309175
0.309038
0.308913
0.308798
0.308694
0.308604
0.308536
0.308487
0.308452
0.30843
0.308416
0.308404
0.308394
0.308383
0.308372
0.308358
0.308342
0.308322
0.308296
0.308264
0.3083
0.308415
0.30855
0.308698
0.309003
0.309315
0.309641
0.309976
0.310316
0.310657
0.310993
0.31132
0.311633
0.311929
0.312206
0.312465
0.312694
0.312872
0.313006
0.31311
0.313176
0.313202
0.313187
0.313129
0.313027
0.312905
0.312751
0.312589
0.312405
0.312206
0.312004
0.3118
0.311595
0.31139
0.311186
0.310983
0.310782
0.310583
0.310388
0.310197
0.310011
0.309832
0.309659
0.309494
0.309338
0.309192
0.309056
0.308931
0.308817
0.308714
0.308624
0.308555
0.308505
0.308469
0.308446
0.30843
0.308418
0.308407
0.308396
0.308384
0.308371
0.308355
0.308335
0.308311
0.30828
0.308317
0.308431
0.308567
0.308716
0.309021
0.309334
0.309659
0.309994
0.310334
0.310674
0.31101
0.311337
0.311649
0.311945
0.312222
0.312479
0.312708
0.312885
0.313018
0.313121
0.313186
0.313213
0.313196
0.313137
0.313034
0.312911
0.312756
0.312593
0.312408
0.312208
0.312006
0.311801
0.311596
0.31139
0.311184
0.310981
0.31078
0.310581
0.310385
0.310194
0.310008
0.309828
0.309655
0.30949
0.309334
0.309187
0.309051
0.308926
0.308811
0.308708
0.308618
0.308551
0.308501
0.308467
0.308445
0.308432
0.30842
0.308409
0.308398
0.308386
0.308372
0.308356
0.308336
0.30831
0.308279
0.308314
0.30843
0.308564
0.308713
0.309018
0.309331
0.309656
0.309991
0.310331
0.310672
0.311009
0.311336
0.311648
0.311944
0.312222
0.31248
0.312709
0.312888
0.313022
0.313125
0.313191
0.313217
0.313202
0.313144
0.313041
0.31292
0.312766
0.312603
0.312419
0.312219
0.312017
0.311812
0.311607
0.311403
0.311198
0.310995
0.310793
0.310594
0.310399
0.310208
0.310022
0.309842
0.309669
0.309504
0.309348
0.309202
0.309065
0.308941
0.308827
0.308724
0.308635
0.308566
0.308516
0.308481
0.308458
0.308443
0.308431
0.30842
0.308409
0.308397
0.308384
0.308367
0.308347
0.308322
0.308292
0.308328
0.308445
0.30858
0.30873
0.309035
0.309348
0.309675
0.31001
0.31035
0.310691
0.311028
0.311355
0.311668
0.311964
0.31224
0.312497
0.312726
0.312903
0.313037
0.313139
0.313204
0.31323
0.313215
0.313155
0.313053
0.31293
0.312775
0.312612
0.312427
0.312226
0.312024
0.311819
0.311614
0.311408
0.311202
0.310999
0.310797
0.310598
0.310402
0.310211
0.310024
0.309844
0.30967
0.309504
0.309348
0.309201
0.309064
0.308939
0.308825
0.308721
0.308628
0.308558
0.308507
0.30847
0.308445
0.308429
0.308415
0.308403
0.308391
0.308377
0.308362
0.308344
0.308322
0.308296
0.308264
0.308298
0.308414
0.308548
0.308696
0.309
0.309312
0.309637
0.309972
0.310311
0.310651
0.310987
0.311314
0.311626
0.311922
0.312199
0.312457
0.312686
0.312864
0.312997
0.3131
0.313166
0.313192
0.313176
0.313117
0.313014
0.312892
0.312738
0.312575
0.31239
0.31219
0.311988
0.311784
0.311579
0.311373
0.311169
0.310966
0.310764
0.310565
0.310371
0.31018
0.309994
0.309814
0.30964
0.309475
0.30932
0.309173
0.309037
0.308912
0.308799
0.308696
0.308607
0.30854
0.308491
0.308457
0.308435
0.308421
0.30841
0.3084
0.308504
0.308631
0.308782
0.308956
0.309152
0.309368
0.309604
0.309858
0.310129
0.310416
0.310791
0.311246
0.311708
0.312179
0.312656
0.313134
0.313609
0.314078
0.314533
0.314972
0.315392
0.315789
0.316163
0.316503
0.316791
0.317033
0.317237
0.317397
0.317513
0.317583
0.317608
0.317586
0.317559
0.317499
0.31741
0.317293
0.317151
0.316994
0.316821
0.316629
0.316421
0.316195
0.315954
0.315696
0.315422
0.315131
0.314823
0.314498
0.314158
0.313802
0.313435
0.313056
0.312666
0.312265
0.311854
0.31147
0.311126
0.310795
0.310498
0.31023
0.309987
0.30977
0.309574
0.309391
0.309219
0.309056
0.3089
0.308751
0.308605
0.308463
0.308324
0.308183
0.308039
0.307893
0.307744
0.307665
0.307658
0.307655
0.307658
0.30766
0.307661
0.307656
0.307643
0.307618
0.307582
0.307534
0.307471
0.307395
0.307293
0.307136
0.30693
0.306696
0.306427
0.306121
0.305776
0.30539
0.304965
0.304499
0.304003
0.303485
0.302942
0.302509
0.302086
0.30168
0.301292
0.300924
0.300575
0.300248
0.299942
0.299658
0.299398
0.299161
0.298949
0.298763
0.2986
0.298454
0.298326
0.298216
0.298125
0.298054
0.298002
0.297969
0.297955
0.297967
0.298005
0.29807
0.298158
0.298266
0.298376
0.298493
0.298755
0.299042
0.299365
0.29972
0.300101
0.300505
0.30093
0.301369
0.301814
0.302272
0.302903
0.303534
0.304166
0.304796
0.305423
0.306042
0.306651
0.307246
0.307823
0.308379
0.308914
0.309424
0.309905
0.310351
0.310743
0.311081
0.311355
0.31156
0.311693
0.311754
0.311741
0.311693
0.311586
0.31143
0.311212
0.310939
0.310618
0.31026
0.30987
0.309457
0.30902
0.30856
0.30808
0.307581
0.307064
0.306532
0.305986
0.30543
0.304866
0.304299
0.303741
0.303195
0.302665
0.302153
0.301663
0.301193
0.300752
0.300348
0.299981
0.299652
0.299354
0.299094
0.298865
0.29866
0.298478
0.298317
0.298177
0.298058
0.297958
0.297878
0.297815
0.29777
0.29774
0.297721
0.297719
0.297727
0.297737
0.297749
0.29776
0.297769
0.297827
0.297927
0.298019
0.298102
0.298175
0.298234
0.298274
0.298294
0.298283
0.298215
0.298097
0.297977
0.297849
0.297715
0.297572
0.297421
0.29726
0.29709
0.296912
0.296724
0.296529
0.296326
0.296121
0.295913
0.295701
0.295486
0.295262
0.295048
0.294856
0.294691
0.294573
0.294523
0.294572
0.294751
0.29503
0.295244
0.29542
0.295562
0.295662
0.295722
0.295731
0.295713
0.295764
0.295889
0.295976
0.296028
0.296043
0.296024
0.295971
0.295882
0.295758
0.2956
0.295407
0.295179
0.294916
0.294619
0.294286
0.293919
0.293517
0.293082
0.292609
0.292104
0.291566
0.290995
0.290389
0.289749
0.289075
0.288366
0.287621
0.286844
0.286031
0.285184
0.284302
0.283385
0.282434
0.281449
0.280674
0.280121
0.279547
0.279012
0.27852
0.278011
0.277483
0.276936
0.276371
0.275787
0.275185
0.274565
0.273927
0.273269
0.272589
0.27188
0.271169
0.270445
0.269702
0.26894
0.268151
0.267346
0.266521
0.265676
0.264806
0.263918
0.26301
0.262081
0.261132
0.260157
0.259165
0.258216
0.257246
0.256251
0.255237
0.254203
0.253146
0.252067
0.250965
0.249839
0.248689
0.247516
0.246318
0.245097
0.243851
0.242582
0.241289
0.240007
0.238701
0.23737
0.236013
0.23463
0.233443
0.232784
0.232132
0.231472
0.230804
0.230124
0.22943
0.228725
0.228005
0.227272
0.226525
0.225764
0.225738
0.225707
0.225672
0.225633
0.225593
0.225549
0.225503
0.225452
0.225391
0.225325
0.225253
0.225175
0.225092
0.225002
0.224916
0.224825
0.224731
0.224632
0.224527
0.224421
0.224312
0.224199
0.224082
0.224087
0.224092
0.224141
0.224224
0.224287
0.224323
0.224332
0.224315
0.2243
0.224272
0.224231
0.224175
0.224105
0.224134
0.22416
0.224178
0.224185
0.224183
0.224176
0.224163
0.224144
0.224133
0.224153
0.224269
0.224462
0.224727
0.225055
0.225489
0.225967
0.226468
0.226999
0.227688
0.228553
0.229523
0.230588
0.231738
0.232964
0.23426
0.235618
0.23702
0.238457
0.239914
0.241378
0.242845
0.244311
0.245776
0.247242
0.248695
0.250158
0.25165
0.253169
0.254702
0.25623
0.257726
0.259189
0.260595
0.26194
0.263217
0.264422
0.265572
0.266663
0.267697
0.268675
0.269596
0.270462
0.271274
0.272033
0.27274
0.273395
0.273998
0.27455
0.275051
0.275501
0.2759
0.276249
0.276556
0.27681
0.277018
0.277182
0.277312
0.277408
0.277468
0.277491
0.277476
0.27743
0.277358
0.277255
0.277126
0.276974
0.27681
0.276633
0.277197
0.277795
0.278424
0.279148
0.27998
0.280834
0.281698
0.282575
0.283697
0.284819
0.285961
0.287134
0.288337
0.289555
0.290764
0.291962
0.293144
0.294312
0.295462
0.29659
0.297696
0.298776
0.299826
0.300844
0.30182
0.302748
0.303622
0.304432
0.305175
0.305875
0.306528
0.307131
0.307687
0.308193
0.308649
0.309056
0.309405
0.309709
0.310182
0.31063
0.311056
0.311458
0.311835
0.312192
0.312531
0.312839
0.313119
0.313376
0.313613
0.313828
0.314001
0.314133
0.314287
0.314424
0.31454
0.314639
0.31472
0.314783
0.314828
0.314856
0.314866
0.314858
0.314833
0.31479
0.314729
0.314651
0.314555
0.314442
0.314311
0.314163
0.313997
0.313814
0.313689
0.313612
0.313512
0.313394
0.313257
0.3131
0.312926
0.312733
0.312522
0.312294
