0.27016
0.270852
0.271543
0.272229
0.272906
0.27357
0.274217
0.274843
0.275444
0.276017
0.276559
0.277068
0.277541
0.277978
0.278379
0.278744
0.279071
0.279361
0.279614
0.279829
0.280008
0.28015
0.280256
0.280327
0.280364
0.280368
0.280341
0.280286
0.280208
0.280109
0.27999
0.279853
0.2797
0.279532
0.279351
0.27916
0.278959
0.27875
0.278536
0.278318
0.278093
0.277869
0.277645
0.277424
0.277205
0.276989
0.276779
0.276575
0.276378
0.276189
0.276008
0.275838
0.275675
0.275525
0.275383
0.275255
0.275138
0.275033
0.27494
0.274859
0.274789
0.274731
0.274683
0.274647
0.27462
0.274603
0.274594
0.274591
0.274595
0.274606
0.274621
0.274639
0.274664
0.274694
0.274727
0.274764
0.274803
0.274843
0.274885
0.274927
0.274969
0.275012
0.275054
0.275096
0.275137
0.275177
0.275216
0.275254
0.27529
0.275324
0.275356
0.275387
0.275415
0.275441
0.275464
0.275486
0.275505
0.275521
0.275536
0.275548
0.275557
0.275564
0.275569
0.275571
0.275571
0.275568
0.275565
0.275561
0.275557
0.275552
0.275547
0.275541
0.275535
0.27553
0.275525
0.275522
0.275519
0.275517
0.275515
0.275514
0.275514
0.275514
0.275514
0.275514
0.275515
0.275516
0.275517
0.275517
0.275518
0.275519
0.27552
0.275521
0.275523
0.275524
0.275526
0.275527
0.275528
0.275529
0.275531
0.275532
0.275534
0.275536
0.275537
0.275539
0.275541
0.275542
0.275544
0.275545
0.275548
0.275548
0.275549
0.27555
0.275552
0.275553
0.275554
0.275556
0.275556
0.275558
0.275559
0.27556
0.275561
0.275562
0.275564
0.275564
0.275565
0.275566
0.275567
0.275568
0.275568
0.27557
0.275569
0.275569
0.275569
0.27557
0.27557
0.27557
0.275571
0.275571
0.275572
0.275572
0.275572
0.275573
0.275573
0.275574
0.275574
0.275575
0.275575
0.275575
0.275576
0.275576
0.275577
0.275577
0.275577
0.275578
0.275579
0.275579
0.275579
0.27558
0.27558
0.27558
0.275581
0.275581
0.275582
0.275582
0.275582
0.275583
0.275583
0.275583
0.275584
0.275584
0.275585
0.275585
0.275585
0.275586
0.275586
0.275585
0.275584
0.275583
0.275581
0.275581
0.275581
0.275581
0.275581
0.275581
0.275581
0.275582
0.275582
0.275581
0.275581
0.275581
0.275581
0.275581
0.27558
0.27558
0.27558
0.27558
0.275581
0.27558
0.27558
0.27558
0.27558
0.27558
0.27558
0.27558
0.27558
0.27558
0.275579
0.27558
0.275579
0.275579
0.275579
0.275579
0.275578
0.275578
0.275578
0.275578
0.275578
0.275578
0.275578
0.275578
0.275578
0.275578
0.275578
0.275578
0.275578
0.275578
0.275578
0.275578
0.275578
0.275578
0.275578
0.275578
0.275578
0.275578
0.275578
0.275578
0.275577
0.275578
0.275577
0.275577
0.275577
0.275578
0.275578
0.275578
0.275578
0.275577
0.275578
0.275578
0.275577
0.275577
0.275577
0.275577
0.275577
0.275577
0.275577
0.275578
0.275578
0.275577
0.275578
0.275578
0.275577
0.275578
0.275578
0.275578
0.275578
0.275578
0.275578
0.275578
0.275578
0.275578
0.275578
0.275579
0.275579
0.275578
0.275578
0.275578
0.275578
0.275578
0.275577
0.275577
0.275577
0.275577
0.275577
0.275577
0.275578
0.275578
0.275578
0.275578
0.275578
0.275578
0.275578
0.275578
0.275578
0.275578
0.275577
0.275577
0.275577
0.275577
0.275577
0.275576
0.275576
0.275576
0.275575
0.275575
0.275574
0.275573
0.275573
0.275572
0.275572
0.275571
0.275571
0.275571
0.27557
0.275569
0.275569
0.275568
0.275568
0.275567
0.275567
0.275567
0.275567
0.275567
0.275566
0.275566
0.275566
0.275566
0.275566
0.275565
0.275565
0.275565
0.275565
0.275565
0.275565
0.275565
0.275565
0.275564
0.275565
0.275565
0.275565
0.275565
0.275564
0.275564
0.275564
0.275564
0.275564
0.275564
0.275564
0.275564
0.275564
0.275564
0.275564
0.275564
0.275564
0.275564
0.275564
0.275564
0.275565
0.275565
0.275565
0.275565
0.275565
0.275565
0.275566
0.275566
0.275566
0.275566
0.275566
0.275566
0.275566
0.275566
0.275566
0.275566
0.275566
0.275567
0.275567
0.275567
0.275567
0.275567
0.275567
0.275567
0.275567
0.275567
0.275568
0.275568
0.275568
0.275568
0.275568
0.275568
0.275568
0.275568
0.275568
0.275568
0.275568
0.275568
0.275568
0.275568
0.275568
0.275568
0.275568
0.275568
0.275568
0.275568
0.275568
0.275568
0.275568
0.275568
0.275568
0.275569
0.275569
0.275569
0.275569
0.275569
0.275569
0.275569
0.275569
0.275569
0.275568
0.275568
0.275568
0.275568
0.275569
0.275569
0.275568
0.275568
0.275568
0.275568
0.275568
0.275568
0.275568
0.275568
0.275568
0.275568
0.275568
0.275568
0.275568
0.275568
0.275568
0.275568
0.275567
0.275568
0.275568
0.275567
0.275567
0.275567
0.275567
0.275567
0.275567
0.275567
0.275567
0.275567
0.275566
0.275567
0.275567
0.275566
0.275567
0.275566
0.275566
0.275566
0.275566
0.275566
0.275566
0.275566
0.275566
0.275566
0.275566
0.275566
0.275566
0.275566
0.275566
0.275566
0.275566
0.275566
0.275566
0.275566
0.275566
0.275567
0.275567
0.275567
0.275567
0.275567
0.275567
0.275567
0.275568
0.275568
0.275568
0.275568
0.275568
0.275568
0.275568
0.275568
0.275569
0.275568
0.275568
0.275568
0.275569
0.275569
0.275568
0.275568
0.275568
0.275568
0.275568
0.275568
0.275568
0.275568
0.275568
0.275569
0.275569
0.275569
0.275568
0.275568
0.275568
0.275568
0.275568
0.275568
0.275568
0.275568
0.275568
0.275568
0.275568
0.275568
0.275568
0.275568
0.275568
0.275567
0.275567
0.275567
0.275567
0.275567
0.275567
0.275567
0.275567
0.275567
0.275567
0.275567
0.275567
0.275567
0.275567
0.275567
0.275567
0.275567
0.275567
0.275567
0.275567
0.275567
0.275567
0.275567
0.275567
0.275568
0.275568
0.275568
0.275568
0.275568
0.275568
0.275568
0.275568
0.275568
0.275568
0.275568
0.275568
0.275568
0.275568
0.275568
0.275568
0.275568
0.275568
0.275568
0.275568
0.275568
0.275568
0.275568
0.275568
0.275568
0.275568
0.275568
0.275568
0.275569
0.275569
0.275569
0.275569
0.275569
0.275569
0.275569
0.275569
0.275569
0.275569
0.275569
0.275561
0.275518
0.275438
0.275317
0.275154
0.274949
0.274714
0.274447
0.274147
0.273813
0.273448
0.273051
0.272623
0.272179
0.271772
0.271401
0.271065
0.270765
0.270501
0.270274
0.270076
0.270051
0.270192
0.270353
0.270534
0.270736
0.270956
0.271197
0.271456
0.271732
0.272015
0.272307
0.272606
0.272912
0.273226
0.273547
0.273874
0.274207
0.274546
0.27489
0.27524
0.275594
0.275951
0.276307
0.276663
0.277016
0.277367
0.277715
0.278062
0.278405
0.278789
0.279185
0.279578
0.279969
0.280356
0.28073
0.281062
0.281356
0.281623
0.281858
0.282056
0.282217
0.282401
0.282591
0.282774
0.28295
0.283121
0.283286
0.283448
0.283611
0.283775
0.283941
0.284109
0.284279
0.284451
0.284626
0.284804
0.284985
0.285169
0.285357
0.285549
0.285743
0.285936
0.286135
0.286335
0.286538
0.286743
0.286951
0.287162
0.287376
0.287591
0.287809
0.288028
0.288249
0.28847
0.288689
0.288908
0.289124
0.289338
0.28955
0.289759
0.289965
0.290168
0.290368
0.290563
0.290755
0.290943
0.291126
0.291304
0.291477
0.291644
0.291805
0.291961
0.29211
0.292249
0.292384
0.292511
0.292632
0.292744
0.292849
0.292937
0.292982
0.292989
0.292967
0.292912
0.292838
0.292757
0.292685
0.292633
0.292581
0.292529
0.292477
0.292426
0.292377
0.292335
0.292301
0.292274
0.292255
0.292244
0.29224
0.292243
0.292252
0.292265
0.292284
0.292308
0.292339
0.292375
0.292415
0.292458
0.292505
0.292557
0.292613
0.292674
0.29274
0.292809
0.292883
0.29296
0.29304
0.293124
0.293211
0.293298
0.293386
0.293473
0.293561
0.293648
0.293735
0.29382
0.293905
0.293988
0.294069
0.294149
0.294227
0.294302
0.294374
0.294443
0.294508
0.29457
0.294627
0.29468
0.294729
0.294772
0.294811
0.294845
0.294874
0.294898
0.294907
0.294875
0.294807
0.294711
0.294581
0.294433
0.294279
0.294167
0.294054
0.293943
0.293833
0.293726
0.293621
0.29352
0.293428
0.293345
0.29327
0.293204
0.293148
0.293101
0.293064
0.293037
0.293019
0.29301
0.293009
0.293018
0.293033
0.293053
0.293077
0.293106
0.293139
0.293177
0.29322
0.293268
0.293321
0.293379
0.29344
0.293505
0.293575
0.293647
0.293719
0.293793
0.293867
0.293941
0.294015
0.294089
0.294162
0.294235
0.294306
0.294376
0.294444
0.294511
0.294575
0.294637
0.294696
0.294751
0.294803
0.294851
0.294895
0.294935
0.294971
0.295002
0.295029
0.295051
0.295069
0.295074
0.295038
0.294966
0.294865
0.29473
0.294578
0.294421
0.294276
0.294157
0.294039
0.293923
0.293809
0.293698
0.293591
0.293493
0.293403
0.293323
0.293252
0.29319
0.293138
0.293096
0.293064
0.293042
0.293029
0.293025
0.29303
0.293043
0.29306
0.293081
0.293107
0.293138
0.293173
0.293214
0.29326
0.29331
0.293366
0.293425
0.293488
0.293555
0.293626
0.293697
0.293769
0.293841
0.293913
0.293986
0.294059
0.29413
0.294201
0.294271
0.294341
0.294408
0.294473
0.294537
0.294598
0.294656
0.29471
0.294761
0.294809
0.294852
0.294891
0.294927
0.294958
0.294985
0.295007
0.295025
0.295028
0.294992
0.294919
0.294817
0.294681
0.294528
0.294368
0.294253
0.294136
0.294021
0.293908
0.293797
0.29369
0.293587
0.293492
0.293406
0.293329
0.29326
0.293201
0.293151
0.293112
0.293082
0.293062
0.293051
0.293049
0.293057
0.293071
0.293089
0.293112
0.293139
0.29317
0.293207
0.293249
0.293295
0.293346
0.293402
0.293461
0.293525
0.293593
0.293663
0.293735
0.293807
0.293878
0.293951
0.294023
0.294095
0.294167
0.294238
0.294308
0.294376
0.294444
0.294509
0.294572
0.294633
0.29469
0.294745
0.294796
0.294843
0.294887
0.294927
0.294963
0.294994
0.295021
0.295044
0.295063
0.295069
0.295035
0.294965
0.294864
0.294731
0.29458
0.294423
0.29431
0.294195
0.294082
0.293971
0.293861
0.293755
0.293654
0.29356
0.293475
0.293399
0.293332
0.293273
0.293224
0.293186
0.293156
0.293137
0.293127
0.293125
0.293132
0.293145
0.293163
0.293185
0.293212
0.293244
0.293279
0.29332
0.293366
0.293416
0.293471
0.29353
0.293593
0.29366
0.29373
0.2938
0.293871
0.293942
0.294014
0.294086
0.294157
0.294227
0.294298
0.294367
0.294435
0.294501
0.294566
0.294628
0.294688
0.294745
0.294799
0.294849
0.294896
0.294939
0.294978
0.295013
0.295044
0.29507
0.295091
0.295109
0.295113
0.295077
0.295004
0.294902
0.294766
0.294613
0.29448
0.294369
0.294257
0.294148
0.29404
0.293935
0.293833
0.293736
0.293646
0.293565
0.293492
0.293427
0.293372
0.293325
0.293288
0.293262
0.293245
0.293237
0.293237
0.293246
0.293261
0.29328
0.293302
0.293329
0.293361
0.293397
0.293438
0.293484
0.293535
0.29359
0.293649
0.293708
0.293774
0.293842
0.293911
0.293981
0.294051
0.294121
0.294191
0.29426
0.294329
0.294398
0.294465
0.294531
0.294596
0.294658
0.294719
0.294777
0.294833
0.294884
0.294933
0.294978
0.295019
0.295056
0.29509
0.295118
0.295142
0.295162
0.295178
0.295181
0.295143
0.295069
0.294964
0.294827
0.294673
0.294513
0.294396
0.294278
0.294162
0.294048
0.293936
0.293827
0.293722
0.293625
0.293536
0.293457
0.293386
0.293325
0.293273
0.293232
0.2932
0.293177
0.293165
0.293162
0.293167
0.293179
0.293195
0.293216
0.29324
0.29327
0.293304
0.293343
0.293387
0.293436
0.293489
0.293545
0.293606
0.29367
0.293738
0.293805
0.293874
0.293943
0.294012
0.294082
0.294151
0.29422
0.294288
0.294355
0.294421
0.294486
0.294548
0.294609
0.294668
0.294723
0.294776
0.294825
0.294872
0.294916
0.294955
0.294991
0.295022
0.29505
0.295074
0.295093
0.295098
0.295064
0.294992
0.294891
0.294757
0.294623
0.294469
0.294357
0.294245
0.294133
0.294023
0.293916
0.293811
0.293711
0.293618
0.293534
0.293458
0.293391
0.293333
0.293285
0.293246
0.293217
0.293197
0.293188
0.293187
0.293195
0.29321
0.293229
0.293252
0.29328
0.293312
0.293349
0.293391
0.293437
0.293488
0.293543
0.293602
0.293664
0.29373
0.293799
0.293869
0.293939
0.29401
0.29408
0.294151
0.294221
0.29429
0.294359
0.294426
0.294492
0.294557
0.29462
0.29468
0.294738
0.294794
0.294846
0.294895
0.294941
0.294984
0.295023
0.295058
0.29509
0.295117
0.295141
0.295159
0.295164
0.295128
0.295055
0.294952
0.294816
0.294663
0.294504
0.294389
0.294272
0.294156
0.294042
0.29393
0.293822
0.293717
0.29362
0.293532
0.293453
0.293382
0.293321
0.293269
0.293227
0.293195
0.293173
0.293161
0.293158
0.293165
0.29318
0.2932
0.293225
0.293254
0.293289
0.293328
0.293372
0.293421
0.293474
0.293531
0.293592
0.293658
0.293726
0.293797
0.293869
0.293941
0.294013
0.294085
0.294158
0.294229
0.2943
0.29437
0.294439
0.294507
0.294573
0.294638
0.294702
0.294763
0.294822
0.294878
0.294932
0.294983
0.295031
0.295075
0.295115
0.295152
0.295185
0.295212
0.295235
0.295244
0.295211
0.295143
0.295044
0.294913
0.29478
0.294627
0.294516
0.294404
0.294292
0.294182
0.294073
0.293968
0.293866
0.293772
0.293687
0.29361
0.293541
0.293482
0.293432
0.293391
0.29336
0.293339
0.293329
0.293327
0.293332
0.293347
0.293366
0.293391
0.29342
0.293455
0.293495
0.293541
0.293591
0.293646
0.293706
0.293769
0.293836
0.293907
0.29398
0.294053
0.294127
0.2942
0.294273
0.294346
0.294417
0.294488
0.294558
0.294626
0.294693
0.294759
0.294823
0.294885
0.294945
0.295003
0.295058
0.295112
0.295162
0.295209
0.295252
0.295291
0.295327
0.295358
0.295384
0.295405
0.295412
0.295378
0.295307
0.295205
0.295071
0.294899
0.294764
0.294647
0.29453
0.294414
0.2943
0.294189
0.294079
0.293974
0.293877
0.293789
0.293709
0.293637
0.293575
0.293522
0.293479
0.293445
0.293421
0.293408
0.293405
0.293412
0.293425
0.293445
0.293469
0.293499
0.293534
0.293575
0.293621
0.293671
0.293726
0.293786
0.293851
0.293919
0.29399
0.294063
0.294137
0.294211
0.294285
0.294359
0.294432
0.294505
0.294578
0.29465
0.294721
0.29479
0.294859
0.294927
0.294993
0.295057
0.295119
0.295178
0.295234
0.295287
0.295337
0.295383
0.295424
0.295462
0.295494
0.295522
0.295544
0.295551
0.295517
0.295447
0.295346
0.295213
0.295061
0.294903
0.294788
0.294671
0.294554
0.294439
0.294326
0.294215
0.294108
0.294008
0.293918
0.293836
0.293762
0.293698
0.293643
0.293597
0.293562
0.293536
0.293521
0.293515
0.293519
0.293531
0.293548
0.29357
0.293598
0.293631
0.29367
0.293715
0.293764
0.293818
0.293877
0.29394
0.294008
0.294078
0.294151
0.294224
0.294297
0.29437
0.294442
0.294515
0.294587
0.294659
0.294731
0.294802
0.294873
0.294942
0.29501
0.295077
0.295141
0.295204
0.295263
0.295319
0.295372
0.295421
0.295466
0.295507
0.295543
0.295575
0.295602
0.295623
0.295629
0.295594
0.295523
0.295422
0.295287
0.295115
0.294978
0.29486
0.294743
0.294626
0.29451
0.294397
0.294286
0.294179
0.29408
0.293989
0.293907
0.293833
0.293769
0.293713
0.293668
0.293633
0.293607
0.293591
0.293586
0.293591
0.293603
0.293621
0.293644
0.293672
0.293705
0.293744
0.293789
0.293839
0.293893
0.293953
0.294016
0.294084
0.294156
0.294229
0.294303
0.294377
0.294451
0.294526
0.2946
0.294674
0.294747
0.294821
0.294893
0.294964
0.295034
0.295103
0.295171
0.295235
0.295298
0.295357
0.295413
0.295465
0.295514
0.295559
0.295599
0.295635
0.295666
0.295692
0.295713
0.295719
0.295684
0.295612
0.29551
0.295374
0.295202
0.295038
0.294916
0.294792
0.294669
0.294547
0.294427
0.294309
0.294196
0.29409
0.293993
0.293905
0.293826
0.293757
0.293696
0.293645
0.293605
0.293575
0.293555
0.293546
0.293546
0.293555
0.293571
0.293591
0.293617
0.293648
0.293685
0.293728
0.293775
0.293828
0.293885
0.293947
0.294014
0.294084
0.294157
0.294231
0.294304
0.294378
0.294452
0.294526
0.294599
0.294673
0.294746
0.294819
0.29489
0.294961
0.295031
0.295098
0.295164
0.295227
0.295288
0.295345
0.295399
0.295449
0.295495
0.295536
0.295573
0.295606
0.295633
0.295655
0.295662
0.295628
0.295557
0.295457
0.295323
0.295152
0.295016
0.294898
0.29478
0.294663
0.294548
0.294435
0.294324
0.294217
0.294118
0.294027
0.293945
0.293871
0.293806
0.29375
0.293705
0.293669
0.293643
0.293628
0.293622
0.293627
0.293639
0.293656
0.293679
0.293706
0.293739
0.293778
0.293823
0.293872
0.293926
0.293985
0.294048
0.294115
0.294185
0.294258
0.294331
0.294404
0.294477
0.29455
0.294623
0.294695
0.294767
0.294839
0.294909
0.294979
0.295048
0.295116
0.295182
0.295246
0.295307
0.295365
0.29542
0.295472
0.295521
0.295565
0.295605
0.29564
0.295671
0.295696
0.295716
0.295721
0.295686
0.295614
0.295512
0.295376
0.295203
0.295039
0.294917
0.294794
0.29467
0.294549
0.294429
0.294311
0.294198
0.294093
0.293996
0.293908
0.293829
0.293759
0.293699
0.293649
0.293608
0.293578
0.293558
0.293549
0.29355
0.293559
0.293573
0.293592
0.293617
0.293648
0.293685
0.293727
0.293774
0.293826
0.293883
0.293945
0.294011
0.29408
0.294153
0.294226
0.294299
0.294372
0.294446
0.29452
0.294594
0.294668
0.294741
0.294814
0.294885
0.294956
0.295026
0.295094
0.29516
0.295223
0.295283
0.295341
0.295395
0.295446
0.295492
0.295534
0.295572
0.295604
0.295632
0.295654
0.295661
0.295627
0.295557
0.295456
0.295322
0.295151
0.294988
0.294868
0.294746
0.294624
0.294504
0.294386
0.294271
0.294159
0.294055
0.29396
0.293874
0.293797
0.293728
0.29367
0.293621
0.293583
0.293555
0.293537
0.293529
0.293532
0.293543
0.293559
0.29358
0.293607
0.29364
0.293678
0.293721
0.293769
0.293823
0.293881
0.293943
0.294009
0.294078
0.294149
0.294221
0.294293
0.294364
0.294435
0.294506
0.294577
0.294647
0.294716
0.294784
0.294851
0.294917
0.294981
0.295045
0.295105
0.295164
0.29522
0.295274
0.295324
0.295371
0.295414
0.295454
0.295489
0.29552
0.295545
0.295566
0.295572
0.295537
0.295466
0.295364
0.295229
0.295057
0.29492
0.294802
0.294684
0.294567
0.294452
0.294339
0.294229
0.294123
0.294024
0.293934
0.293853
0.29378
0.293716
0.293662
0.293618
0.293583
0.293558
0.293544
0.29354
0.293545
0.293558
0.293577
0.2936
0.293629
0.293663
0.293702
0.293747
0.293796
0.29385
0.293909
0.293972
0.294038
0.294108
0.29418
0.294252
0.294324
0.294395
0.294467
0.294539
0.294611
0.294682
0.294752
0.294821
0.294889
0.294956
0.295021
0.295084
0.295145
0.295204
0.29526
0.295314
0.295365
0.295413
0.295456
0.295496
0.295532
0.295562
0.295589
0.29561
0.295616
0.295581
0.295511
0.29541
0.295276
0.295104
0.294942
0.294822
0.2947
0.294578
0.294458
0.294341
0.294225
0.294113
0.29401
0.293915
0.293829
0.293752
0.293685
0.293627
0.293578
0.293541
0.293512
0.293495
0.293488
0.293491
0.293503
0.293519
0.293541
0.293569
0.293602
0.29364
0.293683
0.293731
0.293784
0.293841
0.293902
0.293966
0.294034
0.294104
0.294175
0.294246
0.294316
0.294387
0.294457
0.294526
0.294594
0.294662
0.294729
0.294795
0.294859
0.294922
0.294983
0.295042
0.295099
0.295154
0.295206
0.295255
0.295301
0.295343
0.295382
0.295416
0.295446
0.295472
0.295492
0.295497
0.295462
0.29539
0.295289
0.295153
0.294981
0.294844
0.294727
0.29461
0.294493
0.294378
0.294266
0.294156
0.29405
0.293952
0.293863
0.293782
0.293709
0.293646
0.293593
0.293549
0.293515
0.293491
0.293478
0.293474
0.29348
0.293494
0.293512
0.293536
0.293566
0.2936
0.29364
0.293685
0.293735
0.293789
0.293848
0.29391
0.293976
0.294046
0.294117
0.294189
0.294261
0.294333
0.294405
0.294477
0.294548
0.294618
0.294688
0.294757
0.294824
0.294891
0.294955
0.295018
0.295078
0.295137
0.295193
0.295246
0.295297
0.295344
0.295387
0.295427
0.295462
0.295494
0.29552
0.295541
0.295548
0.295514
0.295443
0.295342
0.295207
0.295055
0.294896
0.294781
0.294664
0.294547
0.294432
0.294319
0.294209
0.294102
0.294003
0.293913
0.293831
0.293758
0.293695
0.29364
0.293595
0.29356
0.293535
0.293521
0.293516
0.29352
0.293532
0.29355
0.293572
0.2936
0.293634
0.293672
0.293716
0.293764
0.293818
0.293875
0.293937
0.294002
0.29407
0.294141
0.294212
0.294283
0.294354
0.294424
0.294494
0.294564
0.294632
0.2947
0.294767
0.294833
0.294897
0.29496
0.295021
0.295081
0.295139
0.295193
0.295246
0.295295
0.295341
0.295384
0.295423
0.295457
0.295487
0.295513
0.295533
0.295539
0.295504
0.295432
0.29533
0.295194
0.295022
0.294885
0.294768
0.29465
0.294533
0.294419
0.294306
0.294196
0.294089
0.293991
0.293901
0.29382
0.293748
0.293684
0.29363
0.293586
0.293551
0.293527
0.293512
0.293509
0.293515
0.293529
0.293547
0.293571
0.2936
0.293634
0.293674
0.293719
0.293769
0.293822
0.293881
0.293943
0.294008
0.294077
0.294148
0.29422
0.294292
0.294363
0.294434
0.294505
0.294575
0.294645
0.294714
0.294782
0.294849
0.294914
0.294978
0.295039
0.295099
0.295157
0.295212
0.295264
0.295313
0.295359
0.295402
0.29544
0.295475
0.295504
0.295529
0.295549
0.295555
0.295519
0.295447
0.295345
0.29521
0.295037
0.294874
0.294753
0.29463
0.294508
0.294388
0.294269
0.294154
0.294042
0.293939
0.293844
0.293757
0.29368
0.293613
0.293555
0.293506
0.293468
0.29344
0.293423
0.293416
0.293419
0.29343
0.293447
0.293469
0.293497
0.29353
0.293568
0.293612
0.293661
0.293715
0.293772
0.293834
0.293899
0.293968
0.294039
0.294111
0.294183
0.294254
0.294326
0.294397
0.294468
0.294538
0.294607
0.294676
0.294743
0.294809
0.294874
0.294937
0.294998
0.295057
0.295114
0.295168
0.295219
0.295266
0.29531
0.295351
0.295387
0.295418
0.295445
0.295467
0.295474
0.295441
0.29537
0.295271
0.295137
0.294966
0.294831
0.294715
0.294599
0.294483
0.29437
0.294258
0.294149
0.294044
0.293948
0.293859
0.293779
0.293707
0.293645
0.293592
0.293548
0.293515
0.293491
0.293478
0.293475
0.293481
0.293496
0.293515
0.293539
0.293569
0.293604
0.293644
0.29369
0.29374
0.293795
0.293855
0.293918
0.293985
0.294054
0.294126
0.294198
0.294271
0.294342
0.294414
0.294486
0.294557
0.294627
0.294697
0.294765
0.294833
0.294899
0.294964
0.295028
0.29509
0.295149
0.295206
0.295261
0.295312
0.29536
0.295404
0.295444
0.29548
0.295511
0.295538
0.295559
0.295565
0.295531
0.295459
0.295358
0.295223
0.295051
0.294915
0.294798
0.294681
0.294565
0.294451
0.294338
0.294228
0.294122
0.294024
0.293934
0.293853
0.29378
0.293716
0.293662
0.293617
0.293583
0.293558
0.293543
0.293538
0.293543
0.293556
0.293573
0.293596
0.293624
0.293657
0.293697
0.293741
0.29379
0.293844
0.293902
0.293965
0.294032
0.294102
0.294172
0.294244
0.294317
0.294389
0.294461
0.294533
0.294605
0.294677
0.294749
0.294819
0.294889
0.294959
0.295026
0.295092
0.295156
0.295217
0.295277
0.295333
0.295385
0.295434
0.295479
0.29552
0.295557
0.295589
0.295616
0.295637
0.295644
0.29561
0.295539
0.295439
0.295304
0.295133
0.294971
0.294851
0.294729
0.294607
0.294487
0.294368
0.294253
0.29414
0.294036
0.293941
0.293854
0.293776
0.293708
0.293649
0.2936
0.293561
0.293532
0.293513
0.293506
0.293507
0.293518
0.293534
0.293555
0.293581
0.293613
0.29365
0.293694
0.293742
0.293795
0.293854
0.293917
0.293984
0.294055
0.294128
0.294202
0.294275
0.294348
0.294422
0.294495
0.294569
0.294642
0.294714
0.294787
0.294858
0.294929
0.294998
0.295065
0.29513
0.295193
0.295253
0.295309
0.295363
0.295413
0.295459
0.295501
0.295539
0.295571
0.295599
0.295621
0.295628
0.295594
0.295523
0.295422
0.295288
0.295117
0.294981
0.294864
0.294747
0.29463
0.294515
0.294403
0.294292
0.294185
0.294087
0.293996
0.293914
0.29384
0.293776
0.293721
0.293677
0.293641
0.293616
0.293601
0.293597
0.293601
0.293614
0.293631
0.293654
0.293682
0.293715
0.293755
0.2938
0.29385
0.293905
0.293964
0.294028
0.294097
0.294168
0.294243
0.294318
0.294395
0.294471
0.294547
0.294624
0.294701
0.294777
0.294853
0.294929
0.295003
0.295077
0.295149
0.295219
0.295286
0.295351
0.295414
0.295472
0.295528
0.29558
0.295627
0.29567
0.295708
0.295741
0.295769
0.295792
0.295799
0.295765
0.295695
0.295594
0.295459
0.295288
0.295126
0.295006
0.294883
0.294761
0.294641
0.294522
0.294405
0.294293
0.294188
0.294092
0.294004
0.293926
0.293856
0.293796
0.293746
0.293705
0.293675
0.293655
0.293646
0.293647
0.293656
0.29367
0.293689
0.293714
0.293744
0.29378
0.293823
0.29387
0.293922
0.293979
0.29404
0.294106
0.294176
0.294248
0.294321
0.294394
0.294468
0.294542
0.294616
0.29469
0.294764
0.294837
0.29491
0.294982
0.295053
0.295122
0.29519
0.295255
0.295317
0.295377
0.295433
0.295487
0.295536
0.295582
0.295622
0.295658
0.29569
0.295716
0.295737
0.295743
0.295708
0.295636
0.295533
0.295397
0.295224
0.295086
0.294968
0.294849
0.294731
0.294614
0.294499
0.294383
0.294273
0.294172
0.294079
0.293994
0.293918
0.293851
0.293794
0.293747
0.293709
0.293682
0.293664
0.293658
0.29366
0.293671
0.293686
0.293707
0.293733
0.293765
0.293803
0.293846
0.293894
0.293948
0.294007
0.294069
0.294136
0.294207
0.294281
0.294355
0.29443
0.294506
0.294582
0.294658
0.294734
0.294809
0.294884
0.294959
0.295032
0.295104
0.295175
0.295244
0.295311
0.295375
0.295435
0.295493
0.295547
0.295597
0.295643
0.295684
0.295721
0.295753
0.295779
0.295801
0.295807
0.295772
0.295701
0.295599
0.295463
0.29529
0.295127
0.295005
0.294882
0.294759
0.294637
0.294517
0.2944
0.294286
0.29418
0.294083
0.293994
0.293915
0.293845
0.293784
0.293732
0.293691
0.293661
0.29364
0.293631
0.29363
0.293639
0.293654
0.293673
0.293697
0.293727
0.293763
0.293805
0.293852
0.293904
0.293961
0.294023
0.294089
0.294158
0.294231
0.294304
0.294378
0.294453
0.294527
0.294602
0.294676
0.294751
0.294825
0.294898
0.294971
0.295042
0.295112
0.295181
0.295247
0.29531
0.295371
0.295429
0.295482
0.295533
0.295578
0.29562
0.295656
0.295688
0.295715
0.295736
0.295742
0.295708
0.295636
0.295534
0.295398
0.295225
0.295088
0.29497
0.294851
0.294733
0.294617
0.294502
0.29439
0.294282
0.294181
0.294089
0.294005
0.293931
0.293866
0.293809
0.293762
0.293725
0.293698
0.293681
0.293675
0.293678
0.293689
0.293705
0.293725
0.293751
0.293782
0.29382
0.293863
0.293911
0.293965
0.294024
0.294086
0.294153
0.294223
0.294297
0.294371
0.294445
0.29452
0.294595
0.29467
0.294744
0.294819
0.294893
0.294967
0.295039
0.295111
0.295181
0.295249
0.295316
0.295379
0.29544
0.295497
0.295551
0.2956
0.295646
0.295686
0.295723
0.295754
0.295781
0.295801
0.295807
0.295773
0.295701
0.2956
0.295465
0.295292
0.295129
0.295008
0.294884
0.294761
0.29464
0.29452
0.294403
0.294289
0.294184
0.294087
0.293998
0.293918
0.293848
0.293788
0.293737
0.293696
0.293665
0.293645
0.293636
0.293636
0.293645
0.293658
0.293678
0.293702
0.293733
0.293769
0.293811
0.293859
0.293911
0.293968
0.294029
0.294095
0.294165
0.294237
0.294311
0.294385
0.29446
0.294535
0.29461
0.294686
0.29476
0.294835
0.294909
0.294982
0.295054
0.295125
0.295194
0.295261
0.295325
0.295386
0.295445
0.295499
0.29555
0.295596
0.295638
0.295675
0.295708
0.295735
0.295757
0.295764
0.295729
0.295658
0.295556
0.29542
0.295248
0.295111
0.294993
0.294875
0.294757
0.294641
0.294527
0.294415
0.294307
0.294206
0.294114
0.294031
0.293956
0.29389
0.293833
0.293787
0.29375
0.293723
0.293706
0.2937
0.293704
0.293715
0.293732
0.293754
0.293781
0.293813
0.293851
0.293895
0.293944
0.293998
0.294057
0.29412
0.294186
0.294257
0.29433
0.294404
0.294478
0.294552
0.294622
0.294696
0.294769
0.294842
0.294914
0.294986
0.295057
0.295126
0.295195
0.295261
0.295325
0.295387
0.295445
0.295501
0.295553
0.295601
0.295646
0.295686
0.295721
0.295751
0.295777
0.295797
0.295802
0.295766
0.295693
0.29559
0.295454
0.29528
0.295142
0.295022
0.294903
0.294784
0.294667
0.294551
0.294438
0.294329
0.294227
0.294134
0.294049
0.293973
0.293906
0.293849
0.293801
0.293763
0.293735
0.293718
0.293711
0.293713
0.293723
0.293739
0.29376
0.293787
0.293819
0.293856
0.2939
0.293948
0.294002
0.29406
0.294123
0.294189
0.294259
0.294333
0.294407
0.294482
0.294558
0.294633
0.294709
0.294785
0.294861
0.294936
0.29501
0.295083
0.295155
0.295226
0.295295
0.295362
0.295426
0.295486
0.295544
0.295598
0.295648
0.295694
0.295736
0.295773
0.295805
0.295831
0.295848
0.295854
0.295817
0.295745
0.295642
0.295505
0.295331
0.295167
0.295045
0.29492
0.294796
0.294673
0.294552
0.294434
0.294319
0.294213
0.294115
0.294025
0.293945
0.293874
0.293812
0.29376
0.293718
0.293686
0.293665
0.293655
0.293655
0.293663
0.293677
0.293696
0.29372
0.29375
0.293786
0.293827
0.293874
0.293925
0.293982
0.294043
0.294108
0.294177
0.294249
0.294322
0.294395
0.294468
0.294542
0.294615
0.294689
0.294762
0.294835
0.294907
0.294979
0.295049
0.295118
0.295186
0.29525
0.295313
0.295372
0.295428
0.295481
0.29553
0.295575
0.295616
0.295652
0.295684
0.29571
0.29573
0.295736
0.295701
0.295629
0.295526
0.29539
0.295217
0.295079
0.29496
0.294842
0.294724
0.294607
0.294493
0.294381
0.294272
0.294172
0.29408
0.293996
0.293921
0.293855
0.293799
0.293753
0.293716
0.293689
0.293673
0.293667
0.293671
0.293682
0.293698
0.29372
0.293747
0.293779
0.293817
0.29386
0.293909
0.293962
0.29402
0.294083
0.29415
0.29422
0.294294
0.294367
0.294442
0.294517
0.294593
0.294669
0.294745
0.29482
0.294896
0.29497
0.295044
0.295117
0.295185
0.295254
0.29532
0.295383
0.295444
0.295502
0.295556
0.295607
0.295654
0.295697
0.295735
0.295769
0.295797
0.29582
0.295828
0.295795
0.295726
0.295626
0.295492
0.295322
0.29516
0.29504
0.294918
0.294797
0.294676
0.294557
0.294441
0.294328
0.294223
0.294127
0.294039
0.29396
0.29389
0.29383
0.29378
0.293739
0.293709
0.293689
0.293679
0.29368
0.293688
0.293701
0.29372
0.293745
0.293774
0.29381
0.293851
0.293898
0.29395
0.294006
0.294067
0.294133
0.294202
0.294273
0.294346
0.294419
0.294493
0.294567
0.294641
0.294715
0.294789
0.294863
0.294936
0.295008
0.295079
0.295148
0.295216
0.295282
0.295345
0.295404
0.295461
0.295514
0.295564
0.295609
0.29565
0.295687
0.295718
0.295744
0.295765
0.295771
0.295735
0.295663
0.29556
0.295424
0.29525
0.295113
0.294994
0.294875
0.294756
0.29464
0.294525
0.294412
0.294303
0.294202
0.29411
0.294025
0.29395
0.293883
0.293826
0.293779
0.293741
0.293714
0.293696
0.293689
0.293692
0.293702
0.293718
0.293739
0.293765
0.293796
0.293833
0.293876
0.293924
0.293977
0.294035
0.294099
0.294166
0.294237
0.294311
0.294386
0.294459
0.294535
0.294611
0.294687
0.294763
0.294838
0.294914
0.294988
0.295062
0.295135
0.295206
0.295275
0.295341
0.295406
0.295466
0.295524
0.295578
0.295628
0.295674
0.295715
0.295752
0.295783
0.29581
0.29583
0.295836
0.295801
0.295729
0.295627
0.295492
0.295319
0.295155
0.295033
0.29491
0.294786
0.294664
0.294544
0.294425
0.294311
0.294204
0.294107
0.294018
0.293938
0.293867
0.293806
0.293754
0.293713
0.293682
0.293661
0.293651
0.293651
0.293659
0.293673
0.293691
0.293716
0.293746
0.293782
0.293824
0.293871
0.293924
0.293982
0.294045
0.294112
0.294183
0.294256
0.294331
0.294406
0.294482
0.294558
0.294634
0.29471
0.294786
0.294862
0.294937
0.295011
0.295083
0.295155
0.295224
0.295291
0.295355
0.295417
0.295475
0.295529
0.29558
0.295626
0.295668
0.295705
0.295737
0.295764
0.295785
0.295791
0.295755
0.295683
0.295582
0.295446
0.295273
0.295136
0.295018
0.294899
0.294781
0.294664
0.29455
0.294437
0.294329
0.294228
0.294136
0.294051
0.293976
0.293909
0.293853
0.293805
0.293768
0.29374
0.293723
0.293716
0.293719
0.293729
0.293744
0.293765
0.293792
0.293824
0.293858
0.293901
0.293948
0.294001
0.294058
0.294121
0.294188
0.294259
0.294333
0.294408
0.294483
0.294559
0.294636
0.294712
0.294789
0.294865
0.29494
0.295015
0.295089
0.295161
0.295232
0.295302
0.295368
0.295432
0.295493
0.295551
0.295605
0.295655
0.2957
0.295742
0.295778
0.295809
0.295835
0.295855
0.29586
0.295824
0.295752
0.295649
0.295513
0.295339
0.295175
0.295052
0.294928
0.294804
0.294681
0.29456
0.294442
0.294327
0.294221
0.294123
0.294033
0.293952
0.29388
0.293819
0.293767
0.293725
0.293694
0.293673
0.293662
0.293662
0.29367
0.293683
0.293702
0.293726
0.293755
0.293791
0.293832
0.293879
0.293932
0.293989
0.294052
0.294119
0.294191
0.294265
0.294341
0.294417
0.294494
0.294571
0.294648
0.294726
0.294803
0.294879
0.294955
0.29503
0.295104
0.295176
0.295246
0.295314
0.295379
0.295441
0.2955
0.295555
0.295606
0.295653
0.295695
0.295733
0.295765
0.295793
0.295814
0.29582
0.295785
0.295714
0.295612
0.295477
0.295305
0.295168
0.29505
0.294931
0.294813
0.294697
0.294582
0.29447
0.294362
0.294261
0.294169
0.294085
0.29401
0.293944
0.293887
0.293839
0.293801
0.293774
0.293756
0.29375
0.293753
0.293763
0.293778
0.293799
0.293825
0.293857
0.293894
0.293937
0.293985
0.294039
0.294098
0.294162
0.29423
0.294301
0.294376
0.294451
0.294527
0.294599
0.294675
0.29475
0.294825
0.2949
0.294974
0.295047
0.29512
0.295191
0.29526
0.295328
0.295393
0.295455
0.295514
0.29557
0.295623
0.295671
0.295716
0.295756
0.295791
0.295821
0.295846
0.295866
0.29587
0.295833
0.29576
0.295657
0.295521
0.295347
0.295186
0.295065
0.294942
0.294821
0.294701
0.294583
0.294468
0.294356
0.294252
0.294157
0.29407
0.293992
0.293924
0.293865
0.293815
0.293776
0.293746
0.293727
0.293719
0.293721
0.293731
0.293745
0.293765
0.293791
0.293822
0.293859
0.293901
0.293949
0.294002
0.29406
0.294123
0.294191
0.294263
0.294338
0.294414
0.29449
0.294567
0.294644
0.294722
0.294799
0.294876
0.294953
0.295029
0.295104
0.295178
0.29525
0.295321
0.295388
0.295453
0.295515
0.295573
0.295628
0.295678
0.295725
0.295767
0.295804
0.295836
0.295862
0.295883
0.295889
0.295854
0.295782
0.295679
0.295544
0.295371
0.295207
0.295085
0.294961
0.294837
0.294714
0.294594
0.294476
0.294361
0.294255
0.294157
0.294067
0.293987
0.293916
0.293855
0.293803
0.293761
0.29373
0.293709
0.293699
0.293699
0.293708
0.293722
0.293741
0.293765
0.293796
0.293832
0.293873
0.293921
0.293973
0.294032
0.294095
0.294162
0.294232
0.294306
0.294381
0.294456
0.294532
0.294608
0.294684
0.294761
0.294837
0.294913
0.294988
0.295062
0.295134
0.295206
0.295275
0.295342
0.295406
0.295468
0.295525
0.295579
0.29563
0.295676
0.295718
0.295755
0.295786
0.295813
0.295833
0.295839
0.295804
0.295732
0.295629
0.295493
0.29532
0.295159
0.295038
0.294917
0.294796
0.294677
0.29456
0.294445
0.294334
0.294231
0.294136
0.29405
0.293972
0.293904
0.293846
0.293797
0.293758
0.293729
0.293711
0.293702
0.293705
0.293715
0.293729
0.293749
0.293774
0.293805
0.293841
0.293883
0.293931
0.293983
0.294042
0.294105
0.294172
0.294244
0.294319
0.294395
0.294472
0.294549
0.294627
0.294705
0.294782
0.29486
0.294937
0.295013
0.295088
0.295162
0.295234
0.295305
0.295372
0.295437
0.2955
0.295558
0.295613
0.295663
0.29571
0.295752
0.295789
0.295821
0.295847
0.295868
0.295874
0.29584
0.295768
0.295667
0.295532
0.29536
0.295197
0.295075
0.294952
0.294829
0.294708
0.294588
0.294471
0.294357
0.294252
0.294154
0.294066
0.293987
0.293916
0.293855
0.293804
0.293763
0.293732
0.293712
0.293702
0.293703
0.293712
0.293725
0.293744
0.293768
0.293798
0.293834
0.293876
0.293923
0.293975
0.294033
0.294096
0.294164
0.294235
0.294309
0.294384
0.29446
0.294536
0.294612
0.294689
0.294766
0.294842
0.294918
0.294994
0.295068
0.295141
0.295212
0.295282
0.295349
0.295414
0.295475
0.295533
0.295588
0.295638
0.295684
0.295726
0.295763
0.295795
0.295821
0.295842
0.295848
0.295813
0.295741
0.295639
0.295502
0.29533
0.29517
0.295049
0.294927
0.294806
0.294687
0.29457
0.294455
0.294344
0.29424
0.294145
0.294059
0.293982
0.293914
0.293856
0.293807
0.293768
0.293739
0.293721
0.293713
0.293715
0.293725
0.29374
0.29376
0.293785
0.293816
0.293852
0.293895
0.293943
0.293996
0.294055
0.294118
0.294187
0.294259
0.294334
0.29441
0.294486
0.294563
0.294641
0.294718
0.294795
0.294872
0.294949
0.295025
0.295099
0.295173
0.295245
0.295315
0.295382
0.295447
0.295508
0.295567
0.295622
0.295672
0.295718
0.29576
0.295797
0.295828
0.295855
0.295875
0.295881
0.295846
0.295774
0.295673
0.295537
0.295365
0.295228
0.29511
0.294991
0.294873
0.294757
0.294643
0.29453
0.294422
0.294321
0.294229
0.294144
0.294069
0.294003
0.293946
0.293899
0.293862
0.293834
0.293816
0.293809
0.293811
0.293822
0.293837
0.293858
0.293884
0.293915
0.293952
0.293994
0.294042
0.294095
0.294153
0.294215
0.294283
0.294354
0.294428
0.294502
0.294578
0.294654
0.29473
0.294807
0.294883
0.294959
0.295035
0.295109
0.295183
0.295252
0.295322
0.295389
0.295454
0.295516
0.295576
0.295632
0.295684
0.295732
0.295776
0.295816
0.295851
0.295881
0.295902
0.295921
0.295924
0.295886
0.295812
0.295706
0.295567
0.295392
0.295252
0.295131
0.295011
0.29489
0.294772
0.294655
0.294541
0.29443
0.294328
0.294234
0.294148
0.294071
0.294003
0.293945
0.293896
0.293856
0.293827
0.293808
0.2938
0.293801
0.293811
0.293825
0.293845
0.29387
0.293901
0.293938
0.29398
0.294027
0.29408
0.294138
0.294201
0.294268
0.294339
0.294412
0.294487
0.294562
0.294637
0.294713
0.294789
0.294865
0.29494
0.295015
0.295089
0.295162
0.295234
0.295305
0.295373
0.295439
0.295502
0.295562
0.295615
0.295667
0.295715
0.295756
0.295794
0.295828
0.295857
0.295881
0.295899
0.295902
0.295863
0.295788
0.295682
0.295543
0.295367
0.295227
0.295105
0.294984
0.294863
0.29474
0.294622
0.294506
0.294394
0.29429
0.294194
0.294107
0.294029
0.29396
0.2939
0.293851
0.293811
0.293782
0.293762
0.293753
0.293754
0.293762
0.293776
0.293795
0.293819
0.293849
0.293885
0.293927
0.293973
0.294025
0.294082
0.294144
0.294211
0.294281
0.294355
0.29443
0.294506
0.294582
0.294658
0.294735
0.294811
0.294888
0.294964
0.295039
0.295113
0.295186
0.295258
0.295327
0.295394
0.295458
0.29552
0.295578
0.295632
0.295682
0.295728
0.295769
0.295805
0.295837
0.295863
0.295883
0.295889
0.295854
0.295782
0.29568
0.295545
0.295372
0.295209
0.295087
0.294964
0.294841
0.294719
0.294599
0.294481
0.294367
0.294261
0.294164
0.294076
0.293996
0.293925
0.293864
0.293812
0.293771
0.29374
0.293719
0.293709
0.293709
0.293717
0.293731
0.29375
0.293775
0.293805
0.293841
0.293883
0.293931
0.293984
0.294042
0.294105
0.294172
0.294243
0.294317
0.294392
0.294467
0.294544
0.29462
0.294697
0.294773
0.29485
0.294925
0.295001
0.295075
0.295148
0.295219
0.295289
0.295356
0.29542
0.295481
0.295538
0.295593
0.295643
0.295689
0.295731
0.295767
0.295799
0.295825
0.295846
0.295852
0.295816
0.295744
0.295642
0.295506
0.295333
0.295173
0.295051
0.294929
0.294808
0.294688
0.294571
0.294455
0.294343
0.29424
0.294144
0.294057
0.293979
0.29391
0.293851
0.293802
0.293762
0.293733
0.293714
0.293706
0.293708
0.293716
0.29373
0.29375
0.293775
0.293806
0.293842
0.293884
0.293931
0.293984
0.294042
0.294105
0.294173
0.294245
0.29432
0.294395
0.294472
0.294549
0.294626
0.294703
0.294781
0.294858
0.294934
0.29501
0.295085
0.295158
0.29523
0.2953
0.295367
0.295432
0.295494
0.295553
0.295607
0.295658
0.295704
0.295746
0.295783
0.295815
0.295842
0.295864
0.29587
0.295835
0.295763
0.29566
0.295524
0.295351
0.295188
0.295066
0.294942
0.294818
0.294696
0.294576
0.294458
0.294344
0.294237
0.294139
0.294051
0.293971
0.2939
0.293839
0.293787
0.293746
0.293715
0.293695
0.293685
0.293686
0.293694
0.293708
0.293727
0.293752
0.293783
0.293819
0.293861
0.293909
0.293962
0.29402
0.294084
0.294151
0.294222
0.294296
0.294371
0.294447
0.294523
0.2946
0.294677
0.294754
0.29483
0.294906
0.294982
0.295056
0.295188
0.295326
0.29547
0.295614
0.295759
0.295902
0.296044
0.296184
0.29632
0.296452
0.296579
0.296699
0.296813
0.29692
0.29702
0.297104
0.297147
0.297152
0.297127
0.297068
0.296983
0.296933
0.296876
0.296814
0.296747
0.296678
0.296606
0.296532
0.296458
0.29639
0.296326
0.296269
0.296217
0.296171
0.296132
0.2961
0.296073
0.296053
0.296039
0.296031
0.29603
0.296034
0.296042
0.296054
0.29607
0.29609
0.296114
0.296142
0.296173
0.296208
0.296247
0.296289
0.296334
0.296381
0.29643
0.296479
0.296528
0.296578
0.296626
0.296675
0.296722
0.296769
0.296816
0.296861
0.296904
0.296977
0.297086
0.2972
0.297316
0.297433
0.29755
0.297665
0.297779
0.297891
0.297998
0.298101
0.298197
0.298286
0.298369
0.298445
0.298505
0.298525
0.298507
0.298458
0.298376
0.298278
0.298182
0.2981
0.298014
0.297925
0.297834
0.297741
0.297646
0.297551
0.297462
0.297377
0.297298
0.297226
0.297159
0.297099
0.297045
0.296999
0.296959
0.296927
0.296902
0.296886
0.296876
0.296872
0.296874
0.29688
0.296891
0.296906
0.296925
0.296948
0.296974
0.297005
0.29704
0.297079
0.29712
0.297165
0.29721
0.297256
0.297302
0.297348
0.297394
0.29744
0.297485
0.297528
0.297571
0.297612
0.297652
0.29769
0.297725
0.297758
0.297788
0.297855
0.297964
0.298075
0.298185
0.298291
0.298393
0.29849
0.298583
0.298671
0.298754
0.298822
0.298849
0.298839
0.298798
0.298725
0.29865
0.298555
0.298457
0.298366
0.298272
0.298175
0.298074
0.297972
0.297869
0.297772
0.29768
0.297593
0.297512
0.297438
0.29737
0.297308
0.297253
0.297206
0.297165
0.297133
0.297108
0.29709
0.297077
0.29707
0.297067
0.29707
0.297078
0.297092
0.29711
0.297134
0.297162
0.297194
0.29723
0.297269
0.297311
0.297354
0.297396
0.29744
0.297483
0.297525
0.297567
0.297608
0.297647
0.297685
0.297721
0.297755
0.297787
0.297817
0.297844
0.297868
0.297975
0.298085
0.298198
0.29831
0.298419
0.298522
0.298621
0.298716
0.298806
0.29889
0.29896
0.298989
0.29898
0.298941
0.298869
0.298779
0.29868
0.298561
0.298466
0.298364
0.298258
0.29815
0.29804
0.29793
0.297824
0.297725
0.297631
0.297543
0.297462
0.297388
0.29732
0.297261
0.297208
0.297163
0.297127
0.297098
0.297077
0.297061
0.297051
0.297046
0.297047
0.297054
0.297066
0.297083
0.297106
0.297133
0.297166
0.297201
0.297241
0.297284
0.297328
0.297372
0.297416
0.29746
0.297503
0.297546
0.297588
0.297629
0.297669
0.297704
0.29774
0.297774
0.297805
0.297834
0.29786
0.297923
0.298029
0.298138
0.298246
0.298351
0.298452
0.298548
0.298639
0.298726
0.298807
0.298873
0.298898
0.298885
0.298843
0.298768
0.29869
0.29859
0.298488
0.298394
0.298296
0.298195
0.298091
0.297986
0.29788
0.297779
0.297683
0.297594
0.29751
0.297433
0.297362
0.297298
0.297242
0.297192
0.297151
0.297116
0.29709
0.297071
0.297056
0.297047
0.297043
0.297044
0.297052
0.297065
0.297083
0.297106
0.297135
0.297168
0.297206
0.297247
0.297291
0.297336
0.297381
0.297426
0.297471
0.297516
0.297559
0.297602
0.297644
0.297684
0.297723
0.29776
0.297795
0.297827
0.297857
0.297883
0.297991
0.298102
0.298216
0.298329
0.298439
0.298544
0.298645
0.29874
0.298831
0.298917
0.298987
0.299016
0.299008
0.298969
0.298898
0.298807
0.298708
0.298589
0.298493
0.298391
0.298286
0.298178
0.298067
0.297956
0.297851
0.297751
0.297657
0.297569
0.297488
0.297413
0.297345
0.297285
0.297232
0.297187
0.29715
0.297122
0.297099
0.297083
0.297072
0.297065
0.297065
0.29707
0.297082
0.297099
0.297122
0.297151
0.297184
0.297222
0.297263
0.297307
0.297352
0.297397
0.297442
0.297486
0.29753
0.297574
0.297617
0.297658
0.297698
0.297737
0.297773
0.297808
0.297839
0.297868
0.297894
0.297956
0.298063
0.298172
0.298281
0.298386
0.298487
0.298583
0.298674
0.29876
0.298841
0.298907
0.298931
0.298918
0.298875
0.298799
0.298704
0.2986
0.298511
0.298417
0.298318
0.298217
0.298113
0.298007
0.297901
0.2978
0.297704
0.297614
0.29753
0.297453
0.297382
0.297318
0.297262
0.297212
0.297171
0.297138
0.297112
0.297092
0.297078
0.297069
0.297065
0.297067
0.297075
0.297088
0.297107
0.297131
0.297162
0.297197
0.297237
0.29728
0.297326
0.297372
0.297419
0.297466
0.297513
0.297559
0.297605
0.29765
0.297694
0.297737
0.297778
0.297817
0.297854
0.297888
0.297919
0.297946
0.298011
0.298118
0.298228
0.298338
0.298444
0.298546
0.298644
0.298736
0.298824
0.298906
0.298973
0.298998
0.298986
0.298943
0.298868
0.298774
0.298672
0.298584
0.29849
0.298391
0.298291
0.298187
0.298082
0.297976
0.297875
0.29778
0.29769
0.297606
0.297529
0.297458
0.297393
0.297337
0.297287
0.297245
0.297208
0.297181
0.29716
0.297144
0.297133
0.297129
0.29713
0.297137
0.29715
0.297168
0.297192
0.297221
0.297255
0.297292
0.297333
0.297376
0.29742
0.297465
0.297509
0.297553
0.297596
0.297638
0.297679
0.29772
0.297758
0.297795
0.29783
0.297863
0.297893
0.29792
0.297944
0.298051
0.298162
0.298276
0.298389
0.298497
0.298602
0.298701
0.298796
0.298886
0.29897
0.29904
0.299068
0.299058
0.299019
0.298948
0.298839
0.298736
0.298609
0.298508
0.2984
0.298289
0.298176
0.29806
0.297944
0.297833
0.297728
0.297629
0.297537
0.297452
0.297374
0.297303
0.297239
0.297184
0.297137
0.297098
0.297067
0.297044
0.297026
0.297013
0.297005
0.297004
0.297008
0.297018
0.297034
0.297055
0.297084
0.297117
0.297155
0.297196
0.29724
0.297285
0.29733
0.297376
0.297422
0.297468
0.297513
0.297558
0.297602
0.297644
0.297685
0.297725
0.297762
0.297796
0.297828
0.297856
0.297921
0.298029
0.29814
0.29825
0.298357
0.29846
0.298558
0.298652
0.29874
0.298823
0.298892
0.298918
0.298907
0.298865
0.298791
0.298714
0.298615
0.298513
0.29842
0.298323
0.298223
0.298119
0.298014
0.297909
0.297808
0.297713
0.297624
0.297541
0.297464
0.297394
0.297331
0.297274
0.297226
0.297185
0.297152
0.297127
0.297109
0.297096
0.297088
0.297086
0.29709
0.297099
0.297114
0.297135
0.297161
0.297192
0.297228
0.297267
0.29731
0.297355
0.297401
0.297447
0.297493
0.297538
0.297583
0.297627
0.29767
0.297712
0.297753
0.297792
0.297829
0.297861
0.297892
0.29792
0.297945
0.298054
0.298166
0.29828
0.298394
0.298505
0.29861
0.298711
0.298808
0.2989
0.298986
0.299058
0.299088
0.299081
0.299044
0.298973
0.298866
0.298764
0.298658
0.298562
0.298462
0.298358
0.298251
0.298142
0.298033
0.297929
0.29783
0.297738
0.297651
0.297571
0.297497
0.297431
0.297372
0.29732
0.297277
0.297241
0.297213
0.297193
0.297177
0.297167
0.297163
0.297164
0.29717
0.297183
0.297201
0.297225
0.297254
0.297288
0.297326
0.297368
0.297412
0.297458
0.297503
0.297549
0.297594
0.29764
0.297685
0.297729
0.297772
0.297813
0.297853
0.297891
0.297927
0.297959
0.297989
0.298015
0.298079
0.298185
0.298294
0.298402
0.298507
0.298608
0.298704
0.298795
0.298881
0.298961
0.299027
0.29905
0.299036
0.298992
0.298916
0.298821
0.298717
0.29861
0.298512
0.29841
0.298305
0.298198
0.298088
0.297979
0.297874
0.297775
0.297682
0.297595
0.297514
0.297441
0.297374
0.297315
0.297263
0.29722
0.297183
0.297156
0.297136
0.29712
0.29711
0.297105
0.297106
0.297113
0.297125
0.297143
0.297166
0.297196
0.29723
0.297268
0.29731
0.297354
0.2974
0.297446
0.297491
0.297537
0.297582
0.297626
0.29767
0.297712
0.297753
0.297793
0.29783
0.297865
0.297897
0.297927
0.297953
0.298061
0.298173
0.298288
0.298402
0.298512
0.298618
0.298718
0.298815
0.298906
0.298991
0.299062
0.299092
0.299083
0.299045
0.298973
0.298883
0.298784
0.298664
0.298568
0.298465
0.298359
0.298251
0.29814
0.298029
0.297923
0.297823
0.297729
0.297641
0.297559
0.297484
0.297416
0.297356
0.297303
0.297258
0.297221
0.297192
0.29717
0.297154
0.297143
0.297137
0.297138
0.297144
0.297156
0.297173
0.297196
0.297225
0.297258
0.297296
0.297337
0.297381
0.297426
0.297471
0.297517
0.297561
0.297606
0.29765
0.297694
0.297736
0.297777
0.297817
0.297854
0.297889
0.297922
0.297951
0.297977
0.298084
0.298195
0.298308
0.298421
0.29853
0.298634
0.298734
0.298829
0.298919
0.299003
0.299072
0.2991
0.29909
0.299051
0.298979
0.298887
0.29884
0.298729
0.298618
0.298518
0.298413
0.298306
0.298196
0.298086
0.297981
0.297881
0.297787
0.297699
0.297617
0.297542
0.297474
0.297412
0.297359
0.297313
0.297275
0.297245
0.297222
0.297204
0.297192
0.297184
0.297183
0.297187
0.297197
0.297213
0.297234
0.297262
0.297294
0.29733
0.297371
0.297414
0.297457
0.297502
0.297545
0.297589
0.297633
0.297677
0.297719
0.297761
0.297801
0.29784
0.297877
0.297911
0.297943
0.297972
0.297998
0.298104
0.298214
0.298326
0.298438
0.298547
0.29865
0.29875
0.298844
0.298933
0.299017
0.299086
0.299113
0.299102
0.299062
0.298989
0.298897
0.298796
0.298674
0.298576
0.298473
0.298365
0.298255
0.298143
0.29803
0.297923
0.297821
0.297726
0.297636
0.297553
0.297477
0.297407
0.297346
0.297292
0.297246
0.297208
0.297178
0.297156
0.297139
0.297127
0.29712
0.29712
0.297125
0.297137
0.297154
0.297176
0.297206
0.297239
0.297277
0.297318
0.297363
0.297407
0.297452
0.297497
0.297542
0.297586
0.29763
0.297672
0.297714
0.297754
0.297793
0.297829
0.297863
0.297895
0.297923
0.297949
0.298056
0.298168
0.298281
0.298394
0.298503
0.298608
0.298708
0.298803
0.298892
0.298977
0.299047
0.299075
0.299066
0.299027
0.298955
0.298864
0.298763
0.298641
0.298544
0.298441
0.298335
0.298225
0.298114
0.298002
0.297895
0.297794
0.297699
0.29761
0.297528
0.297453
0.297385
0.297323
0.29727
0.297225
0.297187
0.297157
0.297135
0.297118
0.297106
0.2971
0.297099
0.297104
0.297115
0.297132
0.297154
0.297183
0.297216
0.297254
0.297295
0.297339
0.297384
0.297429
0.297475
0.297521
0.297566
0.297611
0.297655
0.297698
0.29774
0.297781
0.297819
0.297855
0.297888
0.297918
0.297946
0.298054
0.298166
0.298279
0.298393
0.298503
0.298609
0.29871
0.298806
0.298897
0.298983
0.299053
0.299082
0.299073
0.299034
0.298963
0.298872
0.298773
0.298654
0.298558
0.298456
0.29835
0.298242
0.298131
0.298019
0.297913
0.297813
0.297719
0.297631
0.297549
0.297475
0.297407
0.297346
0.297293
0.297248
0.297212
0.297183
0.297161
0.297146
0.297135
0.29713
0.29713
0.297136
0.297149
0.297167
0.297191
0.297221
0.297255
0.297293
0.297335
0.297379
0.297424
0.297469
0.297515
0.297559
0.297604
0.297647
0.29769
0.297731
0.297771
0.297809
0.297845
0.297879
0.297911
0.297939
0.297964
0.298071
0.298183
0.298296
0.298409
0.298518
0.298622
0.298722
0.298816
0.298906
0.298991
0.29906
0.299088
0.299079
0.299039
0.298967
0.298858
0.298754
0.298646
0.298548
0.298445
0.298339
0.298231
0.29812
0.298009
0.297903
0.297803
0.297708
0.29762
0.297539
0.297464
0.297397
0.297337
0.297284
0.297239
0.297202
0.297174
0.297153
0.297137
0.297127
0.297122
0.297122
0.297129
0.297141
0.297159
0.297182
0.297212
0.297247
0.297286
0.297328
0.297373
0.297419
0.297465
0.297511
0.297557
0.297603
0.297648
0.297693
0.297736
0.297778
0.297818
0.297856
0.297892
0.297925
0.297955
0.297982
0.298046
0.298153
0.298263
0.298372
0.298478
0.298579
0.298676
0.298768
0.298854
0.298936
0.299002
0.299027
0.299014
0.298972
0.298897
0.298802
0.298699
0.298594
0.298497
0.298396
0.298292
0.298186
0.298077
0.297968
0.297865
0.297766
0.297674
0.297588
0.297508
0.297435
0.29737
0.297311
0.29726
0.297217
0.297181
0.297155
0.297134
0.297119
0.297109
0.297105
0.297106
0.297113
0.297126
0.297144
0.297168
0.297199
0.297233
0.297271
0.297313
0.297357
0.297403
0.297448
0.297494
0.297539
0.297584
0.297629
0.297672
0.297714
0.297755
0.297794
0.297831
0.297866
0.297898
0.297927
0.297953
0.298062
0.298174
0.298288
0.298403
0.298513
0.298618
0.298719
0.298815
0.298906
0.298992
0.299063
0.299092
0.299083
0.299045
0.298974
0.298883
0.298784
0.298663
0.298567
0.298465
0.29836
0.298251
0.298141
0.29803
0.297924
0.297824
0.297729
0.297641
0.297559
0.297484
0.297416
0.297355
0.297302
0.297257
0.29722
0.29719
0.297169
0.297152
0.29714
0.297135
0.297134
0.29714
0.297152
0.297169
0.297192
0.297221
0.297255
0.297293
0.297334
0.297379
0.297424
0.29747
0.297516
0.297561
0.297607
0.297651
0.297695
0.297738
0.297779
0.297819
0.297856
0.297892
0.297924
0.297954
0.29798
0.298088
0.298199
0.298312
0.298425
0.298534
0.298639
0.298739
0.298834
0.298924
0.299009
0.299078
0.299106
0.299097
0.299057
0.298985
0.298894
0.298794
0.298673
0.298576
0.298472
0.298366
0.298257
0.298145
0.298033
0.297926
0.297825
0.29773
0.297641
0.297558
0.297482
0.297413
0.297353
0.297299
0.297253
0.297216
0.297186
0.297163
0.297146
0.297134
0.297127
0.297126
0.297131
0.297142
0.297158
0.297181
0.29721
0.297243
0.297281
0.297323
0.297367
0.297412
0.297458
0.297504
0.297549
0.297594
0.297638
0.297682
0.297724
0.297765
0.297805
0.297842
0.297877
0.29791
0.297939
0.297965
0.298073
0.298184
0.298298
0.298411
0.298521
0.298625
0.298726
0.298821
0.298911
0.298996
0.299066
0.299094
0.299085
0.299046
0.298973
0.298882
0.298782
0.298662
0.298565
0.298462
0.298356
0.298247
0.298135
0.298024
0.297917
0.297816
0.297722
0.297633
0.297551
0.297475
0.297407
0.297346
0.297293
0.297247
0.297209
0.29718
0.297159
0.297142
0.297131
0.297125
0.297126
0.297132
0.297144
0.297162
0.297185
0.297215
0.297249
0.297287
0.297328
0.297373
0.297418
0.297463
0.297508
0.297553
0.297597
0.297641
0.297684
0.297726
0.297766
0.297805
0.297841
0.297876
0.297908
0.297936
0.297962
0.29807
0.298181
0.298295
0.298408
0.298517
0.298622
0.298722
0.298817
0.298907
0.298992
0.299062
0.29909
0.29908
0.299042
0.29897
0.298879
0.298778
0.298657
0.29856
0.298457
0.298351
0.298241
0.29813
0.298018
0.297911
0.29781
0.297715
0.297626
0.297544
0.297468
0.2974
0.297339
0.297286
0.29724
0.297202
0.297172
0.29715
0.297133
0.297122
0.297115
0.297115
0.29712
0.297131
0.297148
0.29717
0.297199
0.297233
0.29727
0.297311
0.297355
0.2974
0.297446
0.297491
0.297536
0.297582
0.297627
0.297671
0.29779
0.297921
0.298063
0.298214
0.298374
0.298539
0.298707
0.298874
0.299041
0.299205
0.299368
0.299527
0.299682
0.299831
0.299972
0.300104
0.300227
0.300339
0.300433
0.300486
0.300501
0.300486
0.300436
0.300384
0.300311
0.300216
0.300102
0.299967
0.299812
0.299636
0.299441
0.299226
0.298996
0.29875
0.298536
0.29837
0.298212
0.298061
0.297919
0.297786
0.297664
0.297551
0.297448
0.297357
0.297276
0.297204
0.297141
0.297087
0.297042
0.297004
0.296974
0.296951
0.296937
0.296932
0.296935
0.296945
0.296963
0.296987
0.297012
0.297038
0.297066
0.297095
0.297125
0.297155
0.297186
0.297294
0.297414
0.297547
0.297689
0.297841
0.297999
0.29816
0.298322
0.298485
0.298647
0.298807
0.298964
0.299117
0.299265
0.299405
0.299536
0.299658
0.29977
0.299866
0.29992
0.299935
0.299919
0.299869
0.299826
0.29978
0.299726
0.299666
0.299599
0.299528
0.299451
0.29937
0.299288
0.299209
0.299134
0.299062
0.298995
0.298932
0.298874
0.298821
0.298774
0.298732
0.298697
0.298667
0.298644
0.298627
0.298615
0.298606
0.298602
0.298601
0.298606
0.298614
0.298627
0.298644
0.298665
0.29869
0.298717
0.298747
0.298779
0.298811
0.298842
0.298874
0.298905
0.298935
0.298963
0.298991
0.2991
0.299221
0.299354
0.299495
0.299646
0.299804
0.299964
0.300125
0.300286
0.300446
0.300604
0.300759
0.300908
0.301052
0.301188
0.301314
0.301429
0.301535
0.301622
0.301667
0.301675
0.301653
0.301596
0.301519
0.301458
0.301388
0.30131
0.301227
0.301138
0.301043
0.300944
0.300842
0.300742
0.300646
0.300554
0.300465
0.300381
0.300301
0.300226
0.300157
0.300092
0.300033
0.29998
0.299933
0.299892
0.299856
0.299825
0.299797
0.299774
0.299756
0.299743
0.299733
0.299727
0.299727
0.299734
0.299746
0.299763
0.299783
0.299804
0.299827
0.299849
0.299871
0.299893
0.299914
0.299934
0.299954
0.299973
0.299991
0.300007
0.300076
0.300204
0.300337
0.300476
0.300616
0.300758
0.300898
0.301036
0.30117
0.301297
0.301416
0.301526
0.301626
0.301716
0.301787
0.301818
0.301809
0.301771
0.301712
0.301641
0.301549
0.301451
0.301354
0.301253
0.301145
0.301034
0.300917
0.300799
0.300683
0.300572
0.300466
0.300363
0.300266
0.300173
0.300087
0.300005
0.29993
0.299862
0.299799
0.299744
0.299695
0.299652
0.299614
0.29958
0.299551
0.299526
0.299506
0.29949
0.29948
0.299475
0.299477
0.299485
0.299498
0.299515
0.299535
0.299556
0.299579
0.299601
0.299624
0.299646
0.299668
0.299689
0.299708
0.299727
0.299745
0.299817
0.299951
0.300092
0.300237
0.300385
0.300534
0.300682
0.300826
0.300967
0.3011
0.301224
0.301339
0.301444
0.301539
0.301615
0.301649
0.301646
0.301613
0.301546
0.301475
0.301382
0.301296
0.301202
0.301102
0.300997
0.300887
0.300773
0.300656
0.300542
0.300433
0.300328
0.300227
0.300132
0.300041
0.299957
0.299878
0.299805
0.299738
0.299678
0.299625
0.299578
0.299537
0.2995
0.299468
0.299441
0.299418
0.2994
0.299387
0.299378
0.299376
0.299381
0.299391
0.299407
0.299428
0.299451
0.299476
0.299501
0.299527
0.299552
0.299577
0.299601
0.299625
0.299648
0.299669
0.299689
0.299762
0.299894
0.300033
0.300177
0.300324
0.300471
0.300618
0.300763
0.300902
0.301036
0.30116
0.301276
0.301383
0.301479
0.301562
0.301603
0.301606
0.30158
0.301531
0.301469
0.301385
0.301282
0.301191
0.301092
0.300987
0.300878
0.300764
0.300648
0.300535
0.300426
0.300321
0.300221
0.300126
0.300036
0.299951
0.299872
0.299799
0.299732
0.299672
0.299619
0.299572
0.299529
0.299492
0.299459
0.299431
0.299408
0.29939
0.299377
0.299368
0.299367
0.299371
0.299382
0.299398
0.299418
0.299441
0.299466
0.299491
0.299517
0.299542
0.299567
0.299591
0.299615
0.299637
0.299659
0.299679
0.299753
0.299889
0.300031
0.300178
0.300328
0.300478
0.300627
0.300774
0.300915
0.30105
0.301176
0.301293
0.301399
0.301496
0.301574
0.30161
0.301608
0.301576
0.301511
0.301441
0.301349
0.301264
0.301171
0.301072
0.300968
0.300858
0.300745
0.300629
0.300516
0.300408
0.300304
0.300204
0.300109
0.30002
0.299936
0.299858
0.299786
0.29972
0.29966
0.299608
0.299563
0.299521
0.299485
0.299454
0.299427
0.299406
0.29939
0.299378
0.299371
0.299372
0.299379
0.299392
0.299411
0.299434
0.299459
0.299485
0.299511
0.299537
0.299563
0.299588
0.299613
0.299637
0.29966
0.299683
0.299704
0.299778
0.299911
0.300052
0.300197
0.300345
0.300493
0.300641
0.300786
0.300927
0.30106
0.301185
0.301301
0.301407
0.301503
0.301581
0.301616
0.301613
0.301585
0.301541
0.301477
0.301393
0.301289
0.301197
0.301098
0.300993
0.300883
0.300768
0.300652
0.300539
0.30043
0.300325
0.300225
0.300129
0.300039
0.299954
0.299875
0.299802
0.299736
0.299675
0.299622
0.299576
0.299533
0.299496
0.299459
0.299431
0.299408
0.29939
0.299377
0.299368
0.299367
0.299372
0.299383
0.2994
0.299422
0.299446
0.299472
0.299499
0.299526
0.299552
0.299578
0.299603
0.299628
0.299651
0.299674
0.299695
0.299769
0.299904
0.300046
0.300192
0.300341
0.300491
0.30064
0.300786
0.300927
0.301061
0.301186
0.301302
0.301408
0.301504
0.301582
0.301617
0.301615
0.301582
0.301528
0.30146
0.301371
0.301289
0.301199
0.301103
0.301001
0.300895
0.300784
0.300671
0.300562
0.300456
0.300354
0.300256
0.300164
0.300076
0.299994
0.299917
0.299847
0.299782
0.299724
0.299673
0.299629
0.29959
0.299555
0.299525
0.2995
0.299481
0.299466
0.299456
0.299451
0.299453
0.299462
0.299477
0.299497
0.299522
0.299548
0.299574
0.299601
0.299628
0.299655
0.299681
0.299706
0.299729
0.299753
0.299775
0.299795
0.299868
0.300002
0.300142
0.300287
0.300434
0.300582
0.300729
0.300874
0.301014
0.301146
0.301271
0.301386
0.301491
0.301587
0.301664
0.301697
0.301694
0.30166
0.301605
0.301536
0.301446
0.301349
0.301256
0.301156
0.301051
0.300942
0.300828
0.300711
0.300599
0.30049
0.300385
0.300284
0.300189
0.300099
0.300014
0.299935
0.299862
0.299795
0.299735
0.299682
0.299636
0.299593
0.299555
0.299522
0.299495
0.299472
0.299455
0.299442
0.299434
0.299434
0.299439
0.299451
0.299469
0.299491
0.299515
0.299541
0.299569
0.299596
0.299624
0.299652
0.299678
0.299704
0.299729
0.299754
0.299777
0.299852
0.299988
0.300131
0.300278
0.300428
0.300579
0.300728
0.300875
0.301017
0.301153
0.30128
0.301397
0.301505
0.301602
0.30168
0.301717
0.301714
0.301682
0.301628
0.301561
0.301473
0.301378
0.301286
0.301188
0.301084
0.300976
0.300863
0.300748
0.300636
0.300528
0.300424
0.300325
0.30023
0.300141
0.300057
0.299978
0.299906
0.29984
0.29978
0.299727
0.299681
0.29964
0.299604
0.299574
0.299548
0.299527
0.299511
0.2995
0.299494
0.299494
0.299502
0.299515
0.299534
0.299558
0.299583
0.29961
0.299636
0.299663
0.299689
0.299714
0.299738
0.299762
0.299784
0.299806
0.299826
0.299899
0.300033
0.300174
0.300319
0.300467
0.300615
0.300763
0.300907
0.301047
0.30118
0.301304
0.301418
0.301523
0.301618
0.301694
0.301727
0.301723
0.301689
0.301633
0.301563
0.301472
0.301388
0.301295
0.301197
0.301094
0.300986
0.300874
0.300759
0.300647
0.300539
0.300436
0.300337
0.300242
0.300153
0.300069
0.299991
0.299919
0.299853
0.299794
0.299742
0.299695
0.299653
0.299616
0.299584
0.299556
0.299534
0.299517
0.299505
0.299498
0.299498
0.299504
0.299517
0.299534
0.299556
0.29958
0.299607
0.299633
0.299661
0.299688
0.299714
0.29974
0.299765
0.299789
0.299813
0.299835
0.299909
0.300044
0.300185
0.300331
0.300479
0.300628
0.300776
0.300922
0.301062
0.301196
0.301322
0.301438
0.301544
0.30164
0.301717
0.301752
0.301748
0.301715
0.30166
0.301592
0.301504
0.301409
0.301316
0.301217
0.301113
0.301004
0.30089
0.300774
0.300661
0.300553
0.300448
0.300348
0.300253
0.300163
0.300078
0.299999
0.299926
0.299859
0.299799
0.299746
0.299699
0.299658
0.299621
0.29959
0.299564
0.299543
0.299526
0.299513
0.299506
0.299506
0.299512
0.299524
0.299542
0.299564
0.299588
0.299614
0.29964
0.299666
0.299692
0.299717
0.299742
0.299765
0.299788
0.29981
0.299831
0.299905
0.30004
0.300182
0.300329
0.300478
0.300628
0.300777
0.300922
0.301063
0.301198
0.301322
0.301438
0.301544
0.301639
0.301716
0.30175
0.301746
0.301713
0.301647
0.301576
0.301482
0.301396
0.301301
0.3012
0.301094
0.300983
0.300868
0.300751
0.300637
0.300526
0.300421
0.300319
0.300223
0.300132
0.300046
0.299966
0.299893
0.299826
0.299765
0.299712
0.299665
0.299623
0.299585
0.299552
0.299525
0.299502
0.299485
0.299471
0.299464
0.299463
0.299469
0.299481
0.299499
0.29952
0.299545
0.299571
0.299597
0.299624
0.29965
0.299676
0.299702
0.299726
0.29975
0.299774
0.299796
0.29987
0.300004
0.300146
0.300291
0.30044
0.300589
0.300736
0.300881
0.301022
0.301155
0.301279
0.301394
0.301499
0.301594
0.301671
0.301705
0.301701
0.301667
0.301621
0.301554
0.301466
0.301372
0.301281
0.301183
0.30108
0.300973
0.30086
0.300746
0.300634
0.300527
0.300423
0.300325
0.300231
0.300142
0.300059
0.299981
0.299909
0.299843
0.299784
0.299731
0.299685
0.299645
0.299608
0.299577
0.29955
0.299528
0.299512
0.299499
0.299491
0.299491
0.299497
0.299509
0.299527
0.299549
0.299573
0.299599
0.299625
0.299652
0.299678
0.299704
0.299729
0.299753
0.299777
0.2998
0.299821
0.299896
0.300032
0.300174
0.300321
0.300471
0.300621
0.30077
0.300911
0.301052
0.301184
0.301307
0.30142
0.301524
0.301617
0.301692
0.301724
0.301719
0.301684
0.301627
0.301557
0.301466
0.301381
0.301288
0.30119
0.301086
0.300978
0.300865
0.30075
0.300638
0.30053
0.300426
0.300327
0.300232
0.300143
0.300059
0.299981
0.299909
0.299843
0.299783
0.299731
0.299685
0.299643
0.299607
0.299575
0.299548
0.299526
0.29951
0.299498
0.299491
0.299491
0.299498
0.299511
0.299529
0.299552
0.299577
0.299603
0.299629
0.299655
0.299681
0.299707
0.299731
0.299755
0.299778
0.2998
0.29982
0.299893
0.300027
0.300167
0.300312
0.300456
0.300603
0.30075
0.300893
0.301032
0.301165
0.301289
0.301403
0.301507
0.301601
0.301677
0.30171
0.301705
0.30167
0.301614
0.301545
0.301455
0.301358
0.301264
0.301164
0.301058
0.300949
0.300834
0.300717
0.300604
0.300494
0.300389
0.300289
0.300193
0.300102
0.300017
0.299938
0.299865
0.299798
0.299738
0.299684
0.299638
0.299596
0.299559
0.299527
0.2995
0.299478
0.29946
0.299447
0.299439
0.299438
0.299444
0.299456
0.299474
0.299496
0.29952
0.299546
0.299573
0.299601
0.299628
0.299655
0.299681
0.299706
0.29973
0.299753
0.299774
0.299849
0.299984
0.300126
0.300273
0.300422
0.300572
0.300721
0.300867
0.301008
0.301142
0.301267
0.301383
0.301489
0.301585
0.301663
0.301698
0.301695
0.301662
0.301607
0.301539
0.30145
0.301355
0.301262
0.301164
0.301061
0.300952
0.300839
0.300723
0.300611
0.300503
0.300399
0.3003
0.300205
0.300115
0.300031
0.299952
0.29988
0.299814
0.299754
0.299702
0.299655
0.299614
0.299578
0.299547
0.299522
0.299501
0.299485
0.299474
0.299468
0.299468
0.299476
0.299489
0.299508
0.299531
0.299557
0.299584
0.299611
0.299637
0.299663
0.299689
0.299713
0.299737
0.29976
0.299783
0.299803
0.299877
0.300011
0.300153
0.300298
0.300447
0.300596
0.300744
0.300889
0.301029
0.301162
0.301286
0.301401
0.301506
0.301601
0.301677
0.301711
0.301707
0.301673
0.301618
0.301549
0.301459
0.301363
0.301269
0.30117
0.301065
0.300956
0.300842
0.300725
0.300613
0.300504
0.300399
0.300299
0.300204
0.300114
0.300029
0.29995
0.299876
0.29981
0.29975
0.299697
0.299651
0.299609
0.299572
0.299539
0.299512
0.29949
0.299472
0.29946
0.299452
0.299452
0.299458
0.29947
0.299488
0.29951
0.299534
0.29956
0.299587
0.299614
0.299641
0.299667
0.299693
0.299718
0.299743
0.299767
0.299789
0.299864
0.299999
0.300141
0.300287
0.300436
0.300585
0.300734
0.30088
0.301021
0.301155
0.30128
0.301396
0.301503
0.301599
0.301676
0.301712
0.301709
0.301676
0.301622
0.301554
0.301466
0.301371
0.301278
0.30118
0.301076
0.300968
0.300855
0.300739
0.300628
0.30052
0.300416
0.300317
0.300222
0.300132
0.300048
0.299969
0.299897
0.299831
0.299771
0.299719
0.299672
0.299631
0.299594
0.299563
0.299537
0.299516
0.299499
0.299486
0.299479
0.299479
0.299486
0.299499
0.299517
0.29954
0.299565
0.299591
0.299617
0.299643
0.299669
0.299694
0.299718
0.299742
0.299765
0.299786
0.299807
0.29988
0.300015
0.300156
0.300302
0.300451
0.3006
0.300748
0.300893
0.301033
0.301167
0.301291
0.301407
0.301512
0.301607
0.301683
0.301717
0.301714
0.30168
0.301625
0.301556
0.301466
0.301382
0.30129
0.301193
0.30109
0.300983
0.300871
0.300756
0.300645
0.300538
0.300434
0.300335
0.300242
0.300153
0.30007
0.299992
0.29992
0.299855
0.299797
0.299745
0.299699
0.299659
0.299623
0.299591
0.299565
0.299543
0.299527
0.299515
0.299508
0.299508
0.299515
0.299528
0.299546
0.299568
0.299593
0.299619
0.299647
0.299671
0.299698
0.299723
0.299748
0.299772
0.299795
0.299817
0.299838
0.299911
0.300044
0.300184
0.300329
0.300476
0.300624
0.300772
0.300916
0.301056
0.301189
0.301314
0.30143
0.301535
0.301631
0.301708
0.301742
0.301738
0.301704
0.301658
0.30159
0.301503
0.301409
0.301317
0.30122
0.301116
0.301008
0.300896
0.300781
0.300669
0.300561
0.300457
0.300358
0.300264
0.300175
0.300091
0.300012
0.29994
0.299874
0.299814
0.299761
0.299715
0.299673
0.299635
0.299603
0.299577
0.299555
0.299537
0.299524
0.299516
0.299515
0.29952
0.299532
0.299549
0.299571
0.299594
0.29962
0.299646
0.299671
0.299697
0.299718
0.299742
0.299765
0.299786
0.299807
0.299827
0.2999
0.300033
0.300174
0.300319
0.300467
0.300616
0.300763
0.300907
0.301047
0.301179
0.301303
0.301417
0.301521
0.301615
0.301691
0.301724
0.30172
0.301685
0.301629
0.30156
0.301469
0.301385
0.301292
0.301195
0.301092
0.300984
0.300871
0.300757
0.300646
0.300538
0.300435
0.300336
0.300242
0.300153
0.30007
0.299992
0.29992
0.299855
0.299796
0.299744
0.299698
0.299657
0.299621
0.299589
0.299563
0.299541
0.299525
0.299512
0.299506
0.299506
0.299513
0.299526
0.299544
0.299566
0.299591
0.299618
0.299644
0.299671
0.299697
0.299723
0.299748
0.299773
0.299797
0.299816
0.299836
0.299908
0.300041
0.300181
0.300325
0.300472
0.30062
0.300767
0.300912
0.301051
0.301184
0.301307
0.301422
0.301527
0.301623
0.301699
0.301733
0.301729
0.301695
0.301649
0.301582
0.301494
0.3014
0.301308
0.30121
0.301106
0.300998
0.300885
0.30077
0.300658
0.30055
0.300446
0.300347
0.300253
0.300163
0.30008
0.300001
0.299929
0.299863
0.299803
0.29975
0.299703
0.299662
0.299625
0.299593
0.299566
0.299544
0.299527
0.299514
0.299506
0.299504
0.29951
0.299522
0.299539
0.299561
0.299585
0.299611
0.299638
0.299664
0.29969
0.299759
0.299883
0.300022
0.300176
0.300341
0.300519
0.300709
0.300906
0.301105
0.301305
0.301501
0.3017
0.301895
0.302087
0.302273
0.302452
0.302622
0.30278
0.302927
0.30306
0.303174
0.303245
0.303278
0.303285
0.303275
0.303244
0.303208
0.303161
0.303104
0.303038
0.302964
0.302881
0.302788
0.302693
0.302599
0.302507
0.302417
0.30233
0.302246
0.302164
0.302087
0.302013
0.301944
0.301879
0.301818
0.301762
0.301711
0.301664
0.301622
0.301583
0.301548
0.301516
0.301488
0.301463
0.301443
0.301428
0.301419
0.301414
0.301414
0.301417
0.301422
0.301428
0.301435
0.301443
0.301451
0.301458
0.301561
0.30168
0.301813
0.30196
0.302119
0.302288
0.302467
0.302648
0.302831
0.303014
0.303196
0.303376
0.303552
0.303722
0.303885
0.304038
0.304179
0.304307
0.304422
0.304518
0.30457
0.304586
0.304574
0.304529
0.304484
0.304427
0.30436
0.304283
0.304197
0.304103
0.304001
0.303892
0.303779
0.303667
0.303557
0.303449
0.303343
0.30324
0.30314
0.303043
0.30295
0.302861
0.302776
0.302695
0.30262
0.302549
0.302482
0.302421
0.302364
0.302311
0.302262
0.302217
0.302175
0.302137
0.302107
0.302084
0.302068
0.302056
0.30205
0.302046
0.302045
0.302045
0.302046
0.302048
0.30205
0.302052
0.302053
0.302053
0.302113
0.302244
0.302391
0.302549
0.302713
0.302881
0.30305
0.303221
0.303389
0.303555
0.303715
0.303867
0.304009
0.30414
0.304258
0.304378
0.304478
0.304535
0.304554
0.304544
0.304501
0.304436
0.304359
0.304269
0.304175
0.304072
0.303961
0.303843
0.303718
0.303588
0.30346
0.303334
0.303212
0.303092
0.302976
0.302864
0.302756
0.302652
0.302553
0.302458
0.302369
0.302286
0.302208
0.302135
0.302067
0.302004
0.301944
0.301889
0.301839
0.301793
0.301752
0.30172
0.301695
0.301676
0.301664
0.301657
0.301653
0.301651
0.30165
0.301652
0.301654
0.301657
0.301659
0.301661
0.301663
0.301725
0.301859
0.302009
0.302171
0.302339
0.302512
0.302688
0.302864
0.303038
0.30321
0.303376
0.303534
0.303684
0.30382
0.303945
0.304057
0.304154
0.304208
0.304224
0.30421
0.304174
0.304122
0.304054
0.30398
0.303897
0.303807
0.303709
0.303603
0.303491
0.303375
0.30326
0.303147
0.303036
0.302929
0.302824
0.302723
0.302625
0.302532
0.302443
0.302359
0.30228
0.302206
0.302137
0.302074
0.302015
0.301959
0.301907
0.30186
0.301816
0.301776
0.301742
0.301715
0.301696
0.301683
0.301676
0.301674
0.301675
0.301678
0.301683
0.301689
0.301696
0.301703
0.301711
0.301717
0.301722
0.301788
0.301925
0.302078
0.302243
0.302414
0.302589
0.302767
0.302946
0.303123
0.303297
0.303466
0.303628
0.30378
0.303919
0.304047
0.304175
0.304283
0.304348
0.304375
0.304372
0.304337
0.304278
0.304207
0.304123
0.304035
0.303939
0.303833
0.303721
0.303601
0.303476
0.303354
0.303234
0.303116
0.303001
0.30289
0.302783
0.302679
0.30258
0.302485
0.302395
0.30231
0.302231
0.302158
0.302089
0.302025
0.301964
0.301907
0.301855
0.301807
0.301762
0.301724
0.301693
0.30167
0.301653
0.301643
0.301638
0.301636
0.301637
0.301639
0.301643
0.301648
0.301653
0.301658
0.301662
0.301665
0.301729
0.301864
0.302015
0.302178
0.302347
0.302521
0.302697
0.302875
0.303052
0.303226
0.303395
0.303556
0.303708
0.303849
0.303977
0.304093
0.304193
0.30425
0.304269
0.304257
0.304222
0.304171
0.304099
0.304024
0.30394
0.303848
0.303747
0.303639
0.303525
0.303406
0.303288
0.303173
0.303061
0.302951
0.302845
0.302742
0.302642
0.302548
0.302457
0.302372
0.302291
0.302216
0.302146
0.302081
0.302022
0.301966
0.301914
0.301866
0.301822
0.301783
0.301748
0.301722
0.301703
0.301691
0.301685
0.301684
0.301686
0.30169
0.301695
0.301702
0.30171
0.301718
0.301725
0.301732
0.301738
0.301862
0.302062
0.302279
0.302511
0.30275
0.302995
0.303243
0.303492
0.30374
0.303985
0.304224
0.304453
0.30467
0.304872
0.305059
0.305231
0.30538
0.305486
0.305553
0.30559
0.305593
0.305579
0.305545
0.305501
0.305446
0.30538
0.305303
0.305216
0.305118
0.305013
0.304907
0.304801
0.304697
0.304593
0.30449
0.304389
0.304291
0.304195
0.304102
0.304012
0.303925
0.303843
0.303764
0.30369
0.30362
0.303554
0.303491
0.303434
0.30338
0.303331
0.303287
0.303252
0.303224
0.303203
0.303188
0.303179
0.303172
0.303167
0.303164
0.303162
0.30316
0.303159
0.303157
0.303154
0.303149
0.303264
0.303455
0.303664
0.303886
0.304116
0.30435
0.304588
0.304827
0.305065
0.305299
0.305527
0.305745
0.305951
0.306143
0.306321
0.306485
0.306626
0.306724
0.306782
0.306809
0.306804
0.306782
0.306733
0.306669
0.306599
0.306517
0.306424
0.30632
0.306205
0.306083
0.305961
0.30584
0.305719
0.305599
0.305481
0.305365
0.305251
0.305139
0.305031
0.304926
0.304824
0.304726
0.304633
0.304544
0.30446
0.304381
0.304308
0.30424
0.304177
0.304118
0.304065
0.304021
0.303985
0.303957
0.303935
0.303919
0.303907
0.303896
0.303887
0.303879
0.303872
0.303865
0.303857
0.303848
0.303838
0.303952
0.30408
0.304222
0.304375
0.304533
0.304735
0.304979
0.305226
0.305474
0.30572
0.30596
0.306192
0.306412
0.306619
0.306812
0.306988
0.307143
0.307252
0.307322
0.307364
0.307373
0.307347
0.307281
0.307201
0.307122
0.307029
0.306925
0.30681
0.306684
0.30655
0.306417
0.306284
0.306152
0.306022
0.305893
0.305767
0.305644
0.305523
0.305405
0.305291
0.305178
0.305072
0.30497
0.304872
0.30478
0.304692
0.304611
0.304534
0.304462
0.304396
0.304336
0.304287
0.304246
0.304214
0.304188
0.304168
0.304151
0.304136
0.304123
0.304111
0.3041
0.304089
0.304077
0.304064
0.30405
0.304094
0.304207
0.304335
0.304474
0.304619
0.304851
0.305088
0.305329
0.30557
0.30581
0.306044
0.30627
0.306485
0.306688
0.306877
0.307052
0.307205
0.307313
0.307381
0.307421
0.307428
0.307398
0.307329
0.307252
0.307171
0.307077
0.306972
0.306854
0.306727
0.306591
0.306455
0.306321
0.306187
0.306054
0.305924
0.305795
0.305669
0.305547
0.305427
0.30531
0.305198
0.305091
0.304988
0.30489
0.304797
0.304709
0.304627
0.30455
0.304477
0.30441
0.30435
0.3043
0.304258
0.304224
0.304197
0.304175
0.304157
0.30414
0.304126
0.304112
0.3041
0.304087
0.304074
0.30406
0.304044
0.304152
0.304273
0.304409
0.304556
0.304707
0.304904
0.305144
0.305388
0.305633
0.305875
0.306112
0.30634
0.306557
0.306761
0.306952
0.307128
0.307282
0.307391
0.307461
0.307502
0.30751
0.307482
0.307415
0.307336
0.307256
0.307159
0.307051
0.306932
0.306802
0.306664
0.306526
0.306389
0.306253
0.306119
0.305986
0.305855
0.305728
0.305603
0.305481
0.305363
0.305249
0.305139
0.305034
0.304933
0.304838
0.304748
0.304663
0.304584
0.304509
0.30444
0.304378
0.304326
0.304284
0.30425
0.304222
0.3042
0.304181
0.304165
0.30415
0.304137
0.304124
0.304112
0.304096
0.304081
0.304065
0.304108
0.30422
0.304348
0.304487
0.30463
0.304819
0.305052
0.305288
0.305525
0.30576
0.30599
0.306211
0.306421
0.306618
0.306802
0.306972
0.307121
0.307224
0.307288
0.307324
0.307326
0.307292
0.307227
0.307163
0.307083
0.306992
0.306889
0.306775
0.306651
0.306519
0.306386
0.306254
0.306124
0.305995
0.305867
0.305742
0.305619
0.305499
0.305381
0.305267
0.305157
0.305051
0.30495
0.304852
0.30476
0.304673
0.304591
0.304514
0.304443
0.304376
0.304316
0.304266
0.304225
0.304192
0.304163
0.30414
0.30412
0.304103
0.304088
0.304075
0.304063
0.304051
0.304038
0.304026
0.304011
0.304119
0.304241
0.304377
0.304523
0.304675
0.304872
0.305114
0.305359
0.305604
0.305848
0.306086
0.306315
0.306533
0.306738
0.306929
0.307106
0.307261
0.307372
0.307442
0.307484
0.307493
0.307466
0.3074
0.307324
0.307244
0.307149
0.307042
0.306924
0.306795
0.306658
0.306521
0.306384
0.306248
0.306114
0.305981
0.305851
0.305724
0.305599
0.305477
0.305359
0.305244
0.305133
0.305027
0.304925
0.304829
0.304738
0.304653
0.304573
0.304499
0.30443
0.304368
0.304315
0.304272
0.304236
0.304207
0.304183
0.304161
0.304143
0.304126
0.30411
0.304095
0.304081
0.304066
0.30405
0.304033
0.304141
0.304263
0.304399
0.304545
0.304697
0.304892
0.305131
0.305373
0.305616
0.305857
0.306092
0.306318
0.306534
0.306736
0.306924
0.307098
0.30725
0.307357
0.307425
0.307464
0.30747
0.30744
0.307371
0.307291
0.307209
0.307112
0.307002
0.306881
0.30675
0.30661
0.306471
0.306333
0.306195
0.30606
0.305926
0.305795
0.305666
0.30554
0.305418
0.305298
0.305184
0.305073
0.304967
0.304865
0.304769
0.304677
0.304591
0.30451
0.304434
0.304364
0.3043
0.304246
0.304203
0.304166
0.304137
0.304113
0.304092
0.304075
0.304059
0.304045
0.304032
0.304019
0.304006
0.303993
0.303978
0.304023
0.304138
0.304268
0.304409
0.304555
0.304747
0.304983
0.305223
0.305464
0.305702
0.305935
0.306159
0.306373
0.306573
0.30676
0.306933
0.307083
0.307189
0.307255
0.307293
0.307298
0.307267
0.307216
0.307155
0.307082
0.306997
0.306899
0.306791
0.306672
0.306546
0.306419
0.306292
0.306166
0.306041
0.305917
0.305796
0.305676
0.30556
0.305445
0.305334
0.305226
0.305123
0.305023
0.304927
0.304836
0.30475
0.30467
0.304594
0.304524
0.304459
0.304399
0.30435
0.304309
0.304274
0.304245
0.30422
0.304198
0.304178
0.30416
0.304143
0.304127
0.304111
0.304096
0.304079
0.304061
0.304168
0.304289
0.304424
0.304569
0.304718
0.304911
0.305149
0.305389
0.305631
0.305871
0.306105
0.306331
0.306542
0.306743
0.30693
0.307103
0.307253
0.307358
0.307423
0.307461
0.307465
0.307434
0.307364
0.307284
0.3072
0.307101
0.306991
0.306869
0.306737
0.306597
0.306457
0.306318
0.306179
0.306042
0.305907
0.305775
0.305645
0.305518
0.305394
0.305274
0.305157
0.305045
0.304937
0.304834
0.304736
0.304642
0.304554
0.304472
0.304395
0.304323
0.304258
0.304202
0.304156
0.304117
0.304085
0.304057
0.304033
0.304011
0.303991
0.303972
0.303954
0.303937
0.30392
0.303903
0.303885
0.303928
0.304041
0.304168
0.304305
0.304448
0.304635
0.304867
0.305103
0.30534
0.305575
0.305804
0.306025
0.306235
0.306433
0.306617
0.306788
0.306937
0.30704
0.307103
0.307139
0.307142
0.307108
0.307052
0.306989
0.306914
0.306826
0.306727
0.306617
0.306496
0.306368
0.306239
0.306111
0.305984
0.305858
0.305734
0.305611
0.30549
0.305373
0.305257
0.305146
0.305037
0.304932
0.304832
0.304735
0.304643
0.304556
0.304474
0.304398
0.304326
0.30426
0.3042
0.304149
0.304107
0.304071
0.304041
0.304015
0.303992
0.303972
0.303953
0.303936
0.303919
0.303903
0.303886
0.303869
0.303851
0.303958
0.304078
0.304213
0.304357
0.304507
0.3047
0.304938
0.30518
0.305423
0.305663
0.305899
0.306125
0.306341
0.306544
0.306733
0.306909
0.307062
0.30717
0.307238
0.307279
0.307286
0.307258
0.307202
0.307128
0.307051
0.306959
0.306856
0.306741
0.306615
0.306482
0.306346
0.306212
0.306078
0.305946
0.305815
0.305685
0.305559
0.305435
0.305314
0.305196
0.305082
0.304971
0.304865
0.304763
0.304666
0.304574
0.304487
0.304406
0.304331
0.30426
0.304194
0.304138
0.304091
0.304051
0.304018
0.303989
0.303964
0.303941
0.30392
0.3039
0.303881
0.303863
0.303845
0.303826
0.303806
0.303847
0.303958
0.304085
0.304223
0.304365
0.304593
0.304826
0.305064
0.305302
0.305539
0.305771
0.305994
0.306207
0.306407
0.306593
0.306767
0.306918
0.307023
0.307089
0.307127
0.307133
0.307102
0.307038
0.306961
0.306882
0.306791
0.306688
0.306574
0.30645
0.306318
0.306186
0.306055
0.305924
0.305795
0.305667
0.305542
0.305418
0.305298
0.30518
0.305066
0.304955
0.304848
0.304745
0.304647
0.304554
0.304464
0.304381
0.304302
0.304229
0.30416
0.304097
0.304043
0.303997
0.30396
0.303928
0.303901
0.303877
0.303856
0.303836
0.303818
0.303802
0.303785
0.303769
0.303752
0.303734
0.303776
0.30389
0.304018
0.304158
0.304302
0.304533
0.304769
0.305009
0.30525
0.305489
0.305723
0.305949
0.306164
0.306367
0.306556
0.306731
0.306882
0.306989
0.307057
0.307096
0.307103
0.307073
0.307008
0.306947
0.30687
0.306781
0.306681
0.306569
0.306447
0.306317
0.306187
0.306057
0.305928
0.305801
0.305675
0.30555
0.305428
0.305309
0.305192
0.305079
0.304969
0.304862
0.30476
0.304662
0.304569
0.30448
0.304397
0.304319
0.304245
0.304176
0.304114
0.30406
0.304015
0.303978
0.303946
0.30392
0.303896
0.303875
0.303856
0.303838
0.303822
0.303805
0.303789
0.303772
0.303754
0.303796
0.30391
0.304038
0.304176
0.30432
0.304549
0.304784
0.305022
0.305262
0.305499
0.305732
0.305954
0.306167
0.306368
0.306556
0.30673
0.306881
0.306988
0.307054
0.307094
0.3071
0.30707
0.307006
0.306945
0.306868
0.30678
0.30668
0.306568
0.306446
0.306317
0.306187
0.306058
0.30593
0.305802
0.305676
0.305552
0.30543
0.305311
0.305195
0.305081
0.304971
0.304865
0.304763
0.304665
0.304572
0.304481
0.304396
0.304316
0.304241
0.30417
0.304106
0.304051
0.304004
0.303964
0.303931
0.303903
0.303878
0.303855
0.303835
0.303816
0.303798
0.303781
0.303763
0.303746
0.303727
0.303769
0.303881
0.304008
0.304146
0.304289
0.304519
0.304754
0.304992
0.305232
0.30547
0.305704
0.305929
0.306143
0.306344
0.306532
0.306707
0.30686
0.306966
0.307034
0.307074
0.307081
0.307051
0.306987
0.306926
0.306849
0.306761
0.306661
0.30655
0.306429
0.306299
0.306169
0.30604
0.305912
0.305784
0.305659
0.305535
0.305414
0.305295
0.305178
0.305065
0.304956
0.30485
0.304747
0.30465
0.304557
0.304468
0.304385
0.304307
0.304234
0.304166
0.304103
0.30405
0.304006
0.303968
0.303936
0.30391
0.303886
0.303865
0.303846
0.303828
0.303812
0.303796
0.303779
0.303763
0.303745
0.303787
0.303901
0.304029
0.304168
0.304311
0.304541
0.304777
0.305016
0.305256
0.305494
0.305727
0.305953
0.306167
0.306368
0.306556
0.306731
0.306883
0.30699
0.307058
0.307097
0.307104
0.307075
0.30701
0.306949
0.306873
0.306785
0.306685
0.306573
0.306451
0.306321
0.306191
0.306062
0.305934
0.305806
0.30568
0.305555
0.305434
0.305315
0.305198
0.305084
0.304974
0.304868
0.304766
0.304667
0.304574
0.304486
0.304402
0.304324
0.304251
0.304182
0.30412
0.304067
0.304022
0.303985
0.303953
0.303927
0.303903
0.303882
0.303863
0.303845
0.303828
0.303812
0.303795
0.303778
0.30376
0.303803
0.303916
0.304044
0.304182
0.304325
0.304556
0.304791
0.305028
0.305268
0.305507
0.30574
0.305965
0.306179
0.30638
0.306568
0.306743
0.306895
0.307002
0.307069
0.307108
0.307114
0.307084
0.307018
0.306957
0.306879
0.306789
0.306688
0.306576
0.306452
0.306321
0.30619
0.306059
0.305929
0.3058
0.305672
0.305546
0.305423
0.305303
0.305185
0.305071
0.304959
0.304852
0.304749
0.304649
0.304554
0.304465
0.304381
0.304302
0.304228
0.304161
0.304099
0.304046
0.304002
0.303964
0.303933
0.303907
0.303883
0.303862
0.303843
0.303825
0.303809
0.303792
0.303776
0.303759
0.303742
0.303786
0.3039
0.304029
0.304169
0.304313
0.304544
0.304781
0.305021
0.305262
0.305501
0.305736
0.305962
0.306177
0.306379
0.306568
0.306743
0.306896
0.307004
0.307072
0.307112
0.307119
0.30709
0.307025
0.306964
0.306887
0.306798
0.306697
0.306585
0.306462
0.306332
0.306201
0.306071
0.305941
0.305813
0.305686
0.305561
0.305438
0.305317
0.3052
0.305085
0.304974
0.304868
0.304765
0.304666
0.304573
0.304484
0.304401
0.304323
0.304251
0.304184
0.304123
0.304072
0.304028
0.303991
0.303961
0.303935
0.303912
0.303891
0.303872
0.303855
0.303839
0.303823
0.303808
0.303792
0.303775
0.303821
0.303937
0.304067
0.304208
0.304354
0.304586
0.304823
0.305064
0.305306
0.305546
0.305781
0.306007
0.306223
0.306425
0.306614
0.30679
0.306943
0.30705
0.307119
0.307159
0.307166
0.307137
0.307074
0.306997
0.30692
0.30683
0.306727
0.306614
0.30649
0.306358
0.306226
0.306095
0.305964
0.305835
0.305708
0.305582
0.305459
0.305339
0.305221
0.305107
0.304996
0.304889
0.304787
0.304689
0.304595
0.304507
0.304424
0.304347
0.304275
0.304208
0.304148
0.304097
0.304054
0.304019
0.303991
0.303967
0.303946
0.303928
0.303911
0.303896
0.303882
0.303869
0.303855
0.303841
0.303826
0.303872
0.303989
0.30412
0.304263
0.30441
0.304644
0.304882
0.305124
0.305367
0.305608
0.305844
0.306072
0.306288
0.306491
0.306681
0.306857
0.307011
0.307119
0.307188
0.307229
0.307237
0.307208
0.307145
0.307069
0.306992
0.306901
0.306799
0.306685
0.306561
0.306429
0.306296
0.306165
0.306033
0.305903
0.305775
0.305649
0.305525
0.305405
0.305286
0.305172
0.30506
0.304953
0.30485
0.304752
0.304658
0.30457
0.304487
0.304409
0.304337
0.304269
0.304208
0.304158
0.304115
0.30408
0.304052
0.304028
0.304007
0.303988
0.303972
0.303956
0.303942
0.303928
0.303914
0.3039
0.303884
0.303993
0.304116
0.304254
0.304402
0.304554
0.304752
0.304992
0.305236
0.305481
0.305724
0.305962
0.306189
0.306406
0.306611
0.306801
0.306978
0.307131
0.30724
0.307309
0.30735
0.307358
0.30733
0.307274
0.307199
0.30711
0.307016
0.306909
0.306791
0.306663
0.306526
0.30639
0.306254
0.306119
0.305985
0.305853
0.305723
0.305595
0.305471
0.30535
0.305232
0.305118
0.305008
0.304902
0.304801
0.304705
0.304615
0.304529
0.30445
0.304375
0.304306
0.304244
0.304191
0.304147
0.304112
0.304083
0.304059
0.304038
0.30402
0.304004
0.30399
0.303976
0.303963
0.30395
0.303936
0.303921
0.303966
0.304082
0.304213
0.304355
0.304502
0.304693
0.304929
0.305168
0.305408
0.305646
0.305879
0.306102
0.306315
0.306514
0.306701
0.306873
0.307023
0.307128
0.307193
0.30723
0.307235
0.307203
0.307151
0.30709
0.307015
0.306929
0.306831
0.306722
0.306603
0.306475
0.306347
0.30622
0.306093
0.305966
0.305842
0.30572
0.305599
0.305479
0.305362
0.305249
0.30514
0.305034
0.304933
0.304835
0.304743
0.304656
0.304574
0.304497
0.304425
0.304359
0.304299
0.304249
0.304207
0.304172
0.304143
0.30412
0.3041
0.304082
0.304065
0.304051
0.304037
0.304023
0.30401
0.303996
0.30398
0.304089
0.304212
0.304349
0.304497
0.304649
0.304846
0.305086
0.30533
0.305574
0.305817
0.306053
0.306281
0.306498
0.306702
0.306891
0.307067
0.30722
0.307328
0.307397
0.307438
0.307445
0.307416
0.307359
0.307283
0.307205
0.307112
0.307007
0.30689
0.306763
0.306628
0.306493
0.306358
0.306224
0.306091
0.30596
0.305831
0.305704
0.305579
0.305458
0.305341
0.305227
0.305116
0.305011
0.304909
0.304812
0.30472
0.304635
0.304554
0.304479
0.304409
0.304345
0.304292
0.304247
0.30421
0.30418
0.304155
0.304133
0.304114
0.304096
0.30408
0.304066
0.304051
0.304036
0.304021
0.304005
0.304048
0.304163
0.304292
0.304432
0.304578
0.304768
0.305002
0.30524
0.305478
0.305714
0.305945
0.306167
0.306378
0.306576
0.306761
0.306931
0.30708
0.307183
0.307247
0.307282
0.307285
0.307252
0.307198
0.307136
0.30706
0.306973
0.306874
0.306763
0.306642
0.306514
0.306385
0.306256
0.306127
0.306
0.305875
0.305751
0.30563
0.30551
0.305394
0.305281
0.305171
0.305065
0.304963
0.304865
0.304772
0.304684
0.304602
0.304524
0.304452
0.304385
0.304324
0.304273
0.304231
0.304196
0.304167
0.304144
0.304123
0.304105
0.304088
0.304073
0.304059
0.304045
0.304031
0.304017
0.304001
0.303983
0.303961
0.303937
0.303908
0.303875
0.303878
0.30392
0.303961
0.304001
0.304035
0.304062
0.304081
0.30409
0.30409
0.30408
0.304061
0.304021
0.303933
0.303803
0.303642
0.303451
0.303225
0.302963
0.302693
0.3024
0.302085
0.301747
0.30148
0.301207
0.300934
0.30067
0.300416
0.300173
0.29994
0.299717
0.299506
0.299307
0.29912
0.298944
0.298781
0.298631
0.298494
0.298369
0.298255
0.298151
0.298057
0.297974
0.297902
0.29784
0.297788
0.297746
0.297719
0.297705
0.297704
0.297714
0.297734
0.29776
0.297789
0.297821
0.297856
0.297972
0.298107
0.298262
0.298433
0.298622
0.298826
0.299044
0.299275
0.299515
0.299804
0.30014
0.300483
0.300829
0.301175
0.301519
0.301859
0.302189
0.302508
0.302815
0.303108
0.303387
0.303642
0.303853
0.304023
0.304166
0.304277
0.304351
0.304403
0.304445
0.304471
0.304481
0.304478
0.304459
0.304427
0.304384
0.304338
0.304289
0.304237
0.304183
0.304128
0.304072
0.304014
0.303957
0.303901
0.303846
0.303791
0.303739
0.303688
0.30364
0.303595
0.303553
0.303515
0.30348
0.303448
0.303417
0.303389
0.303365
0.303343
0.303325
0.303308
0.303293
0.303278
0.303264
0.303249
0.303233
0.303216
0.303198
0.303179
0.303157
0.303133
0.303106
0.303076
0.303042
0.303006
0.302967
0.302924
0.302877
0.30286
0.302876
0.302889
0.302896
0.302898
0.302895
0.302885
0.302881
0.302884
0.302872
0.302818
0.302725
0.302604
0.302452
0.302266
0.30209
0.301896
0.301687
0.301493
0.301294
0.301094
0.300892
0.300692
0.300499
0.300313
0.300136
0.299967
0.299807
0.299656
0.299515
0.299384
0.299262
0.299152
0.299053
0.298964
0.298887
0.298818
0.298758
0.298708
0.298666
0.298634
0.298609
0.298592
0.298584
0.298589
0.298605
0.298631
0.298664
0.298703
0.298744
0.298786
0.298829
0.298872
0.298915
0.298957
0.298998
0.299037
0.299186
0.299352
0.299535
0.299733
0.299942
0.300252
0.300568
0.300891
0.301219
0.301548
0.301876
0.302198
0.302512
0.302814
0.303105
0.303382
0.303645
0.303885
0.304081
0.304235
0.304345
0.304407
0.304418
0.304403
0.304355
0.304281
0.304179
0.304051
0.303897
0.303716
0.303514
0.303302
0.303079
0.302847
0.302606
0.302357
0.302101
0.301838
0.30157
0.301297
0.301022
0.300744
0.300467
0.300191
0.299922
0.299664
0.299418
0.299184
0.298962
0.298753
0.298555
0.298372
0.298202
0.298045
0.297928
0.297832
0.297754
0.297692
0.297644
0.29761
0.297591
0.297585
0.297593
0.297614
0.297648
0.297693
0.297749
0.297815
0.297891
0.297975
0.298061
0.298149
0.298238
0.298325
0.298411
0.298492
0.298566
0.29868
0.298787
0.298887
0.298982
0.299065
0.299125
0.299135
0.2991
0.299059
0.299006
0.298942
0.298866
0.298779
0.298679
0.298567
0.298443
0.298315
0.29819
0.298065
0.297944
0.297829
0.29772
0.297617
0.29752
0.297431
0.297349
0.297275
0.297209
0.297152
0.297103
0.297063
0.297032
0.297007
0.29699
0.296979
0.296975
0.296978
0.296981
0.296995
0.297016
0.297046
0.297085
0.297131
0.297183
0.297239
0.297297
0.297356
0.297416
0.297476
0.297537
0.297682
0.297836
0.297998
0.298282
0.298589
0.298918
0.299268
0.299636
0.300011
0.300391
0.300775
0.30116
0.301544
0.301923
0.302295
0.302656
0.303003
0.303334
0.303646
0.303935
0.304202
0.304424
0.304609
0.304755
0.30486
0.304929
0.30496
0.304954
0.304916
0.304853
0.304763
0.304646
0.304502
0.304336
0.304158
0.303968
0.303768
0.303558
0.303339
0.303111
0.302876
0.302635
0.302388
0.302137
0.301883
0.301627
0.301371
0.301122
0.30088
0.300647
0.300421
0.300204
0.299997
0.299799
0.299628
0.299479
0.299352
0.299245
0.299157
0.299087
0.299032
0.298991
0.298965
0.298952
0.298954
0.298969
0.298997
0.299039
0.299094
0.29916
0.299236
0.299321
0.299485
0.299658
0.299838
0.300023
0.300211
0.300398
0.300583
0.300763
0.300935
0.301101
0.301261
0.301413
0.301553
0.30167
0.301736
0.301757
0.30177
0.301769
0.301755
0.301728
0.301688
0.301634
0.301564
0.301484
0.301397
0.301304
0.301207
0.301111
0.301018
0.300927
0.300839
0.300754
0.300672
0.300595
0.300521
0.300453
0.300388
0.300329
0.300275
0.300227
0.300182
0.300141
0.300104
0.30007
0.30004
0.300014
0.29999
0.29997
0.299954
0.299937
0.29993
0.299928
0.299929
0.299933
0.299938
0.299947
0.299959
0.299974
0.299991
0.30001
0.300031
0.300183
0.300409
0.300708
0.301032
0.301375
0.301728
0.302088
0.302452
0.302818
0.303182
0.303542
0.303894
0.304235
0.304561
0.304868
0.305157
0.305423
0.305666
0.305867
0.306027
0.306148
0.306223
0.306255
0.306252
0.306211
0.306146
0.306053
0.305933
0.305787
0.305616
0.305422
0.305219
0.305005
0.304781
0.304547
0.304306
0.304056
0.3038
0.303537
0.30327
0.302999
0.302725
0.30245
0.302177
0.301909
0.301649
0.301398
0.301155
0.30092
0.300695
0.300487
0.300296
0.300128
0.299983
0.29986
0.299758
0.299671
0.299604
0.299552
0.299516
0.299496
0.29949
0.299498
0.299521
0.299557
0.299606
0.299665
0.299732
0.299805
0.299883
0.299961
0.300037
0.300216
0.300398
0.300582
0.300764
0.300942
0.301116
0.301284
0.301447
0.301601
0.301742
0.301858
0.301923
0.301942
0.301952
0.301949
0.301933
0.301901
0.301855
0.301794
0.301717
0.301626
0.30152
0.301411
0.301297
0.301185
0.301076
0.30097
0.300867
0.300768
0.300673
0.300582
0.300496
0.300415
0.300338
0.300266
0.3002
0.300138
0.300079
0.300025
0.299973
0.299925
0.299879
0.299836
0.299794
0.299755
0.299717
0.299681
0.299647
0.299617
0.299591
0.299569
0.299553
0.299537
0.299532
0.299533
0.29954
0.299552
0.299569
0.299736
0.299972
0.300278
0.30061
0.300962
0.301324
0.301693
0.302068
0.302445
0.302821
0.303193
0.303557
0.30391
0.304248
0.304568
0.30487
0.305154
0.305413
0.30563
0.305806
0.305943
0.306035
0.306077
0.306082
0.306055
0.305999
0.305915
0.305805
0.305667
0.305502
0.305315
0.305116
0.304906
0.304686
0.304456
0.304217
0.303969
0.303714
0.303453
0.303186
0.302914
0.30264
0.302363
0.302087
0.301817
0.301555
0.301301
0.301058
0.300824
0.300601
0.300392
0.300198
0.300027
0.299877
0.299749
0.299643
0.299556
0.299484
0.299427
0.299385
0.299358
0.299347
0.29935
0.299367
0.299396
0.299437
0.299487
0.299545
0.299611
0.299682
0.299753
0.29988
0.300064
0.300253
0.300444
0.300633
0.300819
0.301001
0.301178
0.30135
0.301509
0.301655
0.301775
0.301842
0.301864
0.301874
0.301869
0.301848
0.30181
0.301754
0.301681
0.301592
0.301503
0.301407
0.301304
0.301197
0.301092
0.30099
0.300891
0.300795
0.300702
0.300613
0.300529
0.300448
0.300371
0.300297
0.300228
0.300163
0.300101
0.300042
0.299986
0.299932
0.299882
0.299836
0.299792
0.299751
0.299712
0.299674
0.299637
0.299604
0.299574
0.29955
0.299532
0.299521
0.299517
0.29952
0.299531
0.299549
0.299573
0.299679
0.299871
0.300127
0.300449
0.300797
0.301161
0.301538
0.301922
0.302311
0.302702
0.303091
0.303475
0.303851
0.304216
0.304565
0.304896
0.305208
0.305501
0.305769
0.305995
0.306183
0.306329
0.30643
0.30648
0.306476
0.306443
0.30638
0.306288
0.306168
0.306018
0.305841
0.30564
0.305427
0.305203
0.304969
0.304724
0.304469
0.304206
0.303936
0.303659
0.303377
0.303089
0.302799
0.302507
0.302214
0.301927
0.301647
0.301375
0.301114
0.300863
0.300623
0.300395
0.300184
0.299997
0.299829
0.299681
0.299553
0.299444
0.299353
0.299278
0.29922
0.299176
0.299149
0.299137
0.299139
0.299153
0.29918
0.299217
0.299264
0.299319
0.29938
0.299503
0.299687
0.299878
0.300074
0.300271
0.300466
0.300659
0.300848
0.301031
0.301203
0.301362
0.301507
0.301626
0.301691
0.30171
0.301717
0.301707
0.30168
0.301634
0.30157
0.301488
0.301398
0.301308
0.301211
0.301107
0.301
0.300895
0.300793
0.300694
0.300599
0.300507
0.300418
0.300333
0.300251
0.300173
0.300099
0.300029
0.299963
0.299901
0.299843
0.29979
0.299741
0.299695
0.299653
0.299613
0.299577
0.299542
0.299511
0.299481
0.299456
0.299435
0.299421
0.299412
0.299411
0.299416
0.299429
0.299449
0.299476
0.299508
0.299623
0.299823
0.300042
0.300364
0.300711
0.301077
0.301453
0.301832
0.302218
0.302606
0.302993
0.303374
0.303747
0.304108
0.304454
0.304781
0.30509
0.305379
0.305644
0.305866
0.306046
0.306186
0.306279
0.306321
0.306313
0.306279
0.306213
0.306117
0.305992
0.305839
0.305657
0.305452
0.305234
0.305005
0.304764
0.304514
0.304253
0.303984
0.303707
0.303423
0.303133
0.302839
0.30254
0.302239
0.301938
0.301642
0.301353
0.301072
0.300802
0.300544
0.300299
0.300069
0.299858
0.299663
0.299489
0.299335
0.299201
0.299087
0.298991
0.298912
0.29885
0.298805
0.298776
0.298763
0.298764
0.298779
0.298804
0.298841
0.298887
0.298942
0.299004
0.299127
0.299311
0.299502
0.299697
0.299894
0.30009
0.300284
0.300474
0.300658
0.300829
0.300986
0.301129
0.301246
0.301309
0.301326
0.30133
0.301319
0.30129
0.301243
0.301178
0.30111
0.301033
0.300949
0.300859
0.300763
0.300664
0.300566
0.300472
0.30038
0.300291
0.300206
0.300124
0.300046
0.299972
0.299902
0.299835
0.299773
0.299715
0.299662
0.299612
0.299566
0.299524
0.299488
0.299453
0.299422
0.299395
0.299371
0.299352
0.299336
0.299326
0.29932
0.299321
0.299327
0.299338
0.299356
0.299379
0.299409
0.299443
0.299482
0.299597
0.299795
0.300011
0.300333
0.300673
0.301037
0.30141
0.301789
0.302172
0.302557
0.302941
0.30332
0.303691
0.304051
0.304395
0.304722
0.30503
0.305319
0.305583
0.305803
0.305984
0.306121
0.30621
0.306248
0.306236
0.3062
0.306131
0.306032
0.305905
0.305748
0.305564
0.305355
0.305135
0.304902
0.304659
0.304404
0.30414
0.303867
0.303585
0.303297
0.303002
0.302703
0.302399
0.302093
0.301787
0.301487
0.301194
0.30091
0.300637
0.300376
0.300129
0.299895
0.299681
0.299487
0.299312
0.299157
0.299023
0.298907
0.29881
0.298729
0.298666
0.29862
0.29859
0.298576
0.298577
0.298592
0.298618
0.298656
0.298703
0.298759
0.298822
0.298943
0.299123
0.299311
0.299503
0.299698
0.299892
0.300083
0.300271
0.30045
0.300618
0.300773
0.300913
0.301027
0.301087
0.301101
0.301104
0.301093
0.301066
0.301022
0.300961
0.300883
0.300803
0.300716
0.300622
0.300522
0.30042
0.300319
0.300222
0.300128
0.300038
0.299951
0.299869
0.299791
0.299718
0.29965
0.299587
0.299528
0.299474
0.299426
0.299381
0.299339
0.299302
0.299267
0.299237
0.29921
0.299188
0.299171
0.299159
0.299153
0.299153
0.299158
0.299169
0.299184
0.299204
0.299229
0.299259
0.299293
0.299331
0.299372
0.299477
0.299667
0.299874
0.300145
0.300481
0.300837
0.301203
0.301575
0.301951
0.302328
0.302704
0.303076
0.303439
0.303791
0.304128
0.304447
0.304748
0.305029
0.305286
0.305498
0.305671
0.305799
0.305881
0.305913
0.305907
0.305871
0.305806
0.305712
0.305589
0.305438
0.305258
0.305055
0.30484
0.304613
0.304375
0.304126
0.303866
0.303598
0.303321
0.303036
0.302746
0.30245
0.30215
0.301848
0.301547
0.301251
0.300962
0.300683
0.300416
0.300162
0.299921
0.299693
0.299484
0.299297
0.29913
0.298983
0.298857
0.29875
0.29866
0.298587
0.29853
0.298489
0.298464
0.298454
0.298459
0.298478
0.298509
0.298551
0.298604
0.298665
0.298732
0.298855
0.299036
0.299225
0.299419
0.299615
0.299811
0.300004
0.300194
0.300378
0.300549
0.300708
0.300852
0.300971
0.301035
0.301054
0.301063
0.301058
0.301039
0.301005
0.300954
0.300886
0.300803
0.300717
0.300624
0.300524
0.300422
0.300322
0.300225
0.300131
0.300041
0.299955
0.299873
0.299796
0.299723
0.299656
0.299593
0.299536
0.299485
0.299437
0.299394
0.299354
0.299319
0.299286
0.299257
0.299231
0.299208
0.299188
0.299174
0.299166
0.299163
0.299166
0.299174
0.299186
0.299202
0.299223
0.299249
0.299278
0.299306
0.299342
0.299445
0.299626
0.299825
0.300139
0.300475
0.300829
0.301192
0.301562
0.301936
