0.270164
0.270856
0.271547
0.272233
0.272911
0.273575
0.274222
0.274848
0.27545
0.276023
0.276564
0.277073
0.277546
0.277983
0.278383
0.278748
0.279075
0.279364
0.279617
0.279832
0.28001
0.280152
0.280259
0.28033
0.280366
0.28037
0.280343
0.280289
0.280211
0.280112
0.279993
0.279856
0.279703
0.279535
0.279354
0.279163
0.27896
0.278751
0.278536
0.278317
0.278093
0.277869
0.277646
0.277424
0.277205
0.27699
0.27678
0.276577
0.27638
0.276192
0.276012
0.27584
0.275679
0.27553
0.275391
0.275264
0.275147
0.275043
0.274951
0.274868
0.274797
0.274737
0.274688
0.274649
0.274621
0.274602
0.274591
0.274587
0.27459
0.274599
0.274612
0.274631
0.274655
0.274684
0.274717
0.274753
0.274792
0.274832
0.274874
0.274916
0.274959
0.275002
0.275044
0.275086
0.275127
0.275168
0.275207
0.275245
0.275281
0.275316
0.275349
0.27538
0.275409
0.275436
0.27546
0.275482
0.275502
0.275519
0.275533
0.275546
0.275556
0.275563
0.275568
0.275571
0.275571
0.275569
0.275566
0.275563
0.275559
0.275554
0.275549
0.275544
0.275538
0.275534
0.275529
0.275526
0.275523
0.27552
0.275518
0.275518
0.275517
0.275517
0.275517
0.275518
0.275519
0.275519
0.27552
0.275521
0.275522
0.275523
0.275524
0.275525
0.275526
0.275527
0.275528
0.27553
0.275531
0.275532
0.275534
0.275535
0.275536
0.275535
0.275535
0.275536
0.275537
0.275538
0.275539
0.275541
0.275542
0.275543
0.275544
0.275546
0.275547
0.275548
0.275549
0.27555
0.275551
0.275552
0.275553
0.275554
0.275554
0.275555
0.275556
0.275557
0.275558
0.275559
0.27556
0.275561
0.275562
0.275562
0.275564
0.275565
0.275565
0.275566
0.275567
0.275568
0.275568
0.275569
0.27557
0.27557
0.275571
0.275572
0.275573
0.275574
0.275575
0.275576
0.275577
0.275577
0.275578
0.275576
0.275577
0.275577
0.275578
0.275579
0.27558
0.27558
0.27558
0.275581
0.275582
0.275582
0.275581
0.27558
0.27558
0.275581
0.275581
0.275581
0.275581
0.275581
0.275582
0.275582
0.275582
0.275582
0.275582
0.275582
0.275582
0.275582
0.275582
0.275582
0.275583
0.275583
0.275583
0.275581
0.27558
0.27558
0.27558
0.275579
0.275579
0.275579
0.275579
0.275579
0.275579
0.275579
0.275579
0.275579
0.275578
0.275578
0.275578
0.275578
0.275578
0.275578
0.275578
0.275578
0.275578
0.275578
0.275578
0.275578
0.275578
0.275578
0.275578
0.275578
0.275577
0.275577
0.275577
0.275577
0.275577
0.275577
0.275577
0.275577
0.275577
0.275577
0.275577
0.275577
0.275577
0.275577
0.275577
0.275577
0.275577
0.275577
0.275577
0.275577
0.275577
0.275577
0.275577
0.275577
0.275577
0.275577
0.275577
0.275577
0.275577
0.275577
0.275577
0.275577
0.275577
0.275577
0.275577
0.275577
0.275577
0.275577
0.275577
0.275577
0.275577
0.275578
0.275578
0.275578
0.275578
0.275578
0.275578
0.275577
0.275578
0.275577
0.275577
0.275577
0.275577
0.275577
0.275577
0.275577
0.275578
0.275577
0.275577
0.275577
0.275577
0.275577
0.275577
0.275577
0.275578
0.275578
0.275578
0.275577
0.275577
0.275577
0.275577
0.275577
0.275576
0.275576
0.275576
0.275575
0.275575
0.275575
0.275574
0.275574
0.275573
0.275573
0.275573
0.275572
0.275572
0.275571
0.275571
0.275571
0.275571
0.27557
0.27557
0.27557
0.27557
0.275569
0.275569
0.275568
0.275568
0.275567
0.275567
0.275567
0.275567
0.275566
0.275566
0.275567
0.275567
0.275567
0.275566
0.275566
0.275566
0.275566
0.275566
0.275566
0.275567
0.275567
0.275567
0.275567
0.275566
0.275566
0.275566
0.275566
0.275566
0.275566
0.275567
0.275566
0.275567
0.275567
0.275567
0.275567
0.275567
0.275567
0.275567
0.275567
0.275567
0.275567
0.275567
0.275567
0.275567
0.275566
0.275566
0.275566
0.275566
0.275565
0.275565
0.275565
0.275564
0.275564
0.275564
0.275564
0.275564
0.275564
0.275564
0.275564
0.275564
0.275564
0.275564
0.275564
0.275564
0.275564
0.275565
0.275564
0.275564
0.275564
0.275565
0.275565
0.275565
0.275565
0.275565
0.275565
0.275565
0.275565
0.275566
0.275566
0.275566
0.275566
0.275566
0.275566
0.275567
0.275567
0.275567
0.275567
0.275568
0.275568
0.275568
0.275568
0.275568
0.275568
0.275569
0.275569
0.275569
0.275569
0.275569
0.27557
0.27557
0.27557
0.27557
0.27557
0.27557
0.27557
0.27557
0.27557
0.275571
0.27557
0.27557
0.27557
0.27557
0.27557
0.27557
0.27557
0.27557
0.27557
0.27557
0.27557
0.27557
0.27557
0.27557
0.27557
0.27557
0.27557
0.27557
0.27557
0.27557
0.27557
0.27557
0.27557
0.27557
0.27557
0.27557
0.27557
0.27557
0.27557
0.27557
0.275569
0.275569
0.275569
0.275569
0.275569
0.275569
0.275569
0.275569
0.275569
0.275569
0.275568
0.275568
0.275568
0.275569
0.275568
0.275568
0.275568
0.275568
0.275568
0.275568
0.275568
0.275568
0.275568
0.275568
0.275568
0.275568
0.275568
0.275568
0.275568
0.275568
0.275568
0.275568
0.275568
0.275568
0.275568
0.275568
0.275568
0.275568
0.275568
0.275568
0.275568
0.275568
0.275568
0.275568
0.275568
0.275568
0.275568
0.275568
0.275568
0.275568
0.275568
0.275568
0.275568
0.275568
0.275568
0.275568
0.275568
0.275568
0.275568
0.275568
0.275568
0.275568
0.275568
0.275568
0.275568
0.275568
0.275569
0.275569
0.275569
0.275569
0.275569
0.275569
0.275569
0.275569
0.275568
0.275568
0.275568
0.275568
0.275568
0.275568
0.275568
0.275568
0.275568
0.275568
0.275568
0.275568
0.275569
0.275569
0.275569
0.275569
0.275569
0.275569
0.275569
0.275569
0.275569
0.275569
0.275569
0.275569
0.275569
0.275569
0.275569
0.275569
0.275569
0.275569
0.27557
0.27557
0.275569
0.275569
0.275569
0.275569
0.275569
0.275569
0.275569
0.275569
0.275569
0.275569
0.275569
0.275569
0.275569
0.275569
0.275569
0.275569
0.275569
0.275569
0.275569
0.275569
0.275569
0.275569
0.275569
0.275569
0.275569
0.275569
0.275569
0.275569
0.275569
0.275569
0.275569
0.275569
0.275569
0.275569
0.275569
0.275569
0.275569
0.275569
0.275569
0.275569
0.275569
0.275569
0.27557
0.275569
0.27557
0.27557
0.27557
0.27557
0.27557
0.27557
0.27557
0.27557
0.27557
0.27557
0.27557
0.275571
0.275571
0.275571
0.275571
0.275571
0.275571
0.275571
0.275571
0.275571
0.275572
0.275572
0.275572
0.275572
0.275572
0.275572
0.275572
0.275572
0.275572
0.275572
0.275572
0.275572
0.275572
0.275572
0.275572
0.275573
0.275573
0.275573
0.275573
0.275573
0.275572
0.275572
0.275573
0.275573
0.275573
0.275572
0.275572
0.275572
0.275572
0.275572
0.275572
0.275572
0.275572
0.275572
0.275572
0.275572
0.275572
0.275572
0.275572
0.275571
0.275571
0.275571
0.275571
0.275571
0.27557
0.27557
0.27557
0.27557
0.27557
0.27557
0.27557
0.27557
0.27557
0.27557
0.27557
0.275569
0.275569
0.275569
0.27557
0.27557
0.27557
0.27557
0.27557
0.27557
0.27557
0.27557
0.27557
0.27557
0.27557
0.27557
0.27557
0.27557
0.27557
0.27557
0.275571
0.275571
0.275571
0.275571
0.275571
0.275571
0.275571
0.275571
0.275571
0.275571
0.275571
0.275571
0.275571
0.275571
0.275571
0.275571
0.275571
0.275571
0.275571
0.275571
0.275571
0.275571
0.275571
0.275571
0.275571
0.275571
0.275571
0.275571
0.275571
0.275571
0.275571
0.275571
0.275571
0.275571
0.275571
0.275571
0.275571
0.275571
0.275571
0.275571
0.275571
0.275571
0.275571
0.275571
0.275571
0.275571
0.275571
0.275571
0.275571
0.275571
0.275571
0.275571
0.275571
0.275571
0.275571
0.275571
0.275571
0.275571
0.275571
0.275571
0.275571
0.275562
0.275519
0.27544
0.275318
0.275155
0.27495
0.274715
0.274449
0.274149
0.273817
0.273452
0.273055
0.272627
0.272185
0.271778
0.271407
0.271071
0.270772
0.270509
0.270275
0.270083
0.270062
0.270203
0.270364
0.270545
0.270746
0.270967
0.271207
0.271466
0.271741
0.272025
0.272317
0.272616
0.272923
0.273236
0.273557
0.273883
0.274217
0.274556
0.2749
0.27525
0.275604
0.275961
0.276318
0.276673
0.277026
0.277378
0.277727
0.278073
0.278415
0.278799
0.279195
0.279588
0.279978
0.280365
0.280738
0.281069
0.281363
0.281629
0.281863
0.282061
0.282221
0.282404
0.282594
0.282777
0.282953
0.283123
0.283288
0.283449
0.283612
0.283776
0.283942
0.284109
0.284279
0.284451
0.284626
0.284803
0.284984
0.285168
0.285356
0.285547
0.285742
0.285938
0.286136
0.286337
0.286541
0.286744
0.286952
0.287163
0.287375
0.287591
0.287808
0.288026
0.288246
0.288467
0.288687
0.288905
0.289121
0.289335
0.289546
0.289755
0.289961
0.290163
0.290363
0.290558
0.29075
0.290938
0.291121
0.291299
0.291472
0.29164
0.291801
0.291953
0.292102
0.292243
0.292378
0.292505
0.292625
0.292737
0.29289
0.292973
0.293014
0.293018
0.292992
0.292934
0.292857
0.292772
0.292667
0.292607
0.292544
0.292481
0.292419
0.292357
0.292299
0.292247
0.292204
0.292168
0.292141
0.292122
0.29211
0.292106
0.29211
0.29212
0.292135
0.292157
0.292184
0.292218
0.292255
0.292296
0.292342
0.292392
0.292447
0.292507
0.292572
0.292641
0.292714
0.292791
0.292871
0.292956
0.293043
0.29313
0.293219
0.293307
0.293395
0.293482
0.29357
0.293656
0.293742
0.293826
0.293909
0.29399
0.294069
0.294146
0.29422
0.29429
0.294357
0.29442
0.29448
0.294535
0.294585
0.29463
0.294671
0.294707
0.294738
0.294764
0.294774
0.294744
0.294678
0.294583
0.294455
0.294308
0.294155
0.294046
0.293935
0.293825
0.293717
0.293611
0.293509
0.29341
0.29332
0.293238
0.293166
0.293102
0.293047
0.293003
0.292967
0.292942
0.292926
0.292918
0.292919
0.292929
0.292945
0.292966
0.292991
0.29302
0.293055
0.293093
0.293138
0.293186
0.29324
0.293299
0.293362
0.293428
0.293497
0.29357
0.293644
0.293718
0.293793
0.293868
0.293943
0.294018
0.294092
0.294166
0.294238
0.294309
0.294378
0.294446
0.294511
0.294574
0.294634
0.29469
0.294743
0.294792
0.294837
0.294878
0.294916
0.294948
0.294976
0.294999
0.295018
0.295023
0.294988
0.294917
0.294816
0.294683
0.294531
0.294374
0.29423
0.294112
0.293994
0.293879
0.293766
0.293656
0.293549
0.293452
0.293363
0.293283
0.293212
0.293151
0.293099
0.293057
0.293026
0.293004
0.292992
0.292989
0.292995
0.293008
0.293025
0.293047
0.293073
0.293105
0.293141
0.293182
0.293229
0.293279
0.293335
0.293395
0.293459
0.293526
0.293596
0.293668
0.29374
0.293812
0.293885
0.293958
0.294031
0.294104
0.294175
0.294246
0.294315
0.294383
0.29445
0.294514
0.294575
0.294634
0.294689
0.294741
0.29479
0.294834
0.294874
0.294911
0.294943
0.29497
0.294993
0.295011
0.295016
0.29498
0.294908
0.294806
0.294672
0.294519
0.294359
0.294244
0.294128
0.294014
0.293901
0.293792
0.293685
0.293582
0.293489
0.293404
0.293328
0.293261
0.293204
0.293156
0.293117
0.293088
0.293069
0.293059
0.293058
0.293065
0.293079
0.293099
0.293122
0.293151
0.293183
0.293221
0.293264
0.293312
0.293365
0.293423
0.293485
0.293552
0.293622
0.293695
0.293769
0.293844
0.293919
0.293995
0.294071
0.294147
0.294222
0.294297
0.29437
0.294443
0.294514
0.294584
0.294652
0.294717
0.29478
0.294839
0.294895
0.294948
0.294996
0.295041
0.295081
0.295117
0.295149
0.295177
0.295201
0.295211
0.29518
0.295112
0.295015
0.294885
0.294738
0.294585
0.294473
0.29436
0.294248
0.294138
0.29403
0.293925
0.293823
0.293729
0.293643
0.293565
0.293496
0.293435
0.293382
0.293338
0.293303
0.293277
0.29326
0.293252
0.293251
0.29326
0.293273
0.293292
0.293316
0.293346
0.29338
0.29342
0.293466
0.293516
0.293571
0.29363
0.293694
0.293762
0.293833
0.293906
0.293979
0.294052
0.294127
0.294201
0.294276
0.29435
0.294425
0.294498
0.294571
0.294643
0.294713
0.294782
0.294848
0.294912
0.294972
0.29503
0.295083
0.295133
0.295179
0.29522
0.295257
0.295289
0.295316
0.295338
0.295345
0.29531
0.29524
0.295139
0.295005
0.294834
0.294698
0.29458
0.294463
0.294347
0.294233
0.29412
0.29401
0.293904
0.293804
0.293713
0.293629
0.293553
0.293485
0.293426
0.293376
0.293334
0.293302
0.293279
0.293263
0.293257
0.293258
0.293265
0.293278
0.293295
0.293318
0.293345
0.293378
0.293416
0.293461
0.29351
0.293564
0.293622
0.293685
0.293751
0.293818
0.293887
0.293956
0.294027
0.294098
0.294169
0.294237
0.294308
0.294379
0.294449
0.294519
0.294588
0.294656
0.294721
0.294784
0.294845
0.294902
0.294957
0.295008
0.295056
0.295099
0.295138
0.295173
0.295204
0.295232
0.295246
0.295219
0.295154
0.295059
0.294931
0.294767
0.294638
0.294526
0.294413
0.2943
0.294187
0.294076
0.293966
0.293859
0.29376
0.293668
0.293584
0.293507
0.293439
0.29338
0.293328
0.293286
0.293253
0.293229
0.293213
0.293206
0.293207
0.293213
0.293224
0.29324
0.293261
0.293287
0.293318
0.293355
0.293397
0.293445
0.293497
0.293554
0.293616
0.293681
0.293747
0.293815
0.293884
0.293954
0.29402
0.294091
0.294161
0.294231
0.294301
0.294371
0.29444
0.294508
0.294575
0.29464
0.294702
0.294762
0.294819
0.294874
0.294925
0.294972
0.295016
0.295056
0.295092
0.295122
0.295148
0.295159
0.295128
0.295062
0.294965
0.29486
0.294737
0.294597
0.294438
0.294294
0.294176
0.294058
0.293937
0.29382
0.293707
0.293601
0.293503
0.293412
0.293329
0.293255
0.293189
0.293131
0.293083
0.293043
0.293013
0.292991
0.292978
0.292972
0.292971
0.292977
0.292988
0.293005
0.293027
0.293055
0.293088
0.293127
0.293172
0.293222
0.293276
0.293335
0.293398
0.293462
0.293527
0.293594
0.293661
0.293729
0.293798
0.293866
0.293935
0.294004
0.294072
0.29414
0.294207
0.294272
0.294335
0.294391
0.294449
0.294502
0.294553
0.2946
0.294642
0.294681
0.294716
0.294748
0.294775
0.294798
0.294808
0.294777
0.294708
0.29461
0.294479
0.294311
0.294156
0.294039
0.293923
0.293808
0.293695
0.293584
0.293476
0.293373
0.293277
0.29319
0.293112
0.293043
0.292982
0.292932
0.29289
0.292857
0.292834
0.292821
0.292816
0.292821
0.292831
0.292845
0.292864
0.292886
0.292913
0.292944
0.292981
0.293022
0.293069
0.293121
0.293177
0.293237
0.293301
0.293368
0.293436
0.293505
0.293574
0.293644
0.293714
0.293785
0.293855
0.293924
0.293993
0.294062
0.294129
0.294194
0.294258
0.29432
0.294379
0.294435
0.294488
0.294539
0.294586
0.29463
0.29467
0.294707
0.294755
0.294812
0.294863
0.294899
0.294892
0.29485
0.294777
0.294672
0.294548
0.29442
0.294275
0.294113
0.293934
0.293809
0.293683
0.293557
0.293435
0.293321
0.293216
0.29312
0.293033
0.292955
0.292887
0.292829
0.292782
0.292744
0.292716
0.292698
0.29269
0.292691
0.292695
0.292704
0.292718
0.292737
0.29276
0.292789
0.292824
0.292864
0.292909
0.292959
0.293013
0.293072
0.293133
0.293196
0.29326
0.293325
0.29339
0.293455
0.29352
0.293585
0.29365
0.293714
0.293776
0.293838
0.293898
0.293956
0.294013
0.294067
0.294119
0.294167
0.294213
0.294256
0.294296
0.294332
0.294365
0.294394
0.294418
0.294438
0.294444
0.294408
0.294336
0.294235
0.294101
0.293968
0.293817
0.293678
0.293562
0.293448
0.293337
0.293228
0.293122
0.293021
0.292928
0.292844
0.292769
0.292704
0.292648
0.292601
0.292565
0.292539
0.292523
0.292517
0.29252
0.292532
0.292552
0.292577
0.292608
0.292645
0.292688
0.292737
0.292792
0.292854
0.292921
0.292994
0.293073
0.293157
0.293246
0.293338
0.293432
0.293527
0.293622
0.293718
0.293815
0.293911
0.294007
0.294102
0.294197
0.29429
0.294382
0.294473
0.294561
0.294647
0.294729
0.294808
0.294883
0.294954
0.295022
0.295084
0.295142
0.295195
0.295256
0.295326
0.295389
0.295438
0.295445
0.295414
0.295353
0.29526
0.29513
0.295002
0.294852
0.294684
0.294533
0.294413
0.294292
0.294171
0.294052
0.293942
0.29384
0.293746
0.293662
0.293586
0.29352
0.293464
0.293418
0.293383
0.293357
0.293342
0.293335
0.293338
0.293348
0.293364
0.293386
0.293414
0.293448
0.293488
0.293534
0.293585
0.293641
0.293703
0.293769
0.29384
0.293914
0.293989
0.294065
0.294141
0.294218
0.294295
0.294373
0.29445
0.294526
0.294602
0.294677
0.29475
0.294822
0.294891
0.294958
0.295022
0.295083
0.29514
0.295193
0.295242
0.295286
0.295327
0.295362
0.295392
0.295417
0.295436
0.29544
0.295405
0.295332
0.295229
0.295116
0.294985
0.294837
0.294672
0.294524
0.294402
0.294282
0.294164
0.294049
0.293937
0.293834
0.29374
0.293655
0.293579
0.293512
0.293455
0.293408
0.293372
0.293346
0.29333
0.293325
0.29333
0.293342
0.29336
0.293383
0.293412
0.293446
0.293487
0.293533
0.293585
0.293643
0.293703
0.293772
0.293845
0.293922
0.294004
0.294086
0.29417
0.294254
0.294339
0.294423
0.294508
0.294592
0.294676
0.294758
0.29484
0.294919
0.294998
0.295074
0.295147
0.295218
0.295285
0.295349
0.295409
0.295465
0.295517
0.295565
0.295607
0.295644
0.295676
0.295715
0.29574
0.295723
0.29567
0.295587
0.295471
0.295334
0.295186
0.295019
0.294833
0.294707
0.294579
0.294452
0.294327
0.294204
0.29409
0.293985
0.293888
0.293801
0.293723
0.293656
0.293598
0.293551
0.293514
0.293488
0.293472
0.293465
0.293468
0.293478
0.293495
0.293518
0.293547
0.293582
0.293622
0.293669
0.293722
0.293781
0.293846
0.293915
0.29399
0.294067
0.294146
0.294226
0.294306
0.294387
0.294469
0.29455
0.294631
0.294712
0.294792
0.29487
0.294947
0.295023
0.295096
0.295167
0.295235
0.295299
0.29536
0.295417
0.29547
0.295518
0.295561
0.2956
0.295632
0.29566
0.295681
0.295687
0.295652
0.29558
0.295478
0.295354
0.29522
0.295067
0.294897
0.294778
0.294656
0.294536
0.294418
0.294303
0.294191
0.294088
0.293993
0.293907
0.293831
0.293765
0.293708
0.29366
0.293623
0.293597
0.29358
0.293574
0.293578
0.293589
0.293605
0.293627
0.293654
0.293687
0.293726
0.29377
0.293819
0.293875
0.293936
0.294002
0.294073
0.294148
0.294227
0.294304
0.294385
0.294466
0.294547
0.294629
0.29471
0.294791
0.294871
0.29495
0.295028
0.295105
0.29518
0.295253
0.295323
0.295391
0.295455
0.295515
0.295572
0.295624
0.295672
0.295715
0.295751
0.295783
0.295811
0.295832
0.295839
0.295804
0.295732
0.295631
0.295497
0.29536
0.295201
0.295023
0.2949
0.294775
0.29465
0.294528
0.294407
0.29429
0.294181
0.294082
0.293991
0.293909
0.293837
0.293775
0.293722
0.29368
0.293649
0.293628
0.293618
0.293618
0.293626
0.29364
0.29366
0.293685
0.293716
0.293752
0.293795
0.293842
0.293896
0.293956
0.29402
0.29409
0.294164
0.294241
0.29432
0.2944
0.294481
0.294561
0.294642
0.294723
0.294804
0.294883
0.294963
0.29504
0.295117
0.295192
0.295264
0.295334
0.295401
0.295464
0.295523
0.295579
0.295631
0.295678
0.29572
0.295757
0.295789
0.295816
0.295837
0.295845
0.295811
0.295739
0.295638
0.295503
0.29535
0.295188
0.295041
0.294919
0.294798
0.294679
0.294561
0.294446
0.294335
0.294232
0.294137
0.294051
0.293974
0.293907
0.293849
0.293801
0.293763
0.293735
0.293717
0.29371
0.293714
0.293724
0.29374
0.293761
0.293787
0.293819
0.293857
0.2939
0.293948
0.294002
0.294061
0.294126
0.294194
0.294267
0.294344
0.294422
0.294501
0.29458
0.29466
0.294739
0.294819
0.294899
0.294978
0.295056
0.295133
0.295208
0.295282
0.295354
0.295423
0.29549
0.295552
0.295612
0.295668
0.295719
0.295766
0.295809
0.295847
0.295879
0.295906
0.295928
0.295934
0.2959
0.295829
0.295728
0.295594
0.29544
0.295279
0.295131
0.295008
0.294886
0.294765
0.294645
0.294528
0.294415
0.29431
0.294213
0.294125
0.294046
0.293976
0.293916
0.293865
0.293825
0.293795
0.293775
0.293766
0.293767
0.293776
0.29379
0.293808
0.293832
0.293862
0.293897
0.293938
0.293984
0.294036
0.294092
0.294154
0.294221
0.294291
0.294366
0.294441
0.294517
0.294595
0.294672
0.29475
0.294828
0.294905
0.294982
0.295058
0.295133
0.295207
0.29528
0.29535
0.295418
0.295483
0.295545
0.295603
0.295658
0.295708
0.295754
0.295796
0.295833
0.295864
0.295891
0.295912
0.29592
0.295886
0.295815
0.295714
0.295579
0.295407
0.295243
0.295091
0.294965
0.29484
0.294715
0.294593
0.294473
0.294357
0.294249
0.29415
0.29406
0.293979
0.293908
0.293845
0.293794
0.293752
0.293721
0.2937
0.29369
0.293688
0.293696
0.293709
0.293726
0.293749
0.293778
0.293812
0.293852
0.293897
0.293948
0.294004
0.294066
0.294132
0.294203
0.294277
0.294353
0.29443
0.294507
0.294585
0.294664
0.294742
0.294821
0.294899
0.294977
0.295053
0.295129
0.295203
0.295276
0.295346
0.295413
0.295478
0.295539
0.295596
0.29565
0.2957
0.295745
0.295785
0.29582
0.295849
0.295873
0.295882
0.29585
0.295781
0.295683
0.295551
0.295401
0.295244
0.295069
0.294945
0.294819
0.294695
0.294571
0.294451
0.294333
0.294224
0.294124
0.294032
0.29395
0.293877
0.293813
0.29376
0.293716
0.293682
0.293659
0.293646
0.293643
0.293649
0.293659
0.293675
0.293696
0.293722
0.293755
0.293793
0.293837
0.293886
0.293941
0.294002
0.294067
0.294137
0.29421
0.294284
0.29436
0.294436
0.294513
0.294589
0.294666
0.294743
0.294819
0.294895
0.29497
0.295043
0.295115
0.295185
0.295253
0.295317
0.29538
0.295438
0.295494
0.295545
0.295593
0.295636
0.295674
0.295708
0.295736
0.295758
0.295766
0.295733
0.295663
0.295563
0.295429
0.295278
0.295122
0.294947
0.294823
0.294698
0.294574
0.294451
0.294331
0.294216
0.294109
0.294011
0.293921
0.293841
0.29377
0.293709
0.293659
0.293618
0.293588
0.293568
0.293559
0.29356
0.293569
0.293583
0.293603
0.293628
0.293659
0.293696
0.293739
0.293787
0.293841
0.2939
0.293965
0.294035
0.294109
0.294187
0.294267
0.294347
0.294428
0.294509
0.294591
0.294673
0.294754
0.294835
0.294915
0.294994
0.295072
0.295148
0.295222
0.295294
0.295363
0.295428
0.29549
0.295548
0.295603
0.295653
0.295699
0.295741
0.295777
0.295809
0.295834
0.295844
0.295813
0.295746
0.295649
0.295518
0.295388
0.295238
0.29507
0.294918
0.294794
0.29467
0.294548
0.294428
0.294312
0.294203
0.294103
0.294012
0.29393
0.293857
0.293794
0.29374
0.293696
0.293663
0.29364
0.293627
0.293625
0.293631
0.293642
0.293657
0.293679
0.293706
0.293738
0.293777
0.29382
0.29387
0.293925
0.293984
0.294047
0.294115
0.294185
0.294256
0.294327
0.294399
0.294471
0.294544
0.294617
0.29469
0.294762
0.294834
0.294905
0.294974
0.295043
0.295109
0.295173
0.295234
0.295292
0.295347
0.295398
0.295446
0.295489
0.295528
0.295563
0.295593
0.295617
0.295636
0.295641
0.295604
0.29553
0.295426
0.29529
0.295155
0.295
0.294828
0.294672
0.294545
0.294419
0.294295
0.294174
0.294057
0.293949
0.293849
0.293759
0.293678
0.293607
0.293545
0.293494
0.293454
0.293423
0.293404
0.293396
0.293398
0.293407
0.293423
0.293443
0.293469
0.293501
0.29354
0.293583
0.293633
0.293688
0.29375
0.293816
0.293888
0.293964
0.294044
0.294125
0.294207
0.29429
0.294373
0.294457
0.29454
0.294624
0.294706
0.294788
0.294869
0.294949
0.295027
0.295103
0.295176
0.295247
0.295314
0.295378
0.295438
0.295494
0.295546
0.295594
0.295636
0.295674
0.295708
0.295735
0.295747
0.295718
0.295652
0.295556
0.295453
0.29533
0.295191
0.295033
0.294858
0.294738
0.294616
0.294496
0.294378
0.294262
0.294155
0.294056
0.293966
0.293884
0.293812
0.293749
0.293696
0.293653
0.29362
0.293597
0.293585
0.293583
0.293589
0.293601
0.293618
0.29364
0.293668
0.293702
0.293741
0.293786
0.293835
0.29389
0.29395
0.294013
0.294081
0.294152
0.294223
0.294296
0.294369
0.294442
0.294516
0.29459
0.294664
0.294737
0.29481
0.294881
0.294952
0.295021
0.295088
0.295152
0.295214
0.295272
0.295327
0.295378
0.295426
0.295469
0.295508
0.295542
0.295571
0.295595
0.295614
0.295619
0.295584
0.295512
0.295411
0.295299
0.295169
0.295022
0.294858
0.29471
0.294589
0.29447
0.294352
0.294238
0.294127
0.294024
0.29393
0.293844
0.293768
0.293701
0.293644
0.293596
0.293558
0.293531
0.293514
0.293507
0.293508
0.293519
0.293534
0.293555
0.293581
0.293614
0.293652
0.293695
0.293745
0.2938
0.293861
0.293926
0.293997
0.294073
0.294151
0.294231
0.294312
0.294394
0.294476
0.294558
0.294641
0.294722
0.294804
0.294884
0.294964
0.295042
0.295118
0.295193
0.29526
0.295328
0.295393
0.295455
0.295512
0.295566
0.295616
0.295661
0.295702
0.295738
0.295769
0.295799
0.295819
0.295798
0.295741
0.295654
0.295544
0.295422
0.295282
0.295123
0.294946
0.294824
0.294701
0.294579
0.294458
0.294341
0.294231
0.29413
0.294037
0.293953
0.293879
0.293814
0.293759
0.293714
0.29368
0.293655
0.29364
0.293634
0.293638
0.293647
0.293664
0.293687
0.293716
0.293751
0.293791
0.293837
0.293888
0.293945
0.294008
0.294075
0.294147
0.294222
0.294297
0.294374
0.294451
0.294529
0.294607
0.294684
0.294762
0.294839
0.294915
0.29499
0.295063
0.295136
0.295205
0.295272
0.295337
0.295398
0.295455
0.295509
0.29556
0.295605
0.295646
0.295682
0.295713
0.295738
0.295757
0.295762
0.295725
0.295652
0.295549
0.295424
0.295289
0.295136
0.294965
0.294845
0.294723
0.294602
0.294484
0.294367
0.294254
0.29415
0.294054
0.293967
0.293888
0.29382
0.29376
0.293711
0.293672
0.293643
0.293625
0.293615
0.293615
0.293625
0.29364
0.293662
0.293689
0.293721
0.29376
0.293804
0.293853
0.293909
0.29397
0.294036
0.294107
0.294182
0.294261
0.294341
0.294422
0.294503
0.294585
0.294667
0.294749
0.29483
0.294911
0.294991
0.295069
0.295147
0.295222
0.295295
0.295366
0.295432
0.295496
0.295557
0.295613
0.295666
0.295714
0.295757
0.295795
0.295829
0.295856
0.295878
0.295886
0.295853
0.295784
0.295684
0.295552
0.295417
0.29526
0.295085
0.294965
0.294842
0.294719
0.294599
0.29448
0.294364
0.294257
0.294159
0.294069
0.293988
0.293917
0.293855
0.293803
0.293762
0.29373
0.293708
0.293696
0.293693
0.2937
0.293714
0.293734
0.29376
0.293793
0.293831
0.293875
0.293924
0.293979
0.294039
0.294105
0.294176
0.294251
0.294329
0.294408
0.294489
0.294569
0.29465
0.294731
0.294812
0.294892
0.294972
0.29505
0.295127
0.295202
0.295276
0.295348
0.295416
0.295482
0.295545
0.295604
0.295659
0.295711
0.295758
0.2958
0.295838
0.295871
0.295898
0.295919
0.295926
0.29589
0.295818
0.295716
0.295581
0.295408
0.295249
0.295128
0.295006
0.294885
0.294766
0.294649
0.294533
0.294422
0.294319
0.294225
0.294139
0.294062
0.293994
0.293935
0.293887
0.293847
0.293819
0.293799
0.293789
0.293788
0.293796
0.293808
0.293825
0.293848
0.293876
0.29391
0.293949
0.293994
0.294044
0.294099
0.294158
0.294223
0.294288
0.294359
0.294431
0.294505
0.294579
0.294653
0.294729
0.294804
0.294879
0.294954
0.295028
0.295101
0.295174
0.295245
0.295314
0.29538
0.295443
0.295503
0.29556
0.295613
0.295662
0.295707
0.295748
0.295783
0.295814
0.295837
0.295857
0.295862
0.295825
0.295752
0.295648
0.295512
0.295339
0.295179
0.295028
0.2949
0.294774
0.294648
0.294525
0.294404
0.294287
0.294179
0.294079
0.293988
0.293907
0.293835
0.293774
0.293722
0.29368
0.293649
0.293629
0.293618
0.293618
0.293626
0.293639
0.293658
0.293682
0.293712
0.293747
0.293789
0.293836
0.293888
0.293947
0.294011
0.294075
0.294147
0.294223
0.294299
0.294377
0.294455
0.294534
0.294614
0.294693
0.294772
0.29485
0.294928
0.295005
0.29508
0.295154
0.295226
0.295295
0.295361
0.295424
0.295484
0.29554
0.295592
0.295641
0.295684
0.295723
0.295757
0.295786
0.295809
0.29582
0.295788
0.295719
0.295621
0.295489
0.295341
0.29519
0.29502
0.294899
0.294776
0.294654
0.294533
0.294415
0.2943
0.294193
0.294095
0.294005
0.293925
0.293853
0.293792
0.29374
0.293698
0.293666
0.293644
0.293634
0.293633
0.293641
0.293654
0.293673
0.293696
0.293726
0.29376
0.293801
0.293847
0.293898
0.293955
0.294017
0.294084
0.294155
0.294229
0.294303
0.294379
0.294454
0.294531
0.294607
0.294684
0.29476
0.294835
0.29491
0.294983
0.295056
0.295126
0.295195
0.29526
0.295323
0.295383
0.295439
0.295492
0.29554
0.295584
0.295624
0.295659
0.295689
0.295713
0.295732
0.295737
0.2957
0.295627
0.295524
0.295387
0.295252
0.295098
0.294927
0.294806
0.294682
0.29456
0.29444
0.294322
0.294209
0.294103
0.294007
0.293919
0.29384
0.293766
0.293705
0.293654
0.293614
0.293583
0.293564
0.293554
0.293555
0.293563
0.293576
0.293595
0.293619
0.293649
0.293685
0.293727
0.293774
0.293827
0.293886
0.293949
0.294018
0.294091
0.294168
0.294246
0.294326
0.294405
0.294486
0.294566
0.294647
0.294727
0.294806
0.294885
0.294962
0.295039
0.295113
0.295186
0.295256
0.295323
0.295387
0.295448
0.295505
0.295558
0.295607
0.295652
0.295692
0.295728
0.295758
0.295782
0.295792
0.295761
0.295693
0.295596
0.295465
0.295335
0.295185
0.295016
0.294898
0.294778
0.294658
0.29454
0.294424
0.294312
0.294208
0.294112
0.294025
0.293946
0.293876
0.293817
0.293767
0.293727
0.293697
0.293677
0.293668
0.293668
0.293676
0.293692
0.293712
0.293738
0.293769
0.293807
0.293849
0.293898
0.293951
0.294011
0.294075
0.294144
0.294218
0.294294
0.294372
0.294451
0.29453
0.29461
0.294689
0.294769
0.294847
0.294926
0.295003
0.295079
0.295154
0.295226
0.295297
0.295365
0.295429
0.295491
0.295549
0.295603
0.295654
0.2957
0.295741
0.295777
0.295808
0.295834
0.295854
0.295858
0.295821
0.295748
0.295644
0.295508
0.295353
0.295193
0.295046
0.294923
0.294802
0.294681
0.294563
0.294446
0.294333
0.294229
0.294133
0.294046
0.293968
0.2939
0.293841
0.293792
0.293753
0.293724
0.293706
0.293696
0.293697
0.293706
0.29372
0.29374
0.293766
0.293797
0.293834
0.293876
0.293924
0.293977
0.294036
0.294101
0.29417
0.294243
0.29432
0.294398
0.294478
0.294557
0.294637
0.294718
0.294798
0.294877
0.294956
0.295034
0.295111
0.295186
0.29526
0.295331
0.2954
0.295465
0.295527
0.295586
0.295641
0.295691
0.295738
0.29578
0.295817
0.295848
0.295875
0.295895
0.295902
0.295868
0.295796
0.295695
0.29556
0.295407
0.295249
0.295102
0.294981
0.294861
0.294742
0.294624
0.294508
0.294396
0.294292
0.294196
0.294109
0.294031
0.293962
0.293902
0.293853
0.293813
0.293784
0.293766
0.293756
0.293757
0.293766
0.293782
0.293803
0.293829
0.293861
0.293899
0.293942
0.293991
0.294046
0.294105
0.29417
0.29424
0.294315
0.294392
0.294471
0.29455
0.29463
0.294711
0.294791
0.294871
0.29495
0.295028
0.295106
0.295182
0.295256
0.295329
0.2954
0.295465
0.295529
0.295589
0.295646
0.295698
0.295747
0.295791
0.295831
0.295866
0.295895
0.295919
0.295937
0.295941
0.295903
0.295828
0.295722
0.295583
0.295407
0.295244
0.29512
0.294996
0.294873
0.294752
0.294632
0.294515
0.294402
0.294297
0.2942
0.294112
0.294034
0.293964
0.293904
0.293854
0.293814
0.293784
0.293765
0.293755
0.293755
0.293764
0.293777
0.293796
0.293821
0.293851
0.293887
0.293929
0.293976
0.294028
0.294086
0.294148
0.294215
0.294287
0.294362
0.294438
0.294515
0.294592
0.29467
0.294748
0.294825
0.294902
0.294979
0.295054
0.295129
0.295201
0.295273
0.295342
0.295409
0.295472
0.295533
0.29559
0.295643
0.295692
0.295738
0.295778
0.295814
0.295845
0.295871
0.29589
0.295895
0.295858
0.295785
0.295681
0.295545
0.295372
0.295185
0.29506
0.294933
0.294806
0.29468
0.294557
0.294436
0.294319
0.29421
0.294111
0.294021
0.293939
0.293867
0.293806
0.293753
0.293712
0.293681
0.29366
0.29365
0.29365
0.293659
0.293673
0.293692
0.293716
0.293747
0.293782
0.293824
0.29387
0.293922
0.29398
0.294043
0.294111
0.294183
0.294258
0.294335
0.294413
0.294492
0.294572
0.294651
0.294731
0.29481
0.294889
0.294967
0.295044
0.295119
0.295193
0.295266
0.295335
0.295402
0.295466
0.295527
0.295584
0.295637
0.295686
0.295731
0.295771
0.295807
0.295837
0.295862
0.295872
0.29584
0.295772
0.295673
0.295541
0.295392
0.29524
0.295068
0.294946
0.294822
0.294699
0.294577
0.294457
0.294341
0.294233
0.294134
0.294043
0.293962
0.29389
0.293828
0.293776
0.293733
0.293701
0.293679
0.293668
0.293667
0.293674
0.293686
0.293703
0.293725
0.293753
0.293786
0.293824
0.293868
0.293918
0.293973
0.294033
0.294098
0.294167
0.29424
0.294314
0.294389
0.294465
0.294541
0.294618
0.294694
0.29477
0.294846
0.294921
0.294995
0.295067
0.295138
0.295207
0.295274
0.295337
0.295398
0.295454
0.295508
0.295557
0.295602
0.295643
0.295679
0.295711
0.295737
0.295758
0.295763
0.295727
0.295655
0.295552
0.295417
0.295265
0.295108
0.294933
0.294809
0.294682
0.294557
0.294433
0.294312
0.294195
0.294087
0.293987
0.293896
0.293815
0.293743
0.293681
0.29363
0.293588
0.293557
0.293537
0.293528
0.293529
0.293537
0.29355
0.293569
0.293594
0.293624
0.29366
0.293702
0.29375
0.293803
0.293863
0.293927
0.293996
0.29407
0.294148
0.294226
0.294306
0.294387
0.294468
0.294549
0.29463
0.294711
0.294791
0.294871
0.294949
0.295026
0.295101
0.295175
0.295246
0.295314
0.295378
0.29544
0.295497
0.295551
0.295601
0.295646
0.295686
0.295722
0.295753
0.295778
0.295789
0.295759
0.295692
0.295595
0.295464
0.295335
0.295186
0.295019
0.294868
0.294745
0.294623
0.294502
0.294383
0.294268
0.29416
0.294062
0.293972
0.293891
0.293819
0.293757
0.293705
0.293662
0.293631
0.293609
0.293599
0.293598
0.293606
0.29362
0.293639
0.293663
0.293694
0.293729
0.293771
0.293817
0.29387
0.293928
0.293991
0.294059
0.294131
0.294207
0.294284
0.294362
0.29444
0.294519
0.294598
0.294677
0.294755
0.294832
0.294909
0.294985
0.295058
0.295131
0.295201
0.295268
0.295333
0.295394
0.295451
0.295505
0.295555
0.295601
0.295642
0.295679
0.29571
0.295737
0.295757
0.295762
0.295727
0.295654
0.295553
0.295418
0.295283
0.295129
0.294957
0.294836
0.294713
0.294591
0.294471
0.294354
0.29424
0.294134
0.294037
0.293949
0.29387
0.293801
0.293741
0.293691
0.293652
0.293623
0.293605
0.293596
0.293598
0.293608
0.293623
0.293643
0.293669
0.293701
0.293738
0.293781
0.29383
0.293884
0.293944
0.294008
0.294077
0.294151
0.294228
0.294306
0.294385
0.294465
0.294545
0.294626
0.294707
0.294787
0.294866
0.294945
0.295023
0.295099
0.295174
0.295247
0.295317
0.295384
0.295446
0.295506
0.295562
0.295614
0.295662
0.295705
0.295743
0.295776
0.295804
0.295826
0.295835
0.295802
0.295733
0.295633
0.2955
0.295367
0.295213
0.295041
0.294921
0.294798
0.294677
0.294557
0.294439
0.294324
0.294218
0.29412
0.29403
0.29395
0.293879
0.293818
0.293767
0.293726
0.293695
0.293675
0.293664
0.293663
0.293671
0.293686
0.293707
0.293734
0.293767
0.293805
0.29385
0.293899
0.293955
0.294016
0.294082
0.294154
0.294229
0.294308
0.294389
0.29447
0.294551
0.294633
0.294715
0.294821
0.294959
0.295105
0.295259
0.295419
0.295585
0.295757
0.295933
0.296109
0.296286
0.296461
0.296635
0.296807
0.296975
0.297138
0.297296
0.297446
0.297589
0.297723
0.297849
0.297957
0.298025
0.298054
0.298052
0.298022
0.29797
0.297894
0.297853
0.297804
0.297748
0.297688
0.297623
0.297553
0.297481
0.297412
0.297347
0.297285
0.297225
0.297169
0.297117
0.297072
0.297032
0.296998
0.29697
0.296949
0.296934
0.296926
0.296922
0.296923
0.296928
0.296937
0.296951
0.296969
0.296992
0.297019
0.29705
0.297085
0.297124
0.297166
0.29721
0.297255
0.297299
0.297345
0.29739
0.297434
0.297478
0.297548
0.297654
0.297769
0.297891
0.298017
0.29815
0.298287
0.298425
0.298564
0.298702
0.298838
0.298973
0.299104
0.299231
0.299352
0.299467
0.299573
0.299671
0.29976
0.299833
0.299865
0.29986
0.299826
0.299768
0.299686
0.29958
0.299507
0.299426
0.299339
0.299247
0.299153
0.299056
0.298957
0.298863
0.298774
0.298689
0.29861
0.298536
0.298468
0.298406
0.29835
0.298297
0.298254
0.298217
0.298187
0.298164
0.298147
0.298135
0.298129
0.298127
0.29813
0.298138
0.29815
0.298165
0.298186
0.298212
0.298242
0.298276
0.298313
0.298351
0.29839
0.298429
0.298469
0.298508
0.298546
0.298584
0.298621
0.298655
0.298689
0.298719
0.298748
0.298773
0.298795
0.298908
0.299026
0.299148
0.299271
0.299395
0.299516
0.299632
0.299745
0.299852
0.299954
0.300049
0.300129
0.300168
0.300167
0.300137
0.300074
0.300011
0.299926
0.299835
0.299749
0.299657
0.299561
0.29946
0.299357
0.299251
0.29915
0.299054
0.298962
0.298876
0.298795
0.29872
0.298651
0.298588
0.298532
0.298482
0.298439
0.298403
0.298374
0.298351
0.298333
0.298319
0.298312
0.298309
0.298311
0.298318
0.298326
0.298343
0.298365
0.298392
0.298422
0.298456
0.29849
0.298524
0.298558
0.298593
0.298626
0.298659
0.298692
0.298723
0.298752
0.29878
0.298807
0.298832
0.298855
0.298925
0.29905
0.299181
0.299315
0.29945
0.299584
0.299716
0.299843
0.299963
0.300079
0.300188
0.300291
0.300379
0.300424
0.300432
0.300411
0.300357
0.300266
0.300137
0.300036
0.29994
0.299836
0.299729
0.299617
0.299501
0.299384
0.299271
0.299163
0.299061
0.298964
0.298873
0.298788
0.29871
0.298638
0.298574
0.298516
0.298466
0.298423
0.298388
0.298359
0.298335
0.298316
0.298303
0.298295
0.298293
0.298296
0.298305
0.298322
0.298344
0.29837
0.298401
0.298436
0.298471
0.298507
0.298544
0.29858
0.298617
0.298653
0.298687
0.298721
0.298752
0.298782
0.298809
0.298834
0.298856
0.298877
0.298939
0.29905
0.299161
0.299278
0.299395
0.299509
0.299619
0.299724
0.299825
0.29992
0.300009
0.300083
0.300117
0.300112
0.300078
0.300033
0.299967
0.299882
0.299792
0.299705
0.299614
0.299519
0.29942
0.299317
0.299213
0.299113
0.299017
0.298927
0.298841
0.298762
0.298687
0.298619
0.298558
0.298502
0.298453
0.298412
0.298378
0.29835
0.298326
0.298308
0.298294
0.298285
0.298282
0.298284
0.29829
0.298303
0.298321
0.298346
0.298377
0.298412
0.29845
0.29849
0.29853
0.29857
0.29861
0.298651
0.298691
0.29873
0.298768
0.298806
0.298842
0.298876
0.298908
0.298934
0.29901
0.299138
0.299272
0.29941
0.299549
0.299686
0.29982
0.299948
0.300071
0.300188
0.300298
0.300402
0.30049
0.300536
0.300543
0.300521
0.300466
0.300375
0.300246
0.300161
0.300066
0.299965
0.299859
0.299748
0.299634
0.299518
0.299407
0.2993
0.299199
0.299103
0.299013
0.298929
0.298851
0.29878
0.298716
0.298659
0.29861
0.298568
0.298533
0.298505
0.298483
0.298465
0.298453
0.298447
0.298446
0.29845
0.29846
0.298477
0.298498
0.298524
0.298554
0.298584
0.298618
0.298652
0.298687
0.298721
0.298754
0.298787
0.298819
0.298848
0.298876
0.298902
0.298925
0.298942
0.298958
0.298971
0.299026
0.299129
0.299238
0.299348
0.299459
0.299567
0.299671
0.299771
0.299866
0.299955
0.300043
0.300121
0.300157
0.300153
0.300122
0.300057
0.299988
0.299896
0.299786
0.29969
0.299587
0.299479
0.299368
0.299253
0.299136
0.299024
0.298917
0.298816
0.29872
0.298631
0.298548
0.298471
0.298401
0.298339
0.298283
0.298235
0.298196
0.298163
0.298136
0.298114
0.298098
0.298088
0.298083
0.298083
0.298089
0.298101
0.298121
0.298145
0.298175
0.29821
0.298248
0.298287
0.298327
0.298367
0.298407
0.298447
0.298486
0.298523
0.298559
0.298593
0.298624
0.298653
0.298678
0.298701
0.298769
0.298889
0.299014
0.299144
0.29927
0.299399
0.299525
0.299648
0.299765
0.299876
0.299982
0.300082
0.300167
0.300209
0.300212
0.300185
0.300124
0.300027
0.299936
0.299823
0.299729
0.299628
0.299522
0.299411
0.299298
0.299183
0.299072
0.298967
0.298868
0.298774
0.298686
0.298605
0.29853
0.298463
0.298403
0.298351
0.298307
0.29827
0.298242
0.298219
0.298203
0.298191
0.298185
0.298183
0.298186
0.298193
0.298205
0.298224
0.298248
0.298277
0.298311
0.298348
0.298386
0.298425
0.298465
0.298504
0.298543
0.29858
0.298617
0.298651
0.298684
0.298713
0.298739
0.298763
0.298783
0.298799
0.298904
0.299018
0.299135
0.299255
0.299374
0.29949
0.299602
0.299706
0.299806
0.2999
0.299989
0.300061
0.300091
0.300082
0.300043
0.29997
0.299892
0.299792
0.299688
0.299593
0.299492
0.299387
0.299278
0.299167
0.299055
0.298948
0.298846
0.298749
0.298659
0.298575
0.298498
0.298427
0.298364
0.298308
0.298261
0.29822
0.298186
0.29816
0.298138
0.298119
0.298108
0.298102
0.298102
0.298106
0.298117
0.298133
0.298156
0.298184
0.298218
0.298257
0.298298
0.298341
0.298384
0.298427
0.298466
0.298507
0.298546
0.298584
0.29862
0.298653
0.298683
0.29871
0.298731
0.298751
0.298766
0.298873
0.298985
0.299102
0.299221
0.29934
0.299456
0.299569
0.299676
0.299778
0.299874
0.299964
0.300036
0.300067
0.300057
0.300018
0.299947
0.299856
0.299755
0.299668
0.299573
0.299474
0.299371
0.299264
0.299155
0.299045
0.298939
0.298839
0.298744
0.298655
0.298573
0.298497
0.298428
0.298366
0.298312
0.298266
0.298228
0.298198
0.298175
0.298157
0.298145
0.298139
0.298137
0.298137
0.298145
0.298158
0.298175
0.298196
0.298223
0.298255
0.298291
0.298329
0.298368
0.298408
0.298447
0.298486
0.298524
0.29856
0.298594
0.298627
0.298656
0.298683
0.298707
0.298721
0.298733
0.298737
0.298741
0.298741
0.298738
0.298731
0.298719
0.2987
0.298679
0.298652
0.298619
0.298581
0.298536
0.298475
0.298371
0.298227
0.298051
0.297842
0.297598
0.297317
0.297095
0.296894
0.296694
0.296497
0.296302
0.29611
0.295924
0.295749
0.295584
0.29543
0.295287
0.295157
0.295038
0.294932
0.294838
0.294757
0.294689
0.294634
0.29459
0.294559
0.294535
0.294521
0.294514
0.294517
0.294527
0.294546
0.294573
0.294607
0.294646
0.294696
0.294753
0.294817
0.294887
0.294958
0.295031
0.295104
0.295205
0.295345
0.295498
0.295666
0.295846
0.296039
0.296243
0.296459
0.296684
0.296918
0.297151
0.297387
0.297622
0.297857
0.29809
0.29832
0.298545
0.298764
0.298975
0.299176
0.299367
0.299547
0.299707
0.299825
0.299898
0.299925
0.299926
0.299901
0.299857
0.299791
0.299701
0.29959
0.299453
0.299298
0.299122
0.298928
0.298728
0.29852
0.298305
0.298085
0.29786
0.29763
0.297397
0.297161
0.296924
0.296686
0.296449
0.296214
0.295983
0.29576
0.295546
0.295343
0.295152
0.294972
0.294807
0.29466
0.294526
0.294415
0.294323
0.29425
0.294198
0.294163
0.294144
0.294138
0.294146
0.294167
0.2942
0.294246
0.294304
0.294374
0.294451
0.294542
0.294643
0.294753
0.294869
0.294982
0.295098
0.295211
0.295322
0.295428
0.295529
0.295625
0.295712
0.295794
0.295865
0.29593
0.295981
0.296009
0.295986
0.295917
0.295843
0.295758
0.295663
0.295558
0.295441
0.295314
0.295176
0.295026
0.294865
0.294695
0.294514
0.294327
0.294164
0.294035
0.293917
0.293802
0.293704
0.293618
0.293545
0.293484
0.293435
0.2934
0.293378
0.293368
0.293366
0.293372
0.293386
0.293408
0.293437
0.293475
0.293514
0.293566
0.293629
0.293701
0.293781
0.293867
0.293958
0.294048
0.294137
0.294225
0.294311
0.294395
0.294476
0.294553
0.294628
0.294699
0.294804
0.294967
0.29514
0.295327
0.295519
0.295716
0.295916
0.296117
0.296319
0.296519
0.296715
0.296905
0.297087
0.297294
0.297492
0.29768
0.29785
0.297978
0.298066
0.298116
0.298114
0.29806
0.297991
0.297888
0.297783
0.297656
0.297508
0.297339
0.29715
0.296945
0.296732
0.296514
0.29629
0.296061
0.295828
0.295591
0.295351
0.295109
0.294866
0.294622
0.294379
0.294137
0.293898
0.293668
0.293447
0.293235
0.293035
0.292846
0.292668
0.292503
0.292353
0.29223
0.292127
0.292043
0.291977
0.29193
0.291898
0.29188
0.291876
0.291886
0.291907
0.291943
0.291992
0.292053
0.292127
0.292211
0.292304
0.292406
0.292514
0.292625
0.292737
0.292852
0.292966
0.293081
0.293194
0.293302
0.293411
0.293518
0.293623
0.293725
0.293816
0.293882
0.293896
0.293863
0.293825
0.293777
0.293718
0.293651
0.293573
0.293487
0.293393
0.29329
0.29318
0.293061
0.292936
0.292807
0.292675
0.292538
0.292398
0.292245
0.292126
0.292044
0.291972
0.291911
0.291862
0.291825
0.2918
0.291784
0.291777
0.29178
0.291791
0.291811
0.291832
0.291867
0.291911
0.291962
0.292022
0.292088
0.29216
0.292236
0.292315
0.292393
0.29247
0.292545
0.292619
0.292691
0.292753
0.292787
0.29282
0.292851
0.292881
0.292913
0.292949
0.292986
0.293016
0.293044
0.293069
0.293088
0.293103
0.293112
0.293114
0.293109
0.293131
0.293149
0.29316
0.293163
0.293149
0.293092
0.292994
0.292859
0.292675
0.292443
0.292178
0.291961
0.291731
0.29149
0.291239
0.290977
0.290705
0.290426
0.290148
0.28987
0.289594
0.289319
0.289047
0.288776
0.288509
0.288246
0.287984
0.287726
0.287472
0.287224
0.286981
0.286749
0.286527
0.28632
0.28613
0.285959
0.285806
0.285673
0.285561
0.285477
0.285419
0.285383
0.285364
0.285371
0.285398
0.285439
0.2855
0.285574
0.285666
0.285771
0.285893
0.286029
0.28618
0.286344
0.286523
0.286716
0.286919
0.287152
0.287418
0.287693
0.287976
0.288263
0.288553
0.288844
0.289137
0.289432
0.289726
0.29002
0.290302
0.290564
0.290773
0.290937
0.291084
0.291201
0.29129
0.291353
0.291388
0.291395
0.291376
0.291332
0.291261
0.291166
0.291047
0.290914
0.290764
0.290597
0.290413
0.290213
0.289989
0.289755
0.289506
0.289244
0.288968
0.288682
0.288419
0.288195
0.287989
0.287798
0.287622
0.287462
0.287316
0.287186
0.287071
0.286981
0.286913
0.286866
0.286841
0.286831
0.286843
0.286864
0.286898
0.286942
0.286996
0.287062
0.287135
0.28722
0.287359
0.287513
0.287681
0.287861
0.288055
0.288257
0.288459
0.28866
0.288861
0.289059
0.289246
0.289432
0.289609
0.289775
0.289931
0.290073
0.290199
0.290307
0.290389
0.290424
0.290415
0.290396
0.290361
0.290307
0.290233
0.290128
0.290006
0.289871
0.289722
0.28956
0.289387
0.289205
0.28902
0.288834
0.288649
0.288459
0.288268
0.288076
0.287884
0.287692
0.287492
0.2873
0.287109
0.286922
0.286738
0.286561
0.286392
0.286235
0.286091
0.285963
0.285852
0.285762
0.285692
0.285644
0.285618
0.285612
0.285627
0.285661
0.285709
0.285771
0.285845
0.285934
0.286038
0.286154
0.286284
0.286429
0.286587
0.286757
0.28694
0.287135
0.28739
0.287695
0.288003
0.288312
0.288625
0.288939
0.289253
0.289557
0.289861
0.290159
0.290448
0.290728
0.290995
0.291239
0.29143
0.291576
0.291706
0.291805
0.291876
0.291921
0.291946
0.291953
0.291941
0.291911
0.291864
0.291801
0.291725
0.291643
0.291557
0.291467
0.291375
0.291281
0.291185
0.291088
0.290991
0.290894
0.290799
0.290707
0.290618
0.290535
0.290458
0.290391
0.290334
0.290287
0.290249
0.290221
0.290202
0.290199
0.290218
0.290254
0.290307
0.290376
0.290455
0.290547
0.290647
0.290756
0.290873
0.290997
0.291127
0.291263
0.291403
0.291547
0.291689
0.291838
0.291989
0.29214
0.29229
0.292437
0.292579
0.292749
0.292947
0.293143
0.293335
0.293521
0.293702
0.293876
0.294042
0.2942
0.294333
0.294413
0.294451
0.294475
0.294482
0.294469
0.294436
0.294382
0.294308
0.294213
0.294098
0.293962
0.293806
0.293632
0.293449
0.293252
0.293047
0.292842
0.292636
0.292431
0.292227
0.292025
0.291824
0.291626
0.291431
0.29124
0.291054
0.290876
0.290706
0.290538
0.29039
0.290257
0.290141
0.290044
0.289964
0.289902
0.289858
0.289829
0.289818
0.289823
0.28984
0.289869
0.28991
0.289962
0.290025
0.290101
0.290187
0.290283
0.290391
0.290509
0.290636
0.290772
0.290915
0.291059
0.291203
0.291409
0.291675
0.29194
0.292201
0.292459
0.292708
0.292946
0.29317
0.293382
0.29358
0.293756
0.293882
0.293962
0.294022
0.29405
0.294048
0.294015
0.293979
0.293927
0.29386
0.293779
0.293685
0.293579
0.293464
0.293347
0.293229
0.29311
0.292991
0.292872
0.292753
0.292636
0.292521
0.292407
0.292296
0.292189
0.292086
0.291989
0.291899
0.291817
0.291744
0.291678
0.291621
0.291573
0.291535
0.29152
0.291524
0.291544
0.291583
0.291639
0.29171
0.291792
0.291883
0.291986
0.292093
0.292212
0.292338
0.292472
0.292614
0.292763
0.292919
0.293081
0.293249
0.29342
0.293592
0.293762
0.29393
0.294093
0.294254
0.294476
0.294696
0.294912
0.295123
0.29533
0.295532
0.295727
0.295903
0.296029
0.296108
0.296169
0.296209
0.296225
0.296218
0.296186
0.296131
0.296053
0.295953
0.295829
0.295683
0.295516
0.29534
0.295162
0.294981
0.294798
0.294614
0.29443
0.294245
0.294061
0.293878
0.293697
0.293518
0.293342
0.293171
0.293007
0.292853
0.29271
0.292581
0.292469
0.292374
0.292295
0.29223
0.29218
0.292145
0.292125
0.292121
0.292131
0.292149
0.292178
0.292217
0.292268
0.292328
0.292398
0.292478
0.292567
0.292664
0.29277
0.292884
0.293001
0.293126
0.293252
0.293486
0.293722
0.293963
0.294207
0.29445
0.294688
0.294915
0.295132
0.295334
0.295521
0.295696
0.295848
0.295951
0.296009
0.296045
0.296049
0.296022
0.295966
0.29591
0.29584
0.295758
0.295662
0.295555
0.295437
0.295309
0.295179
0.295048
0.294916
0.294784
0.294651
0.294519
0.294387
0.294258
0.294131
0.294007
0.293887
0.293772
0.293662
0.293559
0.293465
0.29338
0.293302
0.293234
0.293174
0.29313
0.293107
0.293103
0.293118
0.293151
0.293201
0.293261
0.293334
0.293416
0.293507
0.293608
0.293719
0.293838
0.293967
0.294104
0.294249
0.294402
0.294562
0.294729
0.294901
0.295072
0.295243
0.295412
0.295578
0.29574
0.295973
0.296201
0.296425
0.296644
0.296857
0.297063
0.297258
0.297429
0.297549
0.297622
0.297672
0.297694
0.297685
0.297648
0.297581
0.297486
0.297363
0.297235
0.29709
0.29693
0.296759
0.296585
0.296409
0.296232
0.296053
0.295873
0.295692
0.295512
0.295333
0.295155
0.294978
0.294805
0.294635
0.29447
0.294312
0.294162
0.294022
0.293894
0.293782
0.293685
0.293602
0.293533
0.293477
0.293436
0.293409
0.2934
0.293406
0.293423
0.293451
0.293489
0.293537
0.293595
0.293663
0.293741
0.293828
0.293923
0.294026
0.294137
0.294255
0.294378
0.294548
0.294766
0.294988
0.295214
0.29544
0.295665
0.295886
0.296096
0.296295
0.296485
0.296664
0.29683
0.296973
0.297067
0.297117
0.297141
0.297137
0.297104
0.297042
0.296964
0.296881
0.296784
0.296673
0.296549
0.296414
0.296268
0.296121
0.295972
0.295822
0.295671
0.29552
0.295369
0.29522
0.295071
0.294925
0.294782
0.294643
0.294508
0.294379
0.294256
0.294142
0.294036
0.293941
0.293856
0.293782
0.293723
0.293681
0.293657
0.293649
0.293657
0.293681
0.293719
0.293767
0.293826
0.293894
0.293972
0.29406
0.294159
0.294268
0.294386
0.294514
0.29465
0.294795
0.294947
0.295102
0.29526
0.295419
0.295575
0.295825
0.296072
0.296316
0.296555
0.296787
0.297012
0.297226
0.29743
0.297621
0.297789
0.297905
0.297974
0.29802
0.298031
0.298009
0.297953
0.297865
0.297779
0.297675
0.297554
0.297418
0.297266
0.297102
0.296936
0.296767
0.296595
0.296422
0.296247
0.296072
0.295896
0.295721
0.295548
0.295377
0.295209
0.295045
0.294887
0.294736
0.294593
0.29446
0.294337
0.294227
0.294129
0.294045
0.293977
0.293929
0.293899
0.293887
0.293893
0.293915
0.293948
0.293992
0.294047
0.294112
0.294186
0.29427
0.294362
0.294463
0.294573
0.29469
0.294813
0.294944
0.295078
0.295214
0.295386
0.295599
0.295813
0.296025
0.296235
0.296442
0.296642
0.296832
0.297012
0.297181
0.297336
0.297469
0.297551
0.29759
0.297603
0.297588
0.297545
0.297473
0.297383
0.297283
0.297168
0.297039
0.296897
0.296741
0.296575
0.296407
0.296236
0.296063
0.295888
0.295712
0.295535
0.295356
0.295178
0.295001
0.294825
0.294652
0.294483
0.294318
0.294161
0.294011
0.293871
0.293743
0.293627
0.293525
0.293437
0.293363
0.293307
0.293269
0.293247
0.293241
0.29325
0.29327
0.293303
0.293346
0.293401
0.293466
0.293541
0.293626
0.29372
0.293823
0.293936
0.294056
0.294183
0.294313
0.294447
0.294634
0.294874
0.295117
0.295362
0.295603
0.295835
0.29606
0.296274
0.296479
0.296671
0.29685
0.297005
0.297107
0.297162
0.297192
0.297184
0.297141
0.297093
0.297026
0.296942
0.296841
0.296725
0.296593
0.296448
0.296291
0.296131
0.29597
0.295806
0.295642
0.295476
0.295311
0.295145
0.294982
0.29482
0.294661
0.294505
0.294353
0.294206
0.294067
0.293937
0.293816
0.293705
0.293605
0.293514
0.293435
0.29338
0.293344
0.293327
0.293328
0.293346
0.29338
0.293426
0.293484
0.293551
0.293629
0.293716
0.293811
0.293913
0.294022
