0.270159
0.270853
0.271542
0.272229
0.272906
0.273571
0.274218
0.274843
0.275444
0.276017
0.276559
0.277068
0.277543
0.27798
0.278382
0.278747
0.279074
0.279364
0.279617
0.279833
0.280011
0.280154
0.28026
0.280331
0.280368
0.280372
0.280345
0.280288
0.280208
0.280107
0.279986
0.279846
0.279691
0.27952
0.279337
0.279143
0.27894
0.27873
0.278514
0.278293
0.278071
0.277847
0.277625
0.277404
0.277186
0.276973
0.276765
0.276563
0.276369
0.276181
0.276
0.275829
0.275669
0.275519
0.27538
0.275249
0.27513
0.275024
0.27493
0.274848
0.274776
0.274716
0.274667
0.274628
0.2746
0.274581
0.274569
0.274565
0.274567
0.274576
0.27459
0.274611
0.274636
0.274665
0.274699
0.274737
0.274777
0.274818
0.274861
0.274905
0.274949
0.274993
0.275037
0.275081
0.275124
0.275166
0.275207
0.275247
0.275284
0.27532
0.275354
0.275387
0.275417
0.275445
0.27547
0.275494
0.275514
0.275533
0.275548
0.275562
0.275572
0.275581
0.275587
0.27559
0.275592
0.275591
0.275589
0.275587
0.275583
0.27558
0.275576
0.275571
0.275567
0.275562
0.275558
0.275555
0.275552
0.27555
0.275549
0.275545
0.275544
0.275543
0.275542
0.275542
0.275542
0.275543
0.275543
0.275541
0.275541
0.275541
0.275541
0.275542
0.275542
0.275543
0.275543
0.275544
0.275544
0.275545
0.275545
0.275545
0.275545
0.275546
0.275547
0.275547
0.275548
0.27555
0.27555
0.275551
0.275552
0.275553
0.275555
0.275556
0.275557
0.275559
0.27556
0.275561
0.275562
0.275563
0.275564
0.275565
0.275566
0.275568
0.275569
0.27557
0.275571
0.275573
0.275574
0.275574
0.275575
0.275576
0.275578
0.275579
0.27558
0.27558
0.275581
0.275581
0.275582
0.275583
0.275584
0.275584
0.275585
0.275585
0.275585
0.275586
0.275586
0.275586
0.275581
0.27558
0.27558
0.27558
0.27558
0.27558
0.27558
0.27558
0.27558
0.27558
0.27558
0.275579
0.275579
0.275579
0.275579
0.275579
0.275579
0.275579
0.275579
0.275579
0.275579
0.275579
0.275579
0.27558
0.275579
0.275579
0.275579
0.275579
0.275579
0.275579
0.275579
0.275578
0.275578
0.275578
0.275578
0.275578
0.275578
0.275578
0.275578
0.275578
0.275578
0.275578
0.275577
0.275577
0.275577
0.275577
0.275577
0.275577
0.275577
0.275577
0.275578
0.275578
0.275578
0.275578
0.275577
0.275577
0.275577
0.275577
0.275577
0.275577
0.275577
0.275577
0.275577
0.275577
0.275577
0.275577
0.275577
0.275577
0.275577
0.275577
0.275576
0.275576
0.275576
0.275576
0.275576
0.275576
0.275576
0.275576
0.275576
0.275576
0.275576
0.275576
0.275576
0.275576
0.275576
0.275576
0.275575
0.275575
0.275575
0.275575
0.275575
0.275575
0.275575
0.275574
0.275574
0.275574
0.275574
0.275574
0.275575
0.275575
0.275575
0.275575
0.275575
0.275575
0.275575
0.275575
0.275575
0.275575
0.275575
0.275575
0.275575
0.275576
0.275576
0.275576
0.275576
0.275575
0.275575
0.275575
0.275575
0.275575
0.275575
0.275575
0.275576
0.275576
0.275576
0.275576
0.275576
0.275576
0.275576
0.275575
0.275575
0.275575
0.275575
0.275574
0.275574
0.275574
0.275573
0.275573
0.275573
0.275572
0.275572
0.275572
0.275571
0.275571
0.275571
0.275571
0.27557
0.27557
0.275569
0.275568
0.275568
0.275567
0.275567
0.275566
0.275566
0.275566
0.275565
0.275565
0.275564
0.275564
0.275555
0.275511
0.275425
0.275292
0.275113
0.274887
0.274622
0.274322
0.273985
0.273611
0.2732
0.272753
0.272271
0.271777
0.271325
0.270909
0.270532
0.270192
0.270189
0.270465
0.270765
0.271089
0.271431
0.271783
0.272143
0.272511
0.272887
0.27327
0.273655
0.27405
0.274449
0.274854
0.275263
0.275676
0.276092
0.27651
0.276925
0.277336
0.277742
0.278144
0.27854
0.27893
0.279314
0.27975
0.28018
0.280603
0.281017
0.281424
0.281813
0.282158
0.282463
0.282737
0.282977
0.283178
0.283339
0.283458
0.283535
0.283569
0.283562
0.28359
0.283678
0.283761
0.283851
0.283946
0.284049
0.28416
0.284279
0.284408
0.284547
0.284695
0.284854
0.285023
0.285201
0.285389
0.285586
0.285791
0.286003
0.286222
0.286449
0.286685
0.286929
0.287182
0.287443
0.287711
0.287985
0.288263
0.288545
0.28883
0.289113
0.289395
0.289675
0.289952
0.290226
0.290497
0.290765
0.291029
0.291289
0.291545
0.291796
0.292041
0.292281
0.292514
0.29274
0.292957
0.293167
0.293367
0.293559
0.293737
0.293908
0.294067
0.294216
0.294352
0.294477
0.294581
0.294641
0.29466
0.294647
0.294596
0.294504
0.294371
0.294193
0.294032
0.293846
0.293639
0.29341
0.293259
0.293104
0.292958
0.292822
0.292696
0.292581
0.292478
0.292388
0.29231
0.292246
0.292196
0.292161
0.292141
0.292136
0.292146
0.292166
0.292199
0.292244
0.292302
0.292373
0.292459
0.292557
0.292668
0.29279
0.292922
0.293063
0.293213
0.293368
0.293525
0.293682
0.29384
0.293996
0.294151
0.294304
0.294452
0.294599
0.294742
0.294881
0.295016
0.295146
0.295271
0.295393
0.295517
0.295641
0.295765
0.295889
0.296013
0.296137
0.296259
0.29638
0.2965
0.296616
0.296728
0.296862
0.296958
0.297017
0.297041
0.297027
0.296992
0.296952
0.296894
0.296817
0.296724
0.296613
0.296529
0.296484
0.296443
0.29641
0.29638
0.296354
0.296332
0.296316
0.296306
0.296303
0.296307
0.296318
0.296335
0.29636
0.296394
0.296435
0.296483
0.296539
0.296602
0.296674
0.296754
0.296842
0.296939
0.297043
0.297154
0.29727
0.297391
0.297512
0.297639
0.297766
0.297893
0.298021
0.298158
0.298303
0.298453
0.298609
0.298768
0.298931
0.299095
0.29926
0.299426
0.299591
0.299752
0.299908
0.30006
0.300205
0.300398
0.30064
0.300875
0.301098
0.301309
0.301506
0.301689
0.301858
0.302005
0.302108
0.302169
0.302195
0.302184
0.302134
0.302042
0.301909
0.301733
0.301559
0.30143
0.30132
0.301206
0.301094
0.30099
0.300897
0.300816
0.300747
0.300691
0.300649
0.300621
0.300607
0.300609
0.300624
0.300652
0.300694
0.300747
0.30081
0.300882
0.300963
0.301053
0.30115
0.301256
0.30137
0.30149
0.301616
0.301747
0.301881
0.302019
0.302158
0.302296
0.302432
0.302565
0.302696
0.302824
0.302948
0.303068
0.303184
0.303296
0.303402
0.303503
0.303599
0.303689
0.303776
0.303859
0.303938
0.304013
0.304084
0.304272
0.304453
0.304627
0.304795
0.304956
0.305111
0.305258
0.305389
0.305482
0.305536
0.305554
0.305534
0.305475
0.305381
0.305264
0.305121
0.304954
0.304804
0.304683
0.304557
0.304429
0.304308
0.304194
0.30409
0.303994
0.303909
0.303835
0.303772
0.303721
0.303682
0.303656
0.303643
0.303641
0.303651
0.303671
0.303698
0.303733
0.303774
0.303823
0.303878
0.30394
0.304008
0.304082
0.30416
0.304243
0.304329
0.304416
0.304503
0.304589
0.304674
0.304757
0.304838
0.304918
0.304995
0.30507
0.305142
0.30521
0.305274
0.305335
0.305392
0.305445
0.305493
0.305536
0.305575
0.305607
0.305633
0.305653
0.305666
0.305715
0.305799
0.305877
0.305947
0.306003
0.306019
0.305998
0.305943
0.305873
0.305801
0.305713
0.305609
0.305489
0.305352
0.3052
0.305045
0.304898
0.304751
0.30461
0.304477
0.304352
0.304236
0.30413
0.304034
0.303947
0.303871
0.303805
0.303751
0.303708
0.303675
0.303651
0.303635
0.303626
0.303624
0.30363
0.303643
0.303663
0.303691
0.303726
0.303767
0.303814
0.303867
0.303925
0.303988
0.304053
0.30412
0.304189
0.304259
0.30433
0.304402
0.304475
0.304548
0.30462
0.304692
0.304763
0.304832
0.3049
0.304964
0.305026
0.305083
0.305137
0.305185
0.305293
0.305454
0.305607
0.305753
0.305891
0.306022
0.306145
0.306251
0.306316
0.306343
0.306334
0.306288
0.306202
0.306074
0.305904
0.305691
0.305437
0.305184
0.30501
0.304827
0.304643
0.304466
0.304297
0.304138
0.303989
0.30385
0.303723
0.303608
0.303505
0.303415
0.303338
0.303275
0.303225
0.303189
0.303164
0.303149
0.303143
0.303147
0.30316
0.303184
0.303216
0.303256
0.303303
0.303356
0.303416
0.303482
0.303552
0.303624
0.303698
0.303773
0.303849
0.303925
0.304002
0.304078
0.304154
0.304229
0.304302
0.304374
0.304443
0.304509
0.304573
0.304632
0.304688
0.304738
0.304784
0.304824
0.304858
0.304884
0.304945
0.305038
0.305123
0.305202
0.305264
0.305288
0.305274
0.305226
0.305174
0.305103
0.305016
0.30491
0.304785
0.304643
0.304483
0.304344
0.3042
0.304057
0.303921
0.303793
0.303672
0.303561
0.303458
0.303365
0.303283
0.303212
0.303152
0.303102
0.303063
0.303035
0.303017
0.303008
0.303006
0.303014
0.303031
0.303058
0.303094
0.30314
0.303194
0.303258
0.303328
0.303406
0.303491
0.303582
0.303674
0.303769
0.303865
0.303962
0.30406
0.304158
0.304257
0.304354
0.304451
0.304541
0.304633
0.304723
0.304809
0.304892
0.30497
0.305042
0.305109
0.30517
0.305225
0.305386
0.305538
0.305682
0.305818
0.305946
0.306064
0.306166
0.306226
0.306248
0.306233
0.30618
0.306086
0.30595
0.30577
0.305548
0.305284
0.305067
0.304891
0.304706
0.30452
0.30434
0.30417
0.304009
0.303858
0.303719
0.303591
0.303475
0.303372
0.303282
0.303206
0.303144
0.303097
0.303063
0.303042
0.303032
0.303032
0.303044
0.303068
0.303103
0.303149
0.303205
0.303269
0.303342
0.303421
0.303507
0.303598
0.303691
0.303785
0.303879
0.303974
0.304068
0.30416
0.304252
0.304341
0.304428
0.304514
0.304596
0.304676
0.304753
0.304826
0.304893
0.304956
0.305012
0.305063
0.305107
0.305144
0.305173
0.305235
0.30533
0.305418
0.305498
0.305561
0.305585
0.305572
0.305524
0.30544
0.305339
0.305232
0.305104
0.304955
0.304787
0.304622
0.30447
0.304317
0.304164
0.304018
0.30388
0.303751
0.303632
0.303522
0.303423
0.303335
0.303258
0.303194
0.303141
0.303101
0.303074
0.303059
0.303054
0.303059
0.303074
0.303098
0.303133
0.303177
0.303228
0.303292
0.303364
0.303444
0.303533
0.303629
0.303731
0.303835
0.30394
0.304046
0.304151
0.304257
0.304362
0.304466
0.304568
0.304668
0.304766
0.30486
0.304951
0.305038
0.30512
0.305197
0.30527
0.305338
0.3054
0.305458
0.305508
0.305652
0.305787
0.305915
0.306035
0.306146
0.306239
0.306292
0.306306
0.306284
0.306223
0.30612
0.305975
0.305786
0.305555
0.305361
0.305143
0.304937
0.304753
0.304568
0.30439
0.304221
0.304061
0.303912
0.303774
0.303648
0.303534
0.303434
0.303347
0.303274
0.303216
0.303173
0.303145
0.303128
0.303122
0.303127
0.303145
0.303174
0.303216
0.30327
0.303334
0.303407
0.303489
0.30358
0.303677
0.303781
0.303887
0.303994
0.304102
0.30421
0.304319
0.304426
0.304533
0.304638
0.304741
0.304841
0.304938
0.305032
0.305122
0.305207
0.305287
0.305362
0.30543
0.305491
0.305544
0.30559
0.305628
0.305748
0.305859
0.305963
0.306057
0.306133
0.30617
0.306169
0.306134
0.306062
0.305951
0.305798
0.305603
0.305432
0.305234
0.305015
0.304841
0.304661
0.304481
0.30431
0.304147
0.303994
0.303851
0.30372
0.303601
0.303494
0.303401
0.303322
0.303258
0.303208
0.303172
0.30315
0.303139
0.303139
0.303151
0.303175
0.303211
0.303255
0.303314
0.303384
0.303463
0.303551
0.303647
0.30375
0.303859
0.303969
0.304081
0.304193
0.304306
0.304418
0.304529
0.304639
0.304748
0.304855
0.304959
0.30506
0.305157
0.30525
0.305339
0.305423
0.305501
0.305573
0.305639
0.305697
0.305748
0.305791
0.30591
0.306021
0.306125
0.30622
0.306298
0.306335
0.306333
0.306296
0.306221
0.306105
0.305946
0.305744
0.305568
0.305366
0.305141
0.30493
0.304744
0.304557
0.304379
0.304208
0.304048
0.303899
0.303761
0.303636
0.303524
0.303424
0.303339
0.303267
0.303211
0.303169
0.303142
0.303126
0.303121
0.303129
0.303149
0.303184
0.303231
0.303292
0.303365
0.303449
0.303544
0.303649
0.303763
0.303885
0.304009
0.304135
0.304263
0.304392
0.30452
0.304648
0.304775
0.304901
0.305023
0.305143
0.30526
0.305373
0.305482
0.305585
0.305682
0.305772
0.305855
0.305931
0.305998
0.306056
0.306105
0.306235
0.306356
0.306468
0.30657
0.306654
0.306698
0.306704
0.306676
0.306611
0.306507
0.306362
0.306175
0.305944
0.305703
0.305464
0.305242
0.305049
0.304856
0.304672
0.304499
0.304336
0.304185
0.304046
0.30392
0.303808
0.30371
0.303627
0.303559
0.303506
0.30347
0.303447
0.303437
0.303437
0.303449
0.303473
0.303508
0.303557
0.303619
0.303693
0.303778
0.303873
0.303978
0.304091
0.304211
0.304334
0.304458
0.304583
0.30471
0.304837
0.304963
0.305088
0.305213
0.305334
0.305453
0.305569
0.305682
0.305791
0.305895
0.305993
0.306084
0.306169
0.306246
0.306316
0.306377
0.306429
0.306511
0.306625
0.306729
0.306825
0.306902
0.306939
0.306938
0.306902
0.306829
0.306714
0.306558
0.306358
0.306169
0.305952
0.305712
0.305531
0.305344
0.305157
0.304978
0.304809
0.30465
0.304503
0.304364
0.30424
0.30413
0.304033
0.303951
0.303884
0.303834
0.303799
0.303779
0.303771
0.303776
0.303795
0.303827
0.303873
0.303933
0.304006
0.304092
0.304186
0.304294
0.304411
0.304538
0.304672
0.304808
0.304944
0.305081
0.305218
0.305353
0.305486
0.305616
0.305744
0.305867
0.305987
0.306103
0.306214
0.306319
0.306415
0.306506
0.306589
0.306665
0.306732
0.30679
0.306839
0.306878
0.306996
0.307106
0.307206
0.307296
0.307369
0.3074
0.307394
0.307354
0.307278
0.307162
0.307004
0.306804
0.306561
0.306307
0.306055
0.305821
0.305618
0.305414
0.30522
0.305037
0.304865
0.304706
0.304559
0.304426
0.304307
0.304203
0.304114
0.304041
0.303985
0.303946
0.303922
0.303911
0.303912
0.303925
0.30395
0.303988
0.304039
0.304102
0.304178
0.304265
0.304364
0.304471
0.304587
0.304709
0.304832
0.304956
0.305079
0.305202
0.305324
0.305444
0.305562
0.305676
0.305788
0.305895
0.305998
0.306097
0.30619
0.306278
0.306359
0.306434
0.306502
0.306563
0.306615
0.306659
0.306694
0.306811
0.306919
0.307018
0.307108
0.307181
0.307214
0.307208
0.307168
0.30709
0.306971
0.306811
0.306608
0.306361
0.306131
0.305873
0.305681
0.305482
0.305284
0.305094
0.304915
0.304746
0.30459
0.304446
0.304315
0.304198
0.304096
0.304009
0.303937
0.303882
0.303842
0.303817
0.303805
0.303807
0.303823
0.303854
0.303899
0.303959
0.304032
0.304118
0.304215
0.304323
0.30444
0.304565
0.304697
0.30483
0.304964
0.305097
0.305229
0.30536
0.305489
0.305609
0.305731
0.30585
0.305964
0.306075
0.306181
0.306281
0.306375
0.306462
0.306543
0.306616
0.306681
0.306738
0.306787
0.306826
0.306895
0.306996
0.307087
0.30717
0.307234
0.30726
0.307247
0.307202
0.30712
0.306998
0.306835
0.306629
0.306446
0.306239
0.306012
0.305797
0.305608
0.305419
0.305239
0.305068
0.304907
0.304759
0.304622
0.304498
0.304387
0.304291
0.304209
0.304142
0.304091
0.304056
0.304036
0.304026
0.304029
0.304043
0.30407
0.30411
0.304161
0.304225
0.304298
0.304382
0.304474
0.304574
0.304681
0.304793
0.304906
0.305018
0.30513
0.305241
0.305351
0.305458
0.305563
0.305715
0.305812
0.305906
0.305995
0.306081
0.306161
0.306235
0.306303
0.306366
0.306421
0.30647
0.306512
0.306601
0.306736
0.306865
0.306985
0.307098
0.307201
0.307287
0.307333
0.307341
0.307314
0.30725
0.307146
0.306999
0.30681
0.306578
0.306302
0.306015
0.305774
0.305568
0.305362
0.305164
0.304977
0.3048
0.304636
0.304484
0.304346
0.304222
0.304112
0.304017
0.303938
0.303875
0.30383
0.3038
0.303783
0.303779
0.303788
0.303811
0.303846
0.303894
0.303956
0.304031
0.304118
0.304216
0.304323
0.30444
0.304563
0.304687
0.304813
0.304938
0.305064
0.305189
0.305312
0.305435
0.305555
0.305673
0.305788
0.305899
0.306006
0.306108
0.306205
0.306296
0.306381
0.306458
0.306529
0.306591
0.306645
0.306691
0.306727
0.306823
0.306911
0.30699
0.307054
0.307078
0.307065
0.307019
0.306936
0.306814
0.306677
0.306536
0.306375
0.306193
0.305991
0.305798
0.305627
0.305456
0.305293
0.305138
0.304993
0.304859
0.304735
0.304624
0.304524
0.304438
0.304365
0.304306
0.304262
0.304231
0.304214
0.304208
0.304212
0.304228
0.304255
0.304296
0.304347
0.304409
0.304482
0.304563
0.304652
0.304747
0.304849
0.304956
0.305063
0.30517
0.305277
0.305383
0.305487
0.305589
0.305689
0.305782
0.305872
0.30596
0.306044
0.306123
0.306197
0.306266
0.30633
0.306387
0.306437
0.30648
0.306515
0.306542
0.306667
0.306784
0.306893
0.306993
0.307085
0.307161
0.307195
0.307192
0.307154
0.307079
0.306964
0.306806
0.306606
0.306362
0.306075
0.305785
0.305544
0.305331
0.305118
0.304913
0.30472
0.304538
0.304368
0.304211
0.304067
0.303938
0.303824
0.303726
0.303643
0.303578
0.30353
0.303499
0.303481
0.303477
0.303485
0.303505
0.303539
0.303586
0.303647
0.303721
0.303808
0.303906
0.304014
0.30413
0.304253
0.304378
0.304504
0.30463
0.304757
0.304884
0.30501
0.305135
0.305258
0.305379
0.305497
0.305612
0.305723
0.305829
0.305931
0.306026
0.306115
0.306197
0.306272
0.306339
0.306397
0.306447
0.306488
0.306518
0.306596
0.306664
0.306716
0.306729
0.306706
0.306648
0.306555
0.306422
0.306296
0.306145
0.305974
0.305781
0.305624
0.305462
0.305298
0.305135
0.30498
0.304834
0.304697
0.304571
0.304456
0.304353
0.304262
0.304183
0.304118
0.304067
0.304029
0.304005
0.303994
0.303994
0.304004
0.304024
0.304052
0.304096
0.304152
0.30422
0.304299
0.304388
0.304484
0.304588
0.304699
0.304814
0.304929
0.305045
0.30516
0.305273
0.305385
0.305495
0.305602
0.305705
0.305806
0.305903
0.305995
0.306083
0.306167
0.306244
0.306316
0.306381
0.306439
0.306489
0.306532
0.306567
0.306696
0.306816
0.306929
0.307034
0.30713
0.307209
0.307248
0.307248
0.307214
0.307142
0.307029
0.306875
0.306678
0.306438
0.306154
0.305828
0.305626
0.305413
0.3052
0.304996
0.304802
0.30462
0.30445
0.304292
0.304148
0.304019
0.303905
0.303805
0.303722
0.303655
0.303606
0.303574
0.303556
0.30355
0.303558
0.303579
0.303613
0.303662
0.303724
0.303799
0.303887
0.303985
0.304093
0.304209
0.304332
0.304455
0.304579
0.304702
0.304824
0.304945
0.305065
0.305183
0.305298
0.305412
0.305522
0.305628
0.305731
0.30583
0.305923
0.306011
0.306092
0.306167
0.306234
0.306294
0.306345
0.306389
0.306423
0.306521
0.30661
0.306691
0.306756
0.306783
0.306772
0.306728
0.306647
0.306527
0.306389
0.306243
0.306074
0.305882
0.305669
0.305503
0.305332
0.305161
0.304999
0.304846
0.304702
0.30457
0.304449
0.304339
0.304243
0.304159
0.304089
0.304033
0.303991
0.303964
0.303951
0.303949
0.303959
0.303982
0.304012
0.304058
0.304115
0.304183
0.304262
0.304351
0.304449
0.304556
0.304671
0.304791
0.304912
0.305034
0.305155
0.305275
0.305394
0.305512
0.305627
0.30574
0.305847
0.305952
0.306053
0.306149
0.30624
0.306324
0.306402
0.306474
0.306538
0.306597
0.306656
0.306714
0.306874
0.307032
0.30719
0.307347
0.3075
0.307642
0.30775
0.307824
0.307861
0.307859
0.307816
0.307731
0.307603
0.307502
0.307377
0.307313
0.307237
0.307154
0.307067
0.306984
0.306906
0.306832
0.306764
0.306703
0.306648
0.3066
0.306558
0.306525
0.3065
0.306484
0.306476
0.306477
0.306484
0.306499
0.306522
0.306553
0.306593
0.306643
0.306701
0.306768
0.306843
0.306925
0.307013
0.307107
0.307205
0.307303
0.3074
0.307499
0.307606
0.307719
0.307838
0.307963
0.308091
0.308221
0.308354
0.308487
0.30862
0.308751
0.308879
0.309002
0.309185
0.309437
0.309695
0.309955
0.31021
0.310458
0.310691
0.310911
0.311117
0.311309
0.311483
0.311618
0.311714
0.311772
0.311794
0.31179
0.311772
0.311731
0.311666
0.31158
0.31147
0.311338
0.311183
0.311008
0.310818
0.310615
0.310396
0.310163
0.309984
0.309877
0.309782
0.309703
0.309638
0.30959
0.309559
0.309545
0.309548
0.309565
0.309597
0.309643
0.309701
0.309765
0.309834
0.309904
0.309979
0.310061
0.310148
0.31024
0.310335
0.310434
0.310533
0.310632
0.310732
0.310832
0.310932
0.311033
0.311134
0.311235
0.311337
0.311439
0.311542
0.311644
0.311744
0.311842
0.31201
0.312251
0.312498
0.312747
0.312995
0.313241
0.313482
0.313783
0.314076
0.314364
0.314645
0.314912
0.315144
0.315341
0.315502
0.315625
0.315706
0.315746
0.315742
0.315696
0.315634
0.315568
0.315478
0.315364
0.315228
0.315078
0.31491
0.314727
0.314526
0.31431
0.314076
0.313963
0.313855
0.313757
0.313669
0.313592
0.313527
0.313473
0.313431
0.3134
0.31338
0.313372
0.313375
0.31339
0.313415
0.31345
0.313492
0.313542
0.313598
0.313659
0.313724
0.31379
0.313857
0.313923
0.313989
0.314055
0.314119
0.314183
0.314245
0.314306
0.314365
0.314422
0.314477
0.314529
0.314579
0.314625
0.314667
0.314773
0.314943
0.315114
0.315279
0.315439
0.315592
0.315783
0.315969
0.31615
0.316318
0.316452
0.316551
0.316613
0.316636
0.316617
0.316556
0.31645
0.316302
0.31614
0.316022
0.315893
0.315756
0.315614
0.315477
0.315346
0.315221
0.315104
0.314996
0.314897
0.314808
0.314729
0.314663
0.314608
0.314566
0.314534
0.314513
0.314499
0.314493
0.314494
0.314502
0.314517
0.314538
0.314564
0.314595
0.31463
0.314668
0.314709
0.314753
0.314797
0.314839
0.314881
0.31492
0.314959
0.314995
0.31503
0.315063
0.315094
0.315122
0.315148
0.315171
0.315191
0.315209
0.315223
0.315235
0.315243
0.315246
0.31537
0.315488
0.315601
0.315707
0.315873
0.316031
0.316182
0.316327
0.316458
0.316553
0.316614
0.316639
0.316626
0.316573
0.316478
0.31634
0.31616
0.316012
0.315877
0.315732
0.31558
0.315425
0.315274
0.315128
0.314988
0.314855
0.31473
0.314612
0.314502
0.314402
0.31431
0.314228
0.314156
0.314094
0.314041
0.313995
0.313955
0.313922
0.313895
0.313874
0.313861
0.313855
0.313856
0.313863
0.313877
0.313898
0.313925
0.313958
0.313994
0.314032
0.314074
0.314118
0.314164
0.314211
0.31426
0.314307
0.314354
0.314399
0.314442
0.314482
0.314519
0.314552
0.314581
0.314604
0.314623
0.31478
0.314931
0.315075
0.315213
0.315342
0.315485
0.315642
0.315793
0.31593
0.31603
0.316095
0.316125
0.316119
0.316073
0.315987
0.315859
0.315749
0.315618
0.315466
0.315294
0.315145
0.31499
0.31484
0.314697
0.31456
0.314431
0.31431
0.314199
0.314098
0.314007
0.313928
0.31386
0.313803
0.313757
0.313722
0.313694
0.313671
0.313653
0.313639
0.313629
0.313622
0.313618
0.313617
0.313618
0.313623
0.31363
0.313641
0.313655
0.313671
0.313689
0.31371
0.313734
0.313761
0.31379
0.313821
0.313855
0.31389
0.313925
0.313962
0.313998
0.314032
0.314065
0.314094
0.31412
0.314142
0.314233
0.314388
0.314535
0.314677
0.314869
0.315052
0.315232
0.315406
0.315565
0.315689
0.315776
0.315827
0.315839
0.315809
0.315737
0.315622
0.315463
0.315292
0.315124
0.314932
0.314774
0.31461
0.31445
0.314295
0.314147
0.314005
0.313871
0.313746
0.31363
0.313523
0.313427
0.313342
0.313268
0.313205
0.313152
0.313108
0.313073
0.313048
0.313033
0.313027
0.313031
0.313045
0.31307
0.313102
0.313142
0.313189
0.313243
0.313302
0.313363
0.313425
0.313487
0.313551
0.313615
0.313679
0.313743
0.313806
0.313868
0.313928
0.313985
0.314039
0.31409
0.314135
0.314176
0.314211
0.314241
0.314266
0.314411
0.314549
0.31468
0.314866
0.315047
0.315223
0.315392
0.315546
0.315664
0.315744
0.31579
0.3158
0.315771
0.315701
0.315588
0.315434
0.315308
0.315161
0.314994
0.314828
0.314675
0.314528
0.314387
0.314253
0.314127
0.314011
0.313904
0.313807
0.31372
0.313645
0.313582
0.31353
0.31349
0.313459
0.313436
0.313419
0.313409
0.313398
0.313395
0.313395
0.313399
0.313405
0.313414
0.313426
0.313441
0.313459
0.313481
0.313507
0.313535
0.313567
0.313603
0.313642
0.313685
0.31373
0.313778
0.313828
0.313879
0.31393
0.31398
0.314028
0.314072
0.314113
0.31415
0.314182
0.314285
0.314454
0.314618
0.314775
0.314923
0.315063
0.315195
0.315325
0.315449
0.315536
0.315588
0.315602
0.315576
0.315508
0.315396
0.315277
0.31513
0.314956
0.314789
0.314641
0.314485
0.314325
0.31417
0.31402
0.313876
0.313739
0.31361
0.313491
0.313381
0.313281
0.313193
0.313117
0.313054
0.313003
0.312964
0.312937
0.312921
0.312918
0.312927
0.312948
0.312982
0.313028
0.313087
0.313156
0.313235
0.313321
0.313416
0.313517
0.31362
0.313723
0.313827
0.313929
0.31403
0.314129
0.314225
0.314318
0.314408
0.314492
0.314573
0.314647
0.314716
0.314779
0.314835
0.314884
0.314924
0.314957
0.314981
0.315049
0.315245
0.315432
0.315614
0.315788
0.315954
0.316103
0.316216
0.316291
0.316333
0.316338
0.316303
0.316228
0.316111
0.315951
0.315819
0.315663
0.315489
0.315295
0.315108
0.314948
0.314795
0.314651
0.314516
0.314392
0.31428
0.314179
0.314091
0.314015
0.313953
0.313905
0.313869
0.313844
0.313827
0.313817
0.313815
0.313818
0.313828
0.313844
0.313865
0.31389
0.313914
0.313939
0.313966
0.313998
0.314034
0.314074
0.314118
0.314166
0.314218
0.314275
0.314334
0.314396
0.314461
0.314526
0.31459
0.314653
0.314713
0.314771
0.314823
0.31487
0.314909
0.314942
0.315129
0.315307
0.315479
0.315643
0.315799
0.315946
0.316083
0.316211
0.316322
0.316394
0.316428
0.316421
0.316373
0.316283
0.316147
0.315967
0.315787
0.315578
0.315342
0.315163
0.314975
0.314784
0.314599
0.314423
0.314255
0.314097
0.313948
0.313812
0.313688
0.313578
0.31348
0.313397
0.313331
0.31328
0.313244
0.313221
0.313211
0.313216
0.313235
0.31327
0.313321
0.313386
0.313464
0.313552
0.313649
0.313753
0.313864
0.313978
0.314091
0.314202
0.31431
0.314415
0.314516
0.314613
0.314705
0.314789
0.314865
0.314934
0.314995
0.315046
0.315093
0.315133
0.315168
0.315198
0.315222
0.315288
0.315388
0.31548
0.315674
0.315862
0.316045
0.316223
0.316393
0.316549
0.316669
0.316753
0.316802
0.316812
0.31678
0.316705
0.316608
0.316501
0.316371
0.316216
0.316039
0.315838
0.315617
0.31541
0.315229
0.315056
0.314891
0.314733
0.314584
0.314447
0.314322
0.31421
0.314112
0.314029
0.313961
0.313908
0.313867
0.313838
0.313823
0.313819
0.313828
0.31385
0.313884
0.313931
0.313988
0.314053
0.314125
0.314204
0.314286
0.314368
0.314449
0.314529
0.314607
0.314682
0.314755
0.314823
0.314888
0.314947
0.315001
0.315049
0.31509
0.315126
0.315155
0.315178
0.315195
0.315205
0.315282
0.315417
0.315543
0.315664
0.315777
0.315884
0.316019
0.316148
0.316261
0.316338
0.31638
0.316387
0.316356
0.316284
0.316183
0.316063
0.315917
0.315745
0.315547
0.315326
0.315111
0.314918
0.314728
0.314544
0.314366
0.314196
0.314035
0.313883
0.313741
0.313611
0.313491
0.313384
0.313291
0.31321
0.313143
0.313085
0.313038
0.313002
0.312978
0.312967
0.312968
0.312982
0.31301
0.313049
0.3131
0.313162
0.313233
0.313313
0.313396
0.313481
0.313568
0.313656
0.313745
0.31383
0.313916
0.313999
0.314078
0.314155
0.314228
0.314298
0.314363
0.314422
0.314475
0.314521
0.314559
0.314589
0.314611
0.314706
0.314905
0.315093
0.315274
0.315446
0.315609
0.315755
0.315862
0.315931
0.315969
0.315971
0.315933
0.315852
0.315728
0.315616
0.315478
0.315318
0.315137
0.314936
0.314716
0.314484
0.314267
0.314075
0.313891
0.313716
0.313551
0.313397
0.313254
0.313122
0.313003
0.312897
0.312804
0.312724
0.312656
0.312599
0.312555
0.312522
0.312503
0.312496
0.312502
0.312518
0.312544
0.312581
0.312628
0.312684
0.312748
0.312814
0.312882
0.312951
0.313021
0.313091
0.31316
0.313227
0.313293
0.313356
0.313416
0.313472
0.313526
0.313574
0.313617
0.313654
0.313685
0.313709
0.313724
0.313866
0.313997
0.314122
0.314301
0.314474
0.31464
0.314798
0.31494
0.315042
0.315108
0.315142
0.315138
0.315094
0.315007
0.314876
0.314751
0.314599
0.314424
0.314227
0.314008
0.313768
0.313547
0.313358
0.313176
0.313002
0.312839
0.312685
0.312543
0.312413
0.312296
0.312192
0.312103
0.312027
0.311964
0.31191
0.311867
0.311835
0.311813
0.311804
0.311807
0.311824
0.311854
0.311896
0.31195
0.312015
0.31209
0.312172
0.312258
0.312347
0.312438
0.31253
0.312621
0.312714
0.312806
0.312897
0.312986
0.313072
0.313154
0.313232
0.313306
0.313373
0.313433
0.313487
0.313535
0.313576
0.313609
0.313774
0.313989
0.314197
0.314399
0.314592
0.314776
0.314943
0.315071
0.315161
0.315218
0.315239
0.315218
0.315154
0.315047
0.314921
0.31479
0.314636
0.314459
0.31426
0.314041
0.31381
0.313595
0.31341
0.313233
0.313066
0.312909
0.312763
0.312629
0.312508
0.3124
0.312305
0.312224
0.312158
0.312103
0.312061
0.312032
0.312016
0.312013
0.312023
0.312044
0.312078
0.312123
0.312179
0.312245
0.312322
0.312407
0.312496
0.312587
0.31268
0.312775
0.31287
0.312965
0.313059
0.313151
0.313242
0.31333
0.313414
0.313494
0.31357
0.313639
0.313701
0.313756
0.313803
0.313842
0.31387
0.314017
0.314223
0.314423
0.314616
0.3148
0.314974
0.315131
0.315249
0.315331
0.31538
0.315392
0.315362
0.315289
0.315172
0.315011
0.314859
0.31468
0.314476
0.314249
0.314001
0.313739
0.313543
0.313352
0.31317
0.312998
0.312838
0.312689
0.312553
0.312431
0.312323
0.312229
0.312152
0.312089
0.312039
0.312002
0.311978
0.311968
0.311973
0.311992
0.312026
0.312075
0.312138
0.312215
0.312305
0.312406
0.312517
0.312632
0.31275
0.312869
0.312989
0.31311
0.313229
0.313348
0.313464
0.313578
0.313689
0.313795
0.313897
0.313993
0.314082
0.314164
0.314238
0.314304
0.31436
0.314406
0.314503
0.31472
0.314931
0.315134
0.315328
0.315512
0.315678
0.315805
0.315896
0.315955
0.315976
0.315955
0.315891
0.315782
0.315628
0.31548
0.315303
0.315102
0.314879
0.314635
0.314409
0.314215
0.314027
0.313847
0.313675
0.313514
0.313364
0.313226
0.3131
0.312989
0.312892
0.31281
0.312744
0.312691
0.312653
0.31263
0.312624
0.312632
0.312656
0.312696
0.312752
0.312823
0.312909
0.313007
0.313117
0.313237
0.313361
0.313487
0.313614
0.313742
0.31387
0.313997
0.314121
0.314242
0.314358
0.31447
0.314577
0.314676
0.314769
0.314854
0.31493
0.314998
0.315056
0.315104
0.315142
0.315298
0.315475
0.315676
0.315869
0.316054
0.316229
0.316387
0.316506
0.316589
0.31664
0.316653
0.316627
0.316557
0.316445
0.316289
0.316088
0.315892
0.315666
0.315415
0.315141
0.314935
0.314733
0.314539
0.314356
0.314183
0.314023
0.313876
0.313743
0.313626
0.313524
0.31344
0.313373
0.313325
0.313291
0.31327
0.313264
0.313273
0.313298
0.313339
0.313397
0.313471
0.313562
0.313666
0.313782
0.313909
0.314045
0.314182
0.314318
0.314454
0.314587
0.314717
0.314844
0.314966
0.315083
0.315195
0.3153
0.315398
0.315487
0.315567
0.315638
0.315698
0.315749
0.315791
0.315822
0.315843
0.315917
0.316042
0.316218
0.316388
0.316551
0.316705
0.316841
0.316939
0.317
0.317026
0.317014
0.316961
0.316865
0.316725
0.31654
0.316311
0.316087
0.315833
0.315551
0.315321
0.315095
0.314878
0.314671
0.314475
0.31429
0.314119
0.313961
0.313818
0.31369
0.31358
0.313487
0.313414
0.313359
0.313318
0.313293
0.313284
0.313293
0.31332
0.313367
0.313435
0.313523
0.31363
0.313753
0.31389
0.314038
0.314195
0.314353
0.314511
0.314668
0.314822
0.314972
0.315117
0.315257
0.31539
0.315517
0.315636
0.315747
0.315849
0.315942
0.316026
0.316095
0.316157
0.316207
0.316246
0.316273
0.316415
0.316546
0.316667
0.316797
0.316939
0.317071
0.317185
0.317261
0.317301
0.31731
0.317281
0.317212
0.317101
0.316946
0.316748
0.316505
0.316257
0.315978
0.315755
0.315523
0.315298
0.315079
0.314869
0.314669
0.314479
0.314301
0.314136
0.313984
0.313847
0.313725
0.313621
0.313533
0.313463
0.313403
0.313363
0.313341
0.313338
0.313355
0.313391
0.313447
0.313523
0.313615
0.313723
0.313845
0.313978
0.31412
0.314262
0.314405
0.314546
0.314684
0.314819
0.314949
0.315074
0.315193
0.315305
0.315412
0.31551
0.315601
0.315684
0.315758
0.315823
0.315877
0.315922
0.315954
0.315975
0.316109
0.316233
0.316345
0.316499
0.316645
0.316781
0.316901
0.316982
0.317028
0.317039
0.317012
0.316946
0.316836
0.316682
0.316484
0.316241
0.315976
0.315701
0.315475
0.315241
0.315014
0.314794
0.314583
0.314382
0.314191
0.314012
0.313845
0.313692
0.313555
0.313433
0.313328
0.313241
0.313172
0.313119
0.313083
0.313065
0.313067
0.31309
0.313134
0.313201
0.313287
0.313392
0.313513
0.313647
0.313793
0.313948
0.314102
0.314256
0.314407
0.314554
0.314697
0.314834
0.314964
0.315087
0.315203
0.31531
0.31541
0.3155
0.315582
0.315654
0.315717
0.31577
0.315813
0.315844
0.31593
0.316068
0.316197
0.316316
0.316425
0.316535
0.316653
0.316754
0.316816
0.316842
0.316837
0.316794
0.316712
0.316588
0.31642
0.316208
0.31599
0.315741
0.315503
0.315287
0.315068
0.314856
0.314658
0.314475
0.314308
0.31416
0.314032
0.313925
0.313839
0.313778
0.31374
0.313727
0.313741
0.313779
0.313837
0.313915
0.314012
0.314126
0.314249
0.314378
0.314512
0.314649
0.314787
0.314926
0.315065
0.315203
0.315339
0.315469
0.315592
0.31571
0.315822
0.315929
0.316029
0.316125
0.316214
0.316297
0.316374
0.316444
0.316506
0.316561
0.316609
0.31665
0.316684
0.316709
0.316723
0.31673
0.316793
0.316899
0.317022
0.317165
0.3173
0.317425
0.317534
0.317605
0.317638
0.317638
0.317602
0.317528
0.317412
0.317254
0.317052
0.316808
0.316617
0.316447
0.316275
0.316106
0.315948
0.315802
0.315671
0.315555
0.315455
0.315373
0.315309
0.315265
0.315241
0.315239
0.315258
0.315299
0.31536
0.315436
0.315527
0.315633
0.315753
0.315883
0.316014
0.316146
0.316276
0.316405
0.316534
0.316662
0.316791
0.31692
0.317047
0.317173
0.317299
0.317425
0.317552
0.317676
0.317802
0.317928
0.318053
0.318177
0.318299
0.318419
0.318535
0.318733
0.319016
0.31931
0.319605
0.319902
0.320197
0.320576
0.320947
0.32131
0.321667
0.322014
0.322352
0.322673
0.322959
0.32321
0.323425
0.3236
0.323735
0.323826
0.323874
0.323879
0.323866
0.32382
0.323743
0.32369
0.323623
0.323556
0.32349
0.323427
0.323368
0.323315
0.323267
0.323226
0.323193
0.323169
0.323154
0.323148
0.323151
0.323165
0.323186
0.323214
0.323248
0.323288
0.323333
0.323382
0.323434
0.323488
0.323545
0.323603
0.323661
0.323721
0.323781
0.323839
0.323896
0.323952
0.324006
0.324057
0.324106
0.324153
0.324196
0.324235
0.32427
0.3243
0.324325
0.324345
0.324359
0.324367
0.324444
0.324593
0.324743
0.32489
0.325125
0.325351
0.32557
0.325782
0.325985
0.326178
0.326356
0.326498
0.326602
0.326668
0.326693
0.326675
0.326613
0.326507
0.326356
0.326161
0.325957
0.325789
0.325608
0.32542
0.325236
0.325058
0.324886
0.324722
0.324567
0.324423
0.324289
0.324168
0.32406
0.323966
0.323885
0.323819
0.323766
0.323723
0.323688
0.323658
0.323632
0.323607
0.323581
0.323553
0.323522
0.323488
0.323451
0.323412
0.323373
0.323334
0.323298
0.323265
0.323235
0.323209
0.323186
0.323166
0.323148
0.323132
0.323116
0.323101
0.323084
0.323066
0.323044
0.32302
0.322991
0.322958
0.323003
0.323126
0.323243
0.323449
0.32365
0.323841
0.32403
0.324211
0.324383
0.324538
0.324656
0.324738
0.324783
0.324788
0.324753
0.324675
0.324555
0.324391
0.324185
0.324009
0.323809
0.323623
0.323428
0.323238
0.32305
0.322868
0.322692
0.322524
0.322363
0.322212
0.32207
0.321938
0.321816
0.321705
0.321605
0.321515
0.321433
0.321358
0.321289
0.321227
0.321171
0.321121
0.321075
0.321034
0.320997
0.320966
0.32094
0.32092
0.320907
0.320898
0.320895
0.320896
0.320903
0.320914
0.320929
0.320948
0.320969
0.320992
0.321016
0.32104
0.321064
0.321085
0.321103
0.321113
0.32112
0.321277
0.321429
0.321629
0.321871
0.322106
0.322335
0.322556
0.322768
0.32297
0.323155
0.323304
0.323416
0.323492
0.323528
0.323522
0.323474
0.323382
0.323248
0.323106
0.322973
0.322818
0.322643
0.322467
0.322307
0.322153
0.322005
0.321865
0.321735
0.321614
0.321504
0.321405
0.321317
0.321241
0.321178
0.321125
0.321084
0.321048
0.321018
0.320991
0.320966
0.320942
0.320918
0.320893
0.320867
0.320839
0.320811
0.320785
0.320761
0.320742
0.320727
0.320717
0.320714
0.320717
0.320727
0.320742
0.320762
0.320786
0.320813
0.320843
0.320873
0.320905
0.320935
0.320961
0.320984
0.321001
0.321182
0.321357
0.321529
0.321782
0.322028
0.322268
0.322499
0.322723
0.322938
0.323136
0.323299
0.323425
0.323515
0.323565
0.323573
0.323538
0.323458
0.323335
0.323168
0.322957
0.322774
0.322607
0.322429
0.322255
0.322085
0.321921
0.321763
0.321613
0.32147
0.321336
0.321213
0.321099
0.320996
0.320906
0.320826
0.320758
0.3207
0.320651
0.32061
0.320577
0.320551
0.320533
0.320521
0.320515
0.320515
0.32052
0.320531
0.320548
0.320571
0.320598
0.32063
0.320666
0.320705
0.320748
0.320794
0.320842
0.320892
0.320943
0.320994
0.321044
0.321092
0.321137
0.321177
0.321211
0.321238
0.321335
0.321499
0.321767
0.322028
0.322283
0.32253
0.322769
0.322999
0.32322
0.323423
0.32359
0.32372
0.323814
0.323868
0.323879
0.323848
0.323773
0.323653
0.323491
0.323359
0.323204
0.323027
0.322832
0.322668
0.322507
0.322353
0.322207
0.32207
0.321943
0.321827
0.321724
0.321632
0.321553
0.321487
0.321434
0.321393
0.321358
0.321329
0.321305
0.321284
0.321265
0.321246
0.321226
0.321207
0.321187
0.321168
0.321153
0.321142
0.321137
0.321139
0.321147
0.321162
0.321185
0.321214
0.321248
0.321287
0.32133
0.321375
0.321422
0.32147
0.321516
0.321561
0.321601
0.321636
0.321665
0.321856
0.322043
0.322226
0.3224
0.322642
0.322876
0.323104
0.323323
0.323534
0.323727
0.323886
0.324008
0.324094
0.32414
0.324142
0.324101
0.324015
0.323884
0.323708
0.323489
0.323276
0.323099
0.32291
0.322724
0.322543
0.322366
0.322196
0.322034
0.321881
0.321738
0.321606
0.321486
0.321379
0.321286
0.321206
0.321141
0.321087
0.321045
0.321014
0.320993
0.320983
0.320983
0.320992
0.321009
0.321035
0.321069
0.321111
0.321159
0.321214
0.321272
0.321333
0.321399
0.321467
0.321536
0.321606
0.321676
0.321745
0.321812
0.321878
0.321939
0.321996
0.322048
0.322094
0.322132
0.322162
0.322183
0.322342
0.322606
0.322864
0.323115
0.323355
0.32359
0.323815
0.324031
0.324229
0.32439
0.324513
0.3246
0.324647
0.324653
0.324614
0.324531
0.324404
0.324233
0.324051
0.323871
0.323668
0.323445
0.323265
0.323087
0.322916
0.322754
0.322601
0.322459
0.322327
0.322209
0.322104
0.322014
0.321938
0.321876
0.321828
0.321789
0.321758
0.321736
0.321721
0.321712
0.321709
0.32171
0.321716
0.321725
0.321739
0.321758
0.321785
0.321819
0.321858
0.321904
0.321955
0.322011
0.322071
0.322135
0.322202
0.32227
0.322338
0.322405
0.322465
0.322525
0.322579
0.322626
0.322665
0.322698
0.322889
0.323078
0.323264
0.32344
0.32364
0.323867
0.324086
0.324297
0.324499
0.324683
0.324832
0.324945
0.325021
0.325056
0.325049
0.324997
0.3249
0.324758
0.324571
0.32434
0.324123
0.323904
0.3237
0.323499
0.323301
0.323109
0.322922
0.322743
0.322572
0.32241
0.322259
0.322118
0.32199
0.321874
0.321773
0.321687
0.321618
0.321565
0.321531
0.321514
0.321516
0.321538
0.32158
0.321642
0.321722
0.321823
0.32194
0.322069
0.322207
0.322345
0.322481
0.322612
0.322733
0.322843
0.322943
0.323032
0.323111
0.323179
0.323237
0.323284
0.32332
0.323347
0.323365
0.323374
0.323371
0.323361
0.323419
0.323535
0.323649
0.323796
0.323977
0.324152
0.324319
0.324477
0.324619
0.324726
0.324796
0.324827
0.324817
0.324763
0.324665
0.324521
0.324332
0.324126
0.323917
0.323681
0.32342
0.323165
0.32294
0.322722
0.322512
0.322312
0.322123
0.321946
0.321782
0.321632
0.321497
0.321378
0.321277
0.321194
0.32113
0.321079
0.321044
0.321025
0.321023
0.32104
0.321075
0.32113
0.321203
0.32129
0.321389
0.321498
0.321616
0.321737
0.321857
0.321973
0.322085
0.322192
0.322293
0.322389
0.322479
0.322562
0.322638
0.322706
0.322766
0.322817
0.322859
0.322893
0.322919
0.322935
0.323107
0.323276
0.323446
0.323645
0.323873
0.324094
0.324308
0.324513
0.324708
0.324886
0.325028
0.325134
0.325202
0.325231
0.325217
0.325158
0.325054
0.324905
0.324728
0.324536
0.324315
0.324067
0.323825
0.32361
0.323402
0.3232
0.323007
0.322823
0.32265
0.322489
0.322341
0.322207
0.322087
0.321984
0.321897
0.321826
0.321767
0.321721
0.321688
0.321668
0.321661
0.321668
0.321688
0.321722
0.321766
0.321819
0.321878
0.321943
0.322013
0.322081
0.322149
0.322216
0.32228
0.322343
0.322402
0.322458
0.322509
0.322556
0.322598
0.322635
0.322664
0.322688
0.322705
0.322715
0.322719
0.322714
0.322874
0.323101
0.323321
0.323535
0.323741
0.323939
0.324127
0.324305
0.324466
0.32459
0.324676
0.324725
0.324734
0.3247
0.32462
0.324496
0.324374
0.324222
0.324043
0.323839
0.323609
0.323357
0.323091
0.322839
0.322615
0.322398
0.322189
0.321989
0.321797
0.321615
0.321443
0.321283
0.321134
0.320999
0.320877
0.320768
0.320672
0.320592
0.320529
0.320483
0.320456
0.320448
0.320458
0.320487
0.320532
0.320589
0.320658
0.320736
0.320816
0.320897
0.320979
0.321059
0.321137
0.321213
0.321286
0.321354
0.321418
0.321477
0.321529
0.321574
0.321612
0.321642
0.321664
0.321677
0.32168
0.321829
0.322016
0.322245
0.322469
0.322686
0.322893
0.323092
0.323279
0.323447
0.323575
0.323666
0.323724
0.323742
0.323719
0.323652
0.32354
0.323384
0.323235
0.32306
0.322862
0.322642
0.322403
0.322154
0.321922
0.32172
0.321523
0.321335
0.321156
0.320988
0.320831
0.320686
0.320553
0.320433
0.320327
0.320234
0.320152
0.320082
0.320023
0.319973
0.319934
0.319904
0.319882
0.319867
0.319855
0.319848
0.31985
0.319863
0.319886
0.319917
0.319956
0.320003
0.320056
0.320115
0.320178
0.320246
0.320316
0.320388
0.320461
0.320533
0.320602
0.320667
0.320727
0.320781
0.320828
0.320868
0.321039
0.321326
0.321607
0.32188
0.322144
0.322399
0.322643
0.322875
0.323088
0.323263
0.323399
0.323498
0.323556
0.323571
0.323539
0.323462
0.323337
0.323221
0.323073
0.322899
0.322699
0.322477
0.32224
0.321987
0.321751
0.321545
0.321344
0.321151
0.320966
0.32079
0.320623
0.320467
0.320322
0.320189
0.320069
0.319963
0.319872
0.319797
0.319739
0.319701
0.319681
0.319683
0.319706
0.319749
0.319811
0.31989
0.319983
0.320086
0.320192
0.3203
0.320408
0.320516
0.320622
0.320726
0.320826
0.320922
0.321013
0.321098
0.321176
0.321247
0.321309
0.321363
0.321407
0.321441
0.321465
0.321554
0.321808
0.322057
0.322297
0.322529
0.322751
0.322961
0.323159
0.323337
0.323475
0.323577
0.323645
0.323676
0.323664
0.323609
0.323509
0.323365
0.323198
0.32302
0.322815
0.322585
0.322332
0.322064
0.321817
0.321604
0.321399
0.321203
0.321018
0.320845
0.320684
0.320536
0.320403
0.320285
0.320182
0.320094
0.32002
0.31996
0.319913
0.31988
0.319859
0.319853
0.319862
0.319886
0.319924
0.319976
0.320042
0.320118
0.320204
0.320294
0.320387
0.320482
0.32058
0.320677
0.320775
0.320871
0.320965
0.321056
0.321144
0.321227
0.321305
0.321377
0.321441
0.321497
0.321545
0.321583
0.321664
0.321939
0.322201
0.322457
0.322704
0.322943
0.323172
0.32339
0.323589
0.323751
0.323876
0.323962
0.324007
0.324008
0.323962
0.323869
0.323728
0.323542
0.323365
0.323157
0.322921
0.322663
0.322388
0.322164
0.321943
0.321728
0.321521
0.321323
0.321134
0.320957
0.320792
0.320641
0.320504
0.320383
0.320279
0.320192
0.320122
0.320072
0.320043
0.320035
0.320049
0.320086
0.320148
0.320232
0.320335
0.320455
0.32059
0.320736
0.320885
0.321034
0.321183
0.321328
0.32147
0.321605
0.321734
0.321856
0.321969
0.322073
0.322169
0.322254
0.322329
0.322394
0.322448
0.322491
0.322522
0.322619
0.322825
0.323071
0.323308
0.323537
0.323755
0.323962
0.324157
0.324331
0.324468
0.324568
0.324634
0.32466
0.324645
0.324584
0.324479
0.324329
0.324133
0.323892
0.323654
0.323385
0.323092
0.32286
0.322632
0.322412
0.322201
0.322001
0.321812
0.321636
0.321473
0.321325
0.321193
0.321078
0.320981
0.320901
0.320836
0.320787
0.320753
0.320736
0.320735
0.320752
0.320788
0.320841
0.32091
0.320995
0.321093
0.321203
0.321324
0.321447
0.321571
0.321695
0.321818
0.321938
0.322055
0.322167
0.322275
0.322377
0.322472
0.32256
0.322641
0.322713
0.322777
0.322832
0.322876
0.32291
0.323011
0.323282
0.323545
0.3238
0.324046
0.324283
0.324508
0.324722
0.324917
0.325075
0.325195
0.325276
0.325316
0.325312
0.32526
0.325162
0.325016
0.324823
0.324583
0.324322
0.324052
0.323757
0.323443
0.323193
0.322944
0.322703
0.322469
0.322245
0.322031
0.32183
0.321641
0.321467
0.321309
0.321169
0.321048
0.320945
0.320863
0.320804
0.320769
0.320761
0.320781
0.320831
0.320911
0.321017
0.321147
0.321298
0.321467
0.321648
0.321832
0.322014
0.322194
0.322369
0.322536
0.322696
0.322847
0.322987
0.323116
0.323235
0.323341
0.323435
0.323516
0.323585
0.323641
0.323683
0.323712
0.323885
0.324049
0.324243
0.324467
0.324685
0.324891
0.325088
0.325272
0.325436
0.325563
0.325652
0.325706
0.325721
0.325693
0.325621
0.325504
0.325341
0.325132
0.324879
0.32458
0.324237
0.32398
0.323723
0.323475
0.323235
0.323007
0.322791
0.322587
0.322398
0.322225
0.322067
0.321928
0.321808
0.321708
0.321629
0.321566
0.32152
0.321493
0.321486
0.3215
0.321538
0.321601
0.321688
0.321797
0.321925
0.32207
0.322229
0.322397
0.322566
0.322733
0.322898
0.323057
0.323209
0.323354
0.323485
0.323611
0.323726
0.323831
0.323926
0.324009
0.324081
0.324142
0.32419
0.324228
0.324253
0.324342
0.324495
0.32468
0.324896
0.325105
0.325303
0.325492
0.32567
0.325829
0.325951
0.326034
0.32608
0.326084
0.326045
0.325961
0.32583
0.325654
0.32543
0.32516
0.324843
0.32454
0.324272
0.324008
0.323749
0.323495
0.323248
0.32301
0.322781
0.322563
0.322358
0.322166
0.321989
0.321829
0.321687
0.321565
0.321464
0.321384
0.321328
0.321298
0.321296
0.321324
0.321382
0.321471
0.321589
0.321728
0.321888
0.322063
0.322249
0.322434
0.322616
0.322792
0.32296
0.32312
0.323268
0.323406
0.323531
0.323644
0.323743
0.323829
0.323901
0.323959
0.324006
0.324037
0.324057
0.324063
0.324213
0.324356
0.324488
0.324644
0.324825
0.324999
0.325163
0.325315
0.325448
0.325544
0.325602
0.325626
0.325611
0.325553
0.325451
0.325304
0.325113
0.324875
0.324592
0.324297
0.324024
0.323762
0.323503
0.32325
0.323005
0.322768
0.32254
0.322323
0.322118
0.321926
0.321749
0.321587
0.321442
0.321317
0.321211
0.321124
0.321059
0.321014
0.320993
0.320998
0.321029
0.321087
0.321168
0.321273
0.321397
0.321538
0.321691
0.321853
0.322013
0.32217
0.322322
0.322469
0.322616
0.322759
0.322893
0.323017
0.323129
0.323229
0.323316
0.323391
0.323452
0.323502
0.323539
0.323564
0.323576
0.323729
0.323873
0.32405
0.324258
0.324461
0.324656
0.324841
0.325013
0.325167
0.325282
0.325361
0.325402
0.325405
0.325369
0.325289
0.325166
0.324999
0.324787
0.32453
0.324229
0.324026
0.323813
0.323607
0.323411
0.323224
0.323048
0.322884
0.322733
0.322597
0.322477
0.322373
0.322287
0.32222
0.322173
0.322147
0.322138
0.322149
0.322181
0.322235
0.32231
0.322409
0.322532
0.322678
0.322849
0.323046
0.323266
0.323504
0.323754
0.324006
0.324253
0.324487
0.324707
0.324913
0.325107
0.325287
0.325455
0.325611
0.325755
0.325887
0.326007
0.326116
0.326216
0.326304
0.326472
0.326722
0.327032
0.327395
0.327752
0.328101
0.32844
0.328769
0.329086
0.329391
0.329678
0.329929
0.330145
0.330322
0.330459
0.330553
0.330604
0.33061
0.330571
0.330487
0.330359
0.330238
0.330087
0.329961
0.329835
0.329715
0.329602
0.329496
0.3294
0.329316
0.329244
0.329187
0.329146
0.329121
0.329113
0.329124
0.32915
0.329193
0.32925
0.32932
0.329401
0.32949
0.329582
0.329675
0.329765
0.329851
0.329932
0.330009
0.330084
0.330157
0.330227
0.330294
0.330359
0.330422
0.330482
0.330539
0.330594
0.330644
0.33069
0.33073
0.330764
0.330791
0.330812
0.330828
0.330837
0.330991
0.331143
0.331426
0.331705
0.331979
0.332247
0.332507
0.332759
0.333001
0.333233
0.333449
0.333631
0.333776
0.333878
0.333936
0.333947
0.333911
0.333828
0.333699
0.333524
0.333305
0.333057
0.332861
0.332653
0.332446
0.332242
0.332044
0.331852
0.331668
0.331495
0.331333
0.331185
0.331051
0.330934
0.330835
0.330754
0.330692
0.330646
0.330614
0.330592
0.330578
0.330566
0.330552
0.330531
0.330502
0.330466
0.330424
0.330379
0.330332
0.330285
0.33024
0.330197
0.330157
0.330119
0.330083
0.330048
0.330014
0.32998
0.329944
0.329906
0.329865
0.329821
0.329771
0.329717
0.329822
0.329928
0.330035
0.3302
0.330421
0.330638
0.330849
0.331052
0.331247
0.331434
0.331611
0.331771
0.331898
0.331988
0.332039
0.332047
0.332012
0.331933
0.33181
0.331642
0.331432
0.331213
0.331017
0.330823
0.330621
0.330423
0.33023
0.330043
0.329862
0.329687
0.329518
0.329358
0.329207
0.329066
0.328935
0.328813
0.3287
0.328595
0.328494
0.328397
0.328302
0.328209
0.328119
0.328031
0.327949
0.327871
0.327799
0.327732
0.327672
0.327619
0.327571
0.327528
0.327491
0.327462
0.327439
0.327423
0.327414
0.32741
0.327412
0.327416
0.327423
0.327428
0.327433
0.327435
0.327432
0.327423
0.327486
0.327622
0.327883
0.328141
0.328395
0.328642
0.328881
0.32911
0.329329
0.329537
0.329727
0.329882
0.329995
0.33007
0.330105
0.330096
0.330044
0.329949
0.32981
0.329629
0.329479
0.329306
0.329111
0.328932
0.328755
0.328586
0.328424
0.328272
0.32813
0.328001
0.327885
0.327783
0.327697
0.327625
0.327569
0.327527
0.327497
0.327473
0.327452
0.327432
0.32741
0.327381
0.327343
0.327294
0.327232
0.327159
0.327077
0.32699
0.326902
0.326819
0.326745
0.326682
0.32663
0.32659
0.326563
0.326547
0.32654
0.326543
0.326553
0.326568
0.326586
0.326606
0.326625
0.326642
0.326655
0.326745
0.326914
0.327135
0.327413
0.327686
0.327951
0.328207
0.328455
0.328693
0.328921
0.329132
0.329309
0.329449
0.329549
0.329608
0.329622
0.329592
0.329516
0.329396
0.329231
0.329022
0.328805
0.32861
0.328421
0.328234
0.328052
0.327874
0.327704
0.327541
0.327388
0.327245
0.327112
0.326991
0.326883
0.326787
0.326703
0.32663
0.326565
0.326506
0.326454
0.326405
0.32636
0.32632
0.326283
0.326251
0.326222
0.326196
0.326172
0.326153
0.32614
0.326133
0.326133
0.326141
0.326156
0.326178
0.326208
0.326244
0.326283
0.326325
0.326368
0.32641
0.32645
0.326488
0.32652
0.326546
0.326565
0.326725
0.327014
0.327299
0.327579
0.327851
0.328115
0.32837
0.328614
0.328846
0.32906
0.329238
0.329379
0.329481
0.329543
0.329561
0.329535
0.329464
0.32935
0.329192
0.329063
0.328908
0.328732
0.328554
0.328393
0.328239
0.328094
0.327958
0.327833
0.327722
0.327625
0.327544
0.32748
0.327434
0.327406
0.327396
0.327399
0.327409
0.327422
0.327435
0.32744
0.327435
0.327414
0.327378
0.327327
0.327261
0.327184
0.3271
0.327017
0.326942
0.326881
0.326836
0.326807
0.326795
0.326797
0.326813
0.32684
0.326877
0.32692
0.326968
0.327019
0.327071
0.327122
0.327168
0.327209
0.327242
0.327434
0.327616
0.327845
0.328117
0.328382
0.328638
0.328885
0.329123
0.329349
0.329559
0.329733
0.329872
0.329971
0.330027
0.330039
0.330005
0.329925
0.329798
0.329627
0.329411
0.329197
0.328953
0.328752
0.328551
0.328355
0.328167
0.327988
0.327818
0.327661
0.327516
0.327387
0.327273
0.327176
0.327097
0.327037
0.326994
0.326962
0.326943
0.326934
0.326934
0.326939
0.326946
0.326953
0.326958
0.326961
0.326964
0.326968
0.326978
0.326995
0.327021
0.327057
0.327102
0.327157
0.327218
0.327286
0.327356
0.327429
0.3275
0.327569
0.327634
0.327694
0.327748
0.327794
0.327831
0.327858
0.327947
0.328236
0.328521
0.328801
0.329072
0.329334
0.329586
0.329826
0.330055
0.330264
0.330437
0.330573
0.330669
0.330724
0.330736
0.330702
0.330623
0.330499
0.330331
0.330183
0.330008
0.329809
0.32959
0.329406
0.329225
0.329051
0.328887
0.328734
0.328593
0.328467
0.328356
0.328263
0.328188
0.328134
0.3281
0.328084
0.328081
0.328087
0.328098
0.328108
0.328109
0.328095
0.328064
0.328019
0.32796
0.327892
0.327825
0.327766
0.327724
0.327703
0.327703
0.327722
0.327758
0.327808
0.32787
0.327939
0.328013
0.328086
0.328164
0.328241
0.328316
0.328387
0.328448
0.3285
0.328624
0.328823
0.329018
0.329206
0.329482
0.329748
0.330004
0.330251
0.330487
0.33071
0.330914
0.331084
0.331217
0.331311
0.331363
0.331369
0.331329
0.331242
0.331109
0.33093
0.330706
0.33049
0.330242
0.329971
0.329751
0.329532
0.329319
0.329113
0.328915
0.328727
0.328549
0.328383
0.328231
0.328093
0.327971
0.327867
0.32778
0.327709
0.327655
0.327619
0.3276
0.327599
0.327612
0.32764
0.327679
0.327732
0.327801
0.327887
0.327989
0.328104
0.328226
0.328353
0.32848
0.328598
0.328711
0.32882
0.328918
0.329006
0.329084
0.329151
0.329208
0.329253
0.329288
0.329312
0.329326
0.329329
0.329323
0.329458
0.329642
0.329877
0.330105
0.330327
0.33054
0.330743
0.330934
0.331107
0.331242
0.331341
0.331398
0.331413
0.331383
0.331306
0.331183
0.331013
0.330797
0.330566
0.330332
0.330072
0.329788
0.329548
0.329309
0.329077
0.328854
0.328639
0.328436
0.328244
0.328066
0.327903
0.327756
0.327627
0.327516
0.327424
0.327348
0.327289
0.327247
0.327221
0.327213
0.327224
0.327254
0.327303
0.327368
0.327448
0.327541
0.327647
0.32776
0.327874
0.327986
0.328094
0.328198
0.328297
0.328389
0.328475
0.328552
0.32862
0.328679
0.328728
0.328766
0.328795
0.328814
0.328823
0.328905
0.329062
0.329222
0.329476
0.329725
0.329968
0.330203
0.330431
0.330648
0.330855
0.331042
0.331195
0.331309
0.331383
0.331414
0.331398
0.331335
0.331224
0.331065
0.330859
0.330649
0.330406
0.330134
0.329864
0.329619
0.329379
0.329145
0.32892
0.328701
0.328489
0.328285
0.328091
0.327908
0.327738
0.327581
0.327439
0.327312
0.327199
0.327101
0.32702
0.326957
0.326914
0.326893
0.326894
0.326919
0.326967
0.327034
0.327118
0.327216
0.327323
0.32743
0.327534
0.327633
0.327726
0.327813
0.327893
0.327965
0.328029
0.328085
0.32813
0.328166
0.328192
0.328207
0.328215
0.328213
0.328201
0.32829
0.32853
0.328764
0.328993
0.329216
0.329429
0.329634
0.329826
0.330007
0.330167
0.330291
0.330378
0.330426
0.330433
0.330394
0.330309
0.330196
0.330067
0.329909
0.329723
0.329511
0.329272
0.329011
0.328736
0.328472
0.32823
0.327994
0.327764
0.32754
0.327323
0.327113
0.326911
0.326718
0.326533
0.326358
0.326193
0.32604
0.3259
0.325776
0.325672
0.325591
0.325537
0.325513
0.325528
0.325586
0.325677
0.32579
0.325919
0.326054
0.326184
0.326308
0.326424
0.326532
0.326632
0.326724
0.326807
0.326881
0.326946
0.327
0.327044
0.327076
0.327099
0.327113
0.327118
0.327114
0.327179
0.327431
0.32768
0.327924
0.328161
0.328388
0.328606
0.328813
0.329007
0.329181
0.329317
0.329414
0.329472
0.329488
0.329458
0.329383
0.32926
0.329091
0.328927
0.32873
0.328508
0.328261
0.327991
0.327708
0.327477
0.327246
0.327021
0.326805
0.326597
0.326398
0.32621
0.326033
0.325866
0.325712
0.325569
0.325437
0.325316
0.325206
0.325108
0.325024
0.324957
0.324909
0.324882
0.324878
0.324899
0.324942
0.325005
0.325084
0.325174
0.325269
0.325365
0.325461
0.325555
0.325649
0.325741
0.325832
0.325921
0.326007
0.326088
0.326162
0.32623
0.32629
0.326341
0.326383
0.326412
0.32655
0.32676
0.327039
0.32731
0.327574
0.327828
0.328072
0.328304
0.328523
0.328721
0.328882
0.329005
0.329087
0.329127
0.329121
0.329068
0.328966
0.32884
0.328702
0.328537
0.328344
0.328125
0.327883
0.327629
0.32736
0.32713
0.3269
0.326676
0.326457
0.326246
0.326041
0.325845
0.325657
0.325479
0.32531
0.325153
0.325008
0.324877
0.324762
0.324665
0.324591
0.32454
0.324517
0.324525
0.324563
0.324627
0.324715
0.324825
0.324951
0.325081
0.325213
0.325345
0.325475
0.325602
0.325724
0.325841
0.325952
0.326056
0.326151
0.326237
0.326313
0.326378
0.326433
0.326477
0.326508
0.32667
0.326957
0.327243
0.327524
0.327795
0.328056
0.328305
0.328542
0.328766
0.328969
0.329133
0.329258
0.329344
0.32939
0.329391
0.329346
0.329254
0.329115
0.328951
0.328771
0.328565
0.32833
0.328072
0.327799
0.327511
0.327245
0.327016
0.326795
0.326583
0.32638
0.326188
0.326008
0.325841
0.325687
0.325548
0.325423
0.325312
0.325216
0.325134
0.325068
0.325019
0.324988
0.324978
0.324991
0.325027
0.325084
0.32516
0.325257
0.32538
0.325516
0.32566
0.325809
0.325959
0.326111
0.32626
0.326407
0.326549
0.326685
0.326812
0.326927
0.32703
0.327124
0.327207
0.327278
0.327402
0.327575
0.32782
0.328135
0.328442
0.32874
0.329027
0.329302
0.329564
0.329814
0.330043
0.330235
0.330387
0.330498
0.330565
0.330586
0.330557
0.330478
0.33035
0.330198
0.330033
0.329838
0.329614
0.329365
0.3291
0.32882
0.328551
0.328306
0.328066
0.327832
0.327604
0.327384
0.327172
0.326972
0.326783
0.326608
0.326448
0.326304
0.326179
0.326077
0.325999
0.325949
0.32593
0.325944
0.325993
0.326074
0.326185
0.326323
0.326486
0.326666
0.326851
0.327037
0.32722
0.327397
0.327566
0.327725
0.327874
0.328011
0.328135
0.328245
0.32834
0.328421
0.328488
0.328542
0.328582
0.328608
0.328705
0.328982
0.329258
0.329529
0.32979
0.33004
0.330276
0.330499
0.330708
0.330894
0.331042
0.331154
0.331228
0.331262
0.331252
0.331195
0.33109
0.330939
0.330742
0.330498
0.33025
0.329969
0.329662
0.329338
0.32908
0.328825
0.328578
0.328341
0.328116
0.327903
0.327705
0.327523
0.32736
0.327216
0.327094
0.326995
0.326915
0.326854
0.326813
0.326791
0.326784
0.326789
0.326804
0.326829
0.326864
0.326913
0.326978
0.327062
0.327164
0.327278
0.327402
0.327531
0.327663
0.327795
0.327923
0.328046
0.328163
0.328273
0.328374
0.328466
0.32855
0.328623
0.328686
0.328737
0.328775
0.328926
0.329232
0.329534
0.329829
0.330114
0.330389
0.330651
0.330903
0.331142
0.331359
0.331541
0.331683
0.331784
0.331841
0.33185
0.331809
0.331718
0.331578
0.331388
0.331148
0.330883
0.330603
0.330295
0.329969
0.329657
0.329373
0.329092
0.328815
0.328543
0.328277
0.328019
0.327771
0.327533
0.327308
0.327099
0.326908
0.326739
0.326596
0.326483
0.326406
0.326368
0.326372
0.326421
0.326518
0.326659
0.326841
0.32706
0.327312
0.327585
0.327861
0.328134
0.328398
0.328648
0.328883
0.329101
0.329299
0.329478
0.329637
0.329775
0.329894
0.329992
0.33007
0.330133
0.330179
0.330208
0.330305
0.330473
0.330677
0.330926
0.331165
0.331394
0.33161
0.331813
0.332
0.332166
0.332293
0.332382
0.332435
0.332445
0.33241
0.332329
0.332201
0.332025
0.331801
0.331531
0.331214
0.330884
0.330579
0.330293
0.330011
0.329735
0.329465
0.329204
0.328951
0.32871
0.32848
0.328263
0.328062
0.327877
0.327792
0.327637
0.327502
0.327391
0.327306
0.32725
0.327225
0.327232
0.327271
0.327343
0.327447
0.327584
0.327752
0.32795
0.328171
0.328399
0.328628
0.328854
0.32907
0.329275
0.329467
0.329637
0.329796
0.329939
0.330065
0.330174
0.330266
0.330341
0.330401
0.330446
0.330475
0.330488
0.330652
0.330915
0.33117
0.331414
0.331646
0.331866
0.332074
0.332266
0.332438
0.332573
0.332671
0.332728
0.332743
0.332712
0.332633
0.332504
0.332326
0.3321
0.331824
0.331499
0.331157
0.330814
0.330509
0.330204
0.329902
0.329606
0.329317
0.329035
0.328763
0.328501
0.328251
0.328016
0.327797
0.327599
0.327423
0.327272
0.327151
0.327064
0.327015
0.327011
0.327054
0.327146
0.327288
0.327476
0.327706
0.327973
0.32827
0.328584
0.328895
0.329195
0.329479
0.329743
0.329985
0.330202
0.330394
0.330562
0.330705
0.330823
0.330916
0.330986
0.331034
0.331065
0.33108
0.331077
0.331225
0.331367
0.331503
0.331673
0.331877
0.332071
0.332255
0.332427
0.332584
0.33272
0.332819
0.332877
0.332898
0.332877
0.33281
0.332696
0.332535
0.332325
0.332069
0.331765
0.331445
0.331122
0.330774
0.330413
0.330095
0.329779
0.329472
0.329173
0.328885
0.328608
0.328344
0.328095
0.327862
0.327648
0.327456
0.327287
0.327144
0.327029
0.326946
0.326897
0.326887
0.326916
0.326983
0.327087
0.327229
0.3274
0.327608
0.327841
0.328091
0.328338
0.328576
0.328799
0.329007
0.329203
0.329382
0.329541
0.329679
0.329797
0.329894
0.329971
0.330029
0.330068
0.330093
0.330102
0.330094
0.330151
0.330278
0.330453
0.330671
0.330883
0.331086
0.331279
0.33146
0.331627
0.331774
0.331884
0.331955
0.331985
0.331976
0.331924
0.331828
0.331684
0.331495
0.331258
0.330975
0.330678
0.330383
0.330097
0.329843
0.329596
0.329359
0.329132
0.328917
0.328716
0.328529
0.328358
0.328204
0.328069
0.327956
0.327866
0.327802
0.327761
0.327747
0.327762
0.327809
0.327893
0.328014
0.328175
0.328376
0.328613
0.328878
0.329167
0.329473
0.329786
0.330092
0.330387
0.330668
0.330934
0.331183
0.331416
0.331631
0.331829
0.33201
0.332173
0.332318
0.332446
0.332557
0.332654
0.332823
0.333072
0.333327
0.333707
0.334086
0.33446
0.334824
0.335177
0.335516
0.335842
0.336153
0.336443
0.336699
0.336918
0.337096
0.337231
0.337322
0.337367
0.337365
0.337317
0.337222
0.337083
0.336924
0.336755
0.336562
0.336354
0.336188
0.336026
0.335871
0.335727
0.335596
0.335479
0.33538
0.335299
0.335242
0.335211
0.335212
0.335245
0.335307
0.335398
0.335513
0.335641
0.335773
0.335894
0.335992
0.336067
0.336127
0.336182
0.336239
0.3363
0.336366
0.336435
0.336508
0.336582
0.336657
0.33673
0.3368
0.336864
0.336923
0.336976
0.337021
0.33706
0.337092
0.337116
0.337133
0.337141
0.33721
0.337341
0.337614
0.337882
0.338146
0.338403
0.33865
0.338888
0.339116
0.33933
0.339527
0.339691
0.339818
0.339898
0.339931
0.339914
0.339847
0.339731
0.339565
0.339352
0.339092
0.338819
0.338544
0.338282
0.33802
0.337762
0.337509
0.337263
0.337027
0.336804
0.336596
0.336409
0.336245
0.33611
0.336014
0.33597
0.335983
0.336052
0.336183
0.336371
0.336607
0.336871
0.337119
0.33731
0.337473
0.337629
0.337794
0.337964
0.338121
0.338246
0.338343
0.338425
0.338506
0.338592
0.338683
0.338776
0.338868
0.338956
0.339039
0.339113
0.339174
0.339223
0.339259
0.339283
0.339299
0.339303
0.339374
0.339505
0.339755
0.339991
0.340213
0.340422
0.340617
0.340796
0.34096
0.341104
0.341216
0.341292
0.341324
0.341313
0.341257
0.341156
0.34101
0.340821
0.34059
0.340317
0.340034
0.339719
0.339466
0.339215
0.338971
0.338736
0.338508
0.33829
0.338084
0.33789
0.337708
0.337537
0.337373
0.337215
0.337061
0.33691
0.33674
0.336554
0.336364
0.336155
0.33593
0.335692
0.335448
0.335207
0.33498
0.334775
0.334594
0.334436
0.334297
0.334177
0.334076
0.333992
0.333923
0.333868
0.333821
0.333781
0.333745
0.33371
0.333677
0.333642
0.333606
0.333568
0.333669
0.333771
0.333875
0.333979
0.334223
0.334464
0.334702
0.334933
0.335155
0.335367
0.335568
0.335757
0.335926
0.33606
0.336156
0.336214
0.336232
0.336208
0.336142
0.336034
0.335884
0.335694
0.335465
0.335244
0.33506
0.334882
0.334714
0.334556
0.334413
0.334287
0.334181
0.3341
0.334048
0.334032
0.334057
0.334127
0.334239
0.334183
0.334155
0.334169
0.334218
0.334288
0.334371
0.33447
0.334588
0.334719
0.334863
0.335002
0.335115
0.335196
0.335279
0.335381
0.335507
0.335659
0.335831
0.336017
0.336213
0.336415
0.336621
0.336827
0.337032
0.337234
0.33743
0.337721
0.338105
0.338477
0.338835
0.339177
0.339501
0.339801
0.340223
0.340614
0.340979
0.341319
0.341635
0.341927
0.342191
0.342433
0.342644
0.342821
0.342951
0.343034
0.343067
0.343049
0.342982
0.342865
0.342701
0.34249
0.342233
0.341931
0.341588
0.341312
0.341051
0.340788
0.340525
0.340261
0.339996
0.339729
0.339458
0.33918
0.338891
0.338586
0.338262
0.337916
0.337552
0.337175
0.33679
0.336425
0.336117
0.335871
0.335591
0.335278
0.334931
0.33455
0.334137
0.333689
0.333209
0.332695
0.332148
0.331567
0.330953
0.330305
0.329625
0.328911
0.328164
0.327384
0.326571
0.325725
0.324846
0.323934
0.322989
0.322011
0.321
0.319956
0.318878
0.317767
0.316624
0.315448
0.314238
0.312996
0.31172
0.310411
0.309069
0.307694
0.306285
0.304843
0.303369
0.301861
0.300319
0.298744
0.297135
0.295493
0.293817
0.292114
0.290385
0.288631
0.286853
0.285049
0.28322
0.281363
0.279477
0.27756
0.275611
0.273629
0.271611
0.4
0.399973
0.399914
0.399831
0.399721
0.399588
0.399428
0.399239
0.399019
0.398762
0.398458
0.39811
0.397723
0.397301
0.396842
0.396348
0.395815
0.395244
0.394633
0.393982
0.393289
0.392554
0.391778
0.390963
0.390107
0.389207
0.388262
0.38727
0.386229
0.385141
0.384002
0.382813
0.381572
0.380276
0.378926
0.377516
0.376041
0.37451
0.372945
0.371346
0.369707
0.368026
0.366302
0.364534
0.362722
0.360866
0.358967
0.357027
0.355046
0.35303
0.350977
0.349087
0.347201
0.345327
0.343461
0.341591
0.339738
0.338019
0.336457
0.334942
0.333463
0.33204
0.330664
0.329338
0.328062
0.326829
0.325652
0.324529
0.323452
0.322441
0.321503
0.320636
0.319835
0.319095
0.318406
0.317749
0.317119
0.316512
0.315923
0.31534
0.31478
0.314233
0.313698
0.313174
0.312662
0.31216
0.311669
0.311186
0.310708
0.310235
0.309766
0.309301
0.308838
0.308372
0.307912
0.307453
0.306989
0.306527
0.306063
0.305596
0.305113
0.304581
0.304006
0.3034
0.302761
0.302113
0.301473
0.300825
0.300167
0.299501
0.298827
0.298145
0.297456
0.296761
0.296199
0.295659
0.295149
0.294669
0.294219
0.293802
0.293416
0.293064
0.292745
0.292459
0.292209
0.291993
0.291809
0.291647
0.29151
0.291396
0.291306
0.291242
0.291201
0.291186
0.291193
0.291222
0.29127
0.291338
0.291418
0.291516
0.291622
0.291735
0.291853
0.291976
0.292104
0.292234
0.292368
0.292505
0.292643
0.292783
0.292924
0.293065
0.293206
0.293343
0.293475
0.293603
0.293726
0.293844
0.293955
0.29406
0.294158
0.294249
0.294334
0.294412
0.294482
0.294536
0.294546
0.294517
0.294457
0.294361
0.294226
0.294049
0.293829
0.293567
0.29331
0.293075
0.292863
0.292682
0.292504
0.292337
0.292181
0.292038
0.291909
0.291794
0.291695
0.29161
0.291543
0.291491
0.291458
0.291441
0.291442
0.291457
0.291483
0.29152
0.291568
0.291628
0.291699
0.291782
0.291878
0.291984
0.292101
0.292227
0.292362
0.292505
0.292654
0.292805
0.292956
0.293108
0.293259
0.293409
0.293558
0.293705
0.29385
0.293991
0.294129
0.294264
0.294394
0.294519
0.294638
0.29475
0.294856
0.294955
0.295047
0.295131
0.295208
0.295276
0.295336
0.295417
0.295519
0.295612
0.295687
0.295717
0.295706
0.295664
0.295586
0.295468
0.295309
0.295107
0.2949
0.294704
0.294492
0.294264
0.294021
0.293769
0.293513
0.293252
0.293041
0.292894
0.292769
0.292667
0.292587
0.292522
0.292474
0.292443
0.292429
0.292432
0.292451
0.29248
0.292519
0.292569
0.292631
0.292704
0.292789
0.292885
0.292993
0.293112
0.29324
0.293378
0.293523
0.293675
0.293828
0.293982
0.294137
0.294293
0.294448
0.294603
0.294756
0.294908
0.295058
0.295206
0.295351
0.295494
0.295633
0.295766
0.295895
0.296017
0.296133
0.296242
0.296344
0.296439
0.296526
0.296604
0.296674
0.296734
0.296785
0.296817
0.296805
0.296753
0.296669
0.296551
0.296396
0.296202
0.295967
0.29569
0.295373
0.295169
0.295011
0.29486
0.294717
0.294589
0.294479
0.294385
0.294311
0.294255
0.294219
0.294201
0.294205
0.294228
0.294273
0.294337
0.294422
0.294524
0.294641
0.294769
0.294912
0.295067
0.295236
0.295417
0.29561
0.295814
0.296027
0.296248
0.296476
0.29671
0.296948
0.297186
0.297422
0.297655
0.297886
0.298115
0.298339
0.298561
0.298778
0.298991
0.2992
0.299403
0.299602
0.299795
0.299983
0.300165
0.300408
0.30071
0.301008
0.3013
0.301586
0.301864
0.302133
0.302393
0.302645
0.302889
0.303117
0.303306
0.303457
0.303569
0.303642
0.303673
0.303661
0.303632
0.303573
0.303488
0.303376
0.303239
0.303167
0.303089
0.303017
0.302951
0.302893
0.302843
0.302801
0.30277
0.302748
0.302736
0.302734
0.302745
0.302766
0.302798
0.30284
0.302889
0.302946
0.303011
0.303082
0.30316
0.303246
0.303338
0.303436
0.303539
0.303645
0.303755
0.303867
0.30398
0.304092
0.304201
0.304309
0.304413
0.304515
0.304613
0.304708
0.304798
0.304884
0.304966
0.305043
0.305115
0.305183
0.305247
0.305306
0.305361
0.30541
0.305454
0.305492
0.305574
0.305697
0.305814
0.305925
0.306027
0.306124
0.306207
0.306252
0.306262
0.306237
0.306177
0.306077
0.305996
0.305894
0.305773
0.305634
0.305512
0.305385
0.305256
0.305128
0.305006
0.304891
0.304785
0.304687
0.304598
0.304519
0.304449
0.304389
0.304339
0.304297
0.304264
0.304242
0.304228
0.304222
0.304221
0.304228
0.304242
0.304262
0.304288
0.304321
0.30436
0.304404
0.304453
0.304507
0.304566
0.304628
0.30469
0.304754
0.304818
0.304882
0.304943
0.305002
0.305061
0.305118
0.305175
0.30523
0.305281
0.305333
0.305383
0.305431
0.305477
0.305521
0.305561
0.305597
0.30563
0.305771
0.305904
0.306032
0.306155
0.306272
0.306382
0.306476
0.30653
0.306546
0.306526
0.306469
0.306372
0.306233
0.306051
0.305917
0.305762
0.305589
0.305418
0.305257
0.305095
0.304939
0.304791
0.304652
0.304521
0.304399
0.304287
0.304186
0.304095
0.304015
0.303946
0.30389
0.303845
0.303811
0.303787
0.30377
0.303762
0.303763
0.303771
0.303788
0.303812
0.303844
0.303881
0.303925
0.303974
0.304028
0.304087
0.304147
0.304209
0.304271
0.304335
0.304399
0.304463
0.304526
0.304589
0.304651
0.304711
0.304768
0.304823
0.304874
0.304922
0.304965
0.305003
0.305037
0.305066
0.305091
0.30517
0.305296
0.305415
0.305528
0.305633
0.30573
0.305811
0.305854
0.30586
0.305832
0.305768
0.305665
0.305521
0.305336
0.305186
0.305013
0.304822
0.304635
0.304464
0.304293
0.304129
0.303973
0.303827
0.30369
0.303565
0.30345
0.303347
0.303256
0.303178
0.303114
0.303063
0.303024
0.302996
0.302978
0.302968
0.302967
0.302974
0.302991
0.303017
0.303051
0.303094
0.303145
0.303204
0.303269
0.303341
0.303419
0.303497
0.303576
0.303655
0.303735
0.303814
0.303893
0.303971
0.304047
0.304123
0.304197
0.304269
0.304338
0.304404
0.304468
0.304528
0.304585
0.304638
0.304686
0.304731
0.30477
0.304902
0.305026
0.305143
0.305253
0.305356
0.305444
0.305491
0.3055
0.305474
0.305411
0.305307
0.305161
0.305049
0.304916
0.304763
0.304592
0.304423
0.304268
0.304112
0.303963
0.303821
0.303688
0.303564
0.30345
0.303346
0.303253
0.303171
0.303101
0.303043
0.302998
0.302966
0.302945
0.302933
0.302929
0.302933
0.302947
0.30297
0.303003
0.303045
0.303097
0.303157
0.303226
0.303302
0.303385
0.303473
0.303563
0.303654
0.303745
0.303836
0.303926
0.304017
0.304106
0.304193
0.304278
0.304359
0.304438
0.304514
0.304586
0.304653
0.304715
0.304773
0.304825
0.304872
0.304914
0.305008
0.305147
0.30528
0.305405
0.305522
0.30563
0.305721
0.305771
0.305784
0.305763
0.305706
0.305609
0.305471
0.30529
0.305066
0.30484
0.304627
0.304453
0.304273
0.304092
0.30392
0.303756
0.303602
0.30346
0.303329
0.30321
0.303104
0.303011
0.302932
0.302866
0.302815
0.302778
0.302753
0.302738
0.302733
0.302738
0.302754
0.30278
0.302816
0.302861
0.302916
0.302979
0.303051
0.30313
0.303216
0.303306
0.303397
0.30349
0.303583
0.303677
0.30377
0.303864
0.303958
0.304051
0.304142
0.304231
0.304318
0.304401
0.304482
0.304558
0.304628
0.304694
0.304756
0.304813
0.304866
0.304913
0.305
0.305125
0.305244
0.305356
0.30546
0.305547
0.305594
0.305602
0.305576
0.305511
0.305405
0.305257
0.305099
0.304945
0.30477
0.304574
0.304387
0.30422
0.304052
0.303891
0.303738
0.303595
0.303461
0.303338
0.303225
0.303124
0.303036
0.30296
0.302897
0.302848
0.302812
0.302789
0.302776
0.302774
0.302783
0.302802
0.302833
0.302875
0.302929
0.302995
0.303071
0.303157
0.303252
0.303355
0.303463
0.303573
0.303684
0.303796
0.303908
0.30402
0.304131
0.30424
0.304348
0.304453
0.304554
0.304651
0.304744
0.304832
0.304915
0.304992
0.305062
0.305126
0.305183
0.305233
0.305329
0.305467
0.305598
0.305721
0.305836
0.305941
0.306029
0.306076
0.306085
0.30606
0.305998
0.305897
0.305753
0.305566
0.305337
0.305149
0.304938
0.304708
0.304524
0.304338
0.304159
0.30399
0.30383
0.303681
0.303544
0.30342
0.303309
0.303211
0.303127
0.303057
0.303003
0.302963
0.302937
0.302922
0.302917
0.302922
0.302939
0.302967
0.303005
0.303055
0.303115
0.303186
0.303265
0.303351
0.303443
0.303541
0.30364
0.303741
0.303842
0.303943
0.304044
0.304144
0.304243
0.304341
0.304436
0.304529
0.304619
0.304706
0.304788
0.304866
0.304938
0.305005
0.305065
0.30512
0.305167
0.305208
0.305346
0.305475
0.305598
0.305712
0.305818
0.305907
0.305957
0.305968
0.305943
0.30588
0.305776
0.305629
0.305439
0.305206
0.304998
0.304763
0.304545
0.304355
0.304165
0.303983
0.303811
0.303648
0.303497
0.303356
0.303228
0.303112
0.30301
0.302922
0.302848
0.302789
0.302745
0.302715
0.302698
0.302693
0.302703
0.302727
0.302765
0.302816
0.302882
0.302959
0.303047
0.303145
0.303252
0.303369
0.303492
0.303617
0.303744
0.303871
0.303999
0.304126
0.304253
0.304377
0.304499
0.30462
0.304734
0.304847
0.304956
0.30506
0.305159
0.305251
0.305336
0.305415
0.305486
0.305549
0.305603
0.305648
0.305767
0.305878
0.305981
0.306075
0.306152
0.306188
0.306186
0.30615
0.306078
0.305965
0.30581
0.305646
0.305488
0.305312
0.305115
0.304899
0.304726
0.304549
0.30438
0.30422
0.304069
0.303929
0.3038
0.303682
0.303576
0.303482
0.303401
0.303334
0.30328
0.303241
0.303214
0.303196
0.30319
0.303193
0.30321
0.303238
0.303279
0.303332
0.303396
0.30347
0.303553
0.303645
0.303744
0.303849
0.303957
0.304067
0.304179
0.304291
0.304403
0.304516
0.304628
0.304739
0.304848
0.304954
0.305057
0.305157
0.305253
0.305339
0.305422
0.305499
0.305567
0.305628
0.305681
0.305725
0.305869
0.306003
0.306127
0.306243
0.306349
0.306436
0.306483
0.306491
0.306463
0.306398
0.306292
0.306145
0.305954
0.305721
0.305444
0.305165
0.304901
0.304687
0.304471
0.304263
0.304066
0.30388
0.303707
0.303548
0.303402
0.30327
0.303154
0.303054
0.30297
0.302903
0.302854
0.30282
0.302797
0.30279
0.302795
0.302813
0.302846
0.302894
0.302957
0.303035
0.303127
0.303231
0.303347
0.303474
0.303608
0.303745
0.303884
0.304025
0.304166
0.304307
0.304448
0.304587
0.304726
0.304857
0.304989
0.305117
0.305241
0.305361
0.305474
0.305579
0.305678
0.305769
0.305852
0.305926
0.305991
0.306047
0.306092
0.306157
0.306244
0.306321
0.306381
0.3064
0.306382
0.306331
0.306244
0.306117
0.305948
0.305794
0.305615
0.305415
0.305195
0.305017
0.304835
0.304653
0.304481
0.304318
0.304165
0.304024
0.303895
0.303778
0.303675
0.303586
0.303512
0.303452
0.303407
0.303378
0.303362
0.303359
0.303367
0.303389
0.303425
0.303475
0.303537
0.303611
0.303697
0.303794
0.303901
0.304017
0.30414
0.30427
0.304401
0.304532
0.304663
0.304793
0.304922
0.305049
0.305173
0.305294
0.305411
0.305524
0.305632
0.305734
0.305831
0.305921
0.306004
0.306079
0.306146
0.306204
0.306255
0.306353
0.306496
0.306631
0.306757
0.306874
0.306981
0.30707
0.307118
0.307127
0.307101
0.307038
0.306934
0.306787
0.306598
0.306366
0.30609
0.305813
0.30555
0.305268
0.305008
0.304787
0.304577
0.304381
0.304199
0.304032
0.303881
0.30374
0.303622
0.303521
0.303439
0.303376
0.303333
0.303307
0.303294
0.303294
0.303308
0.303335
0.303375
0.30343
0.3035
0.303585
0.303682
0.303791
0.30391
0.304039
0.304176
0.304313
0.304452
0.304591
0.30473
0.304867
0.305003
0.305137
0.305269
0.305397
0.305522
0.305642
0.305758
0.305867
0.305971
0.306068
0.306157
0.306239
0.306311
0.306371
0.306424
0.306468
0.306501
0.306555
0.306632
0.306699
0.306749
0.30676
0.306733
0.306674
0.306579
0.306444
0.306269
0.306104
0.305914
0.305702
0.3055
0.305319
0.305136
0.304954
0.304782
0.304619
0.304467
0.304326
0.304197
0.304081
0.303978
0.303889
0.303814
0.303754
0.303709
0.303678
0.303662
0.303658
0.303666
0.303686
0.30372
0.303765
0.303827
0.303901
0.303989
0.304087
0.304196
0.304313
0.304439
0.304569
0.304701
0.304833
0.304964
0.305093
0.305221
0.305347
0.305469
0.305588
0.305704
0.305814
0.30592
0.306021
0.306115
0.306203
0.306285
0.306358
0.306424
0.306483
0.306533
0.306628
0.306766
0.306897
0.30702
0.307134
0.307239
0.307326
0.307373
0.307381
0.307354
0.307289
0.307183
0.307035
0.306844
0.306609
0.306332
0.306011
0.305732
0.305514
0.305292
0.30508
0.304878
0.304687
0.304508
0.304343
0.304192
0.304056
0.303934
0.303828
0.303738
0.303665
0.30361
0.303572
0.303548
0.303537
0.303539
0.303555
0.303584
0.303627
0.303685
0.303756
0.303839
0.303933
0.304038
0.304152
0.304272
0.304394
0.304516
0.304638
0.304758
0.304877
0.304995
0.305111
0.305226
0.305338
0.305447
0.305552
0.305653
0.30575
0.305841
0.305927
0.306006
0.306078
0.306143
0.3062
0.306249
0.306289
0.30636
0.306463
0.306558
0.306644
0.306713
0.306743
0.306736
0.306697
0.306622
0.306508
0.306353
0.306156
0.305946
0.305736
0.305535
0.305356
0.305174
0.304992
0.304818
0.304655
0.304502
0.304361
0.304227
0.304108
0.304002
0.303909
0.30383
0.303766
0.303716
0.30368
0.303658
0.303648
0.303649
0.303663
0.303689
0.303728
0.303779
0.303842
0.303916
0.304001
0.304096
0.3042
0.304312
0.304431
0.304553
0.304676
0.3048
0.304923
0.305047
0.305169
0.30529
0.305409
0.305525
0.305638
0.305747
0.305852
0.305953
0.306047
0.306136
0.306218
0.306293
0.306361
0.306422
0.306474
0.306615
0.306747
0.306872
0.306988
0.307096
0.307186
0.307235
0.307248
0.307226
0.307169
0.307071
0.306932
0.30675
0.306524
0.306256
0.306019
0.305757
0.305556
0.30535
0.305153
0.304966
0.30479
0.304625
0.304473
0.304334
0.304208
0.304097
0.304
0.303918
0.303852
0.303802
0.303768
0.303747
0.30374
0.303746
0.303764
0.303796
0.30384
0.303897
0.303966
0.304047
0.304138
0.304237
0.304344
0.304458
0.304573
0.304689
0.304805
0.304921
0.305036
0.30515
0.305261
0.30537
0.305475
0.305577
0.305676
0.305771
0.305861
0.305947
0.306028
0.306102
0.30617
0.306231
0.306284
0.306329
0.306413
0.306537
0.306652
0.306759
0.306858
0.306938
0.30698
0.306985
0.306958
0.306895
0.306793
0.30665
0.306464
0.306235
0.306029
0.305797
0.305543
0.305347
0.305149
0.304959
0.30478
0.304612
0.304456
0.304311
0.30418
0.304062
0.303955
0.303865
0.30379
0.303731
0.303688
0.30366
0.303643
0.30364
0.30365
0.303674
0.303711
0.303761
0.303823
0.303897
0.303983
0.304078
0.304183
0.304296
0.304415
0.304536
0.304658
0.304779
0.3049
0.305019
0.305137
0.305252
0.305364
0.305473
0.305579
0.305681
0.305778
0.305871
0.305958
0.306039
0.306114
0.306181
0.306242
0.306295
0.30634
0.306421
0.30654
0.306652
0.306755
0.30685
0.306927
0.306963
0.306962
0.306929
0.306859
0.306749
0.306597
0.306403
0.306165
0.30595
0.305709
0.305485
0.305289
0.305093
0.304905
0.304727
0.30456
0.304404
0.304261
0.30413
0.304012
0.303908
0.303818
0.303744
0.303685
0.303643
0.303616
0.303602
0.3036
0.303611
0.303636
0.303675
0.303726
0.303791
0.303867
0.303955
0.304054
0.304161
0.304277
0.304399
0.304522
0.304645
0.304769
0.304892
0.305013
0.305133
0.305251
0.305365
0.305476
0.305585
0.30569
0.305791
0.305887
0.305979
0.306064
0.306144
0.306216
0.306281
0.306339
0.306388
0.306474
0.306595
0.306711
0.306819
0.306918
0.306999
0.307041
0.307046
0.30702
0.306958
0.306857
0.306715
0.30653
0.306302
0.306101
0.305875
0.305628
0.305436
0.305242
0.305057
0.304881
0.304716
0.304563
0.304421
0.304293
0.304178
0.304078
0.303993
0.303923
0.303869
0.303832
0.30381
0.303799
0.303801
0.303816
0.303844
0.303884
0.303935
0.303998
0.304073
0.30416
0.304256
0.304361
0.304474
0.304591
0.304709
0.304826
0.304942
0.305058
0.305171
0.305281
0.305388
0.305492
0.305591
0.305686
0.305778
0.305864
0.305945
0.30602
0.30609
0.306153
0.30621
0.30626
0.306303
0.306339
0.306414
0.306528
0.306635
0.306734
0.306824
0.306897
0.306929
0.306923
0.306882
0.306804
0.306686
0.306525
0.306322
0.306075
0.305785
0.305524
0.305322
0.305114
0.304906
0.304707
0.304519
0.304343
0.304179
0.304027
0.303889
0.303764
0.303654
0.30356
0.303481
0.303418
0.303373
0.303343
0.303326
0.303322
0.303333
0.303357
0.303397
0.30345
0.303518
0.303598
0.303691
0.303794
0.303907
0.304029
0.304159
0.304289
0.304419
0.30455
0.304679
0.304808
0.304935
0.305055
0.305176
0.305294
0.305408
0.305519
0.305626
0.305728
0.305824
0.305914
0.305998
0.306075
0.306144
0.306204
0.306257
0.306301
0.306421
0.306533
0.306637
0.306732
0.30681
0.306848
0.306849
0.306818
0.306754
0.306653
0.306512
0.306331
0.306181
0.30601
0.305821
0.305696
0.305572
0.305453
0.305347
0.305253
0.305174
0.305109
0.305059
0.305024
0.305006
0.305002
0.305014
0.30504
0.305081
0.305138
0.305209
0.305291
0.305383
0.305486
0.3056
0.305726
0.305863
0.306012
0.306172
0.306343
0.306528
0.306723
0.306925
0.307133
0.30734
0.307545
0.307747
0.307945
0.30814
0.308333
0.308521
0.308706
0.308887
0.309064
0.309236
0.309403
0.309566
0.309723
0.309873
0.310018
0.310155
0.310361
0.310631
0.310894
0.31115
0.311397
0.311637
0.311905
0.312165
0.31241
0.312621
0.312797
0.312937
0.31304
0.313103
0.313125
0.313103
0.313039
0.312973
0.31291
0.312868
0.312819
0.312765
0.312717
0.312676
0.312643
0.312617
0.312599
0.31259
0.312591
0.312602
0.312622
0.312653
0.312695
0.312749
0.312814
0.312887
0.312969
0.31306
0.313159
0.313266
0.313381
0.313503
0.313629
0.313754
0.313879
0.314004
0.314129
0.314254
0.314376
0.314494
0.314609
0.314719
0.314825
0.314927
0.315024
0.315117
0.315205
0.315288
0.315366
0.315439
0.315506
0.315569
0.315628
0.315681
0.31573
0.315904
0.31607
0.316236
0.316396
0.316578
0.316781
0.316978
0.317168
0.317343
0.317484
0.317589
0.317657
0.317686
0.317674
0.317619
0.317521
0.31738
0.31726
0.317116
0.316988
0.31685
0.316707
0.316569
0.316435
0.316307
0.316186
0.316074
0.315971
0.315878
0.315795
0.315724
0.315664
0.315615
0.315576
0.315548
0.315526
0.315512
0.315505
0.315505
0.315511
0.315522
0.315538
0.315558
0.315581
0.315607
0.315636
0.315665
0.315696
0.315725
0.315752
0.315775
0.315798
0.315819
0.315838
0.315854
0.315868
0.31588
0.315888
0.315893
0.315895
0.315892
0.315887
0.315877
0.315864
0.315986
0.316106
0.316226
0.31634
0.316447
0.316546
0.316639
0.316765
0.316884
0.316989
0.317059
0.317093
0.317091
0.317051
0.316971
0.316848
0.316683
0.316532
0.316376
0.316227
0.316069
0.315905
0.315736
0.315572
0.315414
0.315262
0.315117
0.314979
0.314849
0.314727
0.314608
0.314503
0.314407
0.314321
0.314245
0.314179
0.31412
0.314069
0.314026
0.313992
0.313965
0.313946
0.313935
0.313932
0.313936
0.313948
0.313966
0.313991
0.314021
0.314052
0.314084
0.314117
0.314151
0.314184
0.314217
0.31425
0.314281
0.31431
0.314338
0.314363
0.314386
0.314407
0.314426
0.314442
0.314452
0.314458
0.314457
0.314574
0.314683
0.31482
0.314984
0.315145
0.3153
0.315447
0.31558
0.315675
0.315734
0.315759
0.315748
0.315697
0.315606
0.315473
0.315368
0.315241
0.315096
0.314933
0.314752
0.314588
0.314429
0.314277
0.314134
0.314
0.313874
0.313757
0.313648
0.313549
0.313461
0.313384
0.313317
0.31326
0.313213
0.313172
0.313136
0.313105
0.313079
0.313058
0.313041
0.313029
0.31302
0.313016
0.313015
0.31302
0.313029
0.313044
0.313062
0.313085
0.313111
0.313141
0.313174
0.313212
0.313252
0.313295
0.313339
0.313385
0.313431
0.313478
0.313524
0.313567
0.313608
0.313644
0.313754
0.313938
0.314118
0.314292
0.314458
0.314617
0.314768
0.31491
0.31507
0.315215
0.315324
0.315395
0.31543
0.315426
0.31538
0.315292
0.315205
0.315091
0.314954
0.314794
0.314635
0.314487
0.314333
0.314183
0.314039
0.313902
0.313772
0.313651
0.313538
0.313434
0.313339
0.313254
0.31318
0.313116
0.313064
0.313024
0.312992
0.312969
0.312954
0.312948
0.31295
0.312962
0.312982
0.31301
0.313045
0.313087
0.313133
0.313183
0.313236
0.313289
0.313343
0.313397
0.31345
0.313503
0.313556
0.313607
0.313657
0.313704
0.31375
0.313793
0.313832
0.313867
0.313898
0.313924
0.313942
0.313957
0.313967
0.314032
0.314147
0.314334
0.314516
0.314693
0.314864
0.315028
0.315176
0.315287
0.315361
0.3154
0.315402
0.315365
0.315286
0.315164
0.315
0.314869
0.314714
0.314539
0.314344
0.314177
0.314014
0.313857
0.313708
0.313569
0.31344
0.313321
0.313214
0.313119
0.313037
0.312967
0.31291
0.312864
0.31283
0.312802
0.312782
0.312768
0.312762
0.312764
0.312772
0.312788
0.31281
0.312838
0.312872
0.312912
0.312958
0.313009
0.313063
0.31312
0.313179
0.313242
0.313306
0.313372
0.31344
0.313509
0.313577
0.313645
0.313713
0.313779
0.313842
0.313901
0.313956
0.314005
0.314124
0.314313
0.3145
0.31468
0.314852
0.315017
0.315173
0.315321
0.315458
0.315578
0.31566
0.315704
0.31571
0.315687
0.315644
0.315576
0.315482
0.315363
0.31522
0.315053
0.314892
0.314744
0.314592
0.314444
0.314301
0.314164
0.314034
0.313912
0.313799
0.313695
0.313602
0.313519
0.313448
0.313389
0.313342
0.313307
0.313281
0.313264
0.313256
0.313257
0.313268
0.313288
0.313316
0.313352
0.313391
0.313433
0.31348
0.313532
0.313588
0.313646
0.313705
0.313766
0.313828
0.313892
0.313957
0.314022
0.314087
0.314151
0.314214
0.314274
0.314329
0.314383
0.314431
0.314475
0.314512
0.314544
0.314568
0.314651
0.314786
0.314916
0.3151
0.315279
0.315452
0.315619
0.315771
0.315885
0.315962
0.316005
0.316011
0.315977
0.315901
0.315781
0.315619
0.315477
0.315309
0.31512
0.314933
0.314762
0.314595
0.314434
0.314281
0.314136
0.313999
0.313872
0.313755
0.313649
0.313556
0.313473
0.313402
0.313342
0.313294
0.313256
0.313227
0.313209
0.313201
0.313203
0.313215
0.313237
0.313268
0.313309
0.313359
0.313417
0.313482
0.313555
0.31363
0.313707
0.313787
0.313869
0.313948
0.31403
0.314111
0.314191
0.314268
0.314342
0.314414
0.314482
0.314545
0.314603
0.314656
0.314703
0.314745
0.31492
0.315092
0.315259
0.315419
0.315572
0.315717
0.315853
0.315978
0.316086
0.316155
0.316187
0.316181
0.316144
0.316086
0.316001
0.315891
0.315754
0.315592
0.315405
0.315226
0.315066
0.3149
0.31474
0.314584
0.314435
0.314294
0.314161
0.314037
0.313924
0.313822
0.313732
0.313654
0.313589
0.313537
0.313499
0.313471
0.313455
0.31345
0.313458
0.313478
0.313511
0.313556
0.313611
0.313676
0.313748
0.313827
0.313907
0.31399
0.314074
0.314158
0.314242
0.314326
0.31441
0.314492
0.314573
0.314652
0.314725
0.314797
0.314865
0.314928
0.314987
0.31504
0.315087
0.315127
0.315159
0.315184
0.315267
0.315403
0.315532
0.315683
0.315854
0.316019
0.316178
0.316322
0.316428
0.316497
0.316531
0.316528
0.316483
0.316397
0.316266
0.316092
0.315901
0.315705
0.315485
0.315273
0.315083
0.314898
0.314721
0.314554
0.314396
0.314248
0.314111
0.313987
0.313875
0.313778
0.313693
0.313623
0.313567
0.313526
0.313497
0.313479
0.313475
0.313483
0.313505
0.313539
0.313587
0.313646
0.313716
0.313794
0.313879
0.31397
0.314065
0.314157
0.314248
0.314335
0.314418
0.314498
0.314574
0.314646
0.314711
0.314773
0.314829
0.314881
0.314928
0.314968
0.315004
0.315036
0.315062
0.315083
0.315168
0.315313
0.315455
0.315592
0.315723
0.31587
0.316031
0.316185
0.316324
0.316426
0.31649
0.316517
0.316505
0.316451
0.316352
0.316242
0.316102
0.315935
0.31574
0.31552
0.315302
0.315101
0.314905
0.314713
0.314529
0.314353
0.314185
0.314028
0.313882
0.313749
0.313629
0.313523
0.313432
0.313357
0.313298
0.313254
0.313223
0.313208
0.313207
0.313221
0.31325
0.313293
0.313349
0.313416
0.313493
0.313575
0.313667
0.313761
0.313855
0.313947
0.314035
0.31412
0.314201
0.314278
0.31435
0.314418
0.314481
0.314538
0.314589
0.314634
0.314671
0.314702
0.314727
0.314745
0.314754
0.314756
0.314814
0.314923
0.315025
0.315176
0.315324
0.315467
0.315604
0.315726
0.315811
0.31586
0.315875
0.315852
0.315788
0.3157
0.315598
0.315472
0.315322
0.315149
0.314953
0.314734
0.314496
0.314273
0.314079
0.313893
0.313716
0.313548
0.313391
0.313243
0.313107
0.312982
0.312869
0.312769
0.312683
0.31261
0.312548
0.312498
0.31246
0.312433
0.31242
0.31242
0.312434
0.312462
0.312503
0.312556
0.312618
0.312691
0.31277
0.312851
0.312933
0.313017
0.3131
0.313184
0.313271
0.313358
0.313442
0.313522
0.313598
0.31367
0.313736
0.313797
0.31385
0.313897
0.313935
0.313965
0.313986
0.31406
0.314184
0.314334
0.314512
0.314684
0.314849
0.315004
0.315141
0.315239
0.315298
0.315327
0.315319
0.31527
0.31518
0.315046
0.314919
0.314765
0.314589
0.314391
0.314172
0.313933
0.313683
0.313485
0.313293
0.313112
0.312939
0.312776
0.312623
0.312482
0.312352
0.312235
0.312131
0.312041
0.311963
0.311896
0.31184
0.311796
0.311763
0.31174
0.31173
0.311733
0.311749
0.311777
0.311817
0.311868
0.31193
0.312
0.312073
0.312149
0.312228
0.312309
0.312391
0.312474
0.312557
0.312641
0.312727
0.312813
0.312896
0.312974
0.313046
0.313112
0.31317
0.313222
0.313267
0.313305
0.313335
0.31348
0.313686
0.313888
0.314083
0.314271
0.31445
0.314611
0.314731
0.314813
0.31486
0.314871
0.31484
0.314765
0.314647
0.314537
0.3144
0.314241
0.314058
0.313853
0.313628
0.313391
0.313169
0.312976
0.312791
0.312615
0.312449
0.312293
0.312148
0.312015
0.311894
0.311786
0.311692
0.311612
0.311545
0.311492
0.311453
0.31143
0.311421
0.311427
0.311451
0.31149
0.311543
0.31161
0.311689
0.311778
0.311875
0.311974
0.312075
0.312176
0.312278
0.312379
0.312479
0.312578
0.312674
0.312766
0.312855
0.312938
0.313017
0.313089
0.313155
0.313214
0.313266
0.313309
0.313344
0.313369
0.313512
0.313713
0.313908
0.314096
0.314275
0.314446
0.314598
0.314711
0.314789
0.314835
0.314845
0.314816
0.314743
0.314627
0.314491
0.314345
0.314176
0.313984
0.31377
0.313535
0.313287
0.313097
0.312913
0.312737
0.312572
0.312418
0.312276
0.312146
0.31203
0.311928
0.311841
0.311769
0.311713
0.31167
0.311639
0.311621
0.311617
0.311625
0.311648
0.311685
0.311737
0.311801
0.311878
0.311965
0.312063
0.312168
0.312276
0.312386
0.312497
0.312608
0.312718
0.312827
0.312934
0.313039
0.313141
0.313239
0.313333
0.313423
0.313507
0.313584
0.313655
0.313719
0.313774
0.313821
0.313858
0.313991
0.314211
0.314423
0.314628
0.314823
0.315009
0.315177
0.315306
0.315397
0.315452
0.315469
0.315444
0.315373
0.315258
0.315124
0.314985
0.314821
0.314633
0.314422
0.314189
0.313943
0.313716
0.313521
0.313334
0.313156
0.312989
0.312832
0.312688
0.312556
0.312438
0.312334
0.312245
0.312172
0.312113
0.31207
0.312042
0.312032
0.312038
0.312061
0.3121
0.312155
0.312224
0.312306
0.3124
0.312506
0.31262
0.312738
0.312858
0.312978
0.313099
0.313218
0.313337
0.313453
0.313566
0.313676
0.313781
0.313881
0.313975
0.314062
0.314143
0.314215
0.314278
0.314333
0.314377
0.314411
0.314564
0.314734
0.314927
0.315113
0.315291
0.315459
0.315609
0.315721
0.315796
0.315839
0.315848
0.315816
0.315742
0.315624
0.315463
0.31528
0.315087
0.314869
0.314627
0.314364
0.314163
0.313967
0.313781
0.313604
0.313439
0.313286
0.313145
0.313018
0.312906
0.312809
0.312729
0.312664
0.312617
0.312583
0.312562
0.312553
0.312558
0.312578
0.312612
0.312659
0.312721
0.312794
0.31288
0.312976
0.313081
0.313195
0.313311
0.313429
0.313548
0.313667
0.313787
0.313905
0.314022
0.314136
0.314247
0.314355
0.314458
0.314556
0.314649
0.314735
0.314814
0.314884
0.314947
0.315
0.315043
0.315138
0.315354
0.315562
0.315763
0.315954
0.316137
0.316302
0.316429
0.316519
0.316574
0.316589
0.316562
0.316491
0.316375
0.316213
0.316006
0.31581
0.315585
0.315334
0.315059
0.314842
0.314628
0.314423
0.314227
0.314042
0.313867
0.313704
0.313555
0.31342
0.3133
0.313196
0.313109
0.313041
0.312987
0.31295
0.31293
0.312927
0.312944
0.312981
0.313039
0.313117
0.313213
0.313326
0.313453
0.313594
0.313744
0.313897
0.314051
0.314206
0.314358
0.314508
0.314655
0.314796
0.314933
0.315064
0.315189
0.315307
0.315416
0.315517
0.315609
0.31569
0.31576
0.315819
0.315866
0.3159
0.316049
0.316185
0.316311
0.316426
0.316564
0.316689
0.316799
0.316869
0.316903
0.316906
0.316872
0.316798
0.316682
0.316524
0.316321
0.316111
0.31587
0.315602
0.315384
0.315158
0.314938
0.314725
0.31452
0.314323
0.314137
0.313961
0.313798
0.313648
0.313512
0.313391
0.313285
0.313196
0.313124
0.313067
0.313025
0.313
0.312993
0.313006
0.313038
0.31309
0.31316
0.313248
0.31335
0.313466
0.313596
0.313735
0.313876
0.314019
0.314162
0.314299
0.314437
0.314572
0.314703
0.314833
0.314958
0.315077
0.315188
0.315292
0.315388
0.315474
0.315551
0.315617
0.315673
0.315718
0.315751
0.315897
0.31603
0.316156
0.316316
0.316468
0.316612
0.316738
0.316827
0.316878
0.316894
0.316873
0.31681
0.316705
0.316554
0.316359
0.316118
0.315833
0.315557
0.315288
0.315046
0.314811
0.314584
0.314366
0.314157
0.313959
0.313773
0.3136
0.313441
0.313296
0.313169
0.313058
0.312965
0.31289
0.312831
0.31279
0.312768
0.312766
0.312786
0.312828
0.312893
0.31298
0.313087
0.31321
0.313348
0.313498
0.313657
0.313818
0.313977
0.314135
0.31429
0.31444
0.314585
0.314724
0.314855
0.314979
0.315094
0.3152
0.315296
0.315383
0.31546
0.315527
0.315583
0.315628
0.315661
0.315817
0.315961
0.316096
0.31622
0.316334
0.316435
0.316524
0.316593
0.316622
0.316614
0.316572
0.316493
0.316388
0.316253
0.316089
0.315897
0.315677
0.315429
0.315192
0.314979
0.314763
0.314552
0.314348
0.314152
0.313965
0.313789
0.313625
0.313473
0.313335
0.313212
0.313105
0.313019
0.312952
0.312905
0.312873
0.312858
0.312862
0.312884
0.312926
0.312982
0.31306
0.313155
0.313266
0.313389
0.313525
0.31367
0.313823
0.313975
0.314127
0.314276
0.314421
0.314561
0.314696
0.314825
0.314946
0.31506
0.315166
0.315264
0.315353
0.315433
0.315503
0.315564
0.315615
0.315654
0.315681
0.315761
0.315892
0.316014
0.316124
0.316225
0.316332
0.316446
0.316543
0.316602
0.316624
0.316612
0.316562
0.316471
0.316338
0.316161
0.315964
0.315759
0.315531
0.31528
0.315092
0.314901
0.314722
0.314556
0.314402
0.314263
0.314135
0.314026
0.313933
0.313857
0.3138
0.313761
0.313741
0.313742
0.313762
0.313799
0.313853
0.313924
0.314011
0.314117
0.31424
0.314382
0.314541
0.314717
0.314908
0.315111
0.315326
0.315549
0.315772
0.315995
0.316216
0.316433
0.316647
0.316856
0.31706
0.317257
0.317448
0.317631
0.317806
0.317972
0.31813
0.318279
0.318418
0.31863
0.318922
0.319213
0.319505
0.31983
0.320184
0.32053
0.320868
0.321195
0.321511
0.321809
0.322072
0.322299
0.322489
0.322643
0.322755
0.322826
0.322852
0.322835
0.322775
0.322672
0.322556
0.322438
0.322349
0.322262
0.322178
0.322101
0.322032
0.321972
0.321923
0.321886
0.321861
0.321847
0.321848
0.321863
0.321892
0.321936
0.321989
0.322052
0.322123
0.322204
0.32229
0.322384
0.322483
0.322585
0.322688
0.4
0.39998
0.399914
0.399795
0.399629
0.399423
0.39918
0.398903
0.398591
0.398244
0.397862
0.397444
0.396991
0.396502
0.395974
0.395409
0.394807
0.394169
0.393492
0.392776
0.39202
0.391221
0.39038
0.389495
0.388567
0.387592
0.386572
0.385504
0.384389
0.383225
0.38201
0.380746
0.379432
0.378067
0.376649
0.375179
0.373657
0.372085
0.370465
0.368796
0.367081
0.365319
0.363516
0.361678
0.359805
0.357895
0.355945
0.353957
0.35193
0.349864
0.347761
0.345793
0.343998
0.342223
0.340463
0.338718
0.337138
0.335747
0.334418
0.333156
0.331963
0.33084
0.329786
0.328814
0.327944
0.327171
0.326487
0.325882
0.325339
0.324823
0.324331
0.323863
0.323414
0.322977
0.322551
0.322133
0.321719
0.321303
0.32088
0.32046
0.320038
0.319608
0.319176
0.318738
0.318295
0.317847
0.317393
0.316933
0.316463
0.315989
0.315506
0.315016
0.314516
0.314003
0.313468
0.312883
0.312253
0.31159
0.310889
0.310149
0.309366
0.308541
0.307673
0.306762
0.305808
0.304812
0.303862
0.302989
0.302255
0.301554
0.300894
0.300276
0.299702
0.299169
0.298673
0.298215
0.297794
0.297409
