0.270153
0.270846
0.271537
0.272224
0.272902
0.273567
0.274214
0.27484
0.275441
0.276013
0.276555
0.277063
0.277536
0.277974
0.278375
0.278739
0.279067
0.279357
0.279609
0.279825
0.280003
0.280144
0.28025
0.280321
0.280357
0.280361
0.280335
0.280279
0.280201
0.2801
0.27998
0.279842
0.279688
0.279519
0.279337
0.279145
0.278943
0.278733
0.278518
0.278299
0.278076
0.277852
0.277629
0.277408
0.27719
0.276976
0.276767
0.276564
0.276369
0.276181
0.276
0.275828
0.275667
0.275514
0.275374
0.275245
0.275127
0.275022
0.274929
0.274847
0.274776
0.274717
0.274669
0.274631
0.274604
0.274587
0.274576
0.274573
0.274577
0.274587
0.274601
0.274622
0.274647
0.274677
0.274711
0.274748
0.274788
0.274829
0.274872
0.274915
0.274958
0.275002
0.275045
0.275088
0.27513
0.275171
0.27521
0.275249
0.275286
0.275321
0.275354
0.275385
0.275415
0.275441
0.275466
0.275488
0.275508
0.275525
0.27554
0.275553
0.275563
0.275571
0.275577
0.27558
0.27558
0.275579
0.275577
0.275573
0.27557
0.275566
0.275561
0.275556
0.275551
0.275547
0.275543
0.275539
0.275537
0.275535
0.275533
0.275533
0.275532
0.275532
0.275533
0.275533
0.275535
0.275536
0.275537
0.275535
0.275535
0.275536
0.275537
0.275537
0.275538
0.275539
0.275539
0.27554
0.275541
0.275541
0.275542
0.275544
0.275545
0.275546
0.275547
0.275549
0.27555
0.27555
0.27555
0.27555
0.27555
0.275551
0.275552
0.275553
0.275554
0.275555
0.275556
0.275557
0.275558
0.275559
0.27556
0.275562
0.27556
0.27556
0.27556
0.275561
0.275561
0.275562
0.275562
0.275562
0.275563
0.275563
0.275563
0.275563
0.275563
0.275563
0.275564
0.275564
0.275564
0.275564
0.275565
0.275565
0.275565
0.275565
0.275565
0.275565
0.275565
0.275565
0.275565
0.275566
0.275566
0.275566
0.275566
0.275566
0.275566
0.275566
0.275567
0.275567
0.275567
0.275567
0.275567
0.275567
0.275568
0.275568
0.275568
0.275569
0.275569
0.275569
0.27557
0.27557
0.275571
0.275571
0.27557
0.275571
0.275571
0.275571
0.275571
0.275571
0.275571
0.275571
0.27557
0.275569
0.275569
0.275568
0.275568
0.275568
0.275568
0.275568
0.275568
0.275568
0.275568
0.275568
0.275568
0.275568
0.275568
0.275567
0.275559
0.275517
0.275438
0.275317
0.275155
0.274951
0.274716
0.27445
0.274151
0.273818
0.273454
0.273058
0.27263
0.272188
0.271781
0.271409
0.271074
0.270775
0.270512
0.270285
0.270094
0.270058
0.270198
0.270358
0.270538
0.270739
0.27096
0.271199
0.271457
0.271732
0.272015
0.272306
0.272605
0.272911
0.273224
0.273544
0.273871
0.274204
0.274542
0.274887
0.275236
0.27559
0.275947
0.276303
0.276658
0.277011
0.277362
0.27771
0.278057
0.2784
0.278784
0.27918
0.279573
0.279963
0.280351
0.280724
0.281057
0.281351
0.281617
0.281851
0.28205
0.28221
0.282373
0.282561
0.282741
0.282913
0.28308
0.283241
0.283399
0.283557
0.283718
0.28388
0.284044
0.284211
0.28438
0.284553
0.284728
0.284906
0.285088
0.285274
0.285463
0.285656
0.28585
0.286047
0.286246
0.286448
0.286653
0.28686
0.287071
0.287285
0.2875
0.287718
0.287937
0.288158
0.28838
0.288601
0.28882
0.289037
0.289252
0.289464
0.289674
0.289881
0.290085
0.290286
0.290483
0.290676
0.290864
0.291049
0.291229
0.291403
0.291572
0.291734
0.291891
0.292042
0.292186
0.292323
0.292453
0.292575
0.29269
0.292796
0.292886
0.292933
0.292942
0.292922
0.29287
0.292798
0.292719
0.292648
0.292599
0.292549
0.292498
0.292448
0.292398
0.292351
0.292311
0.292278
0.292253
0.292235
0.292225
0.292223
0.292226
0.292235
0.29225
0.292269
0.292294
0.292325
0.292361
0.292401
0.292445
0.292493
0.292545
0.292601
0.292663
0.292728
0.292798
0.292872
0.29295
0.293031
0.293116
0.293202
0.29329
0.293378
0.293465
0.293553
0.293641
0.293728
0.293813
0.293898
0.293981
0.294063
0.294143
0.294221
0.294296
0.294368
0.294438
0.294503
0.294565
0.294623
0.294676
0.294724
0.294768
0.294807
0.294842
0.29487
0.294894
0.294904
0.294872
0.294805
0.294708
0.294578
0.29443
0.294276
0.294165
0.294052
0.293941
0.293832
0.293724
0.29362
0.29352
0.293428
0.293344
0.29327
0.293204
0.293148
0.293102
0.293065
0.293038
0.29302
0.293011
0.293011
0.293019
0.293034
0.293054
0.293077
0.293105
0.293138
0.293175
0.293218
0.293266
0.293318
0.293375
0.293436
0.293501
0.29357
0.293641
0.293713
0.293786
0.29386
0.293934
0.294007
0.294081
0.294153
0.294225
0.294296
0.294365
0.294433
0.2945
0.294564
0.294625
0.294683
0.294738
0.29479
0.294838
0.294881
0.294922
0.294958
0.294989
0.295016
0.295039
0.295056
0.295061
0.295025
0.294953
0.294852
0.294718
0.294566
0.294409
0.294264
0.294145
0.294027
0.293911
0.293798
0.293687
0.29358
0.293482
0.293393
0.293312
0.293241
0.293179
0.293127
0.293085
0.293053
0.293031
0.293019
0.293015
0.29302
0.293033
0.29305
0.293071
0.293097
0.293128
0.293163
0.293204
0.29325
0.2933
0.293356
0.293415
0.293479
0.293546
0.293616
0.293687
0.293759
0.293831
0.293903
0.293976
0.294048
0.294119
0.29419
0.29426
0.294329
0.294396
0.294461
0.294525
0.294585
0.294643
0.294698
0.294749
0.294797
0.29484
0.29488
0.294915
0.294946
0.294973
0.294995
0.295013
0.295017
0.294981
0.294908
0.294806
0.294671
0.294519
0.294386
0.294274
0.294163
0.294054
0.293947
0.293842
0.29374
0.293643
0.293554
0.293473
0.2934
0.293337
0.293282
0.293237
0.293201
0.293175
0.293158
0.293151
0.293153
0.293163
0.293178
0.293198
0.293222
0.293251
0.293283
0.293321
0.293363
0.29341
0.293462
0.293518
0.293579
0.293643
0.29371
0.29378
0.293851
0.293923
0.293995
0.294068
0.29414
0.294212
0.294284
0.294354
0.294423
0.294492
0.294558
0.294623
0.294685
0.294745
0.294803
0.294856
0.294907
0.294954
0.294996
0.295036
0.295071
0.295102
0.295128
0.29515
0.295167
0.295172
0.295136
0.295065
0.294964
0.294829
0.294678
0.29452
0.294405
0.29429
0.294175
0.294063
0.293952
0.293845
0.293742
0.293647
0.29356
0.293483
0.293414
0.293355
0.293304
0.293264
0.293234
0.293213
0.293201
0.293198
0.293203
0.293217
0.293234
0.293255
0.29328
0.293311
0.293346
0.293387
0.293432
0.293482
0.293536
0.293595
0.293657
0.293723
0.293792
0.293862
0.293932
0.294003
0.294074
0.294145
0.294216
0.294286
0.294355
0.294424
0.294491
0.294557
0.29462
0.294682
0.294742
0.294798
0.29485
0.2949
0.294946
0.294988
0.295026
0.295059
0.295089
0.295114
0.295134
0.29515
0.295154
0.295117
0.295043
0.294941
0.294804
0.29465
0.294517
0.294404
0.294292
0.294181
0.294073
0.293967
0.293864
0.293765
0.293674
0.293592
0.293518
0.293453
0.293396
0.29335
0.293313
0.293285
0.293267
0.293258
0.293259
0.293267
0.293281
0.2933
0.293322
0.293348
0.293379
0.293415
0.293456
0.293501
0.293552
0.293606
0.293665
0.293728
0.293794
0.293862
0.293932
0.294002
0.294072
0.294143
0.294213
0.294283
0.294353
0.294422
0.29449
0.294556
0.294621
0.294685
0.294746
0.294805
0.29486
0.294913
0.294962
0.295007
0.295049
0.295086
0.29512
0.295149
0.295174
0.295194
0.29521
0.295214
0.295176
0.295103
0.295
0.294863
0.294709
0.294549
0.294433
0.294316
0.294199
0.294085
0.293973
0.293864
0.293759
0.293663
0.293575
0.293495
0.293425
0.293364
0.293312
0.29327
0.293238
0.293215
0.293202
0.293198
0.293203
0.293215
0.293231
0.293252
0.293277
0.293306
0.29334
0.29338
0.293424
0.293473
0.293526
0.293584
0.293645
0.29371
0.293778
0.293846
0.293916
0.293986
0.294056
0.294126
0.294196
0.294265
0.294334
0.294402
0.294469
0.294535
0.294598
0.29466
0.294719
0.294775
0.294829
0.294879
0.294925
0.294967
0.295006
0.29504
0.29507
0.295096
0.295117
0.295134
0.295137
0.2951
0.295027
0.294924
0.294788
0.294635
0.294475
0.29436
0.294243
0.294128
0.294014
0.293903
0.293795
0.293692
0.293596
0.293509
0.293431
0.293362
0.293302
0.293251
0.29321
0.29318
0.293158
0.293147
0.293144
0.29315
0.293163
0.293179
0.293199
0.293224
0.293254
0.293289
0.293328
0.293373
0.293423
0.293477
0.293535
0.293596
0.293662
0.29373
0.2938
0.29387
0.29394
0.294011
0.294082
0.294152
0.294222
0.294292
0.29436
0.294427
0.294493
0.294557
0.294619
0.294679
0.294735
0.294788
0.294838
0.294885
0.294927
0.294966
0.295001
0.295031
0.295057
0.295078
0.295095
0.295099
0.295062
0.294989
0.294887
0.294751
0.294597
0.294438
0.294322
0.294206
0.294091
0.293977
0.293866
0.293758
0.293655
0.29356
0.293473
0.293395
0.293326
0.293266
0.293216
0.293175
0.293144
0.293124
0.293112
0.29311
0.293116
0.29313
0.293147
0.293169
0.293195
0.293225
0.293261
0.293302
0.293347
0.293398
0.293452
0.293511
0.293573
0.293639
0.293708
0.293778
0.293849
0.29392
0.29399
0.294061
0.294132
0.294203
0.294273
0.294341
0.294409
0.294475
0.29454
0.294603
0.294663
0.29472
0.294775
0.294826
0.294873
0.294917
0.294957
0.294992
0.295024
0.295051
0.295074
0.295092
0.295097
0.295062
0.294991
0.29489
0.294756
0.294604
0.294447
0.294333
0.294218
0.294104
0.293992
0.293883
0.293776
0.293674
0.29358
0.293494
0.293418
0.29335
0.293291
0.293242
0.293202
0.293172
0.293152
0.293142
0.29314
0.293146
0.29316
0.293178
0.2932
0.293225
0.293255
0.29329
0.29333
0.293375
0.293425
0.293479
0.293538
0.2936
0.293666
0.293735
0.293804
0.293874
0.293945
0.294015
0.294086
0.294156
0.294226
0.294295
0.294363
0.29443
0.294495
0.294559
0.294621
0.29468
0.294737
0.294791
0.294841
0.294888
0.294931
0.29497
0.295005
0.295035
0.295061
0.295083
0.2951
0.295104
0.295067
0.294994
0.294892
0.294756
0.294603
0.29447
0.294357
0.294246
0.294136
0.294028
0.293923
0.29382
0.293722
0.293632
0.29355
0.293476
0.293412
0.293356
0.293309
0.293272
0.293245
0.293228
0.293219
0.29322
0.293228
0.293242
0.293261
0.293284
0.293311
0.293342
0.293378
0.293419
0.293465
0.293515
0.29357
0.293628
0.29369
0.293756
0.293824
0.293893
0.293963
0.294033
0.294103
0.294173
0.294244
0.294313
0.294382
0.29445
0.294516
0.294582
0.294645
0.294706
0.294765
0.294822
0.294875
0.294924
0.294971
0.295013
0.295052
0.295086
0.295117
0.295143
0.295164
0.295181
0.295185
0.295149
0.295077
0.294975
0.29484
0.294704
0.294548
0.294435
0.294321
0.294208
0.294097
0.293988
0.293882
0.29378
0.293686
0.293601
0.293524
0.293456
0.293397
0.293348
0.293308
0.293277
0.293256
0.293245
0.293242
0.293248
0.29326
0.293276
0.293297
0.293321
0.293351
0.293385
0.293424
0.293467
0.293515
0.293568
0.293625
0.293685
0.293749
0.293815
0.293883
0.293951
0.294019
0.294088
0.294156
0.294224
0.294292
0.294359
0.294425
0.29449
0.294554
0.294616
0.294676
0.294733
0.294788
0.29484
0.294888
0.294934
0.294975
0.295013
0.295047
0.295077
0.295102
0.295124
0.29514
0.295144
0.295107
0.295033
0.294929
0.294793
0.294639
0.29448
0.294364
0.294247
0.294131
0.294017
0.293906
0.293797
0.293693
0.293597
0.29351
0.293431
0.293361
0.2933
0.293249
0.293207
0.293175
0.293153
0.293142
0.29314
0.293147
0.29316
0.293178
0.2932
0.293226
0.293256
0.293292
0.293332
0.293378
0.293428
0.293482
0.29354
0.293602
0.293667
0.293736
0.293805
0.293875
0.293945
0.294015
0.294085
0.294154
0.294224
0.294292
0.29436
0.294427
0.294492
0.294555
0.294616
0.294674
0.29473
0.294783
0.294833
0.294879
0.294923
0.294962
0.294998
0.29503
0.295059
0.295083
0.295102
0.295107
0.295071
0.294999
0.294898
0.294764
0.294628
0.294472
0.29436
0.294246
0.294134
0.294022
0.293914
0.293808
0.293706
0.293612
0.293527
0.29345
0.293378
0.293319
0.293268
0.293228
0.293197
0.293176
0.293165
0.293163
0.293171
0.293186
0.293206
0.29323
0.293259
0.293293
0.293331
0.293374
0.293422
0.293474
0.29353
0.29359
0.293654
0.293721
0.293791
0.293862
0.293933
0.294005
0.294076
0.294147
0.294218
0.294288
0.294357
0.294425
0.294492
0.294557
0.29462
0.294681
0.294741
0.294797
0.294852
0.294903
0.29495
0.294995
0.295037
0.295074
0.295109
0.295139
0.295164
0.295185
0.295192
0.295158
0.295087
0.294986
0.294852
0.2947
0.294543
0.294428
0.294312
0.294198
0.294084
0.293973
0.293865
0.29376
0.293664
0.293576
0.293497
0.293426
0.293366
0.293314
0.293271
0.293239
0.293217
0.293205
0.293202
0.29321
0.293225
0.293244
0.293269
0.293299
0.293334
0.293374
0.293419
0.293468
0.293522
0.29358
0.293642
0.293707
0.293776
0.293848
0.29392
0.293992
0.294064
0.294137
0.294208
0.29428
0.29435
0.29442
0.294489
0.294557
0.294623
0.294689
0.294752
0.294813
0.294872
0.294929
0.294983
0.295058
0.295104
0.295147
0.295186
0.295221
0.295252
0.295278
0.295299
0.295306
0.295272
0.295201
0.2951
0.294966
0.294831
0.294675
0.294561
0.294447
0.294333
0.29422
0.29411
0.294001
0.293897
0.293801
0.293713
0.293634
0.293564
0.293502
0.29345
0.293408
0.293375
0.293353
0.29334
0.293338
0.293343
0.293357
0.293376
0.293401
0.29343
0.293465
0.293505
0.293552
0.293602
0.293658
0.293718
0.293783
0.293852
0.293924
0.293999
0.294074
0.294149
0.294225
0.294301
0.294373
0.294449
0.294524
0.2946
0.294675
0.294749
0.294822
0.294894
0.294964
0.295032
0.295097
0.295159
0.295218
0.295273
0.295325
0.295373
0.295417
0.295455
0.295489
0.295518
0.295541
0.295549
0.295517
0.295447
0.295347
0.295214
0.295063
0.294907
0.294792
0.294675
0.294559
0.294444
0.294331
0.29422
0.294113
0.294013
0.293922
0.293839
0.293765
0.2937
0.293645
0.293599
0.293563
0.293537
0.29352
0.293515
0.293519
0.29353
0.293546
0.293567
0.293594
0.293626
0.293664
0.293708
0.293757
0.293812
0.293872
0.293938
0.294008
0.294082
0.294159
0.294238
0.294317
0.294397
0.294477
0.294558
0.294638
0.294718
0.294798
0.294876
0.294953
0.295029
0.295104
0.295176
0.295246
0.295312
0.295375
0.295435
0.295491
0.295542
0.29559
0.295633
0.295668
0.2957
0.295726
0.295747
0.295752
0.295716
0.295644
0.29554
0.295403
0.295229
0.295065
0.294943
0.294819
0.294696
0.294573
0.294452
0.294333
0.294218
0.294112
0.294013
0.293924
0.293843
0.293772
0.293711
0.293659
0.293617
0.293586
0.293565
0.293555
0.293555
0.293563
0.293576
0.293595
0.293619
0.293649
0.293686
0.293727
0.293774
0.293827
0.293886
0.293949
0.294017
0.29409
0.294166
0.294244
0.294322
0.294401
0.294481
0.294561
0.29464
0.294719
0.294798
0.294875
0.294952
0.295027
0.2951
0.295172
0.29524
0.295306
0.295369
0.295427
0.295481
0.295532
0.295578
0.29562
0.295657
0.295689
0.295714
0.295735
0.29574
0.295704
0.295631
0.295528
0.29539
0.295216
0.29505
0.294928
0.294803
0.294678
0.294554
0.294433
0.294314
0.294199
0.294092
0.293993
0.293904
0.293823
0.293752
0.293691
0.29364
0.293599
0.293568
0.293549
0.293539
0.293541
0.29355
0.293564
0.293583
0.293609
0.293641
0.293678
0.293721
0.293769
0.293823
0.293883
0.293948
0.294018
0.294092
0.29417
0.294248
0.294328
0.294409
0.294489
0.29457
0.294651
0.294731
0.294811
0.29489
0.294967
0.295043
0.295118
0.29519
0.29526
0.295326
0.29539
0.295449
0.295504
0.295556
0.295603
0.295645
0.295682
0.295714
0.295736
0.295756
0.295761
0.295724
0.29565
0.295545
0.295408
0.295233
0.295067
0.294944
0.294819
0.294694
0.294571
0.29445
0.294331
0.294216
0.294109
0.294011
0.293922
0.293842
0.293772
0.293711
0.293661
0.29362
0.293591
0.293572
0.293564
0.293566
0.293576
0.293591
0.293612
0.293639
0.293672
0.29371
0.293754
0.293803
0.293858
0.293919
0.293985
0.294055
0.294131
0.294209
0.294289
0.29437
0.294451
0.294532
0.294614
0.294695
0.294776
0.294856
0.294935
0.295012
0.295088
0.295163
0.295235
0.295305
0.295371
0.295434
0.295494
0.29555
0.295601
0.295644
0.295686
0.295722
0.295754
0.295779
0.295798
0.295802
0.295765
0.295691
0.295587
0.295449
0.295274
0.295113
0.294991
0.294868
0.294746
0.294626
0.294508
0.294392
0.29428
0.294177
0.294081
0.293995
0.293917
0.293849
0.293791
0.293743
0.293704
0.293676
0.293659
0.293653
0.293656
0.293666
0.293682
0.293704
0.293732
0.293765
0.293804
0.293847
0.293897
0.293952
0.294012
0.294078
0.294148
0.294223
0.294301
0.29438
0.294459
0.29454
0.29462
0.294701
0.294781
0.294861
0.29494
0.295018
0.295094
0.295169
0.295243
0.295314
0.295383
0.295448
0.29551
0.295569
0.295624
0.295675
0.295721
0.295759
0.295795
0.295825
0.29585
0.295868
0.295872
0.295834
0.29576
0.295655
0.295516
0.29534
0.295178
0.295055
0.294932
0.294809
0.294688
0.29457
0.294454
0.294341
0.294237
0.294141
0.294054
0.293976
0.293908
0.29385
0.293801
0.293762
0.293734
0.293716
0.293709
0.293712
0.293723
0.293739
0.29376
0.293787
0.293819
0.293858
0.293901
0.293949
0.294004
0.294063
0.294128
0.294197
0.294271
0.294348
0.294426
0.294505
0.294585
0.294664
0.294744
0.294824
0.294903
0.294981
0.295059
0.295135
0.295209
0.295282
0.295353
0.295421
0.295486
0.295548
0.295607
0.295662
0.295713
0.295758
0.2958
0.295836
0.295868
0.295893
0.295913
0.295918
0.295882
0.295809
0.295706
0.295569
0.295395
0.295234
0.295112
0.29499
0.294868
0.294749
0.294631
0.294515
0.294404
0.2943
0.294205
0.294119
0.294041
0.293973
0.293914
0.293865
0.293827
0.293798
0.293781
0.293773
0.293777
0.293788
0.293804
0.293825
0.293852
0.293885
0.293923
0.293966
0.294015
0.294069
0.294129
0.294193
0.294262
0.294335
0.294411
0.294488
0.294567
0.294645
0.294724
0.294803
0.294881
0.294959
0.295037
0.295113
0.295188
0.295262
0.295334
0.295404
0.295471
0.295535
0.295596
0.295654
0.295707
0.295757
0.295802
0.295843
0.295878
0.295908
0.295934
0.29595
0.295954
0.295916
0.295842
0.295736
0.295598
0.295422
0.29526
0.295137
0.295013
0.294891
0.29477
0.29465
0.294534
0.294421
0.294316
0.29422
0.294132
0.294053
0.293984
0.293924
0.293875
0.293835
0.293805
0.293786
0.293778
0.29378
0.29379
0.293806
0.293826
0.293852
0.293884
0.293921
0.293964
0.294012
0.294065
0.294124
0.294188
0.294256
0.294329
0.294405
0.294482
0.29456
0.294638
0.294717
0.294795
0.294874
0.294951
0.295029
0.295105
0.29518
0.295254
0.295326
0.295396
0.295463
0.295527
0.295589
0.295646
0.295701
0.295751
0.295797
0.295838
0.295873
0.295904
0.29593
0.295949
0.295954
0.295917
0.295844
0.29574
0.295603
0.295428
0.295267
0.295145
0.295022
0.294901
0.29478
0.294662
0.294547
0.294435
0.294331
0.294236
0.294149
0.294071
0.294002
0.293943
0.293894
0.293854
0.293826
0.293807
0.293799
0.293802
0.293812
0.293827
0.293848
0.293875
0.293907
0.293944
0.293987
0.294036
0.294089
0.294148
0.294212
0.29428
0.294353
0.294428
0.294505
0.294583
0.294661
0.294739
0.294817
0.294895
0.294973
0.295049
0.295125
0.2952
0.295273
0.295345
0.295414
0.295481
0.295545
0.295606
0.295663
0.295717
0.295767
0.295812
0.295852
0.295888
0.295919
0.295944
0.29596
0.295964
0.295926
0.295852
0.295747
0.295609
0.295433
0.295271
0.295148
0.295025
0.294902
0.294781
0.294662
0.294546
0.294433
0.294328
0.294232
0.294144
0.294065
0.293995
0.293936
0.293886
0.293846
0.293816
0.293797
0.293789
0.29379
0.293799
0.293814
0.293833
0.293858
0.293889
0.293925
0.293967
0.294014
0.294067
0.294125
0.294188
0.294256
0.294328
0.294403
0.294479
0.294556
0.294634
0.294712
0.29479
0.294867
0.294945
0.295021
0.295097
0.295172
0.295245
0.295316
0.295386
0.295453
0.295517
0.295578
0.295635
0.295689
0.295739
0.295784
0.295825
0.295861
0.295892
0.295918
0.295938
0.295942
0.295906
0.295832
0.295728
0.29559
0.295416
0.295254
0.295132
0.29501
0.294888
0.294768
0.29465
0.294534
0.294422
0.294318
0.294222
0.294135
0.294057
0.293989
0.29393
0.293881
0.293841
0.293812
0.293794
0.293786
0.293788
0.293799
0.293814
0.293834
0.29386
0.293891
0.293928
0.293971
0.294019
0.294072
0.294131
0.294194
0.294262
0.294335
0.29441
0.294487
0.294564
0.294642
0.29472
0.294798
0.294877
0.294954
0.295031
0.295107
0.295182
0.295255
0.295326
0.295396
0.295463
0.295527
0.295588
0.295646
0.295699
0.295749
0.295795
0.295835
0.295871
0.295902
0.295927
0.295947
0.295951
0.295913
0.295839
0.295735
0.295597
0.295422
0.29526
0.295138
0.295015
0.294893
0.294772
0.294653
0.294537
0.294424
0.29432
0.294223
0.294136
0.294057
0.293988
0.293928
0.293879
0.293839
0.293809
0.29379
0.293782
0.293784
0.293794
0.293809
0.293829
0.293855
0.293886
0.293924
0.293966
0.294014
0.294067
0.294125
0.294189
0.294257
0.294329
0.294404
0.29448
0.294557
0.294635
0.294713
0.294791
0.294869
0.294946
0.295023
0.295099
0.295173
0.295246
0.295318
0.295387
0.295454
0.295518
0.295579
0.295637
0.295691
0.29574
0.295786
0.295827
0.295863
0.295894
0.295919
0.295938
0.295942
0.295905
0.295832
0.295727
0.295589
0.295414
0.295253
0.295131
0.295008
0.294886
0.294766
0.294648
0.294532
0.29442
0.294316
0.294221
0.294134
0.294055
0.293986
0.293927
0.293878
0.293839
0.29381
0.293791
0.293783
0.293785
0.293794
0.293809
0.293829
0.293854
0.293886
0.293923
0.293965
0.294012
0.294065
0.294123
0.294187
0.294254
0.294327
0.294402
0.294479
0.294556
0.294634
0.294712
0.29479
0.294868
0.294946
0.295023
0.295099
0.295173
0.295247
0.295319
0.295388
0.295455
0.29552
0.295581
0.295638
0.295692
0.295743
0.295788
0.295829
0.295865
0.295895
0.295921
0.29594
0.295944
0.295907
0.295833
0.295728
0.29559
0.295415
0.295253
0.295131
0.295008
0.294886
0.294765
0.294647
0.294531
0.294419
0.294314
0.294218
0.294131
0.294053
0.293983
0.293924
0.293875
0.293835
0.293806
0.293787
0.293779
0.293781
0.293791
0.293806
0.293827
0.293853
0.293885
0.293922
0.293965
0.294013
0.294066
0.294125
0.294189
0.294257
0.294329
0.294405
0.294482
0.294559
0.294637
0.294715
0.294794
0.294872
0.294949
0.295026
0.295102
0.295177
0.29525
0.295322
0.295392
0.295459
0.295523
0.295584
0.295642
0.295696
0.295745
0.295791
0.295832
0.295867
0.295898
0.295923
0.295942
0.295946
0.295909
0.295836
0.295732
0.295594
0.295419
0.295258
0.295136
0.295013
0.294891
0.294771
0.294652
0.294536
0.294424
0.29432
0.294224
0.294137
0.294059
0.29399
0.293931
0.293881
0.293842
0.293812
0.293794
0.293785
0.293788
0.293798
0.293813
0.293833
0.293859
0.29389
0.293927
0.293969
0.294017
0.29407
0.294129
0.294192
0.294259
0.294331
0.294407
0.294483
0.29456
0.294638
0.294717
0.294795
0.294873
0.294951
0.295028
0.295104
0.295179
0.295252
0.295324
0.295394
0.295461
0.295525
0.295586
0.295644
0.295698
0.295748
0.295793
0.295833
0.295869
0.2959
0.295926
0.295945
0.295949
0.295912
0.295838
0.295733
0.295595
0.29542
0.295258
0.295136
0.295013
0.29489
0.29477
0.294652
0.294535
0.294423
0.294319
0.294223
0.294136
0.294057
0.293988
0.293929
0.293879
0.29384
0.29381
0.293792
0.293783
0.293785
0.293794
0.293809
0.293829
0.293854
0.293885
0.293922
0.293964
0.294012
0.294065
0.294123
0.294186
0.294254
0.294326
0.294401
0.294477
0.294554
0.294632
0.294709
0.294787
0.294865
0.294942
0.295019
0.295095
0.295169
0.295242
0.295314
0.295383
0.29545
0.295514
0.295575
0.295629
0.295682
0.29573
0.295774
0.295814
0.295848
0.295878
0.295902
0.29592
0.295923
0.295885
0.29581
0.295705
0.295566
0.29539
0.295227
0.295104
0.29498
0.294858
0.294737
0.294617
0.294501
0.294388
0.294283
0.294187
0.294099
0.29402
0.293951
0.293892
0.293842
0.293802
0.293773
0.293754
0.293745
0.293747
0.293757
0.293772
0.293792
0.293818
0.29385
0.293887
0.29393
0.293978
0.294031
0.29409
0.294153
0.294222
0.294294
0.29437
0.294447
0.294525
0.294603
0.294681
0.29476
0.294838
0.294916
0.294994
0.29507
0.295145
0.295219
0.295291
0.295361
0.295429
0.295493
0.295555
0.295613
0.295667
0.295718
0.295763
0.295804
0.29584
0.295871
0.295897
0.295916
0.295921
0.295884
0.295811
0.295707
0.29557
0.295395
0.295234
0.295112
0.29499
0.294868
0.294749
0.294631
0.294515
0.294404
0.2943
0.294205
0.294118
0.29404
0.293972
0.293913
0.293864
0.293825
0.293796
0.293777
0.293769
0.293772
0.293781
0.293796
0.293817
0.293843
0.293874
0.293912
0.293954
0.294002
0.294056
0.294115
0.294178
0.294247
0.294319
0.294395
0.294472
0.294549
0.294627
0.294705
0.294784
0.294862
0.29494
0.295017
0.295093
0.295167
0.295241
0.295313
0.295382
0.295449
0.295514
0.295575
0.295632
0.295686
0.295736
0.295781
0.295822
0.295857
0.295888
0.295913
0.295933
0.295937
0.2959
0.295826
0.295722
0.295583
0.295408
0.295246
0.295124
0.295
0.294878
0.294757
0.294639
0.294522
0.29441
0.294305
0.294209
0.294121
0.294043
0.293974
0.293914
0.293864
0.293825
0.293795
0.293776
0.293768
0.29377
0.293779
0.293794
0.293813
0.293839
0.29387
0.293907
0.293949
0.293997
0.29405
0.294109
0.294173
0.294241
0.294313
0.294389
0.294465
0.294543
0.294621
0.294699
0.294777
0.294855
0.294933
0.29501
0.295086
0.295161
0.295234
0.295306
0.295376
0.295443
0.295507
0.295568
0.295626
0.29568
0.29573
0.295775
0.295816
0.295852
0.295882
0.295908
0.295927
0.295932
0.295896
0.295822
0.295718
0.29558
0.295405
0.295243
0.295121
0.294998
0.294876
0.294756
0.294637
0.294521
0.294409
0.294305
0.294209
0.294122
0.294044
0.293975
0.293915
0.293866
0.293826
0.293797
0.293779
0.293771
0.293773
0.293784
0.293799
0.29382
0.293846
0.293878
0.293916
0.293958
0.294006
0.29406
0.294118
0.294182
0.294251
0.294323
0.294399
0.294476
0.294554
0.294632
0.294711
0.294789
0.294868
0.294945
0.295023
0.295099
0.295174
0.295248
0.295319
0.295389
0.295456
0.295521
0.295582
0.29564
0.295694
0.295744
0.295789
0.29583
0.295866
0.295897
0.295922
0.295942
0.295946
0.295909
0.295836
0.295731
0.295593
0.295418
0.295257
0.295134
0.295011
0.294889
0.294769
0.29465
0.294534
0.294422
0.294317
0.294222
0.294134
0.294056
0.293988
0.293928
0.293879
0.293839
0.29381
0.293791
0.293783
0.293785
0.293795
0.29381
0.29383
0.293856
0.293887
0.293924
0.293967
0.294014
0.294067
0.294126
0.294189
0.294257
0.294329
0.294404
0.29448
0.294557
0.294635
0.294713
0.294791
0.294868
0.294946
0.295022
0.295098
0.295173
0.295246
0.295317
0.295386
0.295453
0.295517
0.295578
0.295635
0.295689
0.295738
0.295784
0.295825
0.29586
0.295891
0.295916
0.295935
0.295939
0.295903
0.295829
0.295724
0.295586
0.295411
0.295249
0.295126
0.295003
0.294881
0.29476
0.294641
0.294525
0.294413
0.294308
0.294212
0.294125
0.294046
0.293978
0.293918
0.293868
0.293829
0.2938
0.293781
0.293773
0.293775
0.293785
0.2938
0.293821
0.293847
0.293878
0.293916
0.293958
0.294006
0.294059
0.294117
0.294181
0.294249
0.294322
0.294397
0.294474
0.294552
0.29463
0.294708
0.294787
0.294865
0.294943
0.29502
0.295096
0.295171
0.295244
0.295316
0.295386
0.295453
0.295518
0.295579
0.295637
0.295691
0.295741
0.295786
0.295827
0.295863
0.295894
0.295919
0.295939
0.295943
0.295906
0.295833
0.295728
0.29559
0.295416
0.295254
0.295132
0.295009
0.294887
0.294766
0.294648
0.294532
0.294419
0.294315
0.294219
0.294132
0.294054
0.293984
0.293925
0.293876
0.293836
0.293807
0.293788
0.29378
0.293782
0.293792
0.293807
0.293828
0.293854
0.293886
0.293923
0.293966
0.294014
0.294068
0.294127
0.294191
0.294259
0.294331
0.294407
0.294484
0.294561
0.294639
0.294717
0.294796
0.294874
0.294951
0.295028
0.295104
0.295179
0.295252
0.295324
0.295394
0.295461
0.295525
0.295586
0.295643
0.295697
0.295746
0.295788
0.295829
0.295864
0.295894
0.295918
0.295936
0.29594
0.295903
0.295829
0.295724
0.295585
0.295409
0.295247
0.295124
0.295
0.294878
0.294757
0.294638
0.294522
0.294409
0.294305
0.294209
0.294121
0.294042
0.293973
0.293914
0.293864
0.293825
0.293795
0.293776
0.293768
0.293769
0.293778
0.293793
0.293813
0.293838
0.29387
0.293907
0.293949
0.293996
0.294049
0.294104
0.294164
0.294229
0.294298
0.29437
0.294444
0.29452
0.294596
0.294672
0.294749
0.294826
0.294903
0.294979
0.295055
0.29513
0.295203
0.295275
0.295345
0.295413
0.295478
0.295539
0.295598
0.295653
0.295704
0.29575
0.295792
0.295829
0.295861
0.295888
0.295909
0.295914
0.295879
0.295807
0.295705
0.295568
0.295413
0.295278
0.295163
0.295049
0.294935
0.294823
0.294713
0.294605
0.294501
0.294404
0.294316
0.294235
0.294164
0.294101
0.294046
0.293999
0.293962
0.293934
0.293915
0.293907
0.293908
0.293916
0.29393
0.293949
0.293973
0.294003
0.294038
0.294079
0.294126
0.294178
0.294236
0.294298
0.294366
0.294437
0.294511
0.294586
0.294662
0.294736
0.294812
0.294887
0.294963
0.295038
0.295113
0.295187
0.295259
0.29533
0.2954
0.295467
0.295532
0.295593
0.295652
0.295707
0.295758
0.295805
0.295847
0.295885
0.295918
0.295945
0.295966
0.295994
0.296008
0.295966
0.29588
0.295779
0.295661
0.295524
0.295395
0.295285
0.295175
0.295065
0.294954
0.294845
0.294738
0.294635
0.294538
0.29445
0.294369
0.294297
0.294233
0.294178
0.294132
0.294095
0.294068
0.29405
0.294043
0.294043
0.294051
0.294063
0.294081
0.294104
0.294133
0.294167
0.294203
0.294248
0.294298
0.294354
0.294414
0.294479
0.294547
0.294619
0.294691
0.294764
0.294838
0.294912
0.294987
0.295062
0.295137
0.29521
0.295283
0.295355
0.295426
0.295495
0.295561
0.295625
0.295686
0.295743
0.295797
0.295847
0.295892
0.295933
0.295969
0.296
0.296038
0.296077
0.296107
0.296113
0.296069
0.295982
0.295881
0.295761
0.295621
0.295488
0.295373
0.295259
0.295145
0.295033
0.294922
0.294813
0.294707
0.294608
0.294517
0.294434
0.294359
0.294293
0.294236
0.294188
0.294149
0.29412
0.294096
0.294084
0.294081
0.294085
0.294094
0.294108
0.294128
0.294154
0.294186
0.294224
0.294267
0.294317
0.294372
0.294433
0.294498
0.294566
0.294635
0.294707
0.294778
0.294851
0.294924
0.294997
0.29507
0.295143
0.295215
0.295286
0.295357
0.295425
0.295492
0.295557
0.295618
0.295677
0.295732
0.295783
0.29583
0.295873
0.295912
0.295945
0.295973
0.296024
0.296066
0.296095
0.2961
0.296057
0.295969
0.295868
0.295748
0.29561
0.295453
0.295333
0.295212
0.295092
0.294973
0.294856
0.29474
0.294628
0.294523
0.294426
0.294338
0.294258
0.294188
0.294126
0.294074
0.294031
0.293999
0.293976
0.293963
0.293958
0.29396
0.293968
0.293982
0.294001
0.294027
0.294059
0.294097
0.294142
0.294192
0.294249
0.294311
0.294378
0.294449
0.294523
0.294598
0.294674
0.294751
0.294827
0.294905
0.294978
0.295054
0.295129
0.295203
0.295276
0.295347
0.295416
0.295483
0.295547
0.295607
0.295664
0.295716
0.295765
0.295809
0.295848
0.295882
0.295911
0.295946
0.295987
0.296025
0.296033
0.29599
0.295903
0.295796
0.295657
0.295488
0.295291
0.295089
0.294889
0.294683
0.294465
0.294237
0.293997
0.29375
0.293503
0.293256
0.29301
0.292764
0.292521
0.29228
0.292042
0.291807
0.291578
0.291354
0.291137
0.290927
0.290727
0.290536
0.290356
0.290188
0.290035
0.289897
0.289776
0.289671
0.289586
0.289522
0.289478
0.289456
0.289454
0.28947
0.289496
0.289539
0.289594
0.289663
0.289743
0.289836
0.289939
0.290054
0.290179
0.290313
0.290456
0.290607
0.290764
0.290921
0.291079
0.291236
0.291391
0.291542
0.291688
0.29183
0.291968
0.2921
0.292222
0.292332
0.29243
0.292505
0.292529
0.292508
0.292465
0.292397
0.292303
0.292183
0.292038
0.291866
0.291668
0.291443
0.291246
0.291036
0.290818
0.290601
0.290385
0.29017
0.289957
0.289746
0.289538
0.289333
0.289132
0.288935
0.288744
0.288559
0.288381
0.288211
0.288052
0.287896
0.287755
0.287626
0.287513
0.287416
0.287336
0.287275
0.287233
0.28721
0.287204
0.287218
0.287248
0.28729
0.287344
0.287409
0.287486
0.287575
0.287674
0.287784
0.287904
0.288034
0.288173
0.288321
0.288477
0.28864
0.288804
0.288969
0.289133
0.289298
0.289461
0.289622
0.289781
0.289935
0.290079
0.290216
0.29034
0.29045
0.290537
0.290574
0.290566
0.290542
0.290488
0.290408
0.290301
0.290166
0.290004
0.289814
0.289649
0.289472
0.289286
0.289093
0.288901
0.28871
0.288521
0.288335
0.28815
0.287968
0.287789
0.287615
0.287445
0.287281
0.287122
0.286965
0.286819
0.286681
0.286553
0.286436
0.286332
0.286244
0.286172
0.286116
0.286078
0.286062
0.286063
0.286082
0.286119
0.286172
0.286238
0.286314
0.286401
0.286499
0.286609
0.286729
0.28686
0.287001
0.287151
0.28731
0.287477
0.28765
0.287829
0.288008
0.288188
0.288367
0.288545
0.288721
0.288889
0.289056
0.289218
0.289374
0.289521
0.289656
0.289779
0.289876
0.289922
0.289923
0.289911
0.28987
0.289804
0.289712
0.289594
0.289449
0.289278
0.289081
0.288859
0.288611
0.288393
0.288176
0.287962
0.287751
0.287545
0.287342
0.287145
0.286953
0.286767
0.286587
0.286414
0.286248
0.286084
0.285933
0.285789
0.285654
0.285529
0.285417
0.28532
0.285241
0.285179
0.285134
0.285108
0.285101
0.285112
0.285141
0.285187
0.285244
0.285312
0.285392
0.285482
0.285585
0.285698
0.285822
0.285956
0.2861
0.286254
0.286418
0.286589
0.286767
0.286945
0.287123
0.287301
0.287478
0.287648
0.287819
0.287986
0.288148
0.288303
0.28845
0.288585
0.288706
0.288804
0.288851
0.288855
0.28884
0.288801
0.288739
0.288652
0.288539
0.288399
0.288233
0.288041
0.287824
0.28763
0.287428
0.287228
0.287031
0.286836
0.286644
0.286455
0.28627
0.286089
0.285913
0.285741
0.285576
0.28541
0.285256
0.285111
0.284973
0.284844
0.284726
0.284622
0.284533
0.284461
0.284407
0.284373
0.284357
0.284361
0.284384
0.284425
0.284485
0.284555
0.284639
0.284735
0.284842
0.284962
0.285093
0.285234
0.285388
0.285552
0.285726
0.285907
0.286099
0.286298
0.286496
0.286696
0.286896
0.287094
0.28729
0.28748
0.287669
0.287853
0.288032
0.288203
0.288363
0.288511
0.288635
0.288709
0.288738
0.288753
0.28874
0.288703
0.288641
0.288553
0.288439
0.288298
0.288131
0.287939
0.287721
0.287536
0.287353
0.287173
0.286997
0.286825
0.286659
0.286497
0.286342
0.286192
0.286048
0.285912
0.285783
0.285657
0.285543
0.285434
0.285334
0.285244
0.285167
0.285105
0.285058
0.285028
0.285014
0.285018
0.285042
0.285083
0.285143
0.285219
0.285304
0.285402
0.28551
0.285629
0.285759
0.285899
0.286049
0.286209
0.286378
0.286556
0.286741
0.286936
0.287137
0.287338
0.287539
0.287741
0.287942
0.28814
0.288334
0.288525
0.288712
0.288888
0.28906
0.289221
0.289371
0.289497
0.289572
0.289604
0.289622
0.289611
0.289576
0.289515
0.289429
0.289316
0.289176
0.289011
0.288819
0.288602
0.288421
0.288242
0.288067
0.287897
0.287731
0.28757
0.287415
0.287265
0.287122
0.286986
0.286857
0.286736
0.286623
0.286518
0.28642
0.286329
0.286244
0.286172
0.286114
0.28607
0.286042
0.286029
0.286035
0.286059
0.2861
0.286158
0.286231
0.286316
0.286411
0.286519
0.286638
0.286767
0.286907
0.287055
0.287214
0.287383
0.28756
0.287746
0.28794
0.288138
0.288339
0.288539
0.28874
0.288939
0.289137
0.289333
0.289525
0.289713
0.289895
0.290069
0.290232
0.290384
0.290513
0.290592
0.290626
0.29064
0.290629
0.290592
0.290529
0.290438
0.290321
0.290176
0.290005
0.289807
0.289614
0.289439
0.289267
0.289097
0.28893
0.288766
0.288605
0.288448
0.288295
0.288147
0.288004
0.287867
0.287736
0.287613
0.287499
0.287393
0.287297
0.287213
0.287143
0.287087
0.287048
0.287025
0.287019
0.287031
0.287059
0.287106
0.287164
0.287241
0.287328
0.287425
0.287533
0.287649
0.287777
0.287914
0.288061
0.288217
0.288382
0.288555
0.288736
0.288925
0.289118
0.289312
0.289506
0.289699
0.289892
0.290083
0.290271
0.290455
0.290634
0.290808
0.290974
0.29113
0.291274
0.291396
0.291468
0.291497
0.291505
0.291488
0.291445
0.291375
0.291279
0.291155
0.291005
0.290827
0.290623
0.290424
0.290244
0.290066
0.28989
0.289717
0.289547
0.28938
0.289217
0.289059
0.288905
0.288757
0.288615
0.288479
0.288352
0.288233
0.288122
0.288021
0.287931
0.287855
0.287794
0.287749
0.28772
0.28771
0.287717
0.287741
0.287782
0.28784
0.287913
0.287996
0.28809
0.288194
0.288307
0.28843
0.288558
0.288699
0.288849
0.289006
0.289172
0.289345
0.289525
0.28971
0.289896
0.290082
0.290268
0.290452
0.290634
0.290812
0.290987
0.291159
0.291325
0.291483
0.291631
0.291767
0.291881
0.291947
0.29197
0.291969
0.291942
0.291888
0.291806
0.291695
0.291557
0.291391
0.291197
0.291046
0.290883
0.290715
0.290548
0.290384
0.290222
0.290062
0.289905
0.289751
0.289602
0.289456
0.289316
0.289181
0.289053
0.288932
0.28882
0.288717
0.288624
0.288542
0.288475
0.288421
0.288383
0.288362
0.288359
0.288372
0.288402
0.288449
0.288512
0.288589
0.288676
0.288773
0.288878
0.288991
0.289115
0.289247
0.289387
0.289536
0.289693
0.289856
0.290027
0.290205
0.290387
0.29057
0.290754
0.290933
0.291113
0.29129
0.291463
0.291633
0.291797
0.291954
0.292102
0.29224
0.292366
0.29247
0.292527
0.29254
0.292533
0.292494
0.292426
0.29233
0.292204
0.292049
0.291866
0.291654
0.291491
0.291316
0.291135
0.290954
0.290776
0.290599
0.290425
0.290253
0.290084
0.289919
0.289758
0.289601
0.289451
0.289306
0.289169
0.28904
0.288919
0.288809
0.28871
0.288625
0.288555
0.2885
0.28846
0.288436
0.288431
0.288443
0.288474
0.288522
0.288586
0.28866
0.288744
0.288838
0.28894
0.289049
0.28917
0.289299
0.289437
0.289584
0.289738
0.2899
0.290069
0.290243
0.290417
0.290592
0.290765
0.290938
0.291108
0.291276
0.29144
0.291597
0.291747
0.291889
0.29202
0.292141
0.292241
0.292294
0.2923
0.292284
0.29224
0.292169
0.292068
0.291938
0.29178
0.291593
0.291442
0.291279
0.291107
0.290928
0.29075
0.290572
0.290396
0.290222
0.29005
0.289881
0.289715
0.289553
0.289395
0.289242
0.289096
0.288956
0.288825
0.288703
0.288591
0.288492
0.288406
0.288335
0.28828
0.288243
0.288223
0.288219
0.288234
0.288265
0.288309
0.288373
0.288447
0.288531
0.288624
0.288727
0.28884
0.288962
0.289092
0.289231
0.289379
0.289534
0.289696
0.289865
0.290039
0.290214
0.290388
0.290561
0.290733
0.290901
0.291066
0.291226
0.291381
0.291532
0.291676
0.291809
0.29193
0.292025
0.29207
0.29207
0.292053
0.292012
0.291948
0.291859
0.291746
0.291608
0.291446
0.291259
0.291048
0.290813
0.290585
0.290381
0.29018
0.289984
0.289792
0.289604
0.289422
0.289246
0.289075
0.288911
0.288755
0.288606
0.288465
0.288334
0.28821
0.288097
0.287994
0.287902
0.287823
0.287759
0.287711
0.287679
0.287661
0.287662
0.287681
0.287717
0.287768
0.287831
0.287905
0.28799
0.288086
0.288191
0.288306
0.28843
0.288563
0.288705
0.288855
0.289013
0.289178
0.289349
0.28952
0.289692
0.289863
0.290033
0.290202
0.290368
0.29053
0.290689
0.29084
0.290983
0.291115
0.291234
0.29133
0.291376
0.29138
0.291368
0.291328
0.291261
0.291168
0.291048
0.290901
0.290727
0.290554
0.290396
0.290228
0.290056
0.289886
0.289718
0.289553
0.28939
0.289231
0.289075
0.288923
0.288776
0.288633
0.288496
0.288366
0.288243
0.288129
0.288023
0.287928
0.287845
0.287776
0.28772
0.287679
0.287653
0.287644
0.287655
0.287682
0.287725
0.287784
0.287858
0.287941
0.288036
0.288142
0.288258
0.288384
0.28852
0.288665
0.288819
0.288982
0.289153
0.289332
0.289519
0.28971
0.289903
0.290096
0.290288
0.290478
0.290664
0.290846
0.291024
0.291198
0.291365
0.291529
0.291684
0.291827
0.291946
0.292014
0.292038
0.292046
0.292025
0.291979
0.291909
0.291813
0.291692
0.291546
0.291375
0.291178
0.290958
0.290746
0.290562
0.290381
0.290203
0.29003
0.289862
0.289698
0.28954
0.289388
0.289241
0.289101
0.288969
0.288845
0.288729
0.288621
0.288523
0.288435
0.28836
0.288298
0.288252
0.288223
0.288207
0.288206
0.288222
0.288252
0.288297
0.288356
0.288425
0.288504
0.288593
0.288691
0.288798
0.288915
0.28904
0.289174
0.289316
0.289467
0.289624
