0.270159
0.270851
0.271541
0.272228
0.272905
0.27357
0.274217
0.274842
0.275443
0.276016
0.276558
0.277067
0.277541
0.277979
0.27838
0.278745
0.279073
0.279363
0.279615
0.279831
0.28001
0.280152
0.280258
0.280329
0.280365
0.280369
0.280343
0.280287
0.280209
0.280109
0.279989
0.279851
0.279697
0.279528
0.279346
0.279154
0.278952
0.278743
0.278528
0.278309
0.278088
0.277864
0.277641
0.277419
0.2772
0.276985
0.276776
0.276572
0.276376
0.276185
0.276005
0.275833
0.275672
0.275521
0.27538
0.275251
0.275134
0.275029
0.274935
0.274854
0.274783
0.274724
0.274675
0.274638
0.274611
0.274593
0.274582
0.274579
0.274582
0.274592
0.274608
0.274629
0.274656
0.274687
0.27472
0.274758
0.274798
0.27484
0.274883
0.274927
0.274971
0.275015
0.275059
0.275102
0.275145
0.275187
0.275227
0.275266
0.275303
0.275338
0.275372
0.275403
0.275433
0.27546
0.275485
0.275508
0.275528
0.275545
0.275561
0.275573
0.275584
0.275592
0.275594
0.275596
0.275595
0.275593
0.275589
0.275582
0.275577
0.275571
0.275565
0.275559
0.275554
0.275549
0.275545
0.275542
0.275539
0.275535
0.275531
0.275529
0.275528
0.275527
0.275526
0.275526
0.275526
0.275526
0.275527
0.275527
0.275527
0.275527
0.275528
0.275528
0.275529
0.27553
0.27553
0.275531
0.275532
0.275533
0.275533
0.275534
0.275534
0.275535
0.275535
0.275536
0.275537
0.275537
0.275538
0.275539
0.27554
0.275541
0.275542
0.275542
0.275543
0.275545
0.275545
0.275546
0.275547
0.275548
0.275549
0.27555
0.275551
0.275552
0.275553
0.275553
0.275554
0.275555
0.275556
0.275557
0.275558
0.275558
0.275559
0.275559
0.27556
0.27556
0.275561
0.27556
0.275559
0.27556
0.27556
0.275561
0.275561
0.275561
0.275561
0.275562
0.275562
0.275562
0.275562
0.275562
0.275563
0.275563
0.275563
0.275563
0.275563
0.275563
0.275564
0.275564
0.275564
0.275565
0.275565
0.275565
0.275565
0.275565
0.275566
0.275566
0.275566
0.275566
0.275566
0.275566
0.275566
0.275566
0.275567
0.275567
0.275568
0.275568
0.275568
0.275569
0.275569
0.275569
0.27557
0.27557
0.27557
0.27557
0.27557
0.27557
0.27557
0.27557
0.27557
0.275571
0.275571
0.275569
0.275569
0.275568
0.275568
0.275568
0.275568
0.275568
0.275569
0.275569
0.275569
0.275569
0.275569
0.275569
0.275569
0.275569
0.275569
0.275569
0.275569
0.275569
0.275568
0.275569
0.275569
0.275568
0.275568
0.275568
0.275568
0.275567
0.275568
0.275568
0.275568
0.275568
0.275568
0.275568
0.275568
0.275567
0.275567
0.275568
0.275568
0.275568
0.275567
0.275567
0.275567
0.275567
0.275567
0.275568
0.275568
0.275568
0.275568
0.275568
0.275568
0.275568
0.275568
0.275568
0.275568
0.275568
0.275568
0.275568
0.275569
0.275569
0.275569
0.275569
0.275569
0.275569
0.275569
0.275569
0.275569
0.275569
0.275569
0.275569
0.275569
0.275569
0.275569
0.275568
0.275568
0.275568
0.275568
0.275569
0.275569
0.27557
0.27557
0.27557
0.27557
0.27557
0.275571
0.275571
0.275572
0.275572
0.275572
0.275571
0.275572
0.275572
0.275571
0.275571
0.275571
0.275571
0.275571
0.275571
0.275571
0.275571
0.275571
0.275571
0.275571
0.275571
0.275571
0.275571
0.275571
0.275571
0.27557
0.27557
0.27557
0.27557
0.27557
0.27557
0.275569
0.275569
0.275569
0.275569
0.275569
0.275568
0.275568
0.275568
0.275568
0.275568
0.275568
0.275567
0.275567
0.275567
0.275566
0.275566
0.275566
0.275566
0.275566
0.275565
0.275565
0.275565
0.275565
0.275564
0.275564
0.275564
0.275564
0.275564
0.275563
0.275563
0.275563
0.275563
0.275563
0.275563
0.275563
0.275563
0.275563
0.275563
0.275563
0.275563
0.275563
0.275563
0.275563
0.275563
0.275563
0.275563
0.275562
0.275562
0.275562
0.275561
0.275561
0.275561
0.27556
0.27556
0.27556
0.27556
0.27556
0.27556
0.27556
0.27556
0.27556
0.275561
0.275561
0.275561
0.275561
0.275561
0.275561
0.275561
0.275561
0.275562
0.275562
0.275562
0.275562
0.275562
0.275563
0.275563
0.275563
0.275563
0.275564
0.275564
0.275564
0.275564
0.275564
0.275564
0.275564
0.275564
0.275564
0.275564
0.275564
0.275564
0.275564
0.275564
0.275564
0.275565
0.275565
0.275565
0.275565
0.275565
0.275565
0.275565
0.275565
0.275565
0.275565
0.275565
0.275565
0.275566
0.275566
0.275566
0.275565
0.275566
0.275566
0.275566
0.275566
0.275566
0.275566
0.275566
0.275566
0.275566
0.275566
0.275566
0.275566
0.275567
0.275566
0.275567
0.275567
0.275567
0.275567
0.275567
0.275567
0.275567
0.275567
0.275567
0.275567
0.275567
0.275567
0.275567
0.275567
0.275568
0.275568
0.275568
0.275567
0.275568
0.275568
0.275568
0.275567
0.275568
0.275568
0.275568
0.275568
0.275568
0.275568
0.275568
0.275568
0.275568
0.275568
0.275568
0.275568
0.275568
0.275568
0.275568
0.275568
0.275568
0.275568
0.275568
0.275569
0.275569
0.275569
0.275569
0.275568
0.275569
0.275569
0.275569
0.275569
0.275569
0.275569
0.275569
0.275569
0.275569
0.275569
0.275569
0.275569
0.275569
0.275569
0.27557
0.27557
0.27557
0.275569
0.275569
0.275569
0.275569
0.275569
0.275569
0.275569
0.275569
0.275568
0.275569
0.275568
0.275568
0.275568
0.275568
0.275568
0.275568
0.275568
0.275568
0.275568
0.275568
0.275568
0.275568
0.275568
0.275568
0.275568
0.275568
0.275568
0.275569
0.275569
0.275569
0.275569
0.275569
0.275568
0.275569
0.275569
0.275569
0.275569
0.275568
0.275569
0.275568
0.275568
0.275569
0.275569
0.275569
0.275569
0.275569
0.275569
0.275569
0.275569
0.275568
0.275568
0.275568
0.275568
0.275568
0.275568
0.275568
0.275568
0.275568
0.275568
0.275567
0.275567
0.275567
0.275567
0.275567
0.275567
0.275567
0.275567
0.275567
0.275567
0.275567
0.275568
0.275568
0.275568
0.275568
0.275568
0.275568
0.275569
0.275569
0.275569
0.275569
0.275569
0.275569
0.27557
0.27557
0.27557
0.27557
0.27557
0.27557
0.27557
0.27557
0.27557
0.27557
0.275571
0.275571
0.275571
0.275571
0.275571
0.275571
0.275571
0.275571
0.275571
0.275571
0.275571
0.275571
0.275571
0.275571
0.275572
0.275572
0.275572
0.275572
0.275572
0.275572
0.275572
0.275572
0.275572
0.275572
0.275572
0.275572
0.275572
0.275572
0.275572
0.275572
0.275572
0.275572
0.275572
0.275572
0.275572
0.275572
0.275572
0.275572
0.275572
0.275572
0.275572
0.275572
0.275572
0.275572
0.275572
0.275572
0.275572
0.275572
0.275572
0.275572
0.275572
0.275572
0.275572
0.275572
0.275572
0.275572
0.275572
0.275572
0.275571
0.275571
0.275571
0.275572
0.275572
0.275572
0.275572
0.275572
0.275572
0.275572
0.275572
0.275571
0.275571
0.275571
0.275571
0.275571
0.275571
0.275571
0.275571
0.275571
0.275571
0.275571
0.275571
0.275571
0.275571
0.275571
0.275571
0.275571
0.27557
0.27557
0.27557
0.275571
0.275571
0.275571
0.275571
0.275571
0.275571
0.275571
0.275571
0.275571
0.275571
0.275571
0.275571
0.275571
0.275571
0.275571
0.275571
0.275571
0.275571
0.275571
0.275571
0.275571
0.275571
0.275571
0.275571
0.275571
0.275571
0.275571
0.275571
0.275571
0.275571
0.275571
0.275571
0.275571
0.275571
0.275571
0.275571
0.275571
0.275572
0.275572
0.275572
0.275572
0.275572
0.275572
0.275572
0.275572
0.275572
0.275572
0.275572
0.275572
0.275572
0.275572
0.275572
0.275572
0.275572
0.275572
0.275572
0.275572
0.275572
0.275572
0.275572
0.275572
0.275572
0.275572
0.275572
0.275572
0.275572
0.275572
0.275572
0.275572
0.275572
0.275572
0.275572
0.275572
0.275572
0.275572
0.275572
0.275572
0.275572
0.275572
0.275572
0.275572
0.275572
0.275572
0.275572
0.275572
0.275572
0.275572
0.275572
0.275572
0.275572
0.275572
0.275572
0.275572
0.275572
0.275572
0.275572
0.275572
0.275572
0.275572
0.275572
0.275572
0.275572
0.275572
0.275572
0.275572
0.275572
0.275572
0.275572
0.275572
0.275572
0.275572
0.275572
0.275572
0.275572
0.275572
0.275572
0.275572
0.275563
0.27552
0.27544
0.275319
0.275156
0.274951
0.274716
0.274449
0.274149
0.273815
0.27345
0.273053
0.272624
0.272181
0.271768
0.271395
0.271056
0.270754
0.270488
0.270258
0.270063
0.270029
0.270169
0.27033
0.27051
0.270711
0.270931
0.271171
0.27143
0.271705
0.271988
0.272279
0.272579
0.272885
0.273199
0.273519
0.273846
0.27418
0.274519
0.274863
0.275213
0.275568
0.275925
0.276282
0.276637
0.27699
0.277342
0.277691
0.278037
0.278381
0.278765
0.27916
0.279554
0.279944
0.280332
0.280705
0.281037
0.281331
0.281597
0.281832
0.28203
0.282191
0.282374
0.282565
0.282748
0.282924
0.283095
0.28326
0.283422
0.283586
0.28375
0.283916
0.284084
0.284254
0.284427
0.284602
0.28478
0.284961
0.285146
0.285334
0.285526
0.28572
0.285917
0.286116
0.286317
0.286521
0.286727
0.286936
0.287145
0.287359
0.287574
0.287792
0.288011
0.288231
0.288453
0.288673
0.288892
0.289109
0.289323
0.289535
0.289744
0.289951
0.290154
0.290354
0.29055
0.290742
0.290931
0.291114
0.291293
0.291466
0.291634
0.291796
0.291952
0.292102
0.292244
0.292377
0.292505
0.292626
0.292738
0.292843
0.292931
0.292976
0.292984
0.292962
0.292908
0.292834
0.292754
0.292681
0.29263
0.292579
0.292526
0.292475
0.292424
0.292375
0.292334
0.2923
0.292273
0.292254
0.292243
0.292239
0.292242
0.292251
0.292264
0.292283
0.292307
0.292338
0.292374
0.292414
0.292457
0.292505
0.292557
0.292613
0.292674
0.292739
0.292809
0.292883
0.29296
0.293041
0.293125
0.293211
0.293299
0.293386
0.293474
0.293561
0.293648
0.293735
0.29382
0.293905
0.293988
0.294069
0.294149
0.294227
0.294301
0.294374
0.294442
0.294507
0.294569
0.294626
0.294679
0.294727
0.294771
0.29481
0.294844
0.294873
0.294896
0.294904
0.294872
0.294804
0.294706
0.294576
0.294427
0.294272
0.29416
0.294047
0.293936
0.293826
0.293718
0.293613
0.293513
0.29342
0.293337
0.293262
0.293197
0.293141
0.293094
0.293057
0.29303
0.293012
0.293003
0.293003
0.293011
0.293027
0.293046
0.29307
0.293098
0.29313
0.293168
0.293211
0.293259
0.293311
0.293369
0.293429
0.293494
0.293562
0.293634
0.293706
0.29378
0.293853
0.293927
0.294001
0.294074
0.294147
0.294219
0.29429
0.29436
0.294428
0.294495
0.294559
0.294621
0.29468
0.294735
0.294787
0.294835
0.294879
0.294919
0.294955
0.294987
0.295014
0.295036
0.295054
0.295059
0.295023
0.29495
0.294849
0.294715
0.294564
0.294406
0.294261
0.294142
0.294024
0.293908
0.293795
0.293684
0.293578
0.29348
0.29339
0.29331
0.293239
0.293177
0.293126
0.293084
0.293052
0.29303
0.293017
0.293013
0.293019
0.293032
0.293049
0.293071
0.293098
0.293129
0.293166
0.293207
0.293254
0.293305
0.293361
0.293421
0.293485
0.293553
0.293624
0.293695
0.293768
0.293841
0.293914
0.293987
0.29406
0.294132
0.294203
0.294274
0.294343
0.294411
0.294477
0.294541
0.294602
0.29466
0.294714
0.294766
0.294813
0.294857
0.294896
0.294931
0.294962
0.294989
0.29501
0.295028
0.295032
0.294996
0.294923
0.294821
0.294685
0.294532
0.294373
0.294257
0.294141
0.294026
0.293913
0.293802
0.293695
0.293592
0.293497
0.29341
0.293333
0.293264
0.293205
0.293156
0.293116
0.293087
0.293066
0.293056
0.293054
0.293062
0.293076
0.293094
0.293116
0.293143
0.293174
0.293211
0.293252
0.293298
0.293349
0.293404
0.293464
0.293527
0.293595
0.293665
0.293736
0.293808
0.293881
0.293953
0.294026
0.294097
0.294169
0.294239
0.294309
0.294378
0.294445
0.294511
0.294573
0.294634
0.294692
0.294747
0.294797
0.294845
0.294889
0.294929
0.294965
0.294998
0.295025
0.295048
0.295067
0.295072
0.295037
0.294966
0.294865
0.294732
0.29458
0.294423
0.29431
0.294195
0.294081
0.293969
0.29386
0.293754
0.293652
0.293558
0.293473
0.293397
0.293329
0.293271
0.293222
0.293183
0.293153
0.293133
0.293123
0.293121
0.293128
0.293142
0.29316
0.293182
0.293209
0.293241
0.293277
0.293318
0.293364
0.293415
0.29347
0.29353
0.293593
0.29366
0.29373
0.293801
0.293873
0.293944
0.294016
0.294087
0.294159
0.29423
0.294301
0.29437
0.294439
0.294505
0.294571
0.294634
0.294694
0.294751
0.294805
0.294855
0.294902
0.294945
0.294984
0.295018
0.295049
0.295075
0.295096
0.295113
0.295117
0.29508
0.295008
0.294905
0.29477
0.294616
0.294483
0.294371
0.294259
0.294149
0.294041
0.293936
0.293833
0.293735
0.293645
0.293563
0.29349
0.293425
0.293369
0.293323
0.293286
0.293259
0.293241
0.293233
0.293235
0.293243
0.293258
0.293277
0.2933
0.293327
0.293358
0.293395
0.293436
0.293483
0.293533
0.293589
0.293648
0.29371
0.293777
0.293846
0.293916
0.293986
0.294057
0.294127
0.294198
0.294269
0.294338
0.294408
0.294476
0.294542
0.294608
0.294671
0.294733
0.294791
0.294847
0.2949
0.294949
0.294994
0.295036
0.295074
0.295107
0.295137
0.295162
0.295182
0.295198
0.295202
0.295165
0.295091
0.294988
0.294852
0.294699
0.294539
0.294423
0.294306
0.29419
0.294076
0.293963
0.293855
0.29375
0.293654
0.293566
0.293487
0.293417
0.293356
0.293304
0.293262
0.29323
0.293208
0.293195
0.293192
0.293196
0.293208
0.293224
0.293245
0.293269
0.293298
0.293331
0.29337
0.293415
0.293463
0.293516
0.293574
0.293635
0.2937
0.293768
0.293837
0.293906
0.293976
0.294046
0.294116
0.294187
0.294256
0.294325
0.294393
0.29446
0.294526
0.29459
0.294652
0.294711
0.294768
0.294822
0.294873
0.294919
0.294962
0.295001
0.295035
0.295065
0.295092
0.295112
0.295129
0.295132
0.295094
0.29502
0.294917
0.294781
0.294626
0.294492
0.29438
0.294268
0.294157
0.294049
0.293944
0.293841
0.293743
0.293653
0.293571
0.293497
0.293433
0.293377
0.293331
0.293295
0.293267
0.293249
0.29324
0.293238
0.293246
0.29326
0.293278
0.2933
0.293326
0.293357
0.293394
0.293435
0.293481
0.293532
0.293587
0.293646
0.293709
0.293776
0.293845
0.293916
0.293987
0.294059
0.294131
0.294202
0.294274
0.294345
0.294415
0.294485
0.294553
0.29462
0.294685
0.294748
0.294808
0.294865
0.294919
0.29497
0.295018
0.295061
0.2951
0.295135
0.295164
0.295189
0.29521
0.295227
0.295231
0.295194
0.29512
0.295017
0.294881
0.294727
0.294593
0.29448
0.294368
0.294257
0.294148
0.294042
0.293939
0.29384
0.293749
0.293666
0.293592
0.293527
0.293471
0.293423
0.293384
0.293355
0.293333
0.293322
0.293318
0.293323
0.293334
0.293349
0.293368
0.293392
0.29342
0.293454
0.293492
0.293535
0.293583
0.293635
0.293691
0.293751
0.293815
0.293881
0.293949
0.294017
0.294086
0.294155
0.294224
0.294294
0.294363
0.294431
0.294499
0.294566
0.294631
0.294695
0.294757
0.294817
0.294874
0.294928
0.294979
0.295026
0.29507
0.29511
0.295145
0.295176
0.295201
0.295223
0.295241
0.295245
0.295209
0.295135
0.295032
0.294896
0.294761
0.294605
0.294491
0.294376
0.294262
0.294151
0.294041
0.293935
0.293832
0.293738
0.293652
0.293575
0.293507
0.293447
0.293396
0.293353
0.293319
0.293294
0.293277
0.29327
0.293272
0.29328
0.293293
0.293309
0.29333
0.293356
0.293386
0.293421
0.293461
0.293506
0.293556
0.293611
0.293668
0.29373
0.293794
0.29386
0.293926
0.293993
0.29406
0.294128
0.294195
0.294263
0.294329
0.294395
0.29446
0.294524
0.294586
0.294647
0.294705
0.294761
0.294813
0.294862
0.294908
0.29495
0.294987
0.295021
0.29505
0.295075
0.295096
0.295113
0.295117
0.29508
0.295008
0.294905
0.294769
0.294636
0.294482
0.294368
0.294254
0.294141
0.29403
0.293921
0.293814
0.293712
0.293617
0.293532
0.293454
0.293385
0.293325
0.293274
0.293234
0.293202
0.293181
0.293169
0.293166
0.293171
0.293183
0.293199
0.293218
0.293242
0.29327
0.293303
0.29334
0.293382
0.29343
0.293481
0.293536
0.293595
0.293657
0.293723
0.293788
0.293855
0.293922
0.29399
0.294057
0.294124
0.29419
0.294257
0.294322
0.294386
0.294448
0.29451
0.294569
0.294627
0.294682
0.294736
0.294786
0.294834
0.294877
0.294918
0.294955
0.294989
0.295018
0.295044
0.295065
0.295072
0.295039
0.294969
0.294868
0.294748
0.294619
0.294472
0.294337
0.294225
0.294115
0.294006
0.293898
0.293793
0.293692
0.293599
0.293514
0.293437
0.29337
0.293311
0.293261
0.293221
0.29319
0.293169
0.293159
0.293157
0.293165
0.293181
0.293201
0.293226
0.293256
0.293291
0.293331
0.293377
0.293427
0.293481
0.29354
0.293602
0.293668
0.293738
0.293809
0.293881
0.293953
0.294025
0.294097
0.294169
0.29424
0.294311
0.294382
0.294452
0.294522
0.294591
0.294659
0.294726
0.294791
0.294853
0.294912
0.29497
0.295023
0.295073
0.295119
0.295161
0.295199
0.295232
0.29526
0.295283
0.295291
0.295258
0.295188
0.295087
0.294953
0.294802
0.294647
0.294532
0.294416
0.294301
0.294186
0.294074
0.293963
0.293857
0.293759
0.293669
0.293587
0.293514
0.29345
0.293395
0.29335
0.293315
0.29329
0.293275
0.29327
0.293273
0.293284
0.2933
0.293321
0.293347
0.293379
0.293416
0.293459
0.293508
0.293562
0.293621
0.293686
0.293755
0.293828
0.293904
0.293982
0.29406
0.29414
0.29422
0.2943
0.29438
0.29446
0.294539
0.294617
0.294694
0.29477
0.294845
0.294917
0.294987
0.295054
0.295118
0.295179
0.295235
0.295288
0.295337
0.295381
0.29542
0.295454
0.295483
0.295505
0.295513
0.29548
0.295408
0.295307
0.295185
0.295053
0.294903
0.294734
0.294615
0.294494
0.294374
0.294255
0.294138
0.294025
0.293921
0.293824
0.293736
0.293657
0.293588
0.293527
0.293477
0.293437
0.293407
0.293386
0.293376
0.293374
0.293378
0.29339
0.293407
0.29343
0.293459
0.293493
0.293534
0.29358
0.293631
0.293689
0.293751
0.293819
0.293891
0.293967
0.294044
0.294122
0.294201
0.29428
0.29436
0.294439
0.294517
0.294595
0.294672
0.294748
0.294823
0.294895
0.294966
0.295034
0.295099
0.29516
0.295219
0.29527
0.295319
0.295364
0.295404
0.29544
0.295466
0.29549
0.295507
0.29551
0.295472
0.295394
0.295287
0.295145
0.295007
0.294848
0.294701
0.294579
0.294457
0.294335
0.294215
0.294097
0.293983
0.293877
0.29378
0.293692
0.293613
0.293544
0.293485
0.293437
0.293398
0.29337
0.293352
0.293344
0.293346
0.293357
0.29337
0.293392
0.29342
0.293453
0.293492
0.293537
0.293588
0.293644
0.293707
0.293775
0.293848
0.293926
0.294007
0.29409
0.294173
0.294253
0.294336
0.294418
0.2945
0.294581
0.294662
0.294741
0.294815
0.29489
0.294962
0.295032
0.295098
0.295161
0.295221
0.295277
0.295328
0.295376
0.295418
0.295456
0.295488
0.295514
0.295532
0.295546
0.295544
0.295499
0.295415
0.295302
0.295154
0.294987
0.294814
0.294654
0.294521
0.294389
0.29426
0.294132
0.294008
0.293887
0.293776
0.293674
0.293581
0.293499
0.293426
0.293363
0.293312
0.293272
0.293243
0.293226
0.293219
0.293222
0.293235
0.293253
0.293277
0.293308
0.293344
0.293386
0.293434
0.293489
0.293549
0.293616
0.293688
0.293766
0.293848
0.293934
0.29402
0.294104
0.294191
0.294277
0.294362
0.294447
0.294531
0.294614
0.294695
0.294774
0.29485
0.294925
0.294997
0.295065
0.295131
0.295192
0.295245
0.295296
0.295342
0.29538
0.295415
0.295445
0.295469
0.295488
0.295499
0.295495
0.295447
0.295362
0.295246
0.295098
0.294934
0.294769
0.294616
0.294486
0.294357
0.29423
0.294106
0.293985
0.293868
0.293761
0.293663
0.293574
0.293496
0.293428
0.29337
0.293324
0.293288
0.293264
0.29325
0.293247
0.29325
0.293265
0.293286
0.293313
0.293346
0.293385
0.29343
0.293482
0.29354
0.293604
0.293675
0.293752
0.293834
0.293921
0.294012
0.294103
0.294195
0.294287
0.294376
0.294466
0.294555
0.294643
0.294725
0.294808
0.294889
0.294968
0.295045
0.295118
0.295188
0.295255
0.295318
0.295376
0.295431
0.295481
0.295526
0.295564
0.295598
0.295627
0.295651
0.295669
0.295666
0.295625
0.295546
0.295436
0.29532
0.295187
0.295036
0.294869
0.294716
0.294591
0.294467
0.294344
0.294223
0.294107
0.293999
0.2939
0.293809
0.293729
0.293658
0.293598
0.293548
0.293505
0.293475
0.293456
0.293447
0.293447
0.293456
0.29347
0.29349
0.293515
0.293546
0.293583
0.293622
0.293669
0.293723
0.293782
0.293846
0.293916
0.293989
0.294066
0.294144
0.294223
0.294298
0.294376
0.294453
0.29453
0.294605
0.29468
0.294753
0.294821
0.294889
0.294954
0.295017
0.295077
0.295133
0.295186
0.295235
0.29528
0.295317
0.295352
0.295382
0.295406
0.295426
0.295441
0.29545
0.29544
0.295389
0.2953
0.29518
0.295026
0.294876
0.294706
0.294521
0.294388
0.294254
0.294123
0.293994
0.293869
0.293748
0.293636
0.293535
0.293443
0.293361
0.29329
0.29323
0.293182
0.293144
0.293119
0.293105
0.293104
0.293112
0.293129
0.293153
0.293182
0.293213
0.293252
0.293297
0.293348
0.293406
0.29347
0.293539
0.293615
0.293695
0.29378
0.293869
0.293954
0.294042
0.294131
0.294218
0.294305
0.294387
0.294471
0.294554
0.294634
0.294713
0.294789
0.294862
0.294931
0.294998
0.295062
0.295121
0.295177
0.295229
0.295276
0.295319
0.295353
0.295384
0.295411
0.295431
0.295445
0.295444
0.2954
0.295316
0.295203
0.295069
0.294926
0.294765
0.294585
0.29446
0.294333
0.294208
0.294085
0.293965
0.293849
0.293742
0.293644
0.293557
0.293479
0.293412
0.293356
0.293311
0.293277
0.293255
0.293243
0.293243
0.293254
0.293276
0.293304
0.293336
0.293375
0.293419
0.293469
0.293525
0.293587
0.293656
0.29373
0.29381
0.293895
0.293984
0.294077
0.294166
0.294257
0.294348
0.294435
0.294523
0.29461
0.294694
0.294777
0.294858
0.294936
0.295012
0.295084
0.295153
0.295218
0.295277
0.295334
0.295386
0.29543
0.295471
0.295507
0.295538
0.295563
0.295583
0.295596
0.295603
0.295594
0.295542
0.295451
0.29533
0.295175
0.295023
0.294852
0.294696
0.294567
0.294439
0.294313
0.29419
0.29407
0.293955
0.29385
0.293753
0.293666
0.29359
0.293524
0.293469
0.293426
0.293393
0.293373
0.293364
0.293363
0.293374
0.293394
0.293415
0.293445
0.29348
0.29352
0.293567
0.293619
0.293678
0.293742
0.293812
0.293888
0.293968
0.294054
0.294142
0.294227
0.294314
0.294398
0.294484
0.294569
0.294653
0.294735
0.294815
0.294893
0.294968
0.295042
0.295112
0.295179
0.295243
0.2953
0.295353
0.295398
0.295437
0.295473
0.295505
0.295533
0.295555
0.295572
0.295583
0.295588
0.295578
0.295525
0.295434
0.295312
0.295158
0.294988
0.294868
0.294747
0.294626
0.294508
0.294392
0.294279
0.29417
0.294066
0.293971
0.293884
0.293807
0.293736
0.293677
0.293629
0.293591
0.293564
0.293548
0.293541
0.293545
0.293559
0.293582
0.293611
0.293644
0.293683
0.293728
0.293778
0.293834
0.293896
0.293961
0.294033
0.29411
0.294188
0.294272
0.294359
0.294446
0.294533
0.29462
0.294706
0.294791
0.294875
0.294957
0.295038
0.295116
0.295189
0.295262
0.295332
0.295394
0.295457
0.295575
0.295696
0.295818
0.295939
0.29606
0.296177
0.29629
0.2964
0.296501
0.2966
0.296692
0.29677
0.296806
0.296804
0.296771
0.296704
0.2966
0.296491
0.296421
0.296346
0.296264
0.296181
0.296095
0.296009
0.295924
0.295844
0.295771
0.295703
0.295643
0.29559
0.295546
0.295511
0.295486
0.295469
0.295463
0.295465
0.295477
0.295491
0.295513
0.295539
0.29557
0.295606
0.295646
0.295691
0.295742
0.295798
0.295859
0.295924
0.295993
0.296062
0.296136
0.296209
0.296282
0.296354
0.296426
0.296493
0.29656
0.296626
0.296689
0.296749
0.296806
0.296861
0.296912
0.296959
0.297003
0.29711
0.297217
0.297328
0.297438
0.297547
0.297652
0.297752
0.297844
0.297932
0.298014
0.298091
0.298153
0.298173
0.298155
0.298108
0.298028
0.297926
0.297813
0.297679
0.297556
0.297454
0.29735
0.297244
0.297138
0.297033
0.296934
0.296843
0.296758
0.296681
0.296613
0.296552
0.2965
0.296456
0.296418
0.296391
0.296373
0.296365
0.296363
0.296365
0.296371
0.296382
0.296397
0.296417
0.296441
0.29647
0.296504
0.29654
0.296582
0.296629
0.296679
0.296732
0.296786
0.296837
0.29689
0.296942
0.296994
0.297044
0.297093
0.297141
0.297186
0.297229
0.297269
0.297307
0.297342
0.297373
0.297398
0.297421
0.29744
0.297487
0.297561
0.297636
0.297707
0.297776
0.29784
0.2979
0.297954
0.297994
0.297992
0.297952
0.297882
0.297779
0.297661
0.297539
0.297419
0.297311
0.297201
0.297091
0.296979
0.296868
0.296758
0.296655
0.296559
0.296471
0.296391
0.296318
0.296251
0.296195
0.296148
0.29611
0.296081
0.296061
0.296052
0.296051
0.296055
0.296064
0.296076
0.296094
0.296115
0.296142
0.296173
0.296205
0.296245
0.29629
0.296339
0.296392
0.296448
0.296504
0.296561
0.296614
0.29667
0.296724
0.296777
0.296829
0.296879
0.296926
0.296972
0.297015
0.297056
0.297093
0.297127
0.297157
0.29718
0.297282
0.297385
0.297487
0.297586
0.29768
0.29777
0.297852
0.297929
0.298002
0.298059
0.298075
0.298053
0.298001
0.297917
0.297796
0.297638
0.297485
0.297343
0.297225
0.297106
0.296985
0.296864
0.296743
0.29663
0.296525
0.296427
0.296337
0.296256
0.296183
0.29612
0.296066
0.296021
0.295986
0.295961
0.295946
0.295941
0.295942
0.295948
0.295958
0.295973
0.295989
0.296012
0.296041
0.296074
0.296114
0.296158
0.296206
0.296259
0.296315
0.296372
0.296429
0.296486
0.296543
0.2966
0.296656
0.296711
0.296764
0.296813
0.296861
0.296908
0.296988
0.297107
0.297232
0.29736
0.29749
0.297619
0.297748
0.297874
0.297997
0.298115
0.298227
0.298331
0.298429
0.298519
0.298591
0.298622
0.298613
0.298573
0.2985
0.298439
0.298376
0.298307
0.298235
0.298158
0.29808
0.297999
0.297915
0.297832
0.297754
0.297681
0.297613
0.297551
0.297496
0.297444
0.2974
0.297363
0.297333
0.297311
0.297297
0.297291
0.297291
0.297295
0.297302
0.297313
0.297327
0.297345
0.297366
0.29739
0.297419
0.297448
0.297485
0.297524
0.297567
0.297611
0.297656
0.2977
0.297745
0.297786
0.297828
0.297869
0.297908
0.297945
0.29798
0.298012
0.298082
0.298199
0.298324
0.298452
0.298581
0.29871
0.298835
0.298961
0.299085
0.299204
0.299318
0.299423
0.299521
0.299609
0.299689
0.299752
0.299772
0.299755
0.299707
0.299625
0.299526
0.299401
0.299254
0.299153
0.299046
0.298935
0.298821
0.298704
0.298588
0.298476
0.298371
0.298271
0.298179
0.298093
0.298014
0.297943
0.297876
0.29782
0.297771
0.297731
0.297699
0.297675
0.297656
0.297642
0.297634
0.29763
0.29763
0.297634
0.297643
0.297657
0.297678
0.297704
0.297735
0.297771
0.297809
0.297849
0.29789
0.297931
0.297972
0.298009
0.298048
0.298082
0.298116
0.298148
0.298178
0.298205
0.298229
0.29825
0.298313
0.298428
0.298549
0.298675
0.298802
0.298929
0.299054
0.299175
0.29929
0.299402
0.299507
0.299602
0.299685
0.299725
0.299726
0.299697
0.299636
0.299556
0.299469
0.299361
0.299275
0.299182
0.299085
0.298984
0.29888
0.298776
0.298677
0.298583
0.298494
0.298412
0.298337
0.298267
0.298205
0.298146
0.298098
0.298056
0.298022
0.297995
0.297975
0.29796
0.297951
0.297946
0.297946
0.297951
0.297962
0.297977
0.297998
0.298025
0.298057
0.298094
0.298135
0.298179
0.298223
0.298268
0.298312
0.298356
0.298396
0.298437
0.298476
0.298512
0.298547
0.298578
0.298606
0.298631
0.298649
0.298712
0.298825
0.298944
0.299067
0.299192
0.299316
0.299438
0.299555
0.299668
0.299776
0.299874
0.299969
0.300048
0.300086
0.300083
0.300051
0.299984
0.299881
0.299764
0.299679
0.299585
0.299486
0.299383
0.299276
0.299164
0.299052
0.298946
0.298844
0.298749
0.29866
0.298577
0.298501
0.298432
0.29837
0.298315
0.298269
0.29823
0.2982
0.298178
0.298163
0.298153
0.298146
0.298143
0.298141
0.298145
0.298153
0.298166
0.298184
0.298206
0.298233
0.298264
0.298297
0.298331
0.298365
0.298399
0.298432
0.298465
0.298497
0.298527
0.298551
0.298575
0.298597
0.298617
0.298633
0.298643
0.298701
0.298815
0.298935
0.29906
0.299185
0.299311
0.299434
0.299552
0.299665
0.299773
0.299875
0.299967
0.300047
0.300084
0.300082
0.30005
0.299986
0.299885
0.29976
0.299647
0.299549
0.299446
0.299338
0.299227
0.299112
0.298997
0.298887
0.298782
0.298684
0.298592
0.298507
0.298429
0.298358
0.298295
0.29824
0.29819
0.29815
0.298116
0.29809
0.29807
0.298054
0.298044
0.298039
0.298039
0.298043
0.298051
0.298065
0.298085
0.29811
0.29814
0.298175
0.298213
0.298249
0.298287
0.298325
0.298362
0.298395
0.298429
0.298461
0.298491
0.298518
0.298543
0.298564
0.298583
0.298597
0.298608
0.298709
0.298815
0.298926
0.299035
0.299148
0.299258
0.299366
0.299469
0.299567
0.299658
0.299744
0.299814
0.299841
0.299828
0.299786
0.29971
0.299618
0.299519
0.299431
0.299337
0.299238
0.299135
0.299029
0.298921
0.298812
0.298708
0.29861
0.298517
0.298431
0.298351
0.298278
0.298209
0.29815
0.298097
0.298053
0.298018
0.29799
0.29797
0.297954
0.297944
0.297938
0.297936
0.297938
0.297944
0.297954
0.297969
0.29799
0.298016
0.298046
0.29808
0.298114
0.29815
0.298184
0.298219
0.298254
0.298288
0.298321
0.298352
0.29838
0.298454
0.298583
0.298725
0.298876
0.299035
0.299196
0.29936
0.299524
0.299689
0.299848
0.300007
0.300161
0.300307
0.300447
0.300575
0.300693
0.300801
0.300889
0.300936
0.300943
0.30092
0.300864
0.300787
0.300685
0.300558
0.300471
0.300374
0.300271
0.300164
0.300052
0.299939
0.29983
0.299725
0.299626
0.299532
0.299445
0.299364
0.29929
0.299222
0.299162
0.29911
0.299065
0.299024
0.298993
0.298968
0.298948
0.298932
0.29892
0.298912
0.298905
0.298904
0.298908
0.298918
0.298933
0.298952
0.298975
0.299001
0.299028
0.299055
0.299082
0.299108
0.299134
0.299155
0.299178
0.299198
0.299215
0.299318
0.299433
0.299558
0.29969
0.299827
0.300025
0.300229
0.300436
0.300646
0.300856
0.301063
0.301265
0.301461
0.301649
0.301825
0.301994
0.302145
0.302251
0.302318
0.302354
0.302358
0.302324
0.302293
0.302256
0.302207
0.30215
0.302085
0.302011
0.30193
0.301844
0.301759
0.301677
0.301598
0.301522
0.30145
0.301381
0.301317
0.301257
0.301203
0.301153
0.301108
0.30107
0.301036
0.301006
0.300979
0.300957
0.300939
0.300926
0.300916
0.30091
0.300909
0.300913
0.300922
0.300935
0.300952
0.300968
0.300986
0.301003
0.301016
0.301029
0.301041
0.301051
0.301057
0.301061
0.301061
0.301057
0.301049
0.301151
0.301261
0.301378
0.3015
0.301651
0.301832
0.302013
0.302196
0.302374
0.302548
0.302715
0.302874
0.303023
0.303162
0.303282
0.303358
0.303394
0.303401
0.303376
0.303314
0.303239
0.303171
0.303092
0.303004
0.302908
0.302806
0.302696
0.302582
0.30247
0.302361
0.302255
0.302154
0.302056
0.301963
0.301875
0.301793
0.301716
0.301645
0.301582
0.301525
0.301474
0.301429
0.301389
0.301355
0.301327
0.301303
0.30128
0.301262
0.301246
0.301239
0.301238
0.301242
0.301251
0.301263
0.301276
0.301289
0.301301
0.301313
0.301323
0.301332
0.301337
0.301339
0.301338
0.301332
0.301323
0.301359
0.301453
0.301557
0.301665
0.301776
0.301888
0.302068
0.302245
0.302421
0.302591
0.302755
0.30291
0.303056
0.303193
0.303311
0.303383
0.303416
0.303421
0.303393
0.30333
0.303247
0.303155
0.303067
0.302969
0.302863
0.302751
0.302631
0.302508
0.302388
0.302271
0.302158
0.302049
0.301945
0.301846
0.301753
0.301662
0.30158
0.301504
0.301434
0.301372
0.301316
0.301265
0.301216
0.301174
0.301134
0.301099
0.301069
0.301042
0.30102
0.301006
0.300998
0.300997
0.301
0.301008
0.301016
0.301022
0.301029
0.301036
0.301042
0.301046
0.301047
0.301043
0.301037
0.301028
0.301014
0.301107
0.301209
0.301318
0.301431
0.301547
0.301664
0.301816
0.301995
0.302171
0.302343
0.302507
0.302664
0.302812
0.302948
0.303066
0.30314
0.303174
0.30318
0.303154
0.303093
0.303004
0.302913
0.302825
0.302728
0.302624
0.302512
0.302394
0.302273
0.302154
0.302039
0.301928
0.301821
0.301719
0.301623
0.301532
0.301447
0.301368
0.301296
0.301231
0.301173
0.301123
0.301074
0.301034
0.300997
0.300964
0.300932
0.300906
0.300884
0.300867
0.300858
0.300854
0.300857
0.300863
0.300874
0.300885
0.300896
0.300906
0.300916
0.300925
0.300928
0.300931
0.30103
0.301142
0.301267
0.301405
0.301553
0.301709
0.301869
0.302032
0.302196
0.30236
0.302556
0.302783
0.303006
0.303224
0.303431
0.303632
0.303822
0.304
0.304157
0.30427
0.304344
0.304388
0.3044
0.304375
0.304322
0.304264
0.304204
0.304133
0.30405
0.303958
0.303857
0.30375
0.303644
0.30354
0.303439
0.303341
0.303245
0.303155
0.303067
0.302984
0.302906
0.302833
0.302765
0.302703
0.302648
0.302597
0.302551
0.302506
0.302466
0.302429
0.302395
0.302364
0.302337
0.302318
0.302304
0.302296
0.302291
0.30229
0.302285
0.302283
0.30228
0.302276
0.30227
0.302262
0.302251
0.302285
0.302372
0.302476
0.302592
0.302796
0.303014
0.303242
0.303477
0.303718
0.303962
0.304205
0.304448
0.304687
0.304919
0.30514
0.305348
0.305543
0.305718
0.305874
0.305984
0.306056
0.306099
0.306111
0.306091
0.306058
0.306018
0.305965
0.305899
0.305822
0.305733
0.305635
0.305529
0.305424
0.305319
0.305216
0.305113
0.305013
0.304915
0.304821
0.30473
0.304642
0.304558
0.304479
0.304404
0.304334
0.30427
0.304209
0.304154
0.304103
0.304052
0.304009
0.303966
0.303929
0.3039
0.303877
0.303858
0.303844
0.303832
0.303821
0.303809
0.303796
0.303781
0.303764
0.303744
0.303721
0.303694
0.303663
0.303682
0.303767
0.303908
0.3041
0.304303
0.304515
0.304733
0.304956
0.30518
0.305404
0.305623
0.305835
0.306036
0.306223
0.306396
0.306554
0.30669
0.30678
0.306828
0.306847
0.306832
0.306788
0.306719
0.306651
0.306569
0.306475
0.306371
0.306256
0.306132
0.306
0.305869
0.30574
0.305613
0.305487
0.305365
0.305246
0.305131
0.30502
0.304913
0.30481
0.304713
0.304622
0.304536
0.304453
0.304373
0.3043
0.304231
0.304165
0.304105
0.304048
0.303997
0.303954
0.303919
0.30389
0.303867
0.303848
0.30383
0.303813
0.303796
0.303777
0.303755
0.303731
0.303704
0.30367
0.303634
0.303652
0.303735
0.303831
0.303937
0.304097
0.304311
0.304535
0.304767
0.305003
0.305241
0.305477
0.305705
0.305926
0.306136
0.306335
0.306519
0.306683
0.3068
0.306876
0.306924
0.306939
0.306919
0.306868
0.306793
0.306707
0.30662
0.30652
0.306409
0.306286
0.306156
0.306027
0.305898
0.305771
0.305647
0.305525
0.305406
0.30529
0.305175
0.305067
0.304963
0.304865
0.304771
0.304683
0.304601
0.304524
0.30445
0.304381
0.304316
0.304257
0.304203
0.304153
0.304113
0.30408
0.304053
0.304032
0.304014
0.303994
0.303976
0.303957
0.303938
0.303916
0.303891
0.303863
0.303831
0.303796
0.303814
0.303899
0.303997
0.304106
0.30422
0.304432
0.304651
0.304877
0.305105
0.305335
0.305564
0.305787
0.306001
0.306202
0.306392
0.306569
0.306724
0.306833
0.3069
0.30694
0.306948
0.30692
0.306869
0.306789
0.306711
0.306619
0.306516
0.306401
0.306276
0.306144
0.306012
0.305881
0.305753
0.305626
0.305503
0.305382
0.305266
0.305153
0.305045
0.304938
0.304838
0.304744
0.304655
0.304571
0.304492
0.304417
0.304346
0.30428
0.304219
0.304162
0.304112
0.304072
0.304039
0.304014
0.303994
0.303978
0.303963
0.303943
0.303926
0.303907
0.303886
0.303863
0.303836
0.303791
0.303743
0.30369
0.303634
0.303572
0.303507
0.303439
0.303464
0.303492
0.303519
0.303544
0.303567
0.303582
0.303594
0.303598
0.303594
0.303582
0.303562
0.303522
0.303434
0.303302
0.30314
0.302947
0.302721
0.302483
0.30226
0.302041
0.30182
0.301597
0.301374
0.301149
0.300927
0.300714
0.300508
0.300313
0.300126
0.29995
0.299785
0.29963
0.299487
0.299355
0.299236
0.299129
0.299034
0.298951
0.298878
0.298814
0.298758
0.298711
0.298672
0.29864
0.298616
0.2986
0.298597
0.298602
0.298619
0.298638
0.298667
0.298699
0.298733
0.298767
0.298801
0.298834
0.298909
0.299038
0.299184
0.299346
0.299617
0.299908
0.300219
0.300551
0.300894
0.301244
0.301598
0.301956
0.302313
0.302668
0.303016
0.303354
0.303681
0.303992
0.304286
0.304562
0.304812
0.305017
0.305181
0.305316
0.305415
0.305481
0.305529
0.305563
0.305579
0.305578
0.305562
0.30553
0.305483
0.305424
0.305362
0.305297
0.305229
0.305159
0.305088
0.305015
0.304941
0.304866
0.304792
0.304718
0.304645
0.304574
0.304505
0.30444
0.304379
0.304322
0.304267
0.304217
0.30417
0.304126
0.304085
0.304047
0.304013
0.303982
0.303953
0.303926
0.303899
0.303872
0.303843
0.303814
0.303782
0.303749
0.303712
0.303672
0.303629
0.303582
0.30353
0.303556
0.303588
0.303621
0.303656
0.303689
0.303721
0.30375
0.303774
0.303792
0.303802
0.303804
0.303798
0.303779
0.303766
0.303736
0.303643
0.303502
0.303358
0.303202
0.303036
0.302858
0.302669
0.302476
0.302281
0.302084
0.301886
0.301687
0.30149
0.301299
0.301114
0.300937
0.300767
0.300598
0.300443
0.300297
0.300161
0.300034
0.299917
0.299811
0.299716
0.299631
0.299555
0.299486
0.299426
0.299375
0.299332
0.299291
0.299262
0.29924
0.299232
0.299236
0.299249
0.29927
0.299296
0.299322
0.299349
0.299373
0.299395
0.299414
0.299423
0.299433
0.299438
0.299546
0.299668
0.299806
0.300081
0.300368
0.300665
0.300972
0.301286
0.3016
0.301919
0.302234
0.302545
0.302845
0.303132
0.303402
0.303654
0.303888
0.304095
0.304254
0.30437
0.304443
0.304467
0.304436
0.304359
0.304261
0.304131
0.30397
0.303779
0.303558
0.303308
0.303032
0.302745
0.302446
0.302136
0.301815
0.301485
0.301145
0.300797
0.300442
0.300081
0.299714
0.299343
0.298969
0.29859
0.298222
0.297861
0.297507
0.297168
0.296845
0.296539
0.296255
0.295992
0.295756
0.295545
0.295355
0.295189
0.295042
0.294913
0.2948
0.2947
0.294617
0.294548
0.294493
0.294447
0.294415
0.294394
0.294384
0.294384
0.294392
0.294404
0.294422
0.294442
0.294504
0.29461
0.294723
0.294838
0.294953
0.295069
0.295184
0.295298
0.295404
0.295496
0.295563
0.295575
0.295541
0.295508
0.295472
0.295433
0.295388
0.295338
0.295282
0.295222
0.295157
0.29509
0.295019
0.294946
0.294876
0.294808
0.29474
0.294665
0.294597
0.29452
0.294454
0.294403
0.294366
0.294339
0.294323
0.294319
0.294323
0.294326
0.294339
0.294359
0.294385
0.29442
0.294462
0.294511
0.29457
0.294641
0.294724
0.294804
0.294892
0.294981
0.295064
0.295138
0.295205
0.295265
0.295318
0.295442
0.295577
0.295722
0.295885
0.296059
0.296242
0.296436
0.296638
0.296843
0.297048
0.297254
0.29746
0.297662
0.297857
0.298047
0.298228
0.298398
0.298555
0.298774
0.298971
0.299147
0.299282
0.299372
0.299414
0.299403
0.29934
0.299228
0.299075
0.298876
0.298691
0.298477
0.298236
0.297969
0.297682
0.297387
0.297083
0.296771
0.296452
0.296126
0.295793
0.295455
0.295111
0.294764
0.294413
0.294061
0.293707
0.293354
0.293008
0.29267
0.292344
0.292034
0.29174
0.291462
0.291205
0.290971
0.290762
0.290575
0.290412
0.290274
0.290157
0.290057
0.289977
0.28991
0.289862
0.289832
0.289818
0.28982
0.289837
0.28987
0.289916
0.289978
0.290048
0.290171
0.290342
0.290527
0.290725
0.290933
0.29115
0.291372
0.291596
0.291825
0.292056
0.292287
0.292519
0.292746
0.292951
0.293101
0.293207
0.293296
0.293368
0.293421
0.293456
0.293471
0.293469
0.293448
0.293409
0.293353
0.293279
0.293192
0.293095
0.292987
0.292865
0.292745
0.292623
0.2925
0.292377
0.292257
0.292139
0.292026
0.291918
0.291818
0.291726
0.291641
0.29157
0.291511
0.291463
0.291427
0.291401
0.291396
0.291408
0.291431
0.291467
0.29151
0.291549
0.291601
0.291656
0.291714
0.291779
0.291849
0.291929
0.292016
0.292112
0.292215
0.292327
0.292565
0.292824
0.293105
0.2934
0.293706
0.294023
0.294347
0.294674
0.295002
0.295329
0.29565
0.295964
0.296271
0.29657
0.296861
0.297136
0.29739
0.297597
0.297761
0.2979
0.298003
0.298074
0.29811
0.298111
0.298075
0.298018
0.297933
0.297821
0.297684
0.297525
0.297355
0.297174
0.296982
0.296779
0.296565
0.296339
0.296104
0.295859
0.295606
0.295346
0.29508
0.294808
0.294534
0.294263
0.293996
0.293738
0.293487
0.293245
0.293013
0.292792
0.292588
0.292405
0.292238
0.292091
0.291959
0.291845
0.291741
0.291652
0.291574
0.29151
0.291458
0.291416
0.291388
0.291371
0.291364
0.29137
0.291383
0.291408
0.291442
0.291478
0.291517
0.291656
0.2918
0.29195
0.292098
0.292251
0.292402
0.292552
0.292699
0.292841
0.29298
0.293097
0.293163
0.293186
0.293197
0.293195
0.293177
0.293144
0.293095
0.293029
0.292946
0.292846
0.292732
0.292602
0.292459
0.292306
0.292144
0.291979
0.291813
0.291639
0.291471
0.291304
0.291139
0.290978
0.290821
0.29067
0.290526
0.29039
0.290264
0.29015
0.29004
0.289945
0.289859
0.289783
0.289725
0.289679
0.28964
0.289602
0.28957
0.289544
0.289522
0.28951
0.289507
0.289508
0.289525
0.289558
0.289606
0.28967
0.289871
0.290102
0.29036
0.290646
0.290958
0.291291
0.291639
0.292
0.29237
0.292747
0.29313
0.293516
0.2939
0.294285
0.294668
0.29505
0.295429
0.295803
0.296156
0.296461
0.296725
0.296953
0.297148
0.297309
0.297434
0.297521
0.297571
0.297588
0.297573
0.29753
0.297459
0.297362
0.29725
0.297123
0.296982
0.296827
0.296659
0.296479
0.296287
0.296083
0.29587
0.295648
0.295416
0.295178
0.294934
0.294691
0.294451
0.294215
0.293983
0.293756
0.293536
0.293326
0.29313
0.292949
0.292783
0.292632
0.292496
0.292375
0.292262
0.292163
0.292074
0.291997
0.291933
0.291879
0.291834
0.291802
0.291781
0.291771
0.291768
0.291777
0.291793
0.291811
0.291827
0.291892
0.29201
0.292128
0.292246
0.292364
0.292479
0.292591
0.292699
0.292803
0.2929
0.292979
0.293008
0.292993
0.29297
0.292936
0.292891
0.292834
0.292766
0.292684
0.29259
0.292483
0.292364
0.292232
0.29209
0.291939
0.29178
0.291612
0.291442
0.291273
0.291106
0.29094
0.290773
0.290613
0.290459
0.290312
0.290173
0.290044
0.289927
0.289822
0.289729
0.289648
0.289578
0.28952
0.289473
0.289432
0.289381
0.289313
0.289234
0.289148
0.289059
0.288979
0.288916
0.288865
0.288844
0.288853
0.288891
0.288957
0.289045
0.28916
0.28944
0.289753
0.290097
0.290468
0.290855
0.291255
0.291667
0.292089
0.292518
0.292951
0.293386
0.293822
0.294255
0.294691
0.295127
0.29556
0.295981
0.296359
0.296697
0.297004
0.297284
0.297534
0.297755
0.297944
0.2981
0.298221
0.298308
0.29836
0.298379
0.298363
0.298312
0.298252
0.298175
0.298081
0.297972
0.297847
0.29771
0.29756
0.297398
0.297226
0.297043
0.296851
0.296651
0.296453
0.296245
0.296002
0.295727
0.295416
0.295071
0.294691
0.294274
0.293823
0.293335
0.292813
0.292256
0.291663
0.291034
0.290371
0.289672
0.288938
0.28817
0.287366
0.286529
0.285657
0.28475
0.283809
0.282833
0.281823
0.280778
0.279698
0.278584
0.277436
0.276254
0.275036
0.273784
0.272498
0.271178
