0.332072
0.33237
0.332649
0.332892
0.333098
0.333264
0.333389
0.33347
0.333506
0.333498
0.333458
0.333399
0.333311
0.333195
0.333052
0.332885
0.332702
0.332501
0.332283
0.33205
0.331801
0.331538
0.331261
0.331051
0.330844
0.330643
0.330451
0.330267
0.330093
0.329932
0.329785
0.329651
0.329533
0.329429
0.32934
0.329266
0.329208
0.329165
0.329136
0.32912
0.329114
0.329115
0.329117
0.329121
0.329125
0.329128
0.329128
0.329125
0.329119
0.32911
0.329098
0.329082
0.32906
0.329033
0.328999
0.328959
0.328913
0.329245
0.32957
0.329895
0.330221
0.330543
0.330855
0.331158
0.33145
0.33173
0.331997
0.332244
0.332454
0.332626
0.33276
0.332854
0.332905
0.332913
0.332875
0.332794
0.332668
0.332499
0.332315
0.332099
0.331858
0.3316
0.331404
0.331208
0.331016
0.330828
0.330645
0.330469
0.330299
0.330137
0.329983
0.32984
0.329707
0.329585
0.329474
0.329375
0.329287
0.329211
0.329146
0.329093
0.329052
0.329022
0.329006
0.329001
0.329007
0.329023
0.329047
0.329074
0.329104
0.329136
0.329169
0.329202
0.329233
0.329262
0.329288
0.329311
0.329326
0.329339
0.329346
0.329346
0.329492
0.329642
0.329796
0.32995
0.330326
0.330688
0.331039
0.331381
0.331712
0.332033
0.332342
0.332638
0.332914
0.333153
0.333356
0.333521
0.333645
0.333727
0.333765
0.333759
0.333708
0.333612
0.333505
0.333365
0.333196
0.333001
0.332789
0.332559
0.332312
0.332048
0.331807
0.3316
0.331396
0.331197
0.331003
0.330816
0.330637
0.330466
0.330304
0.330153
0.330014
0.329887
0.329775
0.329676
0.329591
0.329521
0.329464
0.329422
0.329392
0.329374
0.329365
0.329364
0.329365
0.329369
0.329371
0.329371
0.329368
0.329363
0.329356
0.329345
0.329331
0.329311
0.329285
0.329254
0.329218
0.329175
0.329303
0.329433
0.329784
0.330128
0.330471
0.330808
0.331136
0.331452
0.331758
0.332051
0.332332
0.332594
0.332818
0.333005
0.333157
0.333269
0.333339
0.333365
0.333346
0.333281
0.33317
0.333053
0.332907
0.332735
0.33254
0.332328
0.332101
0.331858
0.3316
0.331397
0.331194
0.330997
0.330805
0.330621
0.330445
0.330278
0.330122
0.329976
0.329843
0.329722
0.329616
0.329524
0.329448
0.329387
0.329342
0.329313
0.3293
0.329303
0.329319
0.329348
0.329387
0.32943
0.329476
0.329522
0.329567
0.329611
0.329653
0.329692
0.329726
0.329755
0.329778
0.329795
0.329804
0.329806
0.3298
0.329925
0.330057
0.330305
0.330657
0.330998
0.331331
0.331655
0.331968
0.332271
0.332561
0.332837
0.333093
0.333312
0.333495
0.333699
0.333785
0.333827
0.333826
0.33378
0.333689
0.333555
0.333391
0.333208
0.332996
0.332758
0.332503
0.332232
0.332013
0.331794
0.331579
0.331369
0.331165
0.330969
0.330781
0.330601
0.330432
0.330272
0.330125
0.329991
0.329869
0.329761
0.329668
0.329589
0.329526
0.329477
0.329443
0.329425
0.32942
0.329425
0.329436
0.329452
0.32947
0.32949
0.32951
0.329529
0.329545
0.32956
0.32957
0.329576
0.329574
0.329569
0.329559
0.329541
0.329512
0.32957
0.329715
0.329868
0.330023
0.330383
0.330731
0.331068
0.331395
0.33171
0.332013
0.332304
0.332582
0.33284
0.333059
0.333242
0.333391
0.3335
0.333568
0.333592
0.33357
0.333505
0.333394
0.333288
0.333153
0.332994
0.332813
0.332617
0.332406
0.332181
0.331943
0.331692
0.331431
0.331222
0.331016
0.330816
0.330625
0.330443
0.330272
0.330112
0.329966
0.329835
0.32972
0.329621
0.329539
0.329476
0.329431
0.329403
0.329392
0.329396
0.329414
0.329444
0.329483
0.329524
0.329566
0.329608
0.329649
0.329687
0.329723
0.329754
0.329774
0.329794
0.329806
0.329811
0.329809
0.329798
0.329778
0.329821
0.329938
0.330282
0.33062
0.330951
0.331276
0.331593
0.331897
0.332191
0.332473
0.332742
0.332991
0.333202
0.333376
0.333516
0.333616
0.333673
0.333687
0.333656
0.333579
0.333457
0.333291
0.333102
0.332902
0.332679
0.332443
0.332192
0.331927
0.33171
0.331496
0.331287
0.331085
0.330891
0.330706
0.330529
0.330364
0.330211
0.330071
0.329944
0.329832
0.329734
0.329651
0.329584
0.329532
0.329495
0.329474
0.329467
0.329474
0.329493
0.329522
0.32956
0.329601
0.329643
0.329684
0.329723
0.329758
0.32979
0.329816
0.329836
0.32985
0.329857
0.329857
0.329848
0.329831
0.329886
0.330021
0.330162
0.330413
0.330765
0.331108
0.331442
0.331768
0.332083
0.332387
0.332678
0.332957
0.333213
0.333434
0.333618
0.333766
0.333875
0.333941
0.333964
0.333943
0.333877
0.333766
0.333653
0.333511
0.333343
0.333153
0.332947
0.332725
0.332488
0.332237
0.331972
0.331694
0.331478
0.331257
0.331049
0.330848
0.330656
0.330475
0.330305
0.330148
0.330006
0.329879
0.329768
0.329675
0.329598
0.329539
0.329499
0.329477
0.329472
0.32948
0.3295
0.329529
0.329558
0.329587
0.329614
0.329638
0.32966
0.329676
0.329688
0.329695
0.329695
0.329689
0.329676
0.329655
0.329625
0.329588
0.329623
0.329739
0.330075
0.330404
0.330727
0.331049
0.33136
0.331661
0.331952
0.33223
0.332496
0.332742
0.332951
0.333123
0.333261
0.333362
0.333422
0.333439
0.333413
0.333341
0.333243
0.333131
0.332995
0.332834
0.332651
0.332454
0.332242
0.332017
0.331778
0.331525
0.331321
0.331118
0.330919
0.330724
0.330535
0.330355
0.330185
0.330025
0.329878
0.329746
0.329628
0.329526
0.32944
0.32937
0.329315
0.329271
0.329246
0.329237
0.32924
0.329256
0.329281
0.329309
0.329339
0.32937
0.3294
0.329429
0.329454
0.329477
0.329495
0.329512
0.329525
0.329532
0.329533
0.329525
0.329584
0.329717
0.329854
0.330215
0.330569
0.330918
0.331261
0.331594
0.331917
0.332229
0.332529
0.332814
0.33308
0.333307
0.333497
0.333651
0.333767
0.333842
0.333874
0.333863
0.333806
0.333706
0.333561
0.333391
0.333205
0.332994
0.332766
0.332522
0.332261
0.33202
0.331812
0.331608
0.331409
0.331217
0.331032
0.330856
0.330689
0.330531
0.330384
0.330248
0.330125
0.330014
0.329918
0.329837
0.32977
0.329717
0.329678
0.329652
0.329639
0.329639
0.329648
0.329666
0.329687
0.329709
0.329733
0.329756
0.329778
0.329797
0.329813
0.329825
0.32983
0.329829
0.32982
0.329804
0.329781
0.329749
0.329884
0.330023
0.33027
0.330613
0.330948
0.331278
0.331597
0.3319
0.332195
0.332478
0.332747
0.332997
0.33321
0.333387
0.333529
0.333633
0.333697
0.333717
0.333692
0.333623
0.33353
0.333424
0.333295
0.333142
0.332967
0.332777
0.332573
0.332355
0.332123
0.331879
0.331621
0.331413
0.331208
0.331009
0.330817
0.330635
0.330461
0.330299
0.330149
0.330014
0.329893
0.329789
0.329702
0.329632
0.329579
0.329542
0.32952
0.329513
0.329518
0.329534
0.329557
0.329581
0.329606
0.329631
0.329654
0.329675
0.329693
0.329707
0.329717
0.329721
0.329719
0.329711
0.329696
0.329675
0.329647
0.329687
0.3298
0.330142
0.330477
0.330807
0.331131
0.331446
0.331751
0.332045
0.332326
0.332595
0.332844
0.333055
0.333229
0.333367
0.333467
0.333526
0.333542
0.333514
0.333443
0.333328
0.333169
0.332982
0.332775
0.332542
0.332291
0.332094
0.331897
0.331704
0.331515
0.331333
0.331157
0.330988
0.330827
0.330675
0.330531
0.330398
0.330275
0.330161
0.330059
0.329968
0.32989
0.329825
0.329772
0.32973
0.329701
0.329685
0.32968
0.329687
0.329703
0.329726
0.329752
0.32978
0.329808
0.329836
0.329863
0.329887
0.329907
0.329924
0.329936
0.329942
0.329942
0.329934
0.329916
0.329981
0.330131
0.330287
0.330446
0.330805
0.331151
0.331488
0.331814
0.332128
0.332431
0.332721
0.332997
0.333254
0.333473
0.333657
0.333805
0.333914
0.333981
0.334005
0.333984
0.333918
0.333829
0.333729
0.333604
0.333455
0.333285
0.333099
0.332898
0.332682
0.332452
0.332208
0.331951
0.331711
0.331499
0.331294
0.331095
0.330904
0.330723
0.330552
0.330396
0.330254
0.330127
0.330016
0.329921
0.329843
0.329782
0.329738
0.32971
0.329696
0.329696
0.329706
0.329725
0.329745
0.329766
0.329786
0.329805
0.329823
0.329837
0.329841
0.329846
0.329845
0.329838
0.329826
0.329807
0.329782
0.329749
0.329784
0.330005
0.330339
0.330667
0.330996
0.33132
0.331634
0.331937
0.332229
0.33251
0.332777
0.333024
0.333234
0.333408
0.333546
0.333645
0.333703
0.333717
0.333688
0.333615
0.333498
0.333337
0.333133
0.332903
0.332661
0.332402
0.332161
0.331952
0.331747
0.331547
0.331353
0.331165
0.330984
0.330812
0.33065
0.330497
0.330355
0.330223
0.330103
0.329996
0.329901
0.329821
0.329754
0.329699
0.329656
0.329627
0.32961
0.329607
0.329615
0.329633
0.329658
0.329687
0.329717
0.329748
0.329779
0.329808
0.329836
0.32986
0.329881
0.329897
0.329907
0.329912
0.32991
0.3299
0.329969
0.33012
0.330279
0.33044
0.330805
0.331156
0.331496
0.331827
0.332146
0.332455
0.332751
0.333033
0.333296
0.333521
0.33371
0.333863
0.333977
0.334049
0.334076
0.334059
0.333998
0.333909
0.333807
0.333678
0.333525
0.333348
0.333156
0.332946
0.332721
0.33248
0.332225
0.331957
0.331742
0.331529
0.331322
0.331124
0.330933
0.330752
0.330581
0.330423
0.33028
0.330151
0.330038
0.329943
0.329866
0.329806
0.329764
0.329739
0.329728
0.32973
0.329743
0.329764
0.329785
0.329807
0.329828
0.329847
0.329864
0.329876
0.329885
0.329888
0.329885
0.329876
0.329861
0.32984
0.329811
0.329775
0.32981
0.330034
0.330367
0.330691
0.33102
0.331343
0.331657
0.33196
0.332252
0.332532
0.332799
0.333046
0.333256
0.333429
0.333569
0.333671
0.333732
0.33375
0.333724
0.333652
0.333535
0.333375
0.333188
0.332987
0.332762
0.332521
0.332265
0.332027
0.331819
0.331616
0.331418
0.331226
0.331042
0.330865
0.330698
0.330541
0.330395
0.33026
0.330138
0.330028
0.329932
0.329851
0.329779
0.329725
0.329684
0.329659
0.329647
0.329649
0.329662
0.329686
0.329717
0.329752
0.329788
0.329825
0.329862
0.329897
0.329929
0.329959
0.329984
0.330005
0.33002
0.330028
0.330031
0.330026
0.330093
0.330238
0.330388
0.330648
0.331007
0.331356
0.331697
0.332028
0.332349
0.332658
0.332955
0.333239
0.333503
0.333729
0.333918
0.334072
0.334187
0.33426
0.334289
0.334272
0.334212
0.334106
0.333956
0.333807
0.333629
0.333428
0.333211
0.332977
0.332727
0.332462
0.332183
0.331962
0.331744
0.331532
0.331328
0.331131
0.330942
0.330763
0.330594
0.330439
0.330297
0.330171
0.33006
0.329966
0.329887
0.329825
0.329779
0.32975
0.329734
0.329731
0.329739
0.329755
0.329775
0.329796
0.329817
0.329836
0.329853
0.329866
0.329876
0.329881
0.329881
0.329875
0.329863
0.329843
0.329816
0.329782
0.329823
0.329944
0.330283
0.330614
0.330942
0.331265
0.331577
0.331879
0.33217
0.332448
0.332712
0.332957
0.333165
0.333337
0.333483
0.333598
0.333678
0.33372
0.333748
0.333777
0.33379
0.333789
0.333772
0.333741
0.33373
0.333758
0.333797
0.333847
0.33391
0.333986
0.334075
0.334178
0.334296
0.334429
0.334578
0.334744
0.334926
0.335123
0.335331
0.335548
0.335776
0.336014
0.336262
0.336521
0.33679
0.33707
0.337358
0.337642
0.33792
0.338204
0.338495
0.338791
0.339091
0.339393
0.339697
0.340001
0.340305
0.340693
0.341179
0.341688
0.342217
0.342763
0.343324
0.344144
0.344988
0.345852
0.34673
0.347624
0.348531
0.349445
0.35036
0.351269
0.352167
0.353048
0.353906
0.354744
0.355562
0.356357
0.357121
0.35784
0.358515
0.359147
0.359735
0.360279
0.360817
0.361325
0.361805
0.362256
0.362679
0.363075
0.363446
0.363791
0.364108
0.364405
0.364716
0.365049
0.365373
0.36569
0.366
0.366304
0.366604
0.366901
0.367191
0.367482
0.367773
0.368064
0.368355
0.368646
0.368938
0.36923
0.369518
0.369805
0.370089
0.370371
0.370648
0.370916
0.37118
0.371437
0.371686
0.371925
0.372154
0.372373
0.372581
0.372776
0.372958
0.373127
0.373282
0.373423
0.37355
0.373664
0.373898
0.37427
0.374643
0.375014
0.375379
0.375729
0.376058
0.376367
0.376658
0.376932
0.377189
0.377428
0.377645
0.377831
0.377971
0.378067
0.378118
0.378124
0.378086
0.378003
0.377878
0.377709
0.377498
0.377246
0.376953
0.376623
0.376254
0.375846
0.3754
0.374917
0.374396
0.37384
0.373243
0.372607
0.371938
0.371287
0.370665
0.370027
0.369377
0.368714
0.368039
0.367352
0.366655
0.365946
0.365551
0.365516
0.365512
0.365543
0.365608
0.365708
0.365838
0.365986
0.366153
0.366336
0.366536
0.366751
0.366978
0.367217
0.367467
0.367729
0.368003
0.368289
0.368587
0.368894
0.369179
0.369727
0.370309
0.370949
0.371604
0.372259
0.372862
0.373402
0.373875
0.374283
0.374627
0.37491
0.375138
0.37532
0.375437
0.375431
0.375276
0.374913
0.374371
0.373686
0.372871
0.371933
0.370874
0.369699
0.368415
0.36704
0.365598
0.364094
0.362532
0.360918
0.359259
0.357559
0.355905
0.354328
0.352745
0.351141
0.349514
0.347871
0.34672
0.345674
0.344732
0.343881
0.34313
0.342479
0.341922
0.341479
0.341135
0.340854
0.340632
0.340465
0.340349
0.340271
0.340195
0.340112
0.34002
0.339921
0.339816
0.339702
0.339579
0.339446
0.339301
0.339146
0.338979
0.338801
